ARM GAS  /tmp/ccg3r0XV.s 			page 1


   1              		.syntax unified
   2              		.cpu cortex-m4
   3              		.fpu softvfp
   4              		.eabi_attribute 20, 1
   5              		.eabi_attribute 21, 1
   6              		.eabi_attribute 23, 3
   7              		.eabi_attribute 24, 1
   8              		.eabi_attribute 25, 1
   9              		.eabi_attribute 26, 1
  10              		.eabi_attribute 30, 6
  11              		.eabi_attribute 34, 1
  12              		.eabi_attribute 18, 4
  13              		.thumb
  14              		.file	"board.c"
  15              		.text
  16              	.Ltext0:
  17              		.cfi_sections	.debug_frame
  18              		.global	pal_default_config
  19              		.section	.rodata.pal_default_config,"a",%progbits
  20              		.align	2
  21              		.type	pal_default_config, %object
  22              		.size	pal_default_config, 252
  23              	pal_default_config:
  24 0000 00AAA02A 		.word	715172352
  25 0004 00000000 		.word	0
  26 0008 FFABFFFF 		.word	-21505
  27 000c 54000140 		.word	1073807444
  28 0010 FFFF0000 		.word	65535
  29 0014 00005655 		.word	1431699456
  30 0018 00AA0A00 		.word	698880
  31 001c 80200800 		.word	532608
  32 0020 40020000 		.word	576
  33 0024 FFFFFFFF 		.word	-1
  34 0028 15455155 		.word	1431389461
  35 002c FFFF0000 		.word	65535
  36 0030 00000004 		.word	67108864
  37 0034 40000000 		.word	64
  38 0038 01802002 		.word	35684353
  39 003c 00000000 		.word	0
  40 0040 FFFFFFFF 		.word	-1
  41 0044 54154554 		.word	1413813588
  42 0048 FFFF0000 		.word	65535
  43 004c 00000060 		.word	1610612736
  44 0050 00060600 		.word	394752
  45 0054 00010055 		.word	1426063616
  46 0058 00000000 		.word	0
  47 005c FFFFFFFF 		.word	-1
  48 0060 55505500 		.word	5591125
  49 0064 FF0F0000 		.word	4095
  50 0068 00000000 		.word	0
  51 006c 00000000 		.word	0
  52 0070 40000000 		.word	64
  53 0074 00000000 		.word	0
  54 0078 FFFFFFFF 		.word	-1
  55 007c 00000000 		.word	0
  56 0080 FFFF0000 		.word	65535
  57 0084 00000000 		.word	0
ARM GAS  /tmp/ccg3r0XV.s 			page 2


  58 0088 00000000 		.word	0
  59 008c 00000000 		.word	0
  60 0090 00000000 		.word	0
  61 0094 FFFFFFFF 		.word	-1
  62 0098 00000000 		.word	0
  63 009c FFFF0000 		.word	65535
  64 00a0 00000000 		.word	0
  65 00a4 00000000 		.word	0
  66 00a8 00000000 		.word	0
  67 00ac 00000000 		.word	0
  68 00b0 FFFFFFFF 		.word	-1
  69 00b4 00000000 		.word	0
  70 00b8 FFFF0000 		.word	65535
  71 00bc 00000000 		.word	0
  72 00c0 00000000 		.word	0
  73 00c4 00000000 		.word	0
  74 00c8 00000000 		.word	0
  75 00cc FFFFFFFF 		.word	-1
  76 00d0 00000000 		.word	0
  77 00d4 FFFF0000 		.word	65535
  78 00d8 00000000 		.word	0
  79 00dc 00000000 		.word	0
  80 00e0 00000000 		.word	0
  81 00e4 00000000 		.word	0
  82 00e8 FFFFFFFF 		.word	-1
  83 00ec 00000000 		.word	0
  84 00f0 FFFF0000 		.word	65535
  85 00f4 00000000 		.word	0
  86 00f8 00000000 		.word	0
  87              		.section	.text.__early_init,"ax",%progbits
  88              		.align	2
  89              		.p2align 4,,15
  90              		.global	__early_init
  91              		.thumb
  92              		.thumb_func
  93              		.type	__early_init, %function
  94              	__early_init:
  95              	.LFB271:
  96              		.file 1 "/home/efe/ChibiOS/os/hal/boards/ST_STM32F4_DISCOVERY/board.c"
  97              		.loc 1 70 0
  98              		.cfi_startproc
  99              		@ args = 0, pretend = 0, frame = 0
 100              		@ frame_needed = 0, uses_anonymous_args = 0
 101 0000 08B5     		push	{r3, lr}
 102              		.cfi_def_cfa_offset 8
 103              		.cfi_offset 3, -8
 104              		.cfi_offset 14, -4
 105              		.loc 1 72 0
 106 0002 FFF7FEFF 		bl	stm32_clock_init
 107              		.loc 1 73 0
 108 0006 08BD     		pop	{r3, pc}
 109              		.cfi_endproc
 110              	.LFE271:
 111              		.size	__early_init, .-__early_init
 112 0008 AFF30080 		.section	.text.boardInit,"ax",%progbits
 112      AFF30080 
 113              		.align	2
ARM GAS  /tmp/ccg3r0XV.s 			page 3


 114              		.p2align 4,,15
 115              		.global	boardInit
 116              		.thumb
 117              		.thumb_func
 118              		.type	boardInit, %function
 119              	boardInit:
 120              	.LFB272:
 121              		.loc 1 123 0
 122              		.cfi_startproc
 123              		@ args = 0, pretend = 0, frame = 0
 124              		@ frame_needed = 0, uses_anonymous_args = 0
 125              		@ link register save eliminated.
 126              		.loc 1 124 0
 127 0000 7047     		bx	lr
 128              		.cfi_endproc
 129              	.LFE272:
 130              		.size	boardInit, .-boardInit
 131 0002 00BFAFF3 		.text
 131      0080AFF3 
 131      0080AFF3 
 131      0080
 132              	.Letext0:
 133              		.file 2 "/usr/lib/gcc/arm-none-eabi/4.8/include/stddef.h"
 134              		.file 3 "/usr/include/newlib/machine/_default_types.h"
 135              		.file 4 "/usr/include/newlib/stdint.h"
 136              		.file 5 "/home/efe/ChibiOS/os/rt/ports/ARMCMx/compilers/GCC/chtypes.h"
 137              		.file 6 "/home/efe/ChibiOS/os/rt/include/chsystypes.h"
 138              		.file 7 "/home/efe/ChibiOS/os/rt/include/chschd.h"
 139              		.file 8 "/home/efe/ChibiOS/os/rt/ports/ARMCMx/chcore.h"
 140              		.file 9 "/home/efe/ChibiOS/os/rt/ports/ARMCMx/chcore_v7m.h"
 141              		.file 10 "/home/efe/ChibiOS/os/rt/include/chtm.h"
 142              		.file 11 "/home/efe/ChibiOS/os/rt/include/chsem.h"
 143              		.file 12 "/home/efe/ChibiOS/os/rt/include/chmtx.h"
 144              		.file 13 "/home/efe/ChibiOS/os/hal/ports/STM32/LLD/GPIOv2/pal_lld.h"
 145              		.file 14 "/home/efe/ChibiOS/os/ext/CMSIS/include/core_cm4.h"
 146              		.section	.debug_info,"",%progbits
 147              	.Ldebug_info0:
 148 0000 5F070000 		.4byte	0x75f
 149 0004 0400     		.2byte	0x4
 150 0006 00000000 		.4byte	.Ldebug_abbrev0
 151 000a 04       		.byte	0x4
 152 000b 01       		.uleb128 0x1
 153 000c 28010000 		.4byte	.LASF124
 154 0010 01       		.byte	0x1
 155 0011 53020000 		.4byte	.LASF125
 156 0015 00000000 		.4byte	.Ldebug_ranges0+0
 157 0019 00000000 		.4byte	0
 158 001d 00000000 		.4byte	.Ldebug_line0
 159 0021 02       		.uleb128 0x2
 160 0022 04       		.byte	0x4
 161 0023 05       		.byte	0x5
 162 0024 696E7400 		.ascii	"int\000"
 163 0028 03       		.uleb128 0x3
 164 0029 20000000 		.4byte	.LASF2
 165 002d 02       		.byte	0x2
 166 002e D4       		.byte	0xd4
 167 002f 33000000 		.4byte	0x33
ARM GAS  /tmp/ccg3r0XV.s 			page 4


 168 0033 04       		.uleb128 0x4
 169 0034 04       		.byte	0x4
 170 0035 07       		.byte	0x7
 171 0036 2C020000 		.4byte	.LASF0
 172 003a 04       		.uleb128 0x4
 173 003b 01       		.byte	0x1
 174 003c 06       		.byte	0x6
 175 003d DD000000 		.4byte	.LASF1
 176 0041 03       		.uleb128 0x3
 177 0042 37000000 		.4byte	.LASF3
 178 0046 03       		.byte	0x3
 179 0047 1D       		.byte	0x1d
 180 0048 4C000000 		.4byte	0x4c
 181 004c 04       		.uleb128 0x4
 182 004d 01       		.byte	0x1
 183 004e 08       		.byte	0x8
 184 004f F6030000 		.4byte	.LASF4
 185 0053 04       		.uleb128 0x4
 186 0054 02       		.byte	0x2
 187 0055 05       		.byte	0x5
 188 0056 19040000 		.4byte	.LASF5
 189 005a 04       		.uleb128 0x4
 190 005b 02       		.byte	0x2
 191 005c 07       		.byte	0x7
 192 005d AC020000 		.4byte	.LASF6
 193 0061 03       		.uleb128 0x3
 194 0062 04030000 		.4byte	.LASF7
 195 0066 03       		.byte	0x3
 196 0067 3F       		.byte	0x3f
 197 0068 6C000000 		.4byte	0x6c
 198 006c 04       		.uleb128 0x4
 199 006d 04       		.byte	0x4
 200 006e 05       		.byte	0x5
 201 006f 0F010000 		.4byte	.LASF8
 202 0073 03       		.uleb128 0x3
 203 0074 FF040000 		.4byte	.LASF9
 204 0078 03       		.byte	0x3
 205 0079 41       		.byte	0x41
 206 007a 7E000000 		.4byte	0x7e
 207 007e 04       		.uleb128 0x4
 208 007f 04       		.byte	0x4
 209 0080 07       		.byte	0x7
 210 0081 BA040000 		.4byte	.LASF10
 211 0085 04       		.uleb128 0x4
 212 0086 08       		.byte	0x8
 213 0087 05       		.byte	0x5
 214 0088 CF000000 		.4byte	.LASF11
 215 008c 03       		.uleb128 0x3
 216 008d A6030000 		.4byte	.LASF12
 217 0091 03       		.byte	0x3
 218 0092 5B       		.byte	0x5b
 219 0093 97000000 		.4byte	0x97
 220 0097 04       		.uleb128 0x4
 221 0098 08       		.byte	0x8
 222 0099 07       		.byte	0x7
 223 009a 63000000 		.4byte	.LASF13
 224 009e 03       		.uleb128 0x3
ARM GAS  /tmp/ccg3r0XV.s 			page 5


 225 009f 58050000 		.4byte	.LASF14
 226 00a3 04       		.byte	0x4
 227 00a4 2A       		.byte	0x2a
 228 00a5 41000000 		.4byte	0x41
 229 00a9 03       		.uleb128 0x3
 230 00aa EE030000 		.4byte	.LASF15
 231 00ae 04       		.byte	0x4
 232 00af 41       		.byte	0x41
 233 00b0 61000000 		.4byte	0x61
 234 00b4 03       		.uleb128 0x3
 235 00b5 89040000 		.4byte	.LASF16
 236 00b9 04       		.byte	0x4
 237 00ba 42       		.byte	0x42
 238 00bb 73000000 		.4byte	0x73
 239 00bf 03       		.uleb128 0x3
 240 00c0 2E000000 		.4byte	.LASF17
 241 00c4 04       		.byte	0x4
 242 00c5 4E       		.byte	0x4e
 243 00c6 8C000000 		.4byte	0x8c
 244 00ca 05       		.uleb128 0x5
 245 00cb A9000000 		.4byte	0xa9
 246 00cf 03       		.uleb128 0x3
 247 00d0 23050000 		.4byte	.LASF18
 248 00d4 05       		.byte	0x5
 249 00d5 45       		.byte	0x45
 250 00d6 B4000000 		.4byte	0xb4
 251 00da 03       		.uleb128 0x3
 252 00db E2020000 		.4byte	.LASF19
 253 00df 05       		.byte	0x5
 254 00e0 48       		.byte	0x48
 255 00e1 9E000000 		.4byte	0x9e
 256 00e5 03       		.uleb128 0x3
 257 00e6 1F010000 		.4byte	.LASF20
 258 00ea 05       		.byte	0x5
 259 00eb 49       		.byte	0x49
 260 00ec 9E000000 		.4byte	0x9e
 261 00f0 03       		.uleb128 0x3
 262 00f1 B1030000 		.4byte	.LASF21
 263 00f5 05       		.byte	0x5
 264 00f6 4A       		.byte	0x4a
 265 00f7 9E000000 		.4byte	0x9e
 266 00fb 03       		.uleb128 0x3
 267 00fc D0030000 		.4byte	.LASF22
 268 0100 05       		.byte	0x5
 269 0101 4C       		.byte	0x4c
 270 0102 B4000000 		.4byte	0xb4
 271 0106 03       		.uleb128 0x3
 272 0107 D0020000 		.4byte	.LASF23
 273 010b 05       		.byte	0x5
 274 010c 4D       		.byte	0x4d
 275 010d A9000000 		.4byte	0xa9
 276 0111 03       		.uleb128 0x3
 277 0112 F8020000 		.4byte	.LASF24
 278 0116 05       		.byte	0x5
 279 0117 4F       		.byte	0x4f
 280 0118 B4000000 		.4byte	0xb4
 281 011c 03       		.uleb128 0x3
ARM GAS  /tmp/ccg3r0XV.s 			page 6


 282 011d 26020000 		.4byte	.LASF25
 283 0121 05       		.byte	0x5
 284 0122 51       		.byte	0x51
 285 0123 A9000000 		.4byte	0xa9
 286 0127 03       		.uleb128 0x3
 287 0128 E1040000 		.4byte	.LASF26
 288 012c 06       		.byte	0x6
 289 012d 33       		.byte	0x33
 290 012e B4000000 		.4byte	0xb4
 291 0132 03       		.uleb128 0x3
 292 0133 D1040000 		.4byte	.LASF27
 293 0137 06       		.byte	0x6
 294 0138 3F       		.byte	0x3f
 295 0139 3D010000 		.4byte	0x13d
 296 013d 06       		.uleb128 0x6
 297 013e C6020000 		.4byte	.LASF47
 298 0142 44       		.byte	0x44
 299 0143 07       		.byte	0x7
 300 0144 C2       		.byte	0xc2
 301 0145 2A020000 		.4byte	0x22a
 302 0149 07       		.uleb128 0x7
 303 014a 4A040000 		.4byte	.LASF28
 304 014e 07       		.byte	0x7
 305 014f C3       		.byte	0xc3
 306 0150 35020000 		.4byte	0x235
 307 0154 00       		.byte	0
 308 0155 07       		.uleb128 0x7
 309 0156 C9030000 		.4byte	.LASF29
 310 015a 07       		.byte	0x7
 311 015b C5       		.byte	0xc5
 312 015c 35020000 		.4byte	0x235
 313 0160 04       		.byte	0x4
 314 0161 07       		.uleb128 0x7
 315 0162 C8000000 		.4byte	.LASF30
 316 0166 07       		.byte	0x7
 317 0167 C7       		.byte	0xc7
 318 0168 FB000000 		.4byte	0xfb
 319 016c 08       		.byte	0x8
 320 016d 07       		.uleb128 0x7
 321 016e AF050000 		.4byte	.LASF31
 322 0172 07       		.byte	0x7
 323 0173 C8       		.byte	0xc8
 324 0174 65040000 		.4byte	0x465
 325 0178 0C       		.byte	0xc
 326 0179 07       		.uleb128 0x7
 327 017a D8010000 		.4byte	.LASF32
 328 017e 07       		.byte	0x7
 329 017f CA       		.byte	0xca
 330 0180 35020000 		.4byte	0x235
 331 0184 10       		.byte	0x10
 332 0185 07       		.uleb128 0x7
 333 0186 69030000 		.4byte	.LASF33
 334 018a 07       		.byte	0x7
 335 018b CB       		.byte	0xcb
 336 018c 35020000 		.4byte	0x235
 337 0190 14       		.byte	0x14
 338 0191 07       		.uleb128 0x7
ARM GAS  /tmp/ccg3r0XV.s 			page 7


 339 0192 67050000 		.4byte	.LASF34
 340 0196 07       		.byte	0x7
 341 0197 D2       		.byte	0xd2
 342 0198 E4050000 		.4byte	0x5e4
 343 019c 18       		.byte	0x18
 344 019d 07       		.uleb128 0x7
 345 019e 23040000 		.4byte	.LASF35
 346 01a2 07       		.byte	0x7
 347 01a3 DD       		.byte	0xdd
 348 01a4 E5000000 		.4byte	0xe5
 349 01a8 1C       		.byte	0x1c
 350 01a9 07       		.uleb128 0x7
 351 01aa 51040000 		.4byte	.LASF36
 352 01ae 07       		.byte	0x7
 353 01af E1       		.byte	0xe1
 354 01b0 DA000000 		.4byte	0xda
 355 01b4 1D       		.byte	0x1d
 356 01b5 07       		.uleb128 0x7
 357 01b6 4B050000 		.4byte	.LASF37
 358 01ba 07       		.byte	0x7
 359 01bb E6       		.byte	0xe6
 360 01bc F0000000 		.4byte	0xf0
 361 01c0 1E       		.byte	0x1e
 362 01c1 08       		.uleb128 0x8
 363 01c2 705F7500 		.ascii	"p_u\000"
 364 01c6 07       		.byte	0x7
 365 01c7 3101     		.2byte	0x131
 366 01c9 1F050000 		.4byte	0x51f
 367 01cd 20       		.byte	0x20
 368 01ce 09       		.uleb128 0x9
 369 01cf 20030000 		.4byte	.LASF38
 370 01d3 07       		.byte	0x7
 371 01d4 3601     		.2byte	0x136
 372 01d6 3B020000 		.4byte	0x23b
 373 01da 24       		.byte	0x24
 374 01db 09       		.uleb128 0x9
 375 01dc 48020000 		.4byte	.LASF39
 376 01e0 07       		.byte	0x7
 377 01e1 3C01     		.2byte	0x13c
 378 01e3 5F020000 		.4byte	0x25f
 379 01e7 28       		.byte	0x28
 380 01e8 09       		.uleb128 0x9
 381 01e9 84050000 		.4byte	.LASF40
 382 01ed 07       		.byte	0x7
 383 01ee 4001     		.2byte	0x140
 384 01f0 06010000 		.4byte	0x106
 385 01f4 30       		.byte	0x30
 386 01f5 09       		.uleb128 0x9
 387 01f6 7E040000 		.4byte	.LASF41
 388 01fa 07       		.byte	0x7
 389 01fb 4601     		.2byte	0x146
 390 01fd 11010000 		.4byte	0x111
 391 0201 34       		.byte	0x34
 392 0202 09       		.uleb128 0x9
 393 0203 0F040000 		.4byte	.LASF42
 394 0207 07       		.byte	0x7
 395 0208 4D01     		.2byte	0x14d
ARM GAS  /tmp/ccg3r0XV.s 			page 8


 396 020a DE050000 		.4byte	0x5de
 397 020e 38       		.byte	0x38
 398 020f 09       		.uleb128 0x9
 399 0210 EB040000 		.4byte	.LASF43
 400 0214 07       		.byte	0x7
 401 0215 5101     		.2byte	0x151
 402 0217 FB000000 		.4byte	0xfb
 403 021b 3C       		.byte	0x3c
 404 021c 09       		.uleb128 0x9
 405 021d E9000000 		.4byte	.LASF44
 406 0221 07       		.byte	0x7
 407 0222 5801     		.2byte	0x158
 408 0224 12030000 		.4byte	0x312
 409 0228 40       		.byte	0x40
 410 0229 00       		.byte	0
 411 022a 03       		.uleb128 0x3
 412 022b 33030000 		.4byte	.LASF45
 413 022f 06       		.byte	0x6
 414 0230 44       		.byte	0x44
 415 0231 35020000 		.4byte	0x235
 416 0235 0A       		.uleb128 0xa
 417 0236 04       		.byte	0x4
 418 0237 32010000 		.4byte	0x132
 419 023b 03       		.uleb128 0x3
 420 023c 75050000 		.4byte	.LASF46
 421 0240 06       		.byte	0x6
 422 0241 49       		.byte	0x49
 423 0242 46020000 		.4byte	0x246
 424 0246 06       		.uleb128 0x6
 425 0247 AA040000 		.4byte	.LASF48
 426 024b 04       		.byte	0x4
 427 024c 07       		.byte	0x7
 428 024d B0       		.byte	0xb0
 429 024e 5F020000 		.4byte	0x25f
 430 0252 07       		.uleb128 0x7
 431 0253 4A040000 		.4byte	.LASF28
 432 0257 07       		.byte	0x7
 433 0258 B1       		.byte	0xb1
 434 0259 35020000 		.4byte	0x235
 435 025d 00       		.byte	0
 436 025e 00       		.byte	0
 437 025f 03       		.uleb128 0x3
 438 0260 32050000 		.4byte	.LASF49
 439 0264 06       		.byte	0x6
 440 0265 50       		.byte	0x50
 441 0266 6A020000 		.4byte	0x26a
 442 026a 06       		.uleb128 0x6
 443 026b B7000000 		.4byte	.LASF50
 444 026f 08       		.byte	0x8
 445 0270 07       		.byte	0x7
 446 0271 B7       		.byte	0xb7
 447 0272 8F020000 		.4byte	0x28f
 448 0276 07       		.uleb128 0x7
 449 0277 4A040000 		.4byte	.LASF28
 450 027b 07       		.byte	0x7
 451 027c B8       		.byte	0xb8
 452 027d 35020000 		.4byte	0x235
ARM GAS  /tmp/ccg3r0XV.s 			page 9


 453 0281 00       		.byte	0
 454 0282 07       		.uleb128 0x7
 455 0283 C9030000 		.4byte	.LASF29
 456 0287 07       		.byte	0x7
 457 0288 B9       		.byte	0xb9
 458 0289 35020000 		.4byte	0x235
 459 028d 04       		.byte	0x4
 460 028e 00       		.byte	0
 461 028f 03       		.uleb128 0x3
 462 0290 13000000 		.4byte	.LASF51
 463 0294 06       		.byte	0x6
 464 0295 57       		.byte	0x57
 465 0296 9A020000 		.4byte	0x29a
 466 029a 0B       		.uleb128 0xb
 467 029b EA020000 		.4byte	.LASF52
 468 029f 1C       		.byte	0x1c
 469 02a0 07       		.byte	0x7
 470 02a1 9001     		.2byte	0x190
 471 02a3 F6020000 		.4byte	0x2f6
 472 02a7 09       		.uleb128 0x9
 473 02a8 99040000 		.4byte	.LASF53
 474 02ac 07       		.byte	0x7
 475 02ad 9101     		.2byte	0x191
 476 02af 5F020000 		.4byte	0x25f
 477 02b3 00       		.byte	0
 478 02b4 09       		.uleb128 0x9
 479 02b5 35040000 		.4byte	.LASF54
 480 02b9 07       		.byte	0x7
 481 02ba 9201     		.2byte	0x192
 482 02bc FB000000 		.4byte	0xfb
 483 02c0 08       		.byte	0x8
 484 02c1 09       		.uleb128 0x9
 485 02c2 71030000 		.4byte	.LASF55
 486 02c6 07       		.byte	0x7
 487 02c7 9401     		.2byte	0x194
 488 02c9 65040000 		.4byte	0x465
 489 02cd 0C       		.byte	0xc
 490 02ce 09       		.uleb128 0x9
 491 02cf E8010000 		.4byte	.LASF56
 492 02d3 07       		.byte	0x7
 493 02d4 9701     		.2byte	0x197
 494 02d6 35020000 		.4byte	0x235
 495 02da 10       		.byte	0x10
 496 02db 09       		.uleb128 0x9
 497 02dc 9E030000 		.4byte	.LASF57
 498 02e0 07       		.byte	0x7
 499 02e1 9801     		.2byte	0x198
 500 02e3 35020000 		.4byte	0x235
 501 02e7 14       		.byte	0x14
 502 02e8 09       		.uleb128 0x9
 503 02e9 94030000 		.4byte	.LASF58
 504 02ed 07       		.byte	0x7
 505 02ee 9B01     		.2byte	0x19b
 506 02f0 35020000 		.4byte	0x235
 507 02f4 18       		.byte	0x18
 508 02f5 00       		.byte	0
 509 02f6 03       		.uleb128 0x3
ARM GAS  /tmp/ccg3r0XV.s 			page 10


 510 02f7 F6040000 		.4byte	.LASF59
 511 02fb 06       		.byte	0x6
 512 02fc 5C       		.byte	0x5c
 513 02fd 01030000 		.4byte	0x301
 514 0301 0A       		.uleb128 0xa
 515 0302 04       		.byte	0x4
 516 0303 07030000 		.4byte	0x307
 517 0307 0C       		.uleb128 0xc
 518 0308 12030000 		.4byte	0x312
 519 030c 0D       		.uleb128 0xd
 520 030d 12030000 		.4byte	0x312
 521 0311 00       		.byte	0
 522 0312 0E       		.uleb128 0xe
 523 0313 04       		.byte	0x4
 524 0314 03       		.uleb128 0x3
 525 0315 B9030000 		.4byte	.LASF60
 526 0319 06       		.byte	0x6
 527 031a 61       		.byte	0x61
 528 031b 1F030000 		.4byte	0x31f
 529 031f 0B       		.uleb128 0xb
 530 0320 60040000 		.4byte	.LASF61
 531 0324 14       		.byte	0x14
 532 0325 07       		.byte	0x7
 533 0326 6B01     		.2byte	0x16b
 534 0328 6E030000 		.4byte	0x36e
 535 032c 09       		.uleb128 0x9
 536 032d 39020000 		.4byte	.LASF62
 537 0331 07       		.byte	0x7
 538 0332 6C01     		.2byte	0x16c
 539 0334 F6050000 		.4byte	0x5f6
 540 0338 00       		.byte	0
 541 0339 09       		.uleb128 0x9
 542 033a F9010000 		.4byte	.LASF63
 543 033e 07       		.byte	0x7
 544 033f 6D01     		.2byte	0x16d
 545 0341 F6050000 		.4byte	0x5f6
 546 0345 04       		.byte	0x4
 547 0346 09       		.uleb128 0x9
 548 0347 A1040000 		.4byte	.LASF64
 549 034b 07       		.byte	0x7
 550 034c 6E01     		.2byte	0x16e
 551 034e 27010000 		.4byte	0x127
 552 0352 08       		.byte	0x8
 553 0353 09       		.uleb128 0x9
 554 0354 B5050000 		.4byte	.LASF65
 555 0358 07       		.byte	0x7
 556 0359 6F01     		.2byte	0x16f
 557 035b F6020000 		.4byte	0x2f6
 558 035f 0C       		.byte	0xc
 559 0360 09       		.uleb128 0x9
 560 0361 2B050000 		.4byte	.LASF66
 561 0365 07       		.byte	0x7
 562 0366 7101     		.2byte	0x171
 563 0368 12030000 		.4byte	0x312
 564 036c 10       		.byte	0x10
 565 036d 00       		.byte	0
 566 036e 03       		.uleb128 0x3
ARM GAS  /tmp/ccg3r0XV.s 			page 11


 567 036f 94000000 		.4byte	.LASF67
 568 0373 06       		.byte	0x6
 569 0374 66       		.byte	0x66
 570 0375 79030000 		.4byte	0x379
 571 0379 0B       		.uleb128 0xb
 572 037a 46030000 		.4byte	.LASF68
 573 037e 10       		.byte	0x10
 574 037f 07       		.byte	0x7
 575 0380 7B01     		.2byte	0x17b
 576 0382 BB030000 		.4byte	0x3bb
 577 0386 09       		.uleb128 0x9
 578 0387 39020000 		.4byte	.LASF62
 579 038b 07       		.byte	0x7
 580 038c 7C01     		.2byte	0x17c
 581 038e F6050000 		.4byte	0x5f6
 582 0392 00       		.byte	0
 583 0393 09       		.uleb128 0x9
 584 0394 F9010000 		.4byte	.LASF63
 585 0398 07       		.byte	0x7
 586 0399 7E01     		.2byte	0x17e
 587 039b F6050000 		.4byte	0x5f6
 588 039f 04       		.byte	0x4
 589 03a0 09       		.uleb128 0x9
 590 03a1 A1040000 		.4byte	.LASF64
 591 03a5 07       		.byte	0x7
 592 03a6 8001     		.2byte	0x180
 593 03a8 27010000 		.4byte	0x127
 594 03ac 08       		.byte	0x8
 595 03ad 09       		.uleb128 0x9
 596 03ae 5D030000 		.4byte	.LASF69
 597 03b2 07       		.byte	0x7
 598 03b3 8801     		.2byte	0x188
 599 03b5 27010000 		.4byte	0x127
 600 03b9 0C       		.byte	0xc
 601 03ba 00       		.byte	0
 602 03bb 03       		.uleb128 0x3
 603 03bc 4D000000 		.4byte	.LASF70
 604 03c0 06       		.byte	0x6
 605 03c1 6B       		.byte	0x6b
 606 03c2 C6030000 		.4byte	0x3c6
 607 03c6 0B       		.uleb128 0xb
 608 03c7 D8030000 		.4byte	.LASF71
 609 03cb 04       		.byte	0x4
 610 03cc 07       		.byte	0x7
 611 03cd A201     		.2byte	0x1a2
 612 03cf E1030000 		.4byte	0x3e1
 613 03d3 09       		.uleb128 0x9
 614 03d4 0A050000 		.4byte	.LASF72
 615 03d8 07       		.byte	0x7
 616 03d9 AA01     		.2byte	0x1aa
 617 03db FC050000 		.4byte	0x5fc
 618 03df 00       		.byte	0
 619 03e0 00       		.byte	0
 620 03e1 03       		.uleb128 0x3
 621 03e2 D6020000 		.4byte	.LASF73
 622 03e6 06       		.byte	0x6
 623 03e7 70       		.byte	0x70
ARM GAS  /tmp/ccg3r0XV.s 			page 12


 624 03e8 EC030000 		.4byte	0x3ec
 625 03ec 0F       		.uleb128 0xf
 626 03ed 05010000 		.4byte	.LASF74
 627 03f1 5001     		.2byte	0x150
 628 03f3 07       		.byte	0x7
 629 03f4 C201     		.2byte	0x1c2
 630 03f6 48040000 		.4byte	0x448
 631 03fa 09       		.uleb128 0x9
 632 03fb 52050000 		.4byte	.LASF75
 633 03ff 07       		.byte	0x7
 634 0400 C601     		.2byte	0x1c6
 635 0402 8F020000 		.4byte	0x28f
 636 0406 00       		.byte	0
 637 0407 09       		.uleb128 0x9
 638 0408 01020000 		.4byte	.LASF76
 639 040c 07       		.byte	0x7
 640 040d CA01     		.2byte	0x1ca
 641 040f 6E030000 		.4byte	0x36e
 642 0413 1C       		.byte	0x1c
 643 0414 08       		.uleb128 0x8
 644 0415 64626700 		.ascii	"dbg\000"
 645 0419 07       		.byte	0x7
 646 041a CE01     		.2byte	0x1ce
 647 041c BB030000 		.4byte	0x3bb
 648 0420 2C       		.byte	0x2c
 649 0421 09       		.uleb128 0x9
 650 0422 89000000 		.4byte	.LASF77
 651 0426 07       		.byte	0x7
 652 0427 D201     		.2byte	0x1d2
 653 0429 32010000 		.4byte	0x132
 654 042d 30       		.byte	0x30
 655 042e 08       		.uleb128 0x8
 656 042f 746D00   		.ascii	"tm\000"
 657 0432 07       		.byte	0x7
 658 0433 D701     		.2byte	0x1d7
 659 0435 14050000 		.4byte	0x514
 660 0439 74       		.byte	0x74
 661 043a 09       		.uleb128 0x9
 662 043b 17020000 		.4byte	.LASF78
 663 043f 07       		.byte	0x7
 664 0440 E301     		.2byte	0x1e3
 665 0442 01060000 		.4byte	0x601
 666 0446 78       		.byte	0x78
 667 0447 00       		.byte	0
 668 0448 04       		.uleb128 0x4
 669 0449 04       		.byte	0x4
 670 044a 07       		.byte	0x7
 671 044b 2A030000 		.4byte	.LASF79
 672 044f 03       		.uleb128 0x3
 673 0450 F0010000 		.4byte	.LASF80
 674 0454 08       		.byte	0x8
 675 0455 65       		.byte	0x65
 676 0456 12030000 		.4byte	0x312
 677 045a 03       		.uleb128 0x3
 678 045b 15030000 		.4byte	.LASF81
 679 045f 08       		.byte	0x8
 680 0460 6D       		.byte	0x6d
ARM GAS  /tmp/ccg3r0XV.s 			page 13


 681 0461 BF000000 		.4byte	0xbf
 682 0465 06       		.uleb128 0x6
 683 0466 1B050000 		.4byte	.LASF82
 684 046a 04       		.byte	0x4
 685 046b 08       		.byte	0x8
 686 046c 89       		.byte	0x89
 687 046d 7E040000 		.4byte	0x47e
 688 0471 10       		.uleb128 0x10
 689 0472 72313300 		.ascii	"r13\000"
 690 0476 08       		.byte	0x8
 691 0477 8A       		.byte	0x8a
 692 0478 F9040000 		.4byte	0x4f9
 693 047c 00       		.byte	0
 694 047d 00       		.byte	0
 695 047e 06       		.uleb128 0x6
 696 047f 41000000 		.4byte	.LASF83
 697 0483 24       		.byte	0x24
 698 0484 09       		.byte	0x9
 699 0485 FD       		.byte	0xfd
 700 0486 F9040000 		.4byte	0x4f9
 701 048a 08       		.uleb128 0x8
 702 048b 723400   		.ascii	"r4\000"
 703 048e 09       		.byte	0x9
 704 048f 1001     		.2byte	0x110
 705 0491 4F040000 		.4byte	0x44f
 706 0495 00       		.byte	0
 707 0496 08       		.uleb128 0x8
 708 0497 723500   		.ascii	"r5\000"
 709 049a 09       		.byte	0x9
 710 049b 1101     		.2byte	0x111
 711 049d 4F040000 		.4byte	0x44f
 712 04a1 04       		.byte	0x4
 713 04a2 08       		.uleb128 0x8
 714 04a3 723600   		.ascii	"r6\000"
 715 04a6 09       		.byte	0x9
 716 04a7 1201     		.2byte	0x112
 717 04a9 4F040000 		.4byte	0x44f
 718 04ad 08       		.byte	0x8
 719 04ae 08       		.uleb128 0x8
 720 04af 723700   		.ascii	"r7\000"
 721 04b2 09       		.byte	0x9
 722 04b3 1301     		.2byte	0x113
 723 04b5 4F040000 		.4byte	0x44f
 724 04b9 0C       		.byte	0xc
 725 04ba 08       		.uleb128 0x8
 726 04bb 723800   		.ascii	"r8\000"
 727 04be 09       		.byte	0x9
 728 04bf 1401     		.2byte	0x114
 729 04c1 4F040000 		.4byte	0x44f
 730 04c5 10       		.byte	0x10
 731 04c6 08       		.uleb128 0x8
 732 04c7 723900   		.ascii	"r9\000"
 733 04ca 09       		.byte	0x9
 734 04cb 1501     		.2byte	0x115
 735 04cd 4F040000 		.4byte	0x44f
 736 04d1 14       		.byte	0x14
 737 04d2 08       		.uleb128 0x8
ARM GAS  /tmp/ccg3r0XV.s 			page 14


 738 04d3 72313000 		.ascii	"r10\000"
 739 04d7 09       		.byte	0x9
 740 04d8 1601     		.2byte	0x116
 741 04da 4F040000 		.4byte	0x44f
 742 04de 18       		.byte	0x18
 743 04df 08       		.uleb128 0x8
 744 04e0 72313100 		.ascii	"r11\000"
 745 04e4 09       		.byte	0x9
 746 04e5 1701     		.2byte	0x117
 747 04e7 4F040000 		.4byte	0x44f
 748 04eb 1C       		.byte	0x1c
 749 04ec 08       		.uleb128 0x8
 750 04ed 6C7200   		.ascii	"lr\000"
 751 04f0 09       		.byte	0x9
 752 04f1 1801     		.2byte	0x118
 753 04f3 4F040000 		.4byte	0x44f
 754 04f7 20       		.byte	0x20
 755 04f8 00       		.byte	0
 756 04f9 0A       		.uleb128 0xa
 757 04fa 04       		.byte	0x4
 758 04fb 7E040000 		.4byte	0x47e
 759 04ff 11       		.uleb128 0x11
 760 0500 04       		.byte	0x4
 761 0501 0A       		.byte	0xa
 762 0502 38       		.byte	0x38
 763 0503 14050000 		.4byte	0x514
 764 0507 07       		.uleb128 0x7
 765 0508 14050000 		.4byte	.LASF84
 766 050c 0A       		.byte	0xa
 767 050d 3C       		.byte	0x3c
 768 050e CF000000 		.4byte	0xcf
 769 0512 00       		.byte	0
 770 0513 00       		.byte	0
 771 0514 03       		.uleb128 0x3
 772 0515 77030000 		.4byte	.LASF85
 773 0519 0A       		.byte	0xa
 774 051a 3D       		.byte	0x3d
 775 051b FF040000 		.4byte	0x4ff
 776 051f 12       		.uleb128 0x12
 777 0520 04       		.byte	0x4
 778 0521 07       		.byte	0x7
 779 0522 FA       		.byte	0xfa
 780 0523 7C050000 		.4byte	0x57c
 781 0527 13       		.uleb128 0x13
 782 0528 27000000 		.4byte	.LASF86
 783 052c 07       		.byte	0x7
 784 052d 0101     		.2byte	0x101
 785 052f 06010000 		.4byte	0x106
 786 0533 13       		.uleb128 0x13
 787 0534 80000000 		.4byte	.LASF87
 788 0538 07       		.byte	0x7
 789 0539 0801     		.2byte	0x108
 790 053b 06010000 		.4byte	0x106
 791 053f 13       		.uleb128 0x13
 792 0540 60050000 		.4byte	.LASF88
 793 0544 07       		.byte	0x7
 794 0545 0F01     		.2byte	0x10f
ARM GAS  /tmp/ccg3r0XV.s 			page 15


 795 0547 12030000 		.4byte	0x312
 796 054b 13       		.uleb128 0x13
 797 054c FF000000 		.4byte	.LASF89
 798 0550 07       		.byte	0x7
 799 0551 1601     		.2byte	0x116
 800 0553 7C050000 		.4byte	0x57c
 801 0557 13       		.uleb128 0x13
 802 0558 41020000 		.4byte	.LASF90
 803 055c 07       		.byte	0x7
 804 055d 1E01     		.2byte	0x11e
 805 055f A7050000 		.4byte	0x5a7
 806 0563 13       		.uleb128 0x13
 807 0564 92040000 		.4byte	.LASF91
 808 0568 07       		.byte	0x7
 809 0569 2701     		.2byte	0x127
 810 056b DE050000 		.4byte	0x5de
 811 056f 13       		.uleb128 0x13
 812 0570 43040000 		.4byte	.LASF92
 813 0574 07       		.byte	0x7
 814 0575 2F01     		.2byte	0x12f
 815 0577 11010000 		.4byte	0x111
 816 057b 00       		.byte	0
 817 057c 0A       		.uleb128 0xa
 818 057d 04       		.byte	0x4
 819 057e 2A020000 		.4byte	0x22a
 820 0582 06       		.uleb128 0x6
 821 0583 71040000 		.4byte	.LASF93
 822 0587 0C       		.byte	0xc
 823 0588 0B       		.byte	0xb
 824 0589 34       		.byte	0x34
 825 058a A7050000 		.4byte	0x5a7
 826 058e 07       		.uleb128 0x7
 827 058f E0010000 		.4byte	.LASF94
 828 0593 0B       		.byte	0xb
 829 0594 35       		.byte	0x35
 830 0595 5F020000 		.4byte	0x25f
 831 0599 00       		.byte	0
 832 059a 07       		.uleb128 0x7
 833 059b 09040000 		.4byte	.LASF95
 834 059f 0B       		.byte	0xb
 835 05a0 37       		.byte	0x37
 836 05a1 1C010000 		.4byte	0x11c
 837 05a5 08       		.byte	0x8
 838 05a6 00       		.byte	0
 839 05a7 0A       		.uleb128 0xa
 840 05a8 04       		.byte	0x4
 841 05a9 82050000 		.4byte	0x582
 842 05ad 06       		.uleb128 0x6
 843 05ae 42050000 		.4byte	.LASF96
 844 05b2 10       		.byte	0x10
 845 05b3 0C       		.byte	0xc
 846 05b4 39       		.byte	0x39
 847 05b5 DE050000 		.4byte	0x5de
 848 05b9 07       		.uleb128 0x7
 849 05ba F1000000 		.4byte	.LASF97
 850 05be 0C       		.byte	0xc
 851 05bf 3A       		.byte	0x3a
ARM GAS  /tmp/ccg3r0XV.s 			page 16


 852 05c0 5F020000 		.4byte	0x25f
 853 05c4 00       		.byte	0
 854 05c5 07       		.uleb128 0x7
 855 05c6 94050000 		.4byte	.LASF98
 856 05ca 0C       		.byte	0xc
 857 05cb 3C       		.byte	0x3c
 858 05cc 35020000 		.4byte	0x235
 859 05d0 08       		.byte	0x8
 860 05d1 07       		.uleb128 0x7
 861 05d2 DA040000 		.4byte	.LASF99
 862 05d6 0C       		.byte	0xc
 863 05d7 3E       		.byte	0x3e
 864 05d8 1C060000 		.4byte	0x61c
 865 05dc 0C       		.byte	0xc
 866 05dd 00       		.byte	0
 867 05de 0A       		.uleb128 0xa
 868 05df 04       		.byte	0x4
 869 05e0 AD050000 		.4byte	0x5ad
 870 05e4 0A       		.uleb128 0xa
 871 05e5 04       		.byte	0x4
 872 05e6 EA050000 		.4byte	0x5ea
 873 05ea 14       		.uleb128 0x14
 874 05eb EF050000 		.4byte	0x5ef
 875 05ef 04       		.uleb128 0x4
 876 05f0 01       		.byte	0x1
 877 05f1 08       		.byte	0x8
 878 05f2 CC040000 		.4byte	.LASF100
 879 05f6 0A       		.uleb128 0xa
 880 05f7 04       		.byte	0x4
 881 05f8 14030000 		.4byte	0x314
 882 05fc 05       		.uleb128 0x5
 883 05fd E4050000 		.4byte	0x5e4
 884 0601 15       		.uleb128 0x15
 885 0602 5A040000 		.4byte	0x45a
 886 0606 11060000 		.4byte	0x611
 887 060a 16       		.uleb128 0x16
 888 060b 48040000 		.4byte	0x448
 889 060f 1A       		.byte	0x1a
 890 0610 00       		.byte	0
 891 0611 03       		.uleb128 0x3
 892 0612 08020000 		.4byte	.LASF101
 893 0616 0C       		.byte	0xc
 894 0617 34       		.byte	0x34
 895 0618 AD050000 		.4byte	0x5ad
 896 061c 0A       		.uleb128 0xa
 897 061d 04       		.byte	0x4
 898 061e 11060000 		.4byte	0x611
 899 0622 04       		.uleb128 0x4
 900 0623 01       		.byte	0x1
 901 0624 02       		.byte	0x2
 902 0625 E8030000 		.4byte	.LASF102
 903 0629 11       		.uleb128 0x11
 904 062a 1C       		.byte	0x1c
 905 062b 0D       		.byte	0xd
 906 062c C5       		.byte	0xc5
 907 062d 86060000 		.4byte	0x686
 908 0631 07       		.uleb128 0x7
ARM GAS  /tmp/ccg3r0XV.s 			page 17


 909 0632 F9000000 		.4byte	.LASF103
 910 0636 0D       		.byte	0xd
 911 0637 C7       		.byte	0xc7
 912 0638 B4000000 		.4byte	0xb4
 913 063c 00       		.byte	0
 914 063d 07       		.uleb128 0x7
 915 063e 98020000 		.4byte	.LASF104
 916 0642 0D       		.byte	0xd
 917 0643 C9       		.byte	0xc9
 918 0644 B4000000 		.4byte	0xb4
 919 0648 04       		.byte	0x4
 920 0649 07       		.uleb128 0x7
 921 064a 90020000 		.4byte	.LASF105
 922 064e 0D       		.byte	0xd
 923 064f CB       		.byte	0xcb
 924 0650 B4000000 		.4byte	0xb4
 925 0654 08       		.byte	0x8
 926 0655 07       		.uleb128 0x7
 927 0656 7A000000 		.4byte	.LASF106
 928 065a 0D       		.byte	0xd
 929 065b CD       		.byte	0xcd
 930 065c B4000000 		.4byte	0xb4
 931 0660 0C       		.byte	0xc
 932 0661 10       		.uleb128 0x10
 933 0662 6F647200 		.ascii	"odr\000"
 934 0666 0D       		.byte	0xd
 935 0667 CF       		.byte	0xcf
 936 0668 B4000000 		.4byte	0xb4
 937 066c 10       		.byte	0x10
 938 066d 07       		.uleb128 0x7
 939 066e 04040000 		.4byte	.LASF107
 940 0672 0D       		.byte	0xd
 941 0673 D1       		.byte	0xd1
 942 0674 B4000000 		.4byte	0xb4
 943 0678 14       		.byte	0x14
 944 0679 07       		.uleb128 0x7
 945 067a 88030000 		.4byte	.LASF108
 946 067e 0D       		.byte	0xd
 947 067f D3       		.byte	0xd3
 948 0680 B4000000 		.4byte	0xb4
 949 0684 18       		.byte	0x18
 950 0685 00       		.byte	0
 951 0686 03       		.uleb128 0x3
 952 0687 00000000 		.4byte	.LASF109
 953 068b 0D       		.byte	0xd
 954 068c D4       		.byte	0xd4
 955 068d 29060000 		.4byte	0x629
 956 0691 11       		.uleb128 0x11
 957 0692 FC       		.byte	0xfc
 958 0693 0D       		.byte	0xd
 959 0694 DD       		.byte	0xdd
 960 0695 07070000 		.4byte	0x707
 961 0699 07       		.uleb128 0x7
 962 069a 3C040000 		.4byte	.LASF110
 963 069e 0D       		.byte	0xd
 964 069f E0       		.byte	0xe0
 965 06a0 86060000 		.4byte	0x686
ARM GAS  /tmp/ccg3r0XV.s 			page 18


 966 06a4 00       		.byte	0
 967 06a5 07       		.uleb128 0x7
 968 06a6 10020000 		.4byte	.LASF111
 969 06aa 0D       		.byte	0xd
 970 06ab E4       		.byte	0xe4
 971 06ac 86060000 		.4byte	0x686
 972 06b0 1C       		.byte	0x1c
 973 06b1 07       		.uleb128 0x7
 974 06b2 6E050000 		.4byte	.LASF112
 975 06b6 0D       		.byte	0xd
 976 06b7 E8       		.byte	0xe8
 977 06b8 86060000 		.4byte	0x686
 978 06bc 38       		.byte	0x38
 979 06bd 07       		.uleb128 0x7
 980 06be 8D030000 		.4byte	.LASF113
 981 06c2 0D       		.byte	0xd
 982 06c3 EC       		.byte	0xec
 983 06c4 86060000 		.4byte	0x686
 984 06c8 54       		.byte	0x54
 985 06c9 07       		.uleb128 0x7
 986 06ca 18010000 		.4byte	.LASF114
 987 06ce 0D       		.byte	0xd
 988 06cf F0       		.byte	0xf0
 989 06d0 86060000 		.4byte	0x686
 990 06d4 70       		.byte	0x70
 991 06d5 07       		.uleb128 0x7
 992 06d6 BF020000 		.4byte	.LASF115
 993 06da 0D       		.byte	0xd
 994 06db F4       		.byte	0xf4
 995 06dc 86060000 		.4byte	0x686
 996 06e0 8C       		.byte	0x8c
 997 06e1 07       		.uleb128 0x7
 998 06e2 0E030000 		.4byte	.LASF116
 999 06e6 0D       		.byte	0xd
 1000 06e7 F8       		.byte	0xf8
 1001 06e8 86060000 		.4byte	0x686
 1002 06ec A8       		.byte	0xa8
 1003 06ed 07       		.uleb128 0x7
 1004 06ee 5C000000 		.4byte	.LASF117
 1005 06f2 0D       		.byte	0xd
 1006 06f3 FC       		.byte	0xfc
 1007 06f4 86060000 		.4byte	0x686
 1008 06f8 C4       		.byte	0xc4
 1009 06f9 09       		.uleb128 0x9
 1010 06fa 59040000 		.4byte	.LASF118
 1011 06fe 0D       		.byte	0xd
 1012 06ff 0001     		.2byte	0x100
 1013 0701 86060000 		.4byte	0x686
 1014 0705 E0       		.byte	0xe0
 1015 0706 00       		.byte	0
 1016 0707 17       		.uleb128 0x17
 1017 0708 8A050000 		.4byte	.LASF119
 1018 070c 0D       		.byte	0xd
 1019 070d 0A01     		.2byte	0x10a
 1020 070f 91060000 		.4byte	0x691
 1021 0713 18       		.uleb128 0x18
 1022 0714 9F020000 		.4byte	.LASF120
ARM GAS  /tmp/ccg3r0XV.s 			page 19


 1023 0718 01       		.byte	0x1
 1024 0719 46       		.byte	0x46
 1025 071a 00000000 		.4byte	.LFB271
 1026 071e 08000000 		.4byte	.LFE271-.LFB271
 1027 0722 01       		.uleb128 0x1
 1028 0723 9C       		.byte	0x9c
 1029 0724 19       		.uleb128 0x19
 1030 0725 2B040000 		.4byte	.LASF121
 1031 0729 01       		.byte	0x1
 1032 072a 7B       		.byte	0x7b
 1033 072b 00000000 		.4byte	.LFB272
 1034 072f 02000000 		.4byte	.LFE272-.LFB272
 1035 0733 01       		.uleb128 0x1
 1036 0734 9C       		.byte	0x9c
 1037 0735 1A       		.uleb128 0x1a
 1038 0736 AA000000 		.4byte	.LASF122
 1039 073a 0E       		.byte	0xe
 1040 073b FA06     		.2byte	0x6fa
 1041 073d CA000000 		.4byte	0xca
 1042 0741 1B       		.uleb128 0x1b
 1043 0742 636800   		.ascii	"ch\000"
 1044 0745 07       		.byte	0x7
 1045 0746 0902     		.2byte	0x209
 1046 0748 E1030000 		.4byte	0x3e1
 1047 074c 1C       		.uleb128 0x1c
 1048 074d 9C050000 		.4byte	.LASF123
 1049 0751 01       		.byte	0x1
 1050 0752 19       		.byte	0x19
 1051 0753 5D070000 		.4byte	0x75d
 1052 0757 05       		.uleb128 0x5
 1053 0758 03       		.byte	0x3
 1054 0759 00000000 		.4byte	pal_default_config
 1055 075d 14       		.uleb128 0x14
 1056 075e 07070000 		.4byte	0x707
 1057 0762 00       		.byte	0
 1058              		.section	.debug_abbrev,"",%progbits
 1059              	.Ldebug_abbrev0:
 1060 0000 01       		.uleb128 0x1
 1061 0001 11       		.uleb128 0x11
 1062 0002 01       		.byte	0x1
 1063 0003 25       		.uleb128 0x25
 1064 0004 0E       		.uleb128 0xe
 1065 0005 13       		.uleb128 0x13
 1066 0006 0B       		.uleb128 0xb
 1067 0007 03       		.uleb128 0x3
 1068 0008 0E       		.uleb128 0xe
 1069 0009 55       		.uleb128 0x55
 1070 000a 17       		.uleb128 0x17
 1071 000b 11       		.uleb128 0x11
 1072 000c 01       		.uleb128 0x1
 1073 000d 10       		.uleb128 0x10
 1074 000e 17       		.uleb128 0x17
 1075 000f 00       		.byte	0
 1076 0010 00       		.byte	0
 1077 0011 02       		.uleb128 0x2
 1078 0012 24       		.uleb128 0x24
 1079 0013 00       		.byte	0
ARM GAS  /tmp/ccg3r0XV.s 			page 20


 1080 0014 0B       		.uleb128 0xb
 1081 0015 0B       		.uleb128 0xb
 1082 0016 3E       		.uleb128 0x3e
 1083 0017 0B       		.uleb128 0xb
 1084 0018 03       		.uleb128 0x3
 1085 0019 08       		.uleb128 0x8
 1086 001a 00       		.byte	0
 1087 001b 00       		.byte	0
 1088 001c 03       		.uleb128 0x3
 1089 001d 16       		.uleb128 0x16
 1090 001e 00       		.byte	0
 1091 001f 03       		.uleb128 0x3
 1092 0020 0E       		.uleb128 0xe
 1093 0021 3A       		.uleb128 0x3a
 1094 0022 0B       		.uleb128 0xb
 1095 0023 3B       		.uleb128 0x3b
 1096 0024 0B       		.uleb128 0xb
 1097 0025 49       		.uleb128 0x49
 1098 0026 13       		.uleb128 0x13
 1099 0027 00       		.byte	0
 1100 0028 00       		.byte	0
 1101 0029 04       		.uleb128 0x4
 1102 002a 24       		.uleb128 0x24
 1103 002b 00       		.byte	0
 1104 002c 0B       		.uleb128 0xb
 1105 002d 0B       		.uleb128 0xb
 1106 002e 3E       		.uleb128 0x3e
 1107 002f 0B       		.uleb128 0xb
 1108 0030 03       		.uleb128 0x3
 1109 0031 0E       		.uleb128 0xe
 1110 0032 00       		.byte	0
 1111 0033 00       		.byte	0
 1112 0034 05       		.uleb128 0x5
 1113 0035 35       		.uleb128 0x35
 1114 0036 00       		.byte	0
 1115 0037 49       		.uleb128 0x49
 1116 0038 13       		.uleb128 0x13
 1117 0039 00       		.byte	0
 1118 003a 00       		.byte	0
 1119 003b 06       		.uleb128 0x6
 1120 003c 13       		.uleb128 0x13
 1121 003d 01       		.byte	0x1
 1122 003e 03       		.uleb128 0x3
 1123 003f 0E       		.uleb128 0xe
 1124 0040 0B       		.uleb128 0xb
 1125 0041 0B       		.uleb128 0xb
 1126 0042 3A       		.uleb128 0x3a
 1127 0043 0B       		.uleb128 0xb
 1128 0044 3B       		.uleb128 0x3b
 1129 0045 0B       		.uleb128 0xb
 1130 0046 01       		.uleb128 0x1
 1131 0047 13       		.uleb128 0x13
 1132 0048 00       		.byte	0
 1133 0049 00       		.byte	0
 1134 004a 07       		.uleb128 0x7
 1135 004b 0D       		.uleb128 0xd
 1136 004c 00       		.byte	0
ARM GAS  /tmp/ccg3r0XV.s 			page 21


 1137 004d 03       		.uleb128 0x3
 1138 004e 0E       		.uleb128 0xe
 1139 004f 3A       		.uleb128 0x3a
 1140 0050 0B       		.uleb128 0xb
 1141 0051 3B       		.uleb128 0x3b
 1142 0052 0B       		.uleb128 0xb
 1143 0053 49       		.uleb128 0x49
 1144 0054 13       		.uleb128 0x13
 1145 0055 38       		.uleb128 0x38
 1146 0056 0B       		.uleb128 0xb
 1147 0057 00       		.byte	0
 1148 0058 00       		.byte	0
 1149 0059 08       		.uleb128 0x8
 1150 005a 0D       		.uleb128 0xd
 1151 005b 00       		.byte	0
 1152 005c 03       		.uleb128 0x3
 1153 005d 08       		.uleb128 0x8
 1154 005e 3A       		.uleb128 0x3a
 1155 005f 0B       		.uleb128 0xb
 1156 0060 3B       		.uleb128 0x3b
 1157 0061 05       		.uleb128 0x5
 1158 0062 49       		.uleb128 0x49
 1159 0063 13       		.uleb128 0x13
 1160 0064 38       		.uleb128 0x38
 1161 0065 0B       		.uleb128 0xb
 1162 0066 00       		.byte	0
 1163 0067 00       		.byte	0
 1164 0068 09       		.uleb128 0x9
 1165 0069 0D       		.uleb128 0xd
 1166 006a 00       		.byte	0
 1167 006b 03       		.uleb128 0x3
 1168 006c 0E       		.uleb128 0xe
 1169 006d 3A       		.uleb128 0x3a
 1170 006e 0B       		.uleb128 0xb
 1171 006f 3B       		.uleb128 0x3b
 1172 0070 05       		.uleb128 0x5
 1173 0071 49       		.uleb128 0x49
 1174 0072 13       		.uleb128 0x13
 1175 0073 38       		.uleb128 0x38
 1176 0074 0B       		.uleb128 0xb
 1177 0075 00       		.byte	0
 1178 0076 00       		.byte	0
 1179 0077 0A       		.uleb128 0xa
 1180 0078 0F       		.uleb128 0xf
 1181 0079 00       		.byte	0
 1182 007a 0B       		.uleb128 0xb
 1183 007b 0B       		.uleb128 0xb
 1184 007c 49       		.uleb128 0x49
 1185 007d 13       		.uleb128 0x13
 1186 007e 00       		.byte	0
 1187 007f 00       		.byte	0
 1188 0080 0B       		.uleb128 0xb
 1189 0081 13       		.uleb128 0x13
 1190 0082 01       		.byte	0x1
 1191 0083 03       		.uleb128 0x3
 1192 0084 0E       		.uleb128 0xe
 1193 0085 0B       		.uleb128 0xb
ARM GAS  /tmp/ccg3r0XV.s 			page 22


 1194 0086 0B       		.uleb128 0xb
 1195 0087 3A       		.uleb128 0x3a
 1196 0088 0B       		.uleb128 0xb
 1197 0089 3B       		.uleb128 0x3b
 1198 008a 05       		.uleb128 0x5
 1199 008b 01       		.uleb128 0x1
 1200 008c 13       		.uleb128 0x13
 1201 008d 00       		.byte	0
 1202 008e 00       		.byte	0
 1203 008f 0C       		.uleb128 0xc
 1204 0090 15       		.uleb128 0x15
 1205 0091 01       		.byte	0x1
 1206 0092 27       		.uleb128 0x27
 1207 0093 19       		.uleb128 0x19
 1208 0094 01       		.uleb128 0x1
 1209 0095 13       		.uleb128 0x13
 1210 0096 00       		.byte	0
 1211 0097 00       		.byte	0
 1212 0098 0D       		.uleb128 0xd
 1213 0099 05       		.uleb128 0x5
 1214 009a 00       		.byte	0
 1215 009b 49       		.uleb128 0x49
 1216 009c 13       		.uleb128 0x13
 1217 009d 00       		.byte	0
 1218 009e 00       		.byte	0
 1219 009f 0E       		.uleb128 0xe
 1220 00a0 0F       		.uleb128 0xf
 1221 00a1 00       		.byte	0
 1222 00a2 0B       		.uleb128 0xb
 1223 00a3 0B       		.uleb128 0xb
 1224 00a4 00       		.byte	0
 1225 00a5 00       		.byte	0
 1226 00a6 0F       		.uleb128 0xf
 1227 00a7 13       		.uleb128 0x13
 1228 00a8 01       		.byte	0x1
 1229 00a9 03       		.uleb128 0x3
 1230 00aa 0E       		.uleb128 0xe
 1231 00ab 0B       		.uleb128 0xb
 1232 00ac 05       		.uleb128 0x5
 1233 00ad 3A       		.uleb128 0x3a
 1234 00ae 0B       		.uleb128 0xb
 1235 00af 3B       		.uleb128 0x3b
 1236 00b0 05       		.uleb128 0x5
 1237 00b1 01       		.uleb128 0x1
 1238 00b2 13       		.uleb128 0x13
 1239 00b3 00       		.byte	0
 1240 00b4 00       		.byte	0
 1241 00b5 10       		.uleb128 0x10
 1242 00b6 0D       		.uleb128 0xd
 1243 00b7 00       		.byte	0
 1244 00b8 03       		.uleb128 0x3
 1245 00b9 08       		.uleb128 0x8
 1246 00ba 3A       		.uleb128 0x3a
 1247 00bb 0B       		.uleb128 0xb
 1248 00bc 3B       		.uleb128 0x3b
 1249 00bd 0B       		.uleb128 0xb
 1250 00be 49       		.uleb128 0x49
ARM GAS  /tmp/ccg3r0XV.s 			page 23


 1251 00bf 13       		.uleb128 0x13
 1252 00c0 38       		.uleb128 0x38
 1253 00c1 0B       		.uleb128 0xb
 1254 00c2 00       		.byte	0
 1255 00c3 00       		.byte	0
 1256 00c4 11       		.uleb128 0x11
 1257 00c5 13       		.uleb128 0x13
 1258 00c6 01       		.byte	0x1
 1259 00c7 0B       		.uleb128 0xb
 1260 00c8 0B       		.uleb128 0xb
 1261 00c9 3A       		.uleb128 0x3a
 1262 00ca 0B       		.uleb128 0xb
 1263 00cb 3B       		.uleb128 0x3b
 1264 00cc 0B       		.uleb128 0xb
 1265 00cd 01       		.uleb128 0x1
 1266 00ce 13       		.uleb128 0x13
 1267 00cf 00       		.byte	0
 1268 00d0 00       		.byte	0
 1269 00d1 12       		.uleb128 0x12
 1270 00d2 17       		.uleb128 0x17
 1271 00d3 01       		.byte	0x1
 1272 00d4 0B       		.uleb128 0xb
 1273 00d5 0B       		.uleb128 0xb
 1274 00d6 3A       		.uleb128 0x3a
 1275 00d7 0B       		.uleb128 0xb
 1276 00d8 3B       		.uleb128 0x3b
 1277 00d9 0B       		.uleb128 0xb
 1278 00da 01       		.uleb128 0x1
 1279 00db 13       		.uleb128 0x13
 1280 00dc 00       		.byte	0
 1281 00dd 00       		.byte	0
 1282 00de 13       		.uleb128 0x13
 1283 00df 0D       		.uleb128 0xd
 1284 00e0 00       		.byte	0
 1285 00e1 03       		.uleb128 0x3
 1286 00e2 0E       		.uleb128 0xe
 1287 00e3 3A       		.uleb128 0x3a
 1288 00e4 0B       		.uleb128 0xb
 1289 00e5 3B       		.uleb128 0x3b
 1290 00e6 05       		.uleb128 0x5
 1291 00e7 49       		.uleb128 0x49
 1292 00e8 13       		.uleb128 0x13
 1293 00e9 00       		.byte	0
 1294 00ea 00       		.byte	0
 1295 00eb 14       		.uleb128 0x14
 1296 00ec 26       		.uleb128 0x26
 1297 00ed 00       		.byte	0
 1298 00ee 49       		.uleb128 0x49
 1299 00ef 13       		.uleb128 0x13
 1300 00f0 00       		.byte	0
 1301 00f1 00       		.byte	0
 1302 00f2 15       		.uleb128 0x15
 1303 00f3 01       		.uleb128 0x1
 1304 00f4 01       		.byte	0x1
 1305 00f5 49       		.uleb128 0x49
 1306 00f6 13       		.uleb128 0x13
 1307 00f7 01       		.uleb128 0x1
ARM GAS  /tmp/ccg3r0XV.s 			page 24


 1308 00f8 13       		.uleb128 0x13
 1309 00f9 00       		.byte	0
 1310 00fa 00       		.byte	0
 1311 00fb 16       		.uleb128 0x16
 1312 00fc 21       		.uleb128 0x21
 1313 00fd 00       		.byte	0
 1314 00fe 49       		.uleb128 0x49
 1315 00ff 13       		.uleb128 0x13
 1316 0100 2F       		.uleb128 0x2f
 1317 0101 0B       		.uleb128 0xb
 1318 0102 00       		.byte	0
 1319 0103 00       		.byte	0
 1320 0104 17       		.uleb128 0x17
 1321 0105 16       		.uleb128 0x16
 1322 0106 00       		.byte	0
 1323 0107 03       		.uleb128 0x3
 1324 0108 0E       		.uleb128 0xe
 1325 0109 3A       		.uleb128 0x3a
 1326 010a 0B       		.uleb128 0xb
 1327 010b 3B       		.uleb128 0x3b
 1328 010c 05       		.uleb128 0x5
 1329 010d 49       		.uleb128 0x49
 1330 010e 13       		.uleb128 0x13
 1331 010f 00       		.byte	0
 1332 0110 00       		.byte	0
 1333 0111 18       		.uleb128 0x18
 1334 0112 2E       		.uleb128 0x2e
 1335 0113 00       		.byte	0
 1336 0114 3F       		.uleb128 0x3f
 1337 0115 19       		.uleb128 0x19
 1338 0116 03       		.uleb128 0x3
 1339 0117 0E       		.uleb128 0xe
 1340 0118 3A       		.uleb128 0x3a
 1341 0119 0B       		.uleb128 0xb
 1342 011a 3B       		.uleb128 0x3b
 1343 011b 0B       		.uleb128 0xb
 1344 011c 27       		.uleb128 0x27
 1345 011d 19       		.uleb128 0x19
 1346 011e 11       		.uleb128 0x11
 1347 011f 01       		.uleb128 0x1
 1348 0120 12       		.uleb128 0x12
 1349 0121 06       		.uleb128 0x6
 1350 0122 40       		.uleb128 0x40
 1351 0123 18       		.uleb128 0x18
 1352 0124 9642     		.uleb128 0x2116
 1353 0126 19       		.uleb128 0x19
 1354 0127 00       		.byte	0
 1355 0128 00       		.byte	0
 1356 0129 19       		.uleb128 0x19
 1357 012a 2E       		.uleb128 0x2e
 1358 012b 00       		.byte	0
 1359 012c 3F       		.uleb128 0x3f
 1360 012d 19       		.uleb128 0x19
 1361 012e 03       		.uleb128 0x3
 1362 012f 0E       		.uleb128 0xe
 1363 0130 3A       		.uleb128 0x3a
 1364 0131 0B       		.uleb128 0xb
ARM GAS  /tmp/ccg3r0XV.s 			page 25


 1365 0132 3B       		.uleb128 0x3b
 1366 0133 0B       		.uleb128 0xb
 1367 0134 27       		.uleb128 0x27
 1368 0135 19       		.uleb128 0x19
 1369 0136 11       		.uleb128 0x11
 1370 0137 01       		.uleb128 0x1
 1371 0138 12       		.uleb128 0x12
 1372 0139 06       		.uleb128 0x6
 1373 013a 40       		.uleb128 0x40
 1374 013b 18       		.uleb128 0x18
 1375 013c 9742     		.uleb128 0x2117
 1376 013e 19       		.uleb128 0x19
 1377 013f 00       		.byte	0
 1378 0140 00       		.byte	0
 1379 0141 1A       		.uleb128 0x1a
 1380 0142 34       		.uleb128 0x34
 1381 0143 00       		.byte	0
 1382 0144 03       		.uleb128 0x3
 1383 0145 0E       		.uleb128 0xe
 1384 0146 3A       		.uleb128 0x3a
 1385 0147 0B       		.uleb128 0xb
 1386 0148 3B       		.uleb128 0x3b
 1387 0149 05       		.uleb128 0x5
 1388 014a 49       		.uleb128 0x49
 1389 014b 13       		.uleb128 0x13
 1390 014c 3F       		.uleb128 0x3f
 1391 014d 19       		.uleb128 0x19
 1392 014e 3C       		.uleb128 0x3c
 1393 014f 19       		.uleb128 0x19
 1394 0150 00       		.byte	0
 1395 0151 00       		.byte	0
 1396 0152 1B       		.uleb128 0x1b
 1397 0153 34       		.uleb128 0x34
 1398 0154 00       		.byte	0
 1399 0155 03       		.uleb128 0x3
 1400 0156 08       		.uleb128 0x8
 1401 0157 3A       		.uleb128 0x3a
 1402 0158 0B       		.uleb128 0xb
 1403 0159 3B       		.uleb128 0x3b
 1404 015a 05       		.uleb128 0x5
 1405 015b 49       		.uleb128 0x49
 1406 015c 13       		.uleb128 0x13
 1407 015d 3F       		.uleb128 0x3f
 1408 015e 19       		.uleb128 0x19
 1409 015f 3C       		.uleb128 0x3c
 1410 0160 19       		.uleb128 0x19
 1411 0161 00       		.byte	0
 1412 0162 00       		.byte	0
 1413 0163 1C       		.uleb128 0x1c
 1414 0164 34       		.uleb128 0x34
 1415 0165 00       		.byte	0
 1416 0166 03       		.uleb128 0x3
 1417 0167 0E       		.uleb128 0xe
 1418 0168 3A       		.uleb128 0x3a
 1419 0169 0B       		.uleb128 0xb
 1420 016a 3B       		.uleb128 0x3b
 1421 016b 0B       		.uleb128 0xb
ARM GAS  /tmp/ccg3r0XV.s 			page 26


 1422 016c 49       		.uleb128 0x49
 1423 016d 13       		.uleb128 0x13
 1424 016e 3F       		.uleb128 0x3f
 1425 016f 19       		.uleb128 0x19
 1426 0170 02       		.uleb128 0x2
 1427 0171 18       		.uleb128 0x18
 1428 0172 00       		.byte	0
 1429 0173 00       		.byte	0
 1430 0174 00       		.byte	0
 1431              		.section	.debug_aranges,"",%progbits
 1432 0000 24000000 		.4byte	0x24
 1433 0004 0200     		.2byte	0x2
 1434 0006 00000000 		.4byte	.Ldebug_info0
 1435 000a 04       		.byte	0x4
 1436 000b 00       		.byte	0
 1437 000c 0000     		.2byte	0
 1438 000e 0000     		.2byte	0
 1439 0010 00000000 		.4byte	.LFB271
 1440 0014 08000000 		.4byte	.LFE271-.LFB271
 1441 0018 00000000 		.4byte	.LFB272
 1442 001c 02000000 		.4byte	.LFE272-.LFB272
 1443 0020 00000000 		.4byte	0
 1444 0024 00000000 		.4byte	0
 1445              		.section	.debug_ranges,"",%progbits
 1446              	.Ldebug_ranges0:
 1447 0000 00000000 		.4byte	.LFB271
 1448 0004 08000000 		.4byte	.LFE271
 1449 0008 00000000 		.4byte	.LFB272
 1450 000c 02000000 		.4byte	.LFE272
 1451 0010 00000000 		.4byte	0
 1452 0014 00000000 		.4byte	0
 1453              		.section	.debug_line,"",%progbits
 1454              	.Ldebug_line0:
 1455 0000 4E020000 		.section	.debug_str,"MS",%progbits,1
 1455      02002502 
 1455      00000201 
 1455      FB0E0D00 
 1455      01010101 
 1456              	.LASF109:
 1457 0000 73746D33 		.ascii	"stm32_gpio_setup_t\000"
 1457      325F6770 
 1457      696F5F73 
 1457      65747570 
 1457      5F7400
 1458              	.LASF51:
 1459 0013 72656164 		.ascii	"ready_list_t\000"
 1459      795F6C69 
 1459      73745F74 
 1459      00
 1460              	.LASF2:
 1461 0020 73697A65 		.ascii	"size_t\000"
 1461      5F7400
 1462              	.LASF86:
 1463 0027 7264796D 		.ascii	"rdymsg\000"
 1463      736700
 1464              	.LASF17:
 1465 002e 75696E74 		.ascii	"uint64_t\000"
ARM GAS  /tmp/ccg3r0XV.s 			page 27


 1465      36345F74 
 1465      00
 1466              	.LASF3:
 1467 0037 5F5F7569 		.ascii	"__uint8_t\000"
 1467      6E74385F 
 1467      7400
 1468              	.LASF83:
 1469 0041 706F7274 		.ascii	"port_intctx\000"
 1469      5F696E74 
 1469      63747800 
 1470              	.LASF70:
 1471 004d 73797374 		.ascii	"system_debug_t\000"
 1471      656D5F64 
 1471      65627567 
 1471      5F7400
 1472              	.LASF117:
 1473 005c 50484461 		.ascii	"PHData\000"
 1473      746100
 1474              	.LASF13:
 1475 0063 6C6F6E67 		.ascii	"long long unsigned int\000"
 1475      206C6F6E 
 1475      6720756E 
 1475      7369676E 
 1475      65642069 
 1476              	.LASF106:
 1477 007a 70757064 		.ascii	"pupdr\000"
 1477      7200
 1478              	.LASF87:
 1479 0080 65786974 		.ascii	"exitcode\000"
 1479      636F6465 
 1479      00
 1480              	.LASF77:
 1481 0089 6D61696E 		.ascii	"mainthread\000"
 1481      74687265 
 1481      616400
 1482              	.LASF67:
 1483 0094 76697274 		.ascii	"virtual_timers_list_t\000"
 1483      75616C5F 
 1483      74696D65 
 1483      72735F6C 
 1483      6973745F 
 1484              	.LASF122:
 1485 00aa 49544D5F 		.ascii	"ITM_RxBuffer\000"
 1485      52784275 
 1485      66666572 
 1485      00
 1486              	.LASF50:
 1487 00b7 63685F74 		.ascii	"ch_threads_queue\000"
 1487      68726561 
 1487      64735F71 
 1487      75657565 
 1487      00
 1488              	.LASF30:
 1489 00c8 705F7072 		.ascii	"p_prio\000"
 1489      696F00
 1490              	.LASF11:
 1491 00cf 6C6F6E67 		.ascii	"long long int\000"
ARM GAS  /tmp/ccg3r0XV.s 			page 28


 1491      206C6F6E 
 1491      6720696E 
 1491      7400
 1492              	.LASF1:
 1493 00dd 7369676E 		.ascii	"signed char\000"
 1493      65642063 
 1493      68617200 
 1494              	.LASF44:
 1495 00e9 705F6D70 		.ascii	"p_mpool\000"
 1495      6F6F6C00 
 1496              	.LASF97:
 1497 00f1 6D5F7175 		.ascii	"m_queue\000"
 1497      65756500 
 1498              	.LASF103:
 1499 00f9 6D6F6465 		.ascii	"moder\000"
 1499      7200
 1500              	.LASF89:
 1501 00ff 77747472 		.ascii	"wttrp\000"
 1501      7000
 1502              	.LASF74:
 1503 0105 63685F73 		.ascii	"ch_system\000"
 1503      79737465 
 1503      6D00
 1504              	.LASF8:
 1505 010f 6C6F6E67 		.ascii	"long int\000"
 1505      20696E74 
 1505      00
 1506              	.LASF114:
 1507 0118 50454461 		.ascii	"PEData\000"
 1507      746100
 1508              	.LASF20:
 1509 011f 74737461 		.ascii	"tstate_t\000"
 1509      74655F74 
 1509      00
 1510              	.LASF124:
 1511 0128 474E5520 		.ascii	"GNU C 4.8.4 20141219 (release) -mcpu=cortex-m4 -mno"
 1511      4320342E 
 1511      382E3420 
 1511      32303134 
 1511      31323139 
 1512 015b 2D746875 		.ascii	"-thumb-interwork -mthumb -ggdb -O0 -fomit-frame-poi"
 1512      6D622D69 
 1512      6E746572 
 1512      776F726B 
 1512      202D6D74 
 1513 018e 6E746572 		.ascii	"nter -falign-functions=16 -ffunction-sections -fdat"
 1513      202D6661 
 1513      6C69676E 
 1513      2D66756E 
 1513      6374696F 
 1514 01c1 612D7365 		.ascii	"a-sections -fno-common\000"
 1514      6374696F 
 1514      6E73202D 
 1514      666E6F2D 
 1514      636F6D6D 
 1515              	.LASF32:
 1516 01d8 705F6E65 		.ascii	"p_newer\000"
ARM GAS  /tmp/ccg3r0XV.s 			page 29


 1516      77657200 
 1517              	.LASF94:
 1518 01e0 735F7175 		.ascii	"s_queue\000"
 1518      65756500 
 1519              	.LASF56:
 1520 01e8 725F6E65 		.ascii	"r_newer\000"
 1520      77657200 
 1521              	.LASF80:
 1522 01f0 72656761 		.ascii	"regarm_t\000"
 1522      726D5F74 
 1522      00
 1523              	.LASF63:
 1524 01f9 76745F70 		.ascii	"vt_prev\000"
 1524      72657600 
 1525              	.LASF76:
 1526 0201 76746C69 		.ascii	"vtlist\000"
 1526      737400
 1527              	.LASF101:
 1528 0208 6D757465 		.ascii	"mutex_t\000"
 1528      785F7400 
 1529              	.LASF111:
 1530 0210 50424461 		.ascii	"PBData\000"
 1530      746100
 1531              	.LASF78:
 1532 0217 69646C65 		.ascii	"idle_thread_wa\000"
 1532      5F746872 
 1532      6561645F 
 1532      776100
 1533              	.LASF25:
 1534 0226 636E745F 		.ascii	"cnt_t\000"
 1534      7400
 1535              	.LASF0:
 1536 022c 756E7369 		.ascii	"unsigned int\000"
 1536      676E6564 
 1536      20696E74 
 1536      00
 1537              	.LASF62:
 1538 0239 76745F6E 		.ascii	"vt_next\000"
 1538      65787400 
 1539              	.LASF90:
 1540 0241 77747365 		.ascii	"wtsemp\000"
 1540      6D7000
 1541              	.LASF39:
 1542 0248 705F6D73 		.ascii	"p_msgqueue\000"
 1542      67717565 
 1542      756500
 1543              	.LASF125:
 1544 0253 2F686F6D 		.ascii	"/home/efe/ChibiOS/os/hal/boards/ST_STM32F4_DISCOVER"
 1544      652F6566 
 1544      652F4368 
 1544      6962694F 
 1544      532F6F73 
 1545 0286 592F626F 		.ascii	"Y/board.c\000"
 1545      6172642E 
 1545      6300
 1546              	.LASF105:
 1547 0290 6F737065 		.ascii	"ospeedr\000"
ARM GAS  /tmp/ccg3r0XV.s 			page 30


 1547      65647200 
 1548              	.LASF104:
 1549 0298 6F747970 		.ascii	"otyper\000"
 1549      657200
 1550              	.LASF120:
 1551 029f 5F5F6561 		.ascii	"__early_init\000"
 1551      726C795F 
 1551      696E6974 
 1551      00
 1552              	.LASF6:
 1553 02ac 73686F72 		.ascii	"short unsigned int\000"
 1553      7420756E 
 1553      7369676E 
 1553      65642069 
 1553      6E7400
 1554              	.LASF115:
 1555 02bf 50464461 		.ascii	"PFData\000"
 1555      746100
 1556              	.LASF47:
 1557 02c6 63685F74 		.ascii	"ch_thread\000"
 1557      68726561 
 1557      6400
 1558              	.LASF23:
 1559 02d0 6D73675F 		.ascii	"msg_t\000"
 1559      7400
 1560              	.LASF73:
 1561 02d6 63685F73 		.ascii	"ch_system_t\000"
 1561      79737465 
 1561      6D5F7400 
 1562              	.LASF19:
 1563 02e2 746D6F64 		.ascii	"tmode_t\000"
 1563      655F7400 
 1564              	.LASF52:
 1565 02ea 63685F72 		.ascii	"ch_ready_list\000"
 1565      65616479 
 1565      5F6C6973 
 1565      7400
 1566              	.LASF24:
 1567 02f8 6576656E 		.ascii	"eventmask_t\000"
 1567      746D6173 
 1567      6B5F7400 
 1568              	.LASF7:
 1569 0304 5F5F696E 		.ascii	"__int32_t\000"
 1569      7433325F 
 1569      7400
 1570              	.LASF116:
 1571 030e 50474461 		.ascii	"PGData\000"
 1571      746100
 1572              	.LASF81:
 1573 0315 73746B61 		.ascii	"stkalign_t\000"
 1573      6C69676E 
 1573      5F7400
 1574              	.LASF38:
 1575 0320 705F7761 		.ascii	"p_waiting\000"
 1575      6974696E 
 1575      6700
 1576              	.LASF79:
ARM GAS  /tmp/ccg3r0XV.s 			page 31


 1577 032a 73697A65 		.ascii	"sizetype\000"
 1577      74797065 
 1577      00
 1578              	.LASF45:
 1579 0333 74687265 		.ascii	"thread_reference_t\000"
 1579      61645F72 
 1579      65666572 
 1579      656E6365 
 1579      5F7400
 1580              	.LASF68:
 1581 0346 63685F76 		.ascii	"ch_virtual_timers_list\000"
 1581      69727475 
 1581      616C5F74 
 1581      696D6572 
 1581      735F6C69 
 1582              	.LASF69:
 1583 035d 76745F6C 		.ascii	"vt_lasttime\000"
 1583      61737474 
 1583      696D6500 
 1584              	.LASF33:
 1585 0369 705F6F6C 		.ascii	"p_older\000"
 1585      64657200 
 1586              	.LASF55:
 1587 0371 725F6374 		.ascii	"r_ctx\000"
 1587      7800
 1588              	.LASF85:
 1589 0377 746D5F63 		.ascii	"tm_calibration_t\000"
 1589      616C6962 
 1589      72617469 
 1589      6F6E5F74 
 1589      00
 1590              	.LASF108:
 1591 0388 61667268 		.ascii	"afrh\000"
 1591      00
 1592              	.LASF113:
 1593 038d 50444461 		.ascii	"PDData\000"
 1593      746100
 1594              	.LASF58:
 1595 0394 725F6375 		.ascii	"r_current\000"
 1595      7272656E 
 1595      7400
 1596              	.LASF57:
 1597 039e 725F6F6C 		.ascii	"r_older\000"
 1597      64657200 
 1598              	.LASF12:
 1599 03a6 5F5F7569 		.ascii	"__uint64_t\000"
 1599      6E743634 
 1599      5F7400
 1600              	.LASF21:
 1601 03b1 74726566 		.ascii	"trefs_t\000"
 1601      735F7400 
 1602              	.LASF60:
 1603 03b9 76697274 		.ascii	"virtual_timer_t\000"
 1603      75616C5F 
 1603      74696D65 
 1603      725F7400 
 1604              	.LASF29:
ARM GAS  /tmp/ccg3r0XV.s 			page 32


 1605 03c9 705F7072 		.ascii	"p_prev\000"
 1605      657600
 1606              	.LASF22:
 1607 03d0 74707269 		.ascii	"tprio_t\000"
 1607      6F5F7400 
 1608              	.LASF71:
 1609 03d8 63685F73 		.ascii	"ch_system_debug\000"
 1609      79737465 
 1609      6D5F6465 
 1609      62756700 
 1610              	.LASF102:
 1611 03e8 5F426F6F 		.ascii	"_Bool\000"
 1611      6C00
 1612              	.LASF15:
 1613 03ee 696E7433 		.ascii	"int32_t\000"
 1613      325F7400 
 1614              	.LASF4:
 1615 03f6 756E7369 		.ascii	"unsigned char\000"
 1615      676E6564 
 1615      20636861 
 1615      7200
 1616              	.LASF107:
 1617 0404 6166726C 		.ascii	"afrl\000"
 1617      00
 1618              	.LASF95:
 1619 0409 735F636E 		.ascii	"s_cnt\000"
 1619      7400
 1620              	.LASF42:
 1621 040f 705F6D74 		.ascii	"p_mtxlist\000"
 1621      786C6973 
 1621      7400
 1622              	.LASF5:
 1623 0419 73686F72 		.ascii	"short int\000"
 1623      7420696E 
 1623      7400
 1624              	.LASF35:
 1625 0423 705F7374 		.ascii	"p_state\000"
 1625      61746500 
 1626              	.LASF121:
 1627 042b 626F6172 		.ascii	"boardInit\000"
 1627      64496E69 
 1627      7400
 1628              	.LASF54:
 1629 0435 725F7072 		.ascii	"r_prio\000"
 1629      696F00
 1630              	.LASF110:
 1631 043c 50414461 		.ascii	"PAData\000"
 1631      746100
 1632              	.LASF92:
 1633 0443 65776D61 		.ascii	"ewmask\000"
 1633      736B00
 1634              	.LASF28:
 1635 044a 705F6E65 		.ascii	"p_next\000"
 1635      787400
 1636              	.LASF36:
 1637 0451 705F666C 		.ascii	"p_flags\000"
 1637      61677300 
ARM GAS  /tmp/ccg3r0XV.s 			page 33


 1638              	.LASF118:
 1639 0459 50494461 		.ascii	"PIData\000"
 1639      746100
 1640              	.LASF61:
 1641 0460 63685F76 		.ascii	"ch_virtual_timer\000"
 1641      69727475 
 1641      616C5F74 
 1641      696D6572 
 1641      00
 1642              	.LASF93:
 1643 0471 63685F73 		.ascii	"ch_semaphore\000"
 1643      656D6170 
 1643      686F7265 
 1643      00
 1644              	.LASF41:
 1645 047e 705F6570 		.ascii	"p_epending\000"
 1645      656E6469 
 1645      6E6700
 1646              	.LASF16:
 1647 0489 75696E74 		.ascii	"uint32_t\000"
 1647      33325F74 
 1647      00
 1648              	.LASF91:
 1649 0492 77746D74 		.ascii	"wtmtxp\000"
 1649      787000
 1650              	.LASF53:
 1651 0499 725F7175 		.ascii	"r_queue\000"
 1651      65756500 
 1652              	.LASF64:
 1653 04a1 76745F64 		.ascii	"vt_delta\000"
 1653      656C7461 
 1653      00
 1654              	.LASF48:
 1655 04aa 63685F74 		.ascii	"ch_threads_list\000"
 1655      68726561 
 1655      64735F6C 
 1655      69737400 
 1656              	.LASF10:
 1657 04ba 6C6F6E67 		.ascii	"long unsigned int\000"
 1657      20756E73 
 1657      69676E65 
 1657      6420696E 
 1657      7400
 1658              	.LASF100:
 1659 04cc 63686172 		.ascii	"char\000"
 1659      00
 1660              	.LASF27:
 1661 04d1 74687265 		.ascii	"thread_t\000"
 1661      61645F74 
 1661      00
 1662              	.LASF99:
 1663 04da 6D5F6E65 		.ascii	"m_next\000"
 1663      787400
 1664              	.LASF26:
 1665 04e1 73797374 		.ascii	"systime_t\000"
 1665      696D655F 
 1665      7400
ARM GAS  /tmp/ccg3r0XV.s 			page 34


 1666              	.LASF43:
 1667 04eb 705F7265 		.ascii	"p_realprio\000"
 1667      616C7072 
 1667      696F00
 1668              	.LASF59:
 1669 04f6 76746675 		.ascii	"vtfunc_t\000"
 1669      6E635F74 
 1669      00
 1670              	.LASF9:
 1671 04ff 5F5F7569 		.ascii	"__uint32_t\000"
 1671      6E743332 
 1671      5F7400
 1672              	.LASF72:
 1673 050a 70616E69 		.ascii	"panic_msg\000"
 1673      635F6D73 
 1673      6700
 1674              	.LASF84:
 1675 0514 6F666673 		.ascii	"offset\000"
 1675      657400
 1676              	.LASF82:
 1677 051b 636F6E74 		.ascii	"context\000"
 1677      65787400 
 1678              	.LASF18:
 1679 0523 7274636E 		.ascii	"rtcnt_t\000"
 1679      745F7400 
 1680              	.LASF66:
 1681 052b 76745F70 		.ascii	"vt_par\000"
 1681      617200
 1682              	.LASF49:
 1683 0532 74687265 		.ascii	"threads_queue_t\000"
 1683      6164735F 
 1683      71756575 
 1683      655F7400 
 1684              	.LASF96:
 1685 0542 63685F6D 		.ascii	"ch_mutex\000"
 1685      75746578 
 1685      00
 1686              	.LASF37:
 1687 054b 705F7265 		.ascii	"p_refs\000"
 1687      667300
 1688              	.LASF75:
 1689 0552 726C6973 		.ascii	"rlist\000"
 1689      7400
 1690              	.LASF14:
 1691 0558 75696E74 		.ascii	"uint8_t\000"
 1691      385F7400 
 1692              	.LASF88:
 1693 0560 77746F62 		.ascii	"wtobjp\000"
 1693      6A7000
 1694              	.LASF34:
 1695 0567 705F6E61 		.ascii	"p_name\000"
 1695      6D6500
 1696              	.LASF112:
 1697 056e 50434461 		.ascii	"PCData\000"
 1697      746100
 1698              	.LASF46:
 1699 0575 74687265 		.ascii	"threads_list_t\000"
ARM GAS  /tmp/ccg3r0XV.s 			page 35


 1699      6164735F 
 1699      6C697374 
 1699      5F7400
 1700              	.LASF40:
 1701 0584 705F6D73 		.ascii	"p_msg\000"
 1701      6700
 1702              	.LASF119:
 1703 058a 50414C43 		.ascii	"PALConfig\000"
 1703      6F6E6669 
 1703      6700
 1704              	.LASF98:
 1705 0594 6D5F6F77 		.ascii	"m_owner\000"
 1705      6E657200 
 1706              	.LASF123:
 1707 059c 70616C5F 		.ascii	"pal_default_config\000"
 1707      64656661 
 1707      756C745F 
 1707      636F6E66 
 1707      696700
 1708              	.LASF31:
 1709 05af 705F6374 		.ascii	"p_ctx\000"
 1709      7800
 1710              	.LASF65:
 1711 05b5 76745F66 		.ascii	"vt_func\000"
 1711      756E6300 
 1712              		.ident	"GCC: (4.8.4-1+11-1) 4.8.4 20141219 (release)"
ARM GAS  /tmp/ccg3r0XV.s 			page 36


DEFINED SYMBOLS
                            *ABS*:0000000000000000 board.c
     /tmp/ccg3r0XV.s:23     .rodata.pal_default_config:0000000000000000 pal_default_config
     /tmp/ccg3r0XV.s:20     .rodata.pal_default_config:0000000000000000 $d
     /tmp/ccg3r0XV.s:88     .text.__early_init:0000000000000000 $t
     /tmp/ccg3r0XV.s:94     .text.__early_init:0000000000000000 __early_init
     /tmp/ccg3r0XV.s:113    .text.boardInit:0000000000000000 $t
     /tmp/ccg3r0XV.s:119    .text.boardInit:0000000000000000 boardInit
                     .debug_frame:0000000000000010 $d

UNDEFINED SYMBOLS
stm32_clock_init
