ARM GAS  /tmp/ccgq0B0R.s 			page 1


   1              		.syntax unified
   2              		.cpu cortex-m4
   3              		.fpu softvfp
   4              		.eabi_attribute 20, 1
   5              		.eabi_attribute 21, 1
   6              		.eabi_attribute 23, 3
   7              		.eabi_attribute 24, 1
   8              		.eabi_attribute 25, 1
   9              		.eabi_attribute 26, 1
  10              		.eabi_attribute 30, 6
  11              		.eabi_attribute 34, 1
  12              		.eabi_attribute 18, 4
  13              		.thumb
  14              		.file	"chcore_v7m.c"
  15              		.text
  16              	.Ltext0:
  17              		.cfi_sections	.debug_frame
  18              		.section	.text.port_lock,"ax",%progbits
  19              		.align	2
  20              		.p2align 4,,15
  21              		.thumb
  22              		.thumb_func
  23              		.type	port_lock, %function
  24              	port_lock:
  25              	.LFB127:
  26              		.file 1 "/home/efe/ChibiOS/os/rt/ports/ARMCMx/chcore_v7m.h"
  27              		.loc 1 456 0
  28              		.cfi_startproc
  29              		@ args = 0, pretend = 0, frame = 8
  30              		@ frame_needed = 0, uses_anonymous_args = 0
  31              		@ link register save eliminated.
  32 0000 82B0     		sub	sp, sp, #8
  33              		.cfi_def_cfa_offset 8
  34 0002 2023     		movs	r3, #32
  35 0004 0193     		str	r3, [sp, #4]
  36              	.LBB15:
  37              	.LBB16:
  38              		.file 2 "/home/efe/ChibiOS/os/ext/CMSIS/include/core_cmFunc.h"
  39              		.loc 2 548 0
  40 0006 019B     		ldr	r3, [sp, #4]
  41              	@ 548 "/home/efe/ChibiOS/os/ext/CMSIS/include/core_cmFunc.h" 1
  42 0008 83F31188 		MSR basepri, r3
  43              	@ 0 "" 2
  44              		.thumb
  45              	.LBE16:
  46              	.LBE15:
  47              		.loc 1 463 0
  48 000c 02B0     		add	sp, sp, #8
  49              		@ sp needed
  50 000e 7047     		bx	lr
  51              		.cfi_endproc
  52              	.LFE127:
  53              		.size	port_lock, .-port_lock
  54              		.section	.text.port_unlock,"ax",%progbits
  55              		.align	2
  56              		.p2align 4,,15
  57              		.thumb
ARM GAS  /tmp/ccgq0B0R.s 			page 2


  58              		.thumb_func
  59              		.type	port_unlock, %function
  60              	port_unlock:
  61              	.LFB128:
  62              		.loc 1 470 0
  63              		.cfi_startproc
  64              		@ args = 0, pretend = 0, frame = 8
  65              		@ frame_needed = 0, uses_anonymous_args = 0
  66              		@ link register save eliminated.
  67 0000 82B0     		sub	sp, sp, #8
  68              		.cfi_def_cfa_offset 8
  69 0002 0023     		movs	r3, #0
  70 0004 0193     		str	r3, [sp, #4]
  71              	.LBB17:
  72              	.LBB18:
  73              		.loc 2 548 0
  74 0006 019B     		ldr	r3, [sp, #4]
  75              	@ 548 "/home/efe/ChibiOS/os/ext/CMSIS/include/core_cmFunc.h" 1
  76 0008 83F31188 		MSR basepri, r3
  77              	@ 0 "" 2
  78              		.thumb
  79              	.LBE18:
  80              	.LBE17:
  81              		.loc 1 477 0
  82 000c 02B0     		add	sp, sp, #8
  83              		@ sp needed
  84 000e 7047     		bx	lr
  85              		.cfi_endproc
  86              	.LFE128:
  87              		.size	port_unlock, .-port_unlock
  88              		.section	.text.port_lock_from_isr,"ax",%progbits
  89              		.align	2
  90              		.p2align 4,,15
  91              		.thumb
  92              		.thumb_func
  93              		.type	port_lock_from_isr, %function
  94              	port_lock_from_isr:
  95              	.LFB129:
  96              		.loc 1 485 0
  97              		.cfi_startproc
  98              		@ args = 0, pretend = 0, frame = 0
  99              		@ frame_needed = 0, uses_anonymous_args = 0
 100 0000 08B5     		push	{r3, lr}
 101              		.cfi_def_cfa_offset 8
 102              		.cfi_offset 3, -8
 103              		.cfi_offset 14, -4
 104              		.loc 1 487 0
 105 0002 FFF7FEFF 		bl	port_lock
 106              		.loc 1 488 0
 107 0006 08BD     		pop	{r3, pc}
 108              		.cfi_endproc
 109              	.LFE129:
 110              		.size	port_lock_from_isr, .-port_lock_from_isr
 111 0008 AFF30080 		.section	.text.port_unlock_from_isr,"ax",%progbits
 111      AFF30080 
 112              		.align	2
 113              		.p2align 4,,15
ARM GAS  /tmp/ccgq0B0R.s 			page 3


 114              		.thumb
 115              		.thumb_func
 116              		.type	port_unlock_from_isr, %function
 117              	port_unlock_from_isr:
 118              	.LFB130:
 119              		.loc 1 496 0
 120              		.cfi_startproc
 121              		@ args = 0, pretend = 0, frame = 0
 122              		@ frame_needed = 0, uses_anonymous_args = 0
 123 0000 08B5     		push	{r3, lr}
 124              		.cfi_def_cfa_offset 8
 125              		.cfi_offset 3, -8
 126              		.cfi_offset 14, -4
 127              		.loc 1 498 0
 128 0002 FFF7FEFF 		bl	port_unlock
 129              		.loc 1 499 0
 130 0006 08BD     		pop	{r3, pc}
 131              		.cfi_endproc
 132              	.LFE130:
 133              		.size	port_unlock_from_isr, .-port_unlock_from_isr
 134 0008 AFF30080 		.section	.text.SVC_Handler,"ax",%progbits
 134      AFF30080 
 135              		.align	2
 136              		.p2align 4,,15
 137              		.global	SVC_Handler
 138              		.thumb
 139              		.thumb_func
 140              		.type	SVC_Handler, %function
 141              	SVC_Handler:
 142              	.LFB240:
 143              		.file 3 "/home/efe/ChibiOS/os/rt/ports/ARMCMx/chcore_v7m.c"
 144              		.loc 3 62 0
 145              		.cfi_startproc
 146              		@ args = 0, pretend = 0, frame = 8
 147              		@ frame_needed = 0, uses_anonymous_args = 0
 148 0000 10B5     		push	{r4, lr}
 149              		.cfi_def_cfa_offset 8
 150              		.cfi_offset 4, -8
 151              		.cfi_offset 14, -4
 152 0002 82B0     		sub	sp, sp, #8
 153              		.cfi_def_cfa_offset 16
 154              	.LBB19:
 155              	.LBB20:
 156              		.loc 2 430 0
 157              	@ 430 "/home/efe/ChibiOS/os/ext/CMSIS/include/core_cmFunc.h" 1
 158 0004 EFF30983 		MRS r3, psp
 159              	
 160              	@ 0 "" 2
 161              		.thumb
 162 0008 1C46     		mov	r4, r3
 163              		.loc 2 431 0
 164 000a 2346     		mov	r3, r4
 165              	.LBE20:
 166              	.LBE19:
 167              		.loc 3 72 0
 168 000c 0193     		str	r3, [sp, #4]
 169              		.loc 3 76 0
ARM GAS  /tmp/ccgq0B0R.s 			page 4


 170 000e 019B     		ldr	r3, [sp, #4]
 171 0010 2033     		adds	r3, r3, #32
 172 0012 0193     		str	r3, [sp, #4]
 173              		.loc 3 79 0
 174 0014 019B     		ldr	r3, [sp, #4]
 175 0016 0093     		str	r3, [sp]
 176              	.LBB21:
 177              	.LBB22:
 178              		.loc 2 443 0
 179 0018 009B     		ldr	r3, [sp]
 180              	@ 443 "/home/efe/ChibiOS/os/ext/CMSIS/include/core_cmFunc.h" 1
 181 001a 83F30988 		MSR psp, r3
 182              	
 183              	@ 0 "" 2
 184              		.thumb
 185              	.LBE22:
 186              	.LBE21:
 187              		.loc 3 82 0
 188 001e FFF7FEFF 		bl	port_unlock_from_isr
 189              		.loc 3 83 0
 190 0022 02B0     		add	sp, sp, #8
 191              		@ sp needed
 192 0024 10BD     		pop	{r4, pc}
 193              		.cfi_endproc
 194              	.LFE240:
 195              		.size	SVC_Handler, .-SVC_Handler
 196              		.section	.text._port_irq_epilogue,"ax",%progbits
 197              		.align	2
 198              		.p2align 4,,15
 199              		.global	_port_irq_epilogue
 200              		.thumb
 201              		.thumb_func
 202              		.type	_port_irq_epilogue, %function
 203              	_port_irq_epilogue:
 204              	.LFB241:
 205              		.loc 3 122 0
 206              		.cfi_startproc
 207              		@ args = 0, pretend = 0, frame = 8
 208              		@ frame_needed = 0, uses_anonymous_args = 0
 209 0000 10B5     		push	{r4, lr}
 210              		.cfi_def_cfa_offset 8
 211              		.cfi_offset 4, -8
 212              		.cfi_offset 14, -4
 213 0002 82B0     		sub	sp, sp, #8
 214              		.cfi_def_cfa_offset 16
 215              		.loc 3 124 0
 216 0004 FFF7FEFF 		bl	port_lock_from_isr
 217              		.loc 3 125 0
 218 0008 134B     		ldr	r3, .L13
 219 000a 5B68     		ldr	r3, [r3, #4]
 220 000c 03F40063 		and	r3, r3, #2048
 221 0010 002B     		cmp	r3, #0
 222 0012 1DD0     		beq	.L8
 223              	.LBB23:
 224              	.LBB24:
 225              	.LBB25:
 226              		.loc 2 430 0
ARM GAS  /tmp/ccgq0B0R.s 			page 5


 227              	@ 430 "/home/efe/ChibiOS/os/ext/CMSIS/include/core_cmFunc.h" 1
 228 0014 EFF30983 		MRS r3, psp
 229              	
 230              	@ 0 "" 2
 231              		.thumb
 232 0018 1C46     		mov	r4, r3
 233              		.loc 2 431 0
 234 001a 2346     		mov	r3, r4
 235              	.LBE25:
 236              	.LBE24:
 237              		.loc 3 134 0
 238 001c 0193     		str	r3, [sp, #4]
 239              		.loc 3 138 0
 240 001e 019B     		ldr	r3, [sp, #4]
 241 0020 203B     		subs	r3, r3, #32
 242 0022 0193     		str	r3, [sp, #4]
 243              		.loc 3 141 0
 244 0024 019B     		ldr	r3, [sp, #4]
 245 0026 4FF08072 		mov	r2, #16777216
 246 002a DA61     		str	r2, [r3, #28]
 247              		.loc 3 147 0
 248 002c 019B     		ldr	r3, [sp, #4]
 249 002e 0093     		str	r3, [sp]
 250              	.LBB26:
 251              	.LBB27:
 252              		.loc 2 443 0
 253 0030 009B     		ldr	r3, [sp]
 254              	@ 443 "/home/efe/ChibiOS/os/ext/CMSIS/include/core_cmFunc.h" 1
 255 0032 83F30988 		MSR psp, r3
 256              	
 257              	@ 0 "" 2
 258              		.thumb
 259              	.LBE27:
 260              	.LBE26:
 261              		.loc 3 151 0
 262 0036 FFF7FEFF 		bl	chSchIsPreemptionRequired
 263 003a 0346     		mov	r3, r0
 264 003c 002B     		cmp	r3, #0
 265 003e 03D0     		beq	.L10
 266              		.loc 3 153 0
 267 0040 019B     		ldr	r3, [sp, #4]
 268 0042 064A     		ldr	r2, .L13+4
 269 0044 9A61     		str	r2, [r3, #24]
 270              		.loc 3 163 0
 271 0046 05E0     		b	.L7
 272              	.L10:
 273              		.loc 3 158 0
 274 0048 019B     		ldr	r3, [sp, #4]
 275 004a 054A     		ldr	r2, .L13+8
 276 004c 9A61     		str	r2, [r3, #24]
 277              		.loc 3 163 0
 278 004e 01E0     		b	.L7
 279              	.L8:
 280              	.LBE23:
 281              		.loc 3 165 0
 282 0050 FFF7FEFF 		bl	port_unlock_from_isr
 283              	.L7:
ARM GAS  /tmp/ccgq0B0R.s 			page 6


 284              		.loc 3 166 0
 285 0054 02B0     		add	sp, sp, #8
 286              		@ sp needed
 287 0056 10BD     		pop	{r4, pc}
 288              	.L14:
 289              		.align	2
 290              	.L13:
 291 0058 00ED00E0 		.word	-536810240
 292 005c 00000000 		.word	_port_switch_from_isr
 293 0060 00000000 		.word	_port_exit_from_isr
 294              		.cfi_endproc
 295              	.LFE241:
 296              		.size	_port_irq_epilogue, .-_port_irq_epilogue
 297 0064 AFF30080 		.text
 297      AFF30080 
 297      AFF30080 
 298              	.Letext0:
 299              		.file 4 "/usr/include/newlib/machine/_default_types.h"
 300              		.file 5 "/usr/include/newlib/stdint.h"
 301              		.file 6 "/home/efe/ChibiOS/os/rt/ports/ARMCMx/compilers/GCC/chtypes.h"
 302              		.file 7 "/home/efe/ChibiOS/os/rt/include/chsystypes.h"
 303              		.file 8 "/home/efe/ChibiOS/os/rt/include/chschd.h"
 304              		.file 9 "/home/efe/ChibiOS/os/ext/CMSIS/include/core_cm4.h"
 305              		.file 10 "/home/efe/ChibiOS/os/rt/ports/ARMCMx/chcore.h"
 306              		.file 11 "/home/efe/ChibiOS/os/rt/include/chtm.h"
 307              		.file 12 "/home/efe/ChibiOS/os/rt/include/chsem.h"
 308              		.file 13 "/home/efe/ChibiOS/os/rt/include/chmtx.h"
 309              		.section	.debug_info,"",%progbits
 310              	.Ldebug_info0:
 311 0000 CF090000 		.4byte	0x9cf
 312 0004 0400     		.2byte	0x4
 313 0006 00000000 		.4byte	.Ldebug_abbrev0
 314 000a 04       		.byte	0x4
 315 000b 01       		.uleb128 0x1
 316 000c 0F010000 		.4byte	.LASF132
 317 0010 01       		.byte	0x1
 318 0011 E8020000 		.4byte	.LASF133
 319 0015 00000000 		.4byte	.Ldebug_ranges0+0
 320 0019 00000000 		.4byte	0
 321 001d 00000000 		.4byte	.Ldebug_line0
 322 0021 02       		.uleb128 0x2
 323 0022 04       		.byte	0x4
 324 0023 05       		.byte	0x5
 325 0024 696E7400 		.ascii	"int\000"
 326 0028 03       		.uleb128 0x3
 327 0029 04       		.byte	0x4
 328 002a 07       		.byte	0x7
 329 002b 1E020000 		.4byte	.LASF0
 330 002f 03       		.uleb128 0x3
 331 0030 01       		.byte	0x1
 332 0031 06       		.byte	0x6
 333 0032 C4000000 		.4byte	.LASF1
 334 0036 04       		.uleb128 0x4
 335 0037 23000000 		.4byte	.LASF5
 336 003b 04       		.byte	0x4
 337 003c 1D       		.byte	0x1d
 338 003d 41000000 		.4byte	0x41
ARM GAS  /tmp/ccgq0B0R.s 			page 7


 339 0041 03       		.uleb128 0x3
 340 0042 01       		.byte	0x1
 341 0043 08       		.byte	0x8
 342 0044 FE030000 		.4byte	.LASF2
 343 0048 03       		.uleb128 0x3
 344 0049 02       		.byte	0x2
 345 004a 05       		.byte	0x5
 346 004b 29040000 		.4byte	.LASF3
 347 004f 03       		.uleb128 0x3
 348 0050 02       		.byte	0x2
 349 0051 07       		.byte	0x7
 350 0052 5D040000 		.4byte	.LASF4
 351 0056 04       		.uleb128 0x4
 352 0057 C4020000 		.4byte	.LASF6
 353 005b 04       		.byte	0x4
 354 005c 3F       		.byte	0x3f
 355 005d 61000000 		.4byte	0x61
 356 0061 03       		.uleb128 0x3
 357 0062 04       		.byte	0x4
 358 0063 05       		.byte	0x5
 359 0064 FD000000 		.4byte	.LASF7
 360 0068 04       		.uleb128 0x4
 361 0069 37050000 		.4byte	.LASF8
 362 006d 04       		.byte	0x4
 363 006e 41       		.byte	0x41
 364 006f 73000000 		.4byte	0x73
 365 0073 03       		.uleb128 0x3
 366 0074 04       		.byte	0x4
 367 0075 07       		.byte	0x7
 368 0076 DD040000 		.4byte	.LASF9
 369 007a 03       		.uleb128 0x3
 370 007b 08       		.byte	0x8
 371 007c 05       		.byte	0x5
 372 007d B6000000 		.4byte	.LASF10
 373 0081 04       		.uleb128 0x4
 374 0082 A5030000 		.4byte	.LASF11
 375 0086 04       		.byte	0x4
 376 0087 5B       		.byte	0x5b
 377 0088 8C000000 		.4byte	0x8c
 378 008c 03       		.uleb128 0x3
 379 008d 08       		.byte	0x8
 380 008e 07       		.byte	0x7
 381 008f 52000000 		.4byte	.LASF12
 382 0093 04       		.uleb128 0x4
 383 0094 CC050000 		.4byte	.LASF13
 384 0098 05       		.byte	0x5
 385 0099 2A       		.byte	0x2a
 386 009a 36000000 		.4byte	0x36
 387 009e 04       		.uleb128 0x4
 388 009f F6030000 		.4byte	.LASF14
 389 00a3 05       		.byte	0x5
 390 00a4 41       		.byte	0x41
 391 00a5 56000000 		.4byte	0x56
 392 00a9 04       		.uleb128 0x4
 393 00aa AC040000 		.4byte	.LASF15
 394 00ae 05       		.byte	0x5
 395 00af 42       		.byte	0x42
ARM GAS  /tmp/ccgq0B0R.s 			page 8


 396 00b0 68000000 		.4byte	0x68
 397 00b4 04       		.uleb128 0x4
 398 00b5 1A000000 		.4byte	.LASF16
 399 00b9 05       		.byte	0x5
 400 00ba 4E       		.byte	0x4e
 401 00bb 81000000 		.4byte	0x81
 402 00bf 05       		.uleb128 0x5
 403 00c0 9E000000 		.4byte	0x9e
 404 00c4 05       		.uleb128 0x5
 405 00c5 A9000000 		.4byte	0xa9
 406 00c9 04       		.uleb128 0x4
 407 00ca 75050000 		.4byte	.LASF17
 408 00ce 06       		.byte	0x6
 409 00cf 45       		.byte	0x45
 410 00d0 A9000000 		.4byte	0xa9
 411 00d4 04       		.uleb128 0x4
 412 00d5 93020000 		.4byte	.LASF18
 413 00d9 06       		.byte	0x6
 414 00da 48       		.byte	0x48
 415 00db 93000000 		.4byte	0x93
 416 00df 04       		.uleb128 0x4
 417 00e0 06010000 		.4byte	.LASF19
 418 00e4 06       		.byte	0x6
 419 00e5 49       		.byte	0x49
 420 00e6 93000000 		.4byte	0x93
 421 00ea 04       		.uleb128 0x4
 422 00eb B0030000 		.4byte	.LASF20
 423 00ef 06       		.byte	0x6
 424 00f0 4A       		.byte	0x4a
 425 00f1 93000000 		.4byte	0x93
 426 00f5 04       		.uleb128 0x4
 427 00f6 DE030000 		.4byte	.LASF21
 428 00fa 06       		.byte	0x6
 429 00fb 4C       		.byte	0x4c
 430 00fc A9000000 		.4byte	0xa9
 431 0100 04       		.uleb128 0x4
 432 0101 69020000 		.4byte	.LASF22
 433 0105 06       		.byte	0x6
 434 0106 4D       		.byte	0x4d
 435 0107 9E000000 		.4byte	0x9e
 436 010b 04       		.uleb128 0x4
 437 010c A9020000 		.4byte	.LASF23
 438 0110 06       		.byte	0x6
 439 0111 4F       		.byte	0x4f
 440 0112 A9000000 		.4byte	0xa9
 441 0116 04       		.uleb128 0x4
 442 0117 18020000 		.4byte	.LASF24
 443 011b 06       		.byte	0x6
 444 011c 51       		.byte	0x51
 445 011d 9E000000 		.4byte	0x9e
 446 0121 04       		.uleb128 0x4
 447 0122 19050000 		.4byte	.LASF25
 448 0126 07       		.byte	0x7
 449 0127 33       		.byte	0x33
 450 0128 A9000000 		.4byte	0xa9
 451 012c 04       		.uleb128 0x4
 452 012d 09050000 		.4byte	.LASF26
ARM GAS  /tmp/ccgq0B0R.s 			page 9


 453 0131 07       		.byte	0x7
 454 0132 3F       		.byte	0x3f
 455 0133 37010000 		.4byte	0x137
 456 0137 06       		.uleb128 0x6
 457 0138 5A020000 		.4byte	.LASF46
 458 013c 44       		.byte	0x44
 459 013d 08       		.byte	0x8
 460 013e C2       		.byte	0xc2
 461 013f 24020000 		.4byte	0x224
 462 0143 07       		.uleb128 0x7
 463 0144 4E040000 		.4byte	.LASF27
 464 0148 08       		.byte	0x8
 465 0149 C3       		.byte	0xc3
 466 014a 2F020000 		.4byte	0x22f
 467 014e 00       		.byte	0
 468 014f 07       		.uleb128 0x7
 469 0150 D7030000 		.4byte	.LASF28
 470 0154 08       		.byte	0x8
 471 0155 C5       		.byte	0xc5
 472 0156 2F020000 		.4byte	0x22f
 473 015a 04       		.byte	0x4
 474 015b 07       		.uleb128 0x7
 475 015c AA000000 		.4byte	.LASF29
 476 0160 08       		.byte	0x8
 477 0161 C7       		.byte	0xc7
 478 0162 F5000000 		.4byte	0xf5
 479 0166 08       		.byte	0x8
 480 0167 07       		.uleb128 0x7
 481 0168 02060000 		.4byte	.LASF30
 482 016c 08       		.byte	0x8
 483 016d C8       		.byte	0xc8
 484 016e EE050000 		.4byte	0x5ee
 485 0172 0C       		.byte	0xc
 486 0173 07       		.uleb128 0x7
 487 0174 BF010000 		.4byte	.LASF31
 488 0178 08       		.byte	0x8
 489 0179 CA       		.byte	0xca
 490 017a 2F020000 		.4byte	0x22f
 491 017e 10       		.byte	0x10
 492 017f 07       		.uleb128 0x7
 493 0180 68030000 		.4byte	.LASF32
 494 0184 08       		.byte	0x8
 495 0185 CB       		.byte	0xcb
 496 0186 2F020000 		.4byte	0x22f
 497 018a 14       		.byte	0x14
 498 018b 07       		.uleb128 0x7
 499 018c DB050000 		.4byte	.LASF33
 500 0190 08       		.byte	0x8
 501 0191 D2       		.byte	0xd2
 502 0192 D5070000 		.4byte	0x7d5
 503 0196 18       		.byte	0x18
 504 0197 07       		.uleb128 0x7
 505 0198 33040000 		.4byte	.LASF34
 506 019c 08       		.byte	0x8
 507 019d DD       		.byte	0xdd
 508 019e DF000000 		.4byte	0xdf
 509 01a2 1C       		.byte	0x1c
ARM GAS  /tmp/ccgq0B0R.s 			page 10


 510 01a3 07       		.uleb128 0x7
 511 01a4 55040000 		.4byte	.LASF35
 512 01a8 08       		.byte	0x8
 513 01a9 E1       		.byte	0xe1
 514 01aa D4000000 		.4byte	0xd4
 515 01ae 1D       		.byte	0x1d
 516 01af 07       		.uleb128 0x7
 517 01b0 BA050000 		.4byte	.LASF36
 518 01b4 08       		.byte	0x8
 519 01b5 E6       		.byte	0xe6
 520 01b6 EA000000 		.4byte	0xea
 521 01ba 1E       		.byte	0x1e
 522 01bb 08       		.uleb128 0x8
 523 01bc 705F7500 		.ascii	"p_u\000"
 524 01c0 08       		.byte	0x8
 525 01c1 3101     		.2byte	0x131
 526 01c3 10070000 		.4byte	0x710
 527 01c7 20       		.byte	0x20
 528 01c8 09       		.uleb128 0x9
 529 01c9 1A030000 		.4byte	.LASF37
 530 01cd 08       		.byte	0x8
 531 01ce 3601     		.2byte	0x136
 532 01d0 35020000 		.4byte	0x235
 533 01d4 24       		.byte	0x24
 534 01d5 09       		.uleb128 0x9
 535 01d6 44020000 		.4byte	.LASF38
 536 01da 08       		.byte	0x8
 537 01db 3C01     		.2byte	0x13c
 538 01dd 59020000 		.4byte	0x259
 539 01e1 28       		.byte	0x28
 540 01e2 09       		.uleb128 0x9
 541 01e3 E2050000 		.4byte	.LASF39
 542 01e7 08       		.byte	0x8
 543 01e8 4001     		.2byte	0x140
 544 01ea 00010000 		.4byte	0x100
 545 01ee 30       		.byte	0x30
 546 01ef 09       		.uleb128 0x9
 547 01f0 A1040000 		.4byte	.LASF40
 548 01f4 08       		.byte	0x8
 549 01f5 4601     		.2byte	0x146
 550 01f7 0B010000 		.4byte	0x10b
 551 01fb 34       		.byte	0x34
 552 01fc 09       		.uleb128 0x9
 553 01fd 1F040000 		.4byte	.LASF41
 554 0201 08       		.byte	0x8
 555 0202 4D01     		.2byte	0x14d
 556 0204 CF070000 		.4byte	0x7cf
 557 0208 38       		.byte	0x38
 558 0209 09       		.uleb128 0x9
 559 020a 23050000 		.4byte	.LASF42
 560 020e 08       		.byte	0x8
 561 020f 5101     		.2byte	0x151
 562 0211 F5000000 		.4byte	0xf5
 563 0215 3C       		.byte	0x3c
 564 0216 09       		.uleb128 0x9
 565 0217 D0000000 		.4byte	.LASF43
 566 021b 08       		.byte	0x8
ARM GAS  /tmp/ccgq0B0R.s 			page 11


 567 021c 5801     		.2byte	0x158
 568 021e 0C030000 		.4byte	0x30c
 569 0222 40       		.byte	0x40
 570 0223 00       		.byte	0
 571 0224 04       		.uleb128 0x4
 572 0225 2D030000 		.4byte	.LASF44
 573 0229 07       		.byte	0x7
 574 022a 44       		.byte	0x44
 575 022b 2F020000 		.4byte	0x22f
 576 022f 0A       		.uleb128 0xa
 577 0230 04       		.byte	0x4
 578 0231 2C010000 		.4byte	0x12c
 579 0235 04       		.uleb128 0x4
 580 0236 D9020000 		.4byte	.LASF45
 581 023a 07       		.byte	0x7
 582 023b 49       		.byte	0x49
 583 023c 40020000 		.4byte	0x240
 584 0240 06       		.uleb128 0x6
 585 0241 CD040000 		.4byte	.LASF47
 586 0245 04       		.byte	0x4
 587 0246 08       		.byte	0x8
 588 0247 B0       		.byte	0xb0
 589 0248 59020000 		.4byte	0x259
 590 024c 07       		.uleb128 0x7
 591 024d 4E040000 		.4byte	.LASF27
 592 0251 08       		.byte	0x8
 593 0252 B1       		.byte	0xb1
 594 0253 2F020000 		.4byte	0x22f
 595 0257 00       		.byte	0
 596 0258 00       		.byte	0
 597 0259 04       		.uleb128 0x4
 598 025a A1050000 		.4byte	.LASF48
 599 025e 07       		.byte	0x7
 600 025f 50       		.byte	0x50
 601 0260 64020000 		.4byte	0x264
 602 0264 06       		.uleb128 0x6
 603 0265 99000000 		.4byte	.LASF49
 604 0269 08       		.byte	0x8
 605 026a 08       		.byte	0x8
 606 026b B7       		.byte	0xb7
 607 026c 89020000 		.4byte	0x289
 608 0270 07       		.uleb128 0x7
 609 0271 4E040000 		.4byte	.LASF27
 610 0275 08       		.byte	0x8
 611 0276 B8       		.byte	0xb8
 612 0277 2F020000 		.4byte	0x22f
 613 027b 00       		.byte	0
 614 027c 07       		.uleb128 0x7
 615 027d D7030000 		.4byte	.LASF28
 616 0281 08       		.byte	0x8
 617 0282 B9       		.byte	0xb9
 618 0283 2F020000 		.4byte	0x22f
 619 0287 04       		.byte	0x4
 620 0288 00       		.byte	0
 621 0289 04       		.uleb128 0x4
 622 028a 00000000 		.4byte	.LASF50
 623 028e 07       		.byte	0x7
ARM GAS  /tmp/ccgq0B0R.s 			page 12


 624 028f 57       		.byte	0x57
 625 0290 94020000 		.4byte	0x294
 626 0294 0B       		.uleb128 0xb
 627 0295 9B020000 		.4byte	.LASF51
 628 0299 1C       		.byte	0x1c
 629 029a 08       		.byte	0x8
 630 029b 9001     		.2byte	0x190
 631 029d F0020000 		.4byte	0x2f0
 632 02a1 09       		.uleb128 0x9
 633 02a2 BC040000 		.4byte	.LASF52
 634 02a6 08       		.byte	0x8
 635 02a7 9101     		.2byte	0x191
 636 02a9 59020000 		.4byte	0x259
 637 02ad 00       		.byte	0
 638 02ae 09       		.uleb128 0x9
 639 02af 40040000 		.4byte	.LASF53
 640 02b3 08       		.byte	0x8
 641 02b4 9201     		.2byte	0x192
 642 02b6 F5000000 		.4byte	0xf5
 643 02ba 08       		.byte	0x8
 644 02bb 09       		.uleb128 0x9
 645 02bc 70030000 		.4byte	.LASF54
 646 02c0 08       		.byte	0x8
 647 02c1 9401     		.2byte	0x194
 648 02c3 EE050000 		.4byte	0x5ee
 649 02c7 0C       		.byte	0xc
 650 02c8 09       		.uleb128 0x9
 651 02c9 D9010000 		.4byte	.LASF55
 652 02cd 08       		.byte	0x8
 653 02ce 9701     		.2byte	0x197
 654 02d0 2F020000 		.4byte	0x22f
 655 02d4 10       		.byte	0x10
 656 02d5 09       		.uleb128 0x9
 657 02d6 9D030000 		.4byte	.LASF56
 658 02da 08       		.byte	0x8
 659 02db 9801     		.2byte	0x198
 660 02dd 2F020000 		.4byte	0x22f
 661 02e1 14       		.byte	0x14
 662 02e2 09       		.uleb128 0x9
 663 02e3 93030000 		.4byte	.LASF57
 664 02e7 08       		.byte	0x8
 665 02e8 9B01     		.2byte	0x19b
 666 02ea 2F020000 		.4byte	0x22f
 667 02ee 18       		.byte	0x18
 668 02ef 00       		.byte	0
 669 02f0 04       		.uleb128 0x4
 670 02f1 2E050000 		.4byte	.LASF58
 671 02f5 07       		.byte	0x7
 672 02f6 5C       		.byte	0x5c
 673 02f7 FB020000 		.4byte	0x2fb
 674 02fb 0A       		.uleb128 0xa
 675 02fc 04       		.byte	0x4
 676 02fd 01030000 		.4byte	0x301
 677 0301 0C       		.uleb128 0xc
 678 0302 0C030000 		.4byte	0x30c
 679 0306 0D       		.uleb128 0xd
 680 0307 0C030000 		.4byte	0x30c
ARM GAS  /tmp/ccgq0B0R.s 			page 13


 681 030b 00       		.byte	0
 682 030c 0E       		.uleb128 0xe
 683 030d 04       		.byte	0x4
 684 030e 04       		.uleb128 0x4
 685 030f C7030000 		.4byte	.LASF59
 686 0313 07       		.byte	0x7
 687 0314 61       		.byte	0x61
 688 0315 19030000 		.4byte	0x319
 689 0319 0B       		.uleb128 0xb
 690 031a 83040000 		.4byte	.LASF60
 691 031e 14       		.byte	0x14
 692 031f 08       		.byte	0x8
 693 0320 6B01     		.2byte	0x16b
 694 0322 68030000 		.4byte	0x368
 695 0326 09       		.uleb128 0x9
 696 0327 35020000 		.4byte	.LASF61
 697 032b 08       		.byte	0x8
 698 032c 6C01     		.2byte	0x16c
 699 032e E7070000 		.4byte	0x7e7
 700 0332 00       		.byte	0
 701 0333 09       		.uleb128 0x9
 702 0334 EA010000 		.4byte	.LASF62
 703 0338 08       		.byte	0x8
 704 0339 6D01     		.2byte	0x16d
 705 033b E7070000 		.4byte	0x7e7
 706 033f 04       		.byte	0x4
 707 0340 09       		.uleb128 0x9
 708 0341 C4040000 		.4byte	.LASF63
 709 0345 08       		.byte	0x8
 710 0346 6E01     		.2byte	0x16e
 711 0348 21010000 		.4byte	0x121
 712 034c 08       		.byte	0x8
 713 034d 09       		.uleb128 0x9
 714 034e 08060000 		.4byte	.LASF64
 715 0352 08       		.byte	0x8
 716 0353 6F01     		.2byte	0x16f
 717 0355 F0020000 		.4byte	0x2f0
 718 0359 0C       		.byte	0xc
 719 035a 09       		.uleb128 0x9
 720 035b 9A050000 		.4byte	.LASF65
 721 035f 08       		.byte	0x8
 722 0360 7101     		.2byte	0x171
 723 0362 0C030000 		.4byte	0x30c
 724 0366 10       		.byte	0x10
 725 0367 00       		.byte	0
 726 0368 04       		.uleb128 0x4
 727 0369 7D000000 		.4byte	.LASF66
 728 036d 07       		.byte	0x7
 729 036e 66       		.byte	0x66
 730 036f 73030000 		.4byte	0x373
 731 0373 0B       		.uleb128 0xb
 732 0374 40030000 		.4byte	.LASF67
 733 0378 10       		.byte	0x10
 734 0379 08       		.byte	0x8
 735 037a 7B01     		.2byte	0x17b
 736 037c B5030000 		.4byte	0x3b5
 737 0380 09       		.uleb128 0x9
ARM GAS  /tmp/ccgq0B0R.s 			page 14


 738 0381 35020000 		.4byte	.LASF61
 739 0385 08       		.byte	0x8
 740 0386 7C01     		.2byte	0x17c
 741 0388 E7070000 		.4byte	0x7e7
 742 038c 00       		.byte	0
 743 038d 09       		.uleb128 0x9
 744 038e EA010000 		.4byte	.LASF62
 745 0392 08       		.byte	0x8
 746 0393 7E01     		.2byte	0x17e
 747 0395 E7070000 		.4byte	0x7e7
 748 0399 04       		.byte	0x4
 749 039a 09       		.uleb128 0x9
 750 039b C4040000 		.4byte	.LASF63
 751 039f 08       		.byte	0x8
 752 03a0 8001     		.2byte	0x180
 753 03a2 21010000 		.4byte	0x121
 754 03a6 08       		.byte	0x8
 755 03a7 09       		.uleb128 0x9
 756 03a8 5C030000 		.4byte	.LASF68
 757 03ac 08       		.byte	0x8
 758 03ad 8801     		.2byte	0x188
 759 03af 21010000 		.4byte	0x121
 760 03b3 0C       		.byte	0xc
 761 03b4 00       		.byte	0
 762 03b5 04       		.uleb128 0x4
 763 03b6 39000000 		.4byte	.LASF69
 764 03ba 07       		.byte	0x7
 765 03bb 6B       		.byte	0x6b
 766 03bc C0030000 		.4byte	0x3c0
 767 03c0 0B       		.uleb128 0xb
 768 03c1 E6030000 		.4byte	.LASF70
 769 03c5 04       		.byte	0x4
 770 03c6 08       		.byte	0x8
 771 03c7 A201     		.2byte	0x1a2
 772 03c9 DB030000 		.4byte	0x3db
 773 03cd 09       		.uleb128 0x9
 774 03ce 50050000 		.4byte	.LASF71
 775 03d2 08       		.byte	0x8
 776 03d3 AA01     		.2byte	0x1aa
 777 03d5 ED070000 		.4byte	0x7ed
 778 03d9 00       		.byte	0
 779 03da 00       		.byte	0
 780 03db 04       		.uleb128 0x4
 781 03dc 69050000 		.4byte	.LASF72
 782 03e0 07       		.byte	0x7
 783 03e1 70       		.byte	0x70
 784 03e2 E6030000 		.4byte	0x3e6
 785 03e6 0F       		.uleb128 0xf
 786 03e7 F3000000 		.4byte	.LASF73
 787 03eb 5001     		.2byte	0x150
 788 03ed 08       		.byte	0x8
 789 03ee C201     		.2byte	0x1c2
 790 03f0 42040000 		.4byte	0x442
 791 03f4 09       		.uleb128 0x9
 792 03f5 C6050000 		.4byte	.LASF74
 793 03f9 08       		.byte	0x8
 794 03fa C601     		.2byte	0x1c6
ARM GAS  /tmp/ccgq0B0R.s 			page 15


 795 03fc 89020000 		.4byte	0x289
 796 0400 00       		.byte	0
 797 0401 09       		.uleb128 0x9
 798 0402 E0000000 		.4byte	.LASF75
 799 0406 08       		.byte	0x8
 800 0407 CA01     		.2byte	0x1ca
 801 0409 68030000 		.4byte	0x368
 802 040d 1C       		.byte	0x1c
 803 040e 08       		.uleb128 0x8
 804 040f 64626700 		.ascii	"dbg\000"
 805 0413 08       		.byte	0x8
 806 0414 CE01     		.2byte	0x1ce
 807 0416 B5030000 		.4byte	0x3b5
 808 041a 2C       		.byte	0x2c
 809 041b 09       		.uleb128 0x9
 810 041c 72000000 		.4byte	.LASF76
 811 0420 08       		.byte	0x8
 812 0421 D201     		.2byte	0x1d2
 813 0423 2C010000 		.4byte	0x12c
 814 0427 30       		.byte	0x30
 815 0428 08       		.uleb128 0x8
 816 0429 746D00   		.ascii	"tm\000"
 817 042c 08       		.byte	0x8
 818 042d D701     		.2byte	0x1d7
 819 042f 05070000 		.4byte	0x705
 820 0433 74       		.byte	0x74
 821 0434 09       		.uleb128 0x9
 822 0435 09020000 		.4byte	.LASF77
 823 0439 08       		.byte	0x8
 824 043a E301     		.2byte	0x1e3
 825 043c F2070000 		.4byte	0x7f2
 826 0440 78       		.byte	0x78
 827 0441 00       		.byte	0
 828 0442 03       		.uleb128 0x3
 829 0443 04       		.byte	0x4
 830 0444 07       		.byte	0x7
 831 0445 24030000 		.4byte	.LASF78
 832 0449 10       		.uleb128 0x10
 833 044a 8C       		.byte	0x8c
 834 044b 09       		.byte	0x9
 835 044c C001     		.2byte	0x1c0
 836 044e 64050000 		.4byte	0x564
 837 0452 09       		.uleb128 0x9
 838 0453 93000000 		.4byte	.LASF79
 839 0457 09       		.byte	0x9
 840 0458 C201     		.2byte	0x1c2
 841 045a 64050000 		.4byte	0x564
 842 045e 00       		.byte	0
 843 045f 09       		.uleb128 0x9
 844 0460 64020000 		.4byte	.LASF80
 845 0464 09       		.byte	0x9
 846 0465 C301     		.2byte	0x1c3
 847 0467 C4000000 		.4byte	0xc4
 848 046b 04       		.byte	0x4
 849 046c 09       		.uleb128 0x9
 850 046d 4F020000 		.4byte	.LASF81
 851 0471 09       		.byte	0x9
ARM GAS  /tmp/ccgq0B0R.s 			page 16


 852 0472 C401     		.2byte	0x1c4
 853 0474 C4000000 		.4byte	0xc4
 854 0478 08       		.byte	0x8
 855 0479 09       		.uleb128 0x9
 856 047a 6F020000 		.4byte	.LASF82
 857 047e 09       		.byte	0x9
 858 047f C501     		.2byte	0x1c5
 859 0481 C4000000 		.4byte	0xc4
 860 0485 0C       		.byte	0xc
 861 0486 08       		.uleb128 0x8
 862 0487 53435200 		.ascii	"SCR\000"
 863 048b 09       		.byte	0x9
 864 048c C601     		.2byte	0x1c6
 865 048e C4000000 		.4byte	0xc4
 866 0492 10       		.byte	0x10
 867 0493 08       		.uleb128 0x8
 868 0494 43435200 		.ascii	"CCR\000"
 869 0498 09       		.byte	0x9
 870 0499 C701     		.2byte	0x1c7
 871 049b C4000000 		.4byte	0xc4
 872 049f 14       		.byte	0x14
 873 04a0 08       		.uleb128 0x8
 874 04a1 53485000 		.ascii	"SHP\000"
 875 04a5 09       		.byte	0x9
 876 04a6 C801     		.2byte	0x1c8
 877 04a8 79050000 		.4byte	0x579
 878 04ac 18       		.byte	0x18
 879 04ad 09       		.uleb128 0x9
 880 04ae 0C040000 		.4byte	.LASF83
 881 04b2 09       		.byte	0x9
 882 04b3 C901     		.2byte	0x1c9
 883 04b5 C4000000 		.4byte	0xc4
 884 04b9 24       		.byte	0x24
 885 04ba 09       		.uleb128 0x9
 886 04bb 57030000 		.4byte	.LASF84
 887 04bf 09       		.byte	0x9
 888 04c0 CA01     		.2byte	0x1ca
 889 04c2 C4000000 		.4byte	0xc4
 890 04c6 28       		.byte	0x28
 891 04c7 09       		.uleb128 0x9
 892 04c8 EE050000 		.4byte	.LASF85
 893 04cc 09       		.byte	0x9
 894 04cd CB01     		.2byte	0x1cb
 895 04cf C4000000 		.4byte	0xc4
 896 04d3 2C       		.byte	0x2c
 897 04d4 09       		.uleb128 0x9
 898 04d5 75020000 		.4byte	.LASF86
 899 04d9 09       		.byte	0x9
 900 04da CC01     		.2byte	0x1cc
 901 04dc C4000000 		.4byte	0xc4
 902 04e0 30       		.byte	0x30
 903 04e1 09       		.uleb128 0x9
 904 04e2 7A020000 		.4byte	.LASF87
 905 04e6 09       		.byte	0x9
 906 04e7 CD01     		.2byte	0x1cd
 907 04e9 C4000000 		.4byte	0xc4
 908 04ed 34       		.byte	0x34
ARM GAS  /tmp/ccgq0B0R.s 			page 17


 909 04ee 09       		.uleb128 0x9
 910 04ef CF010000 		.4byte	.LASF88
 911 04f3 09       		.byte	0x9
 912 04f4 CE01     		.2byte	0x1ce
 913 04f6 C4000000 		.4byte	0xc4
 914 04fa 38       		.byte	0x38
 915 04fb 09       		.uleb128 0x9
 916 04fc D4010000 		.4byte	.LASF89
 917 0500 09       		.byte	0x9
 918 0501 CF01     		.2byte	0x1cf
 919 0503 C4000000 		.4byte	0xc4
 920 0507 3C       		.byte	0x3c
 921 0508 08       		.uleb128 0x8
 922 0509 50465200 		.ascii	"PFR\000"
 923 050d 09       		.byte	0x9
 924 050e D001     		.2byte	0x1d0
 925 0510 8E050000 		.4byte	0x58e
 926 0514 40       		.byte	0x40
 927 0515 08       		.uleb128 0x8
 928 0516 44465200 		.ascii	"DFR\000"
 929 051a 09       		.byte	0x9
 930 051b D101     		.2byte	0x1d1
 931 051d 64050000 		.4byte	0x564
 932 0521 48       		.byte	0x48
 933 0522 08       		.uleb128 0x8
 934 0523 41445200 		.ascii	"ADR\000"
 935 0527 09       		.byte	0x9
 936 0528 D201     		.2byte	0x1d2
 937 052a 64050000 		.4byte	0x564
 938 052e 4C       		.byte	0x4c
 939 052f 09       		.uleb128 0x9
 940 0530 C1050000 		.4byte	.LASF90
 941 0534 09       		.byte	0x9
 942 0535 D301     		.2byte	0x1d3
 943 0537 A8050000 		.4byte	0x5a8
 944 053b 50       		.byte	0x50
 945 053c 09       		.uleb128 0x9
 946 053d B1000000 		.4byte	.LASF91
 947 0541 09       		.byte	0x9
 948 0542 D401     		.2byte	0x1d4
 949 0544 C2050000 		.4byte	0x5c2
 950 0548 60       		.byte	0x60
 951 0549 09       		.uleb128 0x9
 952 054a B8030000 		.4byte	.LASF92
 953 054e 09       		.byte	0x9
 954 054f D501     		.2byte	0x1d5
 955 0551 B2050000 		.4byte	0x5b2
 956 0555 74       		.byte	0x74
 957 0556 09       		.uleb128 0x9
 958 0557 E8050000 		.4byte	.LASF93
 959 055b 09       		.byte	0x9
 960 055c D601     		.2byte	0x1d6
 961 055e C4000000 		.4byte	0xc4
 962 0562 88       		.byte	0x88
 963 0563 00       		.byte	0
 964 0564 11       		.uleb128 0x11
 965 0565 C4000000 		.4byte	0xc4
ARM GAS  /tmp/ccgq0B0R.s 			page 18


 966 0569 12       		.uleb128 0x12
 967 056a 93000000 		.4byte	0x93
 968 056e 79050000 		.4byte	0x579
 969 0572 13       		.uleb128 0x13
 970 0573 42040000 		.4byte	0x442
 971 0577 0B       		.byte	0xb
 972 0578 00       		.byte	0
 973 0579 05       		.uleb128 0x5
 974 057a 69050000 		.4byte	0x569
 975 057e 12       		.uleb128 0x12
 976 057f A9000000 		.4byte	0xa9
 977 0583 8E050000 		.4byte	0x58e
 978 0587 13       		.uleb128 0x13
 979 0588 42040000 		.4byte	0x442
 980 058c 01       		.byte	0x1
 981 058d 00       		.byte	0
 982 058e 11       		.uleb128 0x11
 983 058f 93050000 		.4byte	0x593
 984 0593 05       		.uleb128 0x5
 985 0594 7E050000 		.4byte	0x57e
 986 0598 12       		.uleb128 0x12
 987 0599 A9000000 		.4byte	0xa9
 988 059d A8050000 		.4byte	0x5a8
 989 05a1 13       		.uleb128 0x13
 990 05a2 42040000 		.4byte	0x442
 991 05a6 03       		.byte	0x3
 992 05a7 00       		.byte	0
 993 05a8 11       		.uleb128 0x11
 994 05a9 AD050000 		.4byte	0x5ad
 995 05ad 05       		.uleb128 0x5
 996 05ae 98050000 		.4byte	0x598
 997 05b2 12       		.uleb128 0x12
 998 05b3 A9000000 		.4byte	0xa9
 999 05b7 C2050000 		.4byte	0x5c2
 1000 05bb 13       		.uleb128 0x13
 1001 05bc 42040000 		.4byte	0x442
 1002 05c0 04       		.byte	0x4
 1003 05c1 00       		.byte	0
 1004 05c2 11       		.uleb128 0x11
 1005 05c3 C7050000 		.4byte	0x5c7
 1006 05c7 05       		.uleb128 0x5
 1007 05c8 B2050000 		.4byte	0x5b2
 1008 05cc 14       		.uleb128 0x14
 1009 05cd F2010000 		.4byte	.LASF94
 1010 05d1 09       		.byte	0x9
 1011 05d2 D701     		.2byte	0x1d7
 1012 05d4 49040000 		.4byte	0x449
 1013 05d8 04       		.uleb128 0x4
 1014 05d9 E1010000 		.4byte	.LASF95
 1015 05dd 0A       		.byte	0xa
 1016 05de 65       		.byte	0x65
 1017 05df 0C030000 		.4byte	0x30c
 1018 05e3 04       		.uleb128 0x4
 1019 05e4 CE020000 		.4byte	.LASF96
 1020 05e8 0A       		.byte	0xa
 1021 05e9 6D       		.byte	0x6d
 1022 05ea B4000000 		.4byte	0xb4
ARM GAS  /tmp/ccgq0B0R.s 			page 19


 1023 05ee 06       		.uleb128 0x6
 1024 05ef 61050000 		.4byte	.LASF97
 1025 05f3 04       		.byte	0x4
 1026 05f4 0A       		.byte	0xa
 1027 05f5 89       		.byte	0x89
 1028 05f6 07060000 		.4byte	0x607
 1029 05fa 15       		.uleb128 0x15
 1030 05fb 72313300 		.ascii	"r13\000"
 1031 05ff 0A       		.byte	0xa
 1032 0600 8A       		.byte	0x8a
 1033 0601 82060000 		.4byte	0x682
 1034 0605 00       		.byte	0
 1035 0606 00       		.byte	0
 1036 0607 06       		.uleb128 0x6
 1037 0608 2D000000 		.4byte	.LASF98
 1038 060c 24       		.byte	0x24
 1039 060d 01       		.byte	0x1
 1040 060e FD       		.byte	0xfd
 1041 060f 82060000 		.4byte	0x682
 1042 0613 08       		.uleb128 0x8
 1043 0614 723400   		.ascii	"r4\000"
 1044 0617 01       		.byte	0x1
 1045 0618 1001     		.2byte	0x110
 1046 061a D8050000 		.4byte	0x5d8
 1047 061e 00       		.byte	0
 1048 061f 08       		.uleb128 0x8
 1049 0620 723500   		.ascii	"r5\000"
 1050 0623 01       		.byte	0x1
 1051 0624 1101     		.2byte	0x111
 1052 0626 D8050000 		.4byte	0x5d8
 1053 062a 04       		.byte	0x4
 1054 062b 08       		.uleb128 0x8
 1055 062c 723600   		.ascii	"r6\000"
 1056 062f 01       		.byte	0x1
 1057 0630 1201     		.2byte	0x112
 1058 0632 D8050000 		.4byte	0x5d8
 1059 0636 08       		.byte	0x8
 1060 0637 08       		.uleb128 0x8
 1061 0638 723700   		.ascii	"r7\000"
 1062 063b 01       		.byte	0x1
 1063 063c 1301     		.2byte	0x113
 1064 063e D8050000 		.4byte	0x5d8
 1065 0642 0C       		.byte	0xc
 1066 0643 08       		.uleb128 0x8
 1067 0644 723800   		.ascii	"r8\000"
 1068 0647 01       		.byte	0x1
 1069 0648 1401     		.2byte	0x114
 1070 064a D8050000 		.4byte	0x5d8
 1071 064e 10       		.byte	0x10
 1072 064f 08       		.uleb128 0x8
 1073 0650 723900   		.ascii	"r9\000"
 1074 0653 01       		.byte	0x1
 1075 0654 1501     		.2byte	0x115
 1076 0656 D8050000 		.4byte	0x5d8
 1077 065a 14       		.byte	0x14
 1078 065b 08       		.uleb128 0x8
 1079 065c 72313000 		.ascii	"r10\000"
ARM GAS  /tmp/ccgq0B0R.s 			page 20


 1080 0660 01       		.byte	0x1
 1081 0661 1601     		.2byte	0x116
 1082 0663 D8050000 		.4byte	0x5d8
 1083 0667 18       		.byte	0x18
 1084 0668 08       		.uleb128 0x8
 1085 0669 72313100 		.ascii	"r11\000"
 1086 066d 01       		.byte	0x1
 1087 066e 1701     		.2byte	0x117
 1088 0670 D8050000 		.4byte	0x5d8
 1089 0674 1C       		.byte	0x1c
 1090 0675 08       		.uleb128 0x8
 1091 0676 6C7200   		.ascii	"lr\000"
 1092 0679 01       		.byte	0x1
 1093 067a 1801     		.2byte	0x118
 1094 067c D8050000 		.4byte	0x5d8
 1095 0680 20       		.byte	0x20
 1096 0681 00       		.byte	0
 1097 0682 0A       		.uleb128 0xa
 1098 0683 04       		.byte	0x4
 1099 0684 07060000 		.4byte	0x607
 1100 0688 06       		.uleb128 0x6
 1101 0689 76030000 		.4byte	.LASF99
 1102 068d 20       		.byte	0x20
 1103 068e 01       		.byte	0x1
 1104 068f DE       		.byte	0xde
 1105 0690 F0060000 		.4byte	0x6f0
 1106 0694 15       		.uleb128 0x15
 1107 0695 723000   		.ascii	"r0\000"
 1108 0698 01       		.byte	0x1
 1109 0699 DF       		.byte	0xdf
 1110 069a D8050000 		.4byte	0x5d8
 1111 069e 00       		.byte	0
 1112 069f 15       		.uleb128 0x15
 1113 06a0 723100   		.ascii	"r1\000"
 1114 06a3 01       		.byte	0x1
 1115 06a4 E0       		.byte	0xe0
 1116 06a5 D8050000 		.4byte	0x5d8
 1117 06a9 04       		.byte	0x4
 1118 06aa 15       		.uleb128 0x15
 1119 06ab 723200   		.ascii	"r2\000"
 1120 06ae 01       		.byte	0x1
 1121 06af E1       		.byte	0xe1
 1122 06b0 D8050000 		.4byte	0x5d8
 1123 06b4 08       		.byte	0x8
 1124 06b5 15       		.uleb128 0x15
 1125 06b6 723300   		.ascii	"r3\000"
 1126 06b9 01       		.byte	0x1
 1127 06ba E2       		.byte	0xe2
 1128 06bb D8050000 		.4byte	0x5d8
 1129 06bf 0C       		.byte	0xc
 1130 06c0 15       		.uleb128 0x15
 1131 06c1 72313200 		.ascii	"r12\000"
 1132 06c5 01       		.byte	0x1
 1133 06c6 E3       		.byte	0xe3
 1134 06c7 D8050000 		.4byte	0x5d8
 1135 06cb 10       		.byte	0x10
 1136 06cc 07       		.uleb128 0x7
ARM GAS  /tmp/ccgq0B0R.s 			page 21


 1137 06cd 70040000 		.4byte	.LASF100
 1138 06d1 01       		.byte	0x1
 1139 06d2 E4       		.byte	0xe4
 1140 06d3 D8050000 		.4byte	0x5d8
 1141 06d7 14       		.byte	0x14
 1142 06d8 15       		.uleb128 0x15
 1143 06d9 706300   		.ascii	"pc\000"
 1144 06dc 01       		.byte	0x1
 1145 06dd E5       		.byte	0xe5
 1146 06de D8050000 		.4byte	0x5d8
 1147 06e2 18       		.byte	0x18
 1148 06e3 07       		.uleb128 0x7
 1149 06e4 3B040000 		.4byte	.LASF101
 1150 06e8 01       		.byte	0x1
 1151 06e9 E6       		.byte	0xe6
 1152 06ea D8050000 		.4byte	0x5d8
 1153 06ee 1C       		.byte	0x1c
 1154 06ef 00       		.byte	0
 1155 06f0 16       		.uleb128 0x16
 1156 06f1 04       		.byte	0x4
 1157 06f2 0B       		.byte	0xb
 1158 06f3 38       		.byte	0x38
 1159 06f4 05070000 		.4byte	0x705
 1160 06f8 07       		.uleb128 0x7
 1161 06f9 5A050000 		.4byte	.LASF102
 1162 06fd 0B       		.byte	0xb
 1163 06fe 3C       		.byte	0x3c
 1164 06ff C9000000 		.4byte	0xc9
 1165 0703 00       		.byte	0
 1166 0704 00       		.byte	0
 1167 0705 04       		.uleb128 0x4
 1168 0706 82030000 		.4byte	.LASF103
 1169 070a 0B       		.byte	0xb
 1170 070b 3D       		.byte	0x3d
 1171 070c F0060000 		.4byte	0x6f0
 1172 0710 17       		.uleb128 0x17
 1173 0711 04       		.byte	0x4
 1174 0712 08       		.byte	0x8
 1175 0713 FA       		.byte	0xfa
 1176 0714 6D070000 		.4byte	0x76d
 1177 0718 18       		.uleb128 0x18
 1178 0719 13000000 		.4byte	.LASF104
 1179 071d 08       		.byte	0x8
 1180 071e 0101     		.2byte	0x101
 1181 0720 00010000 		.4byte	0x100
 1182 0724 18       		.uleb128 0x18
 1183 0725 69000000 		.4byte	.LASF105
 1184 0729 08       		.byte	0x8
 1185 072a 0801     		.2byte	0x108
 1186 072c 00010000 		.4byte	0x100
 1187 0730 18       		.uleb128 0x18
 1188 0731 D4050000 		.4byte	.LASF106
 1189 0735 08       		.byte	0x8
 1190 0736 0F01     		.2byte	0x10f
 1191 0738 0C030000 		.4byte	0x30c
 1192 073c 18       		.uleb128 0x18
 1193 073d 0D000000 		.4byte	.LASF107
ARM GAS  /tmp/ccgq0B0R.s 			page 22


 1194 0741 08       		.byte	0x8
 1195 0742 1601     		.2byte	0x116
 1196 0744 6D070000 		.4byte	0x76d
 1197 0748 18       		.uleb128 0x18
 1198 0749 3D020000 		.4byte	.LASF108
 1199 074d 08       		.byte	0x8
 1200 074e 1E01     		.2byte	0x11e
 1201 0750 98070000 		.4byte	0x798
 1202 0754 18       		.uleb128 0x18
 1203 0755 B5040000 		.4byte	.LASF109
 1204 0759 08       		.byte	0x8
 1205 075a 2701     		.2byte	0x127
 1206 075c CF070000 		.4byte	0x7cf
 1207 0760 18       		.uleb128 0x18
 1208 0761 47040000 		.4byte	.LASF110
 1209 0765 08       		.byte	0x8
 1210 0766 2F01     		.2byte	0x12f
 1211 0768 0B010000 		.4byte	0x10b
 1212 076c 00       		.byte	0
 1213 076d 0A       		.uleb128 0xa
 1214 076e 04       		.byte	0x4
 1215 076f 24020000 		.4byte	0x224
 1216 0773 06       		.uleb128 0x6
 1217 0774 94040000 		.4byte	.LASF111
 1218 0778 0C       		.byte	0xc
 1219 0779 0C       		.byte	0xc
 1220 077a 34       		.byte	0x34
 1221 077b 98070000 		.4byte	0x798
 1222 077f 07       		.uleb128 0x7
 1223 0780 C7010000 		.4byte	.LASF112
 1224 0784 0C       		.byte	0xc
 1225 0785 35       		.byte	0x35
 1226 0786 59020000 		.4byte	0x259
 1227 078a 00       		.byte	0
 1228 078b 07       		.uleb128 0x7
 1229 078c 54020000 		.4byte	.LASF113
 1230 0790 0C       		.byte	0xc
 1231 0791 37       		.byte	0x37
 1232 0792 16010000 		.4byte	0x116
 1233 0796 08       		.byte	0x8
 1234 0797 00       		.byte	0
 1235 0798 0A       		.uleb128 0xa
 1236 0799 04       		.byte	0x4
 1237 079a 73070000 		.4byte	0x773
 1238 079e 06       		.uleb128 0x6
 1239 079f B1050000 		.4byte	.LASF114
 1240 07a3 10       		.byte	0x10
 1241 07a4 0D       		.byte	0xd
 1242 07a5 39       		.byte	0x39
 1243 07a6 CF070000 		.4byte	0x7cf
 1244 07aa 07       		.uleb128 0x7
 1245 07ab D8000000 		.4byte	.LASF115
 1246 07af 0D       		.byte	0xd
 1247 07b0 3A       		.byte	0x3a
 1248 07b1 59020000 		.4byte	0x259
 1249 07b5 00       		.byte	0
 1250 07b6 07       		.uleb128 0x7
ARM GAS  /tmp/ccgq0B0R.s 			page 23


 1251 07b7 F3050000 		.4byte	.LASF116
 1252 07bb 0D       		.byte	0xd
 1253 07bc 3C       		.byte	0x3c
 1254 07bd 2F020000 		.4byte	0x22f
 1255 07c1 08       		.byte	0x8
 1256 07c2 07       		.uleb128 0x7
 1257 07c3 12050000 		.4byte	.LASF117
 1258 07c7 0D       		.byte	0xd
 1259 07c8 3E       		.byte	0x3e
 1260 07c9 0D080000 		.4byte	0x80d
 1261 07cd 0C       		.byte	0xc
 1262 07ce 00       		.byte	0
 1263 07cf 0A       		.uleb128 0xa
 1264 07d0 04       		.byte	0x4
 1265 07d1 9E070000 		.4byte	0x79e
 1266 07d5 0A       		.uleb128 0xa
 1267 07d6 04       		.byte	0x4
 1268 07d7 DB070000 		.4byte	0x7db
 1269 07db 11       		.uleb128 0x11
 1270 07dc E0070000 		.4byte	0x7e0
 1271 07e0 03       		.uleb128 0x3
 1272 07e1 01       		.byte	0x1
 1273 07e2 08       		.byte	0x8
 1274 07e3 EF040000 		.4byte	.LASF118
 1275 07e7 0A       		.uleb128 0xa
 1276 07e8 04       		.byte	0x4
 1277 07e9 0E030000 		.4byte	0x30e
 1278 07ed 05       		.uleb128 0x5
 1279 07ee D5070000 		.4byte	0x7d5
 1280 07f2 12       		.uleb128 0x12
 1281 07f3 E3050000 		.4byte	0x5e3
 1282 07f7 02080000 		.4byte	0x802
 1283 07fb 13       		.uleb128 0x13
 1284 07fc 42040000 		.4byte	0x442
 1285 0800 1A       		.byte	0x1a
 1286 0801 00       		.byte	0
 1287 0802 04       		.uleb128 0x4
 1288 0803 FB010000 		.4byte	.LASF119
 1289 0807 0D       		.byte	0xd
 1290 0808 34       		.byte	0x34
 1291 0809 9E070000 		.4byte	0x79e
 1292 080d 0A       		.uleb128 0xa
 1293 080e 04       		.byte	0x4
 1294 080f 02080000 		.4byte	0x802
 1295 0813 19       		.uleb128 0x19
 1296 0814 42050000 		.4byte	.LASF120
 1297 0818 02       		.byte	0x2
 1298 0819 2202     		.2byte	0x222
 1299 081b 03       		.byte	0x3
 1300 081c 2D080000 		.4byte	0x82d
 1301 0820 1A       		.uleb128 0x1a
 1302 0821 03020000 		.4byte	.LASF122
 1303 0825 02       		.byte	0x2
 1304 0826 2202     		.2byte	0x222
 1305 0828 A9000000 		.4byte	0xa9
 1306 082c 00       		.byte	0
 1307 082d 1B       		.uleb128 0x1b
ARM GAS  /tmp/ccgq0B0R.s 			page 24


 1308 082e 90050000 		.4byte	.LASF134
 1309 0832 02       		.byte	0x2
 1310 0833 AA01     		.2byte	0x1aa
 1311 0835 A9000000 		.4byte	0xa9
 1312 0839 03       		.byte	0x3
 1313 083a 4B080000 		.4byte	0x84b
 1314 083e 1C       		.uleb128 0x1c
 1315 083f FB050000 		.4byte	.LASF135
 1316 0843 02       		.byte	0x2
 1317 0844 AC01     		.2byte	0x1ac
 1318 0846 A9000000 		.4byte	0xa9
 1319 084a 00       		.byte	0
 1320 084b 19       		.uleb128 0x19
 1321 084c 2B020000 		.4byte	.LASF121
 1322 0850 02       		.byte	0x2
 1323 0851 B901     		.2byte	0x1b9
 1324 0853 03       		.byte	0x3
 1325 0854 65080000 		.4byte	0x865
 1326 0858 1A       		.uleb128 0x1a
 1327 0859 B5020000 		.4byte	.LASF123
 1328 085d 02       		.byte	0x2
 1329 085e B901     		.2byte	0x1b9
 1330 0860 A9000000 		.4byte	0xa9
 1331 0864 00       		.byte	0
 1332 0865 1D       		.uleb128 0x1d
 1333 0866 48000000 		.4byte	.LASF124
 1334 086a 01       		.byte	0x1
 1335 086b C801     		.2byte	0x1c8
 1336 086d 00000000 		.4byte	.LFB127
 1337 0871 10000000 		.4byte	.LFE127-.LFB127
 1338 0875 01       		.uleb128 0x1
 1339 0876 9C       		.byte	0x9c
 1340 0877 95080000 		.4byte	0x895
 1341 087b 1E       		.uleb128 0x1e
 1342 087c 13080000 		.4byte	0x813
 1343 0880 06000000 		.4byte	.LBB15
 1344 0884 06000000 		.4byte	.LBE15-.LBB15
 1345 0888 01       		.byte	0x1
 1346 0889 CB01     		.2byte	0x1cb
 1347 088b 1F       		.uleb128 0x1f
 1348 088c 20080000 		.4byte	0x820
 1349 0890 02       		.uleb128 0x2
 1350 0891 91       		.byte	0x91
 1351 0892 7C       		.sleb128 -4
 1352 0893 00       		.byte	0
 1353 0894 00       		.byte	0
 1354 0895 1D       		.uleb128 0x1d
 1355 0896 E7000000 		.4byte	.LASF125
 1356 089a 01       		.byte	0x1
 1357 089b D601     		.2byte	0x1d6
 1358 089d 00000000 		.4byte	.LFB128
 1359 08a1 10000000 		.4byte	.LFE128-.LFB128
 1360 08a5 01       		.uleb128 0x1
 1361 08a6 9C       		.byte	0x9c
 1362 08a7 C5080000 		.4byte	0x8c5
 1363 08ab 1E       		.uleb128 0x1e
 1364 08ac 13080000 		.4byte	0x813
ARM GAS  /tmp/ccgq0B0R.s 			page 25


 1365 08b0 06000000 		.4byte	.LBB17
 1366 08b4 06000000 		.4byte	.LBE17-.LBB17
 1367 08b8 01       		.byte	0x1
 1368 08b9 D901     		.2byte	0x1d9
 1369 08bb 1F       		.uleb128 0x1f
 1370 08bc 20080000 		.4byte	0x820
 1371 08c0 02       		.uleb128 0x2
 1372 08c1 91       		.byte	0x91
 1373 08c2 7C       		.sleb128 -4
 1374 08c3 00       		.byte	0
 1375 08c4 00       		.byte	0
 1376 08c5 20       		.uleb128 0x20
 1377 08c6 7D050000 		.4byte	.LASF126
 1378 08ca 01       		.byte	0x1
 1379 08cb E501     		.2byte	0x1e5
 1380 08cd 00000000 		.4byte	.LFB129
 1381 08d1 08000000 		.4byte	.LFE129-.LFB129
 1382 08d5 01       		.uleb128 0x1
 1383 08d6 9C       		.byte	0x9c
 1384 08d7 20       		.uleb128 0x20
 1385 08d8 F4040000 		.4byte	.LASF127
 1386 08dc 01       		.byte	0x1
 1387 08dd F001     		.2byte	0x1f0
 1388 08df 00000000 		.4byte	.LFB130
 1389 08e3 08000000 		.4byte	.LFE130-.LFB130
 1390 08e7 01       		.uleb128 0x1
 1391 08e8 9C       		.byte	0x9c
 1392 08e9 21       		.uleb128 0x21
 1393 08ea 77040000 		.4byte	.LASF128
 1394 08ee 03       		.byte	0x3
 1395 08ef 3E       		.byte	0x3e
 1396 08f0 00000000 		.4byte	.LFB240
 1397 08f4 26000000 		.4byte	.LFE240-.LFB240
 1398 08f8 01       		.uleb128 0x1
 1399 08f9 9C       		.byte	0x9c
 1400 08fa 4A090000 		.4byte	0x94a
 1401 08fe 22       		.uleb128 0x22
 1402 08ff C2030000 		.4byte	.LASF130
 1403 0903 03       		.byte	0x3
 1404 0904 40       		.byte	0x40
 1405 0905 4A090000 		.4byte	0x94a
 1406 0909 02       		.uleb128 0x2
 1407 090a 91       		.byte	0x91
 1408 090b 74       		.sleb128 -12
 1409 090c 23       		.uleb128 0x23
 1410 090d 2D080000 		.4byte	0x82d
 1411 0911 04000000 		.4byte	.LBB19
 1412 0915 08000000 		.4byte	.LBE19-.LBB19
 1413 0919 03       		.byte	0x3
 1414 091a 48       		.byte	0x48
 1415 091b 31090000 		.4byte	0x931
 1416 091f 24       		.uleb128 0x24
 1417 0920 04000000 		.4byte	.LBB20
 1418 0924 08000000 		.4byte	.LBE20-.LBB20
 1419 0928 25       		.uleb128 0x25
 1420 0929 3E080000 		.4byte	0x83e
 1421 092d 01       		.uleb128 0x1
ARM GAS  /tmp/ccgq0B0R.s 			page 26


 1422 092e 54       		.byte	0x54
 1423 092f 00       		.byte	0
 1424 0930 00       		.byte	0
 1425 0931 26       		.uleb128 0x26
 1426 0932 4B080000 		.4byte	0x84b
 1427 0936 18000000 		.4byte	.LBB21
 1428 093a 06000000 		.4byte	.LBE21-.LBB21
 1429 093e 03       		.byte	0x3
 1430 093f 4F       		.byte	0x4f
 1431 0940 1F       		.uleb128 0x1f
 1432 0941 58080000 		.4byte	0x858
 1433 0945 02       		.uleb128 0x2
 1434 0946 91       		.byte	0x91
 1435 0947 70       		.sleb128 -16
 1436 0948 00       		.byte	0
 1437 0949 00       		.byte	0
 1438 094a 0A       		.uleb128 0xa
 1439 094b 04       		.byte	0x4
 1440 094c 88060000 		.4byte	0x688
 1441 0950 21       		.uleb128 0x21
 1442 0951 80020000 		.4byte	.LASF129
 1443 0955 03       		.byte	0x3
 1444 0956 7A       		.byte	0x7a
 1445 0957 00000000 		.4byte	.LFB241
 1446 095b 64000000 		.4byte	.LFE241-.LFB241
 1447 095f 01       		.uleb128 0x1
 1448 0960 9C       		.byte	0x9c
 1449 0961 BB090000 		.4byte	0x9bb
 1450 0965 24       		.uleb128 0x24
 1451 0966 14000000 		.4byte	.LBB23
 1452 096a 3C000000 		.4byte	.LBE23-.LBB23
 1453 096e 22       		.uleb128 0x22
 1454 096f C2030000 		.4byte	.LASF130
 1455 0973 03       		.byte	0x3
 1456 0974 7E       		.byte	0x7e
 1457 0975 4A090000 		.4byte	0x94a
 1458 0979 02       		.uleb128 0x2
 1459 097a 91       		.byte	0x91
 1460 097b 74       		.sleb128 -12
 1461 097c 23       		.uleb128 0x23
 1462 097d 2D080000 		.4byte	0x82d
 1463 0981 14000000 		.4byte	.LBB24
 1464 0985 08000000 		.4byte	.LBE24-.LBB24
 1465 0989 03       		.byte	0x3
 1466 098a 86       		.byte	0x86
 1467 098b A1090000 		.4byte	0x9a1
 1468 098f 24       		.uleb128 0x24
 1469 0990 14000000 		.4byte	.LBB25
 1470 0994 08000000 		.4byte	.LBE25-.LBB25
 1471 0998 25       		.uleb128 0x25
 1472 0999 3E080000 		.4byte	0x83e
 1473 099d 01       		.uleb128 0x1
 1474 099e 54       		.byte	0x54
 1475 099f 00       		.byte	0
 1476 09a0 00       		.byte	0
 1477 09a1 26       		.uleb128 0x26
 1478 09a2 4B080000 		.4byte	0x84b
ARM GAS  /tmp/ccgq0B0R.s 			page 27


 1479 09a6 30000000 		.4byte	.LBB26
 1480 09aa 06000000 		.4byte	.LBE26-.LBB26
 1481 09ae 03       		.byte	0x3
 1482 09af 93       		.byte	0x93
 1483 09b0 1F       		.uleb128 0x1f
 1484 09b1 58080000 		.4byte	0x858
 1485 09b5 02       		.uleb128 0x2
 1486 09b6 91       		.byte	0x91
 1487 09b7 70       		.sleb128 -16
 1488 09b8 00       		.byte	0
 1489 09b9 00       		.byte	0
 1490 09ba 00       		.byte	0
 1491 09bb 27       		.uleb128 0x27
 1492 09bc 12040000 		.4byte	.LASF131
 1493 09c0 09       		.byte	0x9
 1494 09c1 FA06     		.2byte	0x6fa
 1495 09c3 BF000000 		.4byte	0xbf
 1496 09c7 28       		.uleb128 0x28
 1497 09c8 636800   		.ascii	"ch\000"
 1498 09cb 08       		.byte	0x8
 1499 09cc 0902     		.2byte	0x209
 1500 09ce DB030000 		.4byte	0x3db
 1501 09d2 00       		.byte	0
 1502              		.section	.debug_abbrev,"",%progbits
 1503              	.Ldebug_abbrev0:
 1504 0000 01       		.uleb128 0x1
 1505 0001 11       		.uleb128 0x11
 1506 0002 01       		.byte	0x1
 1507 0003 25       		.uleb128 0x25
 1508 0004 0E       		.uleb128 0xe
 1509 0005 13       		.uleb128 0x13
 1510 0006 0B       		.uleb128 0xb
 1511 0007 03       		.uleb128 0x3
 1512 0008 0E       		.uleb128 0xe
 1513 0009 55       		.uleb128 0x55
 1514 000a 17       		.uleb128 0x17
 1515 000b 11       		.uleb128 0x11
 1516 000c 01       		.uleb128 0x1
 1517 000d 10       		.uleb128 0x10
 1518 000e 17       		.uleb128 0x17
 1519 000f 00       		.byte	0
 1520 0010 00       		.byte	0
 1521 0011 02       		.uleb128 0x2
 1522 0012 24       		.uleb128 0x24
 1523 0013 00       		.byte	0
 1524 0014 0B       		.uleb128 0xb
 1525 0015 0B       		.uleb128 0xb
 1526 0016 3E       		.uleb128 0x3e
 1527 0017 0B       		.uleb128 0xb
 1528 0018 03       		.uleb128 0x3
 1529 0019 08       		.uleb128 0x8
 1530 001a 00       		.byte	0
 1531 001b 00       		.byte	0
 1532 001c 03       		.uleb128 0x3
 1533 001d 24       		.uleb128 0x24
 1534 001e 00       		.byte	0
 1535 001f 0B       		.uleb128 0xb
ARM GAS  /tmp/ccgq0B0R.s 			page 28


 1536 0020 0B       		.uleb128 0xb
 1537 0021 3E       		.uleb128 0x3e
 1538 0022 0B       		.uleb128 0xb
 1539 0023 03       		.uleb128 0x3
 1540 0024 0E       		.uleb128 0xe
 1541 0025 00       		.byte	0
 1542 0026 00       		.byte	0
 1543 0027 04       		.uleb128 0x4
 1544 0028 16       		.uleb128 0x16
 1545 0029 00       		.byte	0
 1546 002a 03       		.uleb128 0x3
 1547 002b 0E       		.uleb128 0xe
 1548 002c 3A       		.uleb128 0x3a
 1549 002d 0B       		.uleb128 0xb
 1550 002e 3B       		.uleb128 0x3b
 1551 002f 0B       		.uleb128 0xb
 1552 0030 49       		.uleb128 0x49
 1553 0031 13       		.uleb128 0x13
 1554 0032 00       		.byte	0
 1555 0033 00       		.byte	0
 1556 0034 05       		.uleb128 0x5
 1557 0035 35       		.uleb128 0x35
 1558 0036 00       		.byte	0
 1559 0037 49       		.uleb128 0x49
 1560 0038 13       		.uleb128 0x13
 1561 0039 00       		.byte	0
 1562 003a 00       		.byte	0
 1563 003b 06       		.uleb128 0x6
 1564 003c 13       		.uleb128 0x13
 1565 003d 01       		.byte	0x1
 1566 003e 03       		.uleb128 0x3
 1567 003f 0E       		.uleb128 0xe
 1568 0040 0B       		.uleb128 0xb
 1569 0041 0B       		.uleb128 0xb
 1570 0042 3A       		.uleb128 0x3a
 1571 0043 0B       		.uleb128 0xb
 1572 0044 3B       		.uleb128 0x3b
 1573 0045 0B       		.uleb128 0xb
 1574 0046 01       		.uleb128 0x1
 1575 0047 13       		.uleb128 0x13
 1576 0048 00       		.byte	0
 1577 0049 00       		.byte	0
 1578 004a 07       		.uleb128 0x7
 1579 004b 0D       		.uleb128 0xd
 1580 004c 00       		.byte	0
 1581 004d 03       		.uleb128 0x3
 1582 004e 0E       		.uleb128 0xe
 1583 004f 3A       		.uleb128 0x3a
 1584 0050 0B       		.uleb128 0xb
 1585 0051 3B       		.uleb128 0x3b
 1586 0052 0B       		.uleb128 0xb
 1587 0053 49       		.uleb128 0x49
 1588 0054 13       		.uleb128 0x13
 1589 0055 38       		.uleb128 0x38
 1590 0056 0B       		.uleb128 0xb
 1591 0057 00       		.byte	0
 1592 0058 00       		.byte	0
ARM GAS  /tmp/ccgq0B0R.s 			page 29


 1593 0059 08       		.uleb128 0x8
 1594 005a 0D       		.uleb128 0xd
 1595 005b 00       		.byte	0
 1596 005c 03       		.uleb128 0x3
 1597 005d 08       		.uleb128 0x8
 1598 005e 3A       		.uleb128 0x3a
 1599 005f 0B       		.uleb128 0xb
 1600 0060 3B       		.uleb128 0x3b
 1601 0061 05       		.uleb128 0x5
 1602 0062 49       		.uleb128 0x49
 1603 0063 13       		.uleb128 0x13
 1604 0064 38       		.uleb128 0x38
 1605 0065 0B       		.uleb128 0xb
 1606 0066 00       		.byte	0
 1607 0067 00       		.byte	0
 1608 0068 09       		.uleb128 0x9
 1609 0069 0D       		.uleb128 0xd
 1610 006a 00       		.byte	0
 1611 006b 03       		.uleb128 0x3
 1612 006c 0E       		.uleb128 0xe
 1613 006d 3A       		.uleb128 0x3a
 1614 006e 0B       		.uleb128 0xb
 1615 006f 3B       		.uleb128 0x3b
 1616 0070 05       		.uleb128 0x5
 1617 0071 49       		.uleb128 0x49
 1618 0072 13       		.uleb128 0x13
 1619 0073 38       		.uleb128 0x38
 1620 0074 0B       		.uleb128 0xb
 1621 0075 00       		.byte	0
 1622 0076 00       		.byte	0
 1623 0077 0A       		.uleb128 0xa
 1624 0078 0F       		.uleb128 0xf
 1625 0079 00       		.byte	0
 1626 007a 0B       		.uleb128 0xb
 1627 007b 0B       		.uleb128 0xb
 1628 007c 49       		.uleb128 0x49
 1629 007d 13       		.uleb128 0x13
 1630 007e 00       		.byte	0
 1631 007f 00       		.byte	0
 1632 0080 0B       		.uleb128 0xb
 1633 0081 13       		.uleb128 0x13
 1634 0082 01       		.byte	0x1
 1635 0083 03       		.uleb128 0x3
 1636 0084 0E       		.uleb128 0xe
 1637 0085 0B       		.uleb128 0xb
 1638 0086 0B       		.uleb128 0xb
 1639 0087 3A       		.uleb128 0x3a
 1640 0088 0B       		.uleb128 0xb
 1641 0089 3B       		.uleb128 0x3b
 1642 008a 05       		.uleb128 0x5
 1643 008b 01       		.uleb128 0x1
 1644 008c 13       		.uleb128 0x13
 1645 008d 00       		.byte	0
 1646 008e 00       		.byte	0
 1647 008f 0C       		.uleb128 0xc
 1648 0090 15       		.uleb128 0x15
 1649 0091 01       		.byte	0x1
ARM GAS  /tmp/ccgq0B0R.s 			page 30


 1650 0092 27       		.uleb128 0x27
 1651 0093 19       		.uleb128 0x19
 1652 0094 01       		.uleb128 0x1
 1653 0095 13       		.uleb128 0x13
 1654 0096 00       		.byte	0
 1655 0097 00       		.byte	0
 1656 0098 0D       		.uleb128 0xd
 1657 0099 05       		.uleb128 0x5
 1658 009a 00       		.byte	0
 1659 009b 49       		.uleb128 0x49
 1660 009c 13       		.uleb128 0x13
 1661 009d 00       		.byte	0
 1662 009e 00       		.byte	0
 1663 009f 0E       		.uleb128 0xe
 1664 00a0 0F       		.uleb128 0xf
 1665 00a1 00       		.byte	0
 1666 00a2 0B       		.uleb128 0xb
 1667 00a3 0B       		.uleb128 0xb
 1668 00a4 00       		.byte	0
 1669 00a5 00       		.byte	0
 1670 00a6 0F       		.uleb128 0xf
 1671 00a7 13       		.uleb128 0x13
 1672 00a8 01       		.byte	0x1
 1673 00a9 03       		.uleb128 0x3
 1674 00aa 0E       		.uleb128 0xe
 1675 00ab 0B       		.uleb128 0xb
 1676 00ac 05       		.uleb128 0x5
 1677 00ad 3A       		.uleb128 0x3a
 1678 00ae 0B       		.uleb128 0xb
 1679 00af 3B       		.uleb128 0x3b
 1680 00b0 05       		.uleb128 0x5
 1681 00b1 01       		.uleb128 0x1
 1682 00b2 13       		.uleb128 0x13
 1683 00b3 00       		.byte	0
 1684 00b4 00       		.byte	0
 1685 00b5 10       		.uleb128 0x10
 1686 00b6 13       		.uleb128 0x13
 1687 00b7 01       		.byte	0x1
 1688 00b8 0B       		.uleb128 0xb
 1689 00b9 0B       		.uleb128 0xb
 1690 00ba 3A       		.uleb128 0x3a
 1691 00bb 0B       		.uleb128 0xb
 1692 00bc 3B       		.uleb128 0x3b
 1693 00bd 05       		.uleb128 0x5
 1694 00be 01       		.uleb128 0x1
 1695 00bf 13       		.uleb128 0x13
 1696 00c0 00       		.byte	0
 1697 00c1 00       		.byte	0
 1698 00c2 11       		.uleb128 0x11
 1699 00c3 26       		.uleb128 0x26
 1700 00c4 00       		.byte	0
 1701 00c5 49       		.uleb128 0x49
 1702 00c6 13       		.uleb128 0x13
 1703 00c7 00       		.byte	0
 1704 00c8 00       		.byte	0
 1705 00c9 12       		.uleb128 0x12
 1706 00ca 01       		.uleb128 0x1
ARM GAS  /tmp/ccgq0B0R.s 			page 31


 1707 00cb 01       		.byte	0x1
 1708 00cc 49       		.uleb128 0x49
 1709 00cd 13       		.uleb128 0x13
 1710 00ce 01       		.uleb128 0x1
 1711 00cf 13       		.uleb128 0x13
 1712 00d0 00       		.byte	0
 1713 00d1 00       		.byte	0
 1714 00d2 13       		.uleb128 0x13
 1715 00d3 21       		.uleb128 0x21
 1716 00d4 00       		.byte	0
 1717 00d5 49       		.uleb128 0x49
 1718 00d6 13       		.uleb128 0x13
 1719 00d7 2F       		.uleb128 0x2f
 1720 00d8 0B       		.uleb128 0xb
 1721 00d9 00       		.byte	0
 1722 00da 00       		.byte	0
 1723 00db 14       		.uleb128 0x14
 1724 00dc 16       		.uleb128 0x16
 1725 00dd 00       		.byte	0
 1726 00de 03       		.uleb128 0x3
 1727 00df 0E       		.uleb128 0xe
 1728 00e0 3A       		.uleb128 0x3a
 1729 00e1 0B       		.uleb128 0xb
 1730 00e2 3B       		.uleb128 0x3b
 1731 00e3 05       		.uleb128 0x5
 1732 00e4 49       		.uleb128 0x49
 1733 00e5 13       		.uleb128 0x13
 1734 00e6 00       		.byte	0
 1735 00e7 00       		.byte	0
 1736 00e8 15       		.uleb128 0x15
 1737 00e9 0D       		.uleb128 0xd
 1738 00ea 00       		.byte	0
 1739 00eb 03       		.uleb128 0x3
 1740 00ec 08       		.uleb128 0x8
 1741 00ed 3A       		.uleb128 0x3a
 1742 00ee 0B       		.uleb128 0xb
 1743 00ef 3B       		.uleb128 0x3b
 1744 00f0 0B       		.uleb128 0xb
 1745 00f1 49       		.uleb128 0x49
 1746 00f2 13       		.uleb128 0x13
 1747 00f3 38       		.uleb128 0x38
 1748 00f4 0B       		.uleb128 0xb
 1749 00f5 00       		.byte	0
 1750 00f6 00       		.byte	0
 1751 00f7 16       		.uleb128 0x16
 1752 00f8 13       		.uleb128 0x13
 1753 00f9 01       		.byte	0x1
 1754 00fa 0B       		.uleb128 0xb
 1755 00fb 0B       		.uleb128 0xb
 1756 00fc 3A       		.uleb128 0x3a
 1757 00fd 0B       		.uleb128 0xb
 1758 00fe 3B       		.uleb128 0x3b
 1759 00ff 0B       		.uleb128 0xb
 1760 0100 01       		.uleb128 0x1
 1761 0101 13       		.uleb128 0x13
 1762 0102 00       		.byte	0
 1763 0103 00       		.byte	0
ARM GAS  /tmp/ccgq0B0R.s 			page 32


 1764 0104 17       		.uleb128 0x17
 1765 0105 17       		.uleb128 0x17
 1766 0106 01       		.byte	0x1
 1767 0107 0B       		.uleb128 0xb
 1768 0108 0B       		.uleb128 0xb
 1769 0109 3A       		.uleb128 0x3a
 1770 010a 0B       		.uleb128 0xb
 1771 010b 3B       		.uleb128 0x3b
 1772 010c 0B       		.uleb128 0xb
 1773 010d 01       		.uleb128 0x1
 1774 010e 13       		.uleb128 0x13
 1775 010f 00       		.byte	0
 1776 0110 00       		.byte	0
 1777 0111 18       		.uleb128 0x18
 1778 0112 0D       		.uleb128 0xd
 1779 0113 00       		.byte	0
 1780 0114 03       		.uleb128 0x3
 1781 0115 0E       		.uleb128 0xe
 1782 0116 3A       		.uleb128 0x3a
 1783 0117 0B       		.uleb128 0xb
 1784 0118 3B       		.uleb128 0x3b
 1785 0119 05       		.uleb128 0x5
 1786 011a 49       		.uleb128 0x49
 1787 011b 13       		.uleb128 0x13
 1788 011c 00       		.byte	0
 1789 011d 00       		.byte	0
 1790 011e 19       		.uleb128 0x19
 1791 011f 2E       		.uleb128 0x2e
 1792 0120 01       		.byte	0x1
 1793 0121 03       		.uleb128 0x3
 1794 0122 0E       		.uleb128 0xe
 1795 0123 3A       		.uleb128 0x3a
 1796 0124 0B       		.uleb128 0xb
 1797 0125 3B       		.uleb128 0x3b
 1798 0126 05       		.uleb128 0x5
 1799 0127 27       		.uleb128 0x27
 1800 0128 19       		.uleb128 0x19
 1801 0129 20       		.uleb128 0x20
 1802 012a 0B       		.uleb128 0xb
 1803 012b 01       		.uleb128 0x1
 1804 012c 13       		.uleb128 0x13
 1805 012d 00       		.byte	0
 1806 012e 00       		.byte	0
 1807 012f 1A       		.uleb128 0x1a
 1808 0130 05       		.uleb128 0x5
 1809 0131 00       		.byte	0
 1810 0132 03       		.uleb128 0x3
 1811 0133 0E       		.uleb128 0xe
 1812 0134 3A       		.uleb128 0x3a
 1813 0135 0B       		.uleb128 0xb
 1814 0136 3B       		.uleb128 0x3b
 1815 0137 05       		.uleb128 0x5
 1816 0138 49       		.uleb128 0x49
 1817 0139 13       		.uleb128 0x13
 1818 013a 00       		.byte	0
 1819 013b 00       		.byte	0
 1820 013c 1B       		.uleb128 0x1b
ARM GAS  /tmp/ccgq0B0R.s 			page 33


 1821 013d 2E       		.uleb128 0x2e
 1822 013e 01       		.byte	0x1
 1823 013f 03       		.uleb128 0x3
 1824 0140 0E       		.uleb128 0xe
 1825 0141 3A       		.uleb128 0x3a
 1826 0142 0B       		.uleb128 0xb
 1827 0143 3B       		.uleb128 0x3b
 1828 0144 05       		.uleb128 0x5
 1829 0145 27       		.uleb128 0x27
 1830 0146 19       		.uleb128 0x19
 1831 0147 49       		.uleb128 0x49
 1832 0148 13       		.uleb128 0x13
 1833 0149 20       		.uleb128 0x20
 1834 014a 0B       		.uleb128 0xb
 1835 014b 01       		.uleb128 0x1
 1836 014c 13       		.uleb128 0x13
 1837 014d 00       		.byte	0
 1838 014e 00       		.byte	0
 1839 014f 1C       		.uleb128 0x1c
 1840 0150 34       		.uleb128 0x34
 1841 0151 00       		.byte	0
 1842 0152 03       		.uleb128 0x3
 1843 0153 0E       		.uleb128 0xe
 1844 0154 3A       		.uleb128 0x3a
 1845 0155 0B       		.uleb128 0xb
 1846 0156 3B       		.uleb128 0x3b
 1847 0157 05       		.uleb128 0x5
 1848 0158 49       		.uleb128 0x49
 1849 0159 13       		.uleb128 0x13
 1850 015a 00       		.byte	0
 1851 015b 00       		.byte	0
 1852 015c 1D       		.uleb128 0x1d
 1853 015d 2E       		.uleb128 0x2e
 1854 015e 01       		.byte	0x1
 1855 015f 03       		.uleb128 0x3
 1856 0160 0E       		.uleb128 0xe
 1857 0161 3A       		.uleb128 0x3a
 1858 0162 0B       		.uleb128 0xb
 1859 0163 3B       		.uleb128 0x3b
 1860 0164 05       		.uleb128 0x5
 1861 0165 27       		.uleb128 0x27
 1862 0166 19       		.uleb128 0x19
 1863 0167 11       		.uleb128 0x11
 1864 0168 01       		.uleb128 0x1
 1865 0169 12       		.uleb128 0x12
 1866 016a 06       		.uleb128 0x6
 1867 016b 40       		.uleb128 0x40
 1868 016c 18       		.uleb128 0x18
 1869 016d 9742     		.uleb128 0x2117
 1870 016f 19       		.uleb128 0x19
 1871 0170 01       		.uleb128 0x1
 1872 0171 13       		.uleb128 0x13
 1873 0172 00       		.byte	0
 1874 0173 00       		.byte	0
 1875 0174 1E       		.uleb128 0x1e
 1876 0175 1D       		.uleb128 0x1d
 1877 0176 01       		.byte	0x1
ARM GAS  /tmp/ccgq0B0R.s 			page 34


 1878 0177 31       		.uleb128 0x31
 1879 0178 13       		.uleb128 0x13
 1880 0179 11       		.uleb128 0x11
 1881 017a 01       		.uleb128 0x1
 1882 017b 12       		.uleb128 0x12
 1883 017c 06       		.uleb128 0x6
 1884 017d 58       		.uleb128 0x58
 1885 017e 0B       		.uleb128 0xb
 1886 017f 59       		.uleb128 0x59
 1887 0180 05       		.uleb128 0x5
 1888 0181 00       		.byte	0
 1889 0182 00       		.byte	0
 1890 0183 1F       		.uleb128 0x1f
 1891 0184 05       		.uleb128 0x5
 1892 0185 00       		.byte	0
 1893 0186 31       		.uleb128 0x31
 1894 0187 13       		.uleb128 0x13
 1895 0188 02       		.uleb128 0x2
 1896 0189 18       		.uleb128 0x18
 1897 018a 00       		.byte	0
 1898 018b 00       		.byte	0
 1899 018c 20       		.uleb128 0x20
 1900 018d 2E       		.uleb128 0x2e
 1901 018e 00       		.byte	0
 1902 018f 03       		.uleb128 0x3
 1903 0190 0E       		.uleb128 0xe
 1904 0191 3A       		.uleb128 0x3a
 1905 0192 0B       		.uleb128 0xb
 1906 0193 3B       		.uleb128 0x3b
 1907 0194 05       		.uleb128 0x5
 1908 0195 27       		.uleb128 0x27
 1909 0196 19       		.uleb128 0x19
 1910 0197 11       		.uleb128 0x11
 1911 0198 01       		.uleb128 0x1
 1912 0199 12       		.uleb128 0x12
 1913 019a 06       		.uleb128 0x6
 1914 019b 40       		.uleb128 0x40
 1915 019c 18       		.uleb128 0x18
 1916 019d 9642     		.uleb128 0x2116
 1917 019f 19       		.uleb128 0x19
 1918 01a0 00       		.byte	0
 1919 01a1 00       		.byte	0
 1920 01a2 21       		.uleb128 0x21
 1921 01a3 2E       		.uleb128 0x2e
 1922 01a4 01       		.byte	0x1
 1923 01a5 3F       		.uleb128 0x3f
 1924 01a6 19       		.uleb128 0x19
 1925 01a7 03       		.uleb128 0x3
 1926 01a8 0E       		.uleb128 0xe
 1927 01a9 3A       		.uleb128 0x3a
 1928 01aa 0B       		.uleb128 0xb
 1929 01ab 3B       		.uleb128 0x3b
 1930 01ac 0B       		.uleb128 0xb
 1931 01ad 27       		.uleb128 0x27
 1932 01ae 19       		.uleb128 0x19
 1933 01af 11       		.uleb128 0x11
 1934 01b0 01       		.uleb128 0x1
ARM GAS  /tmp/ccgq0B0R.s 			page 35


 1935 01b1 12       		.uleb128 0x12
 1936 01b2 06       		.uleb128 0x6
 1937 01b3 40       		.uleb128 0x40
 1938 01b4 18       		.uleb128 0x18
 1939 01b5 9642     		.uleb128 0x2116
 1940 01b7 19       		.uleb128 0x19
 1941 01b8 01       		.uleb128 0x1
 1942 01b9 13       		.uleb128 0x13
 1943 01ba 00       		.byte	0
 1944 01bb 00       		.byte	0
 1945 01bc 22       		.uleb128 0x22
 1946 01bd 34       		.uleb128 0x34
 1947 01be 00       		.byte	0
 1948 01bf 03       		.uleb128 0x3
 1949 01c0 0E       		.uleb128 0xe
 1950 01c1 3A       		.uleb128 0x3a
 1951 01c2 0B       		.uleb128 0xb
 1952 01c3 3B       		.uleb128 0x3b
 1953 01c4 0B       		.uleb128 0xb
 1954 01c5 49       		.uleb128 0x49
 1955 01c6 13       		.uleb128 0x13
 1956 01c7 02       		.uleb128 0x2
 1957 01c8 18       		.uleb128 0x18
 1958 01c9 00       		.byte	0
 1959 01ca 00       		.byte	0
 1960 01cb 23       		.uleb128 0x23
 1961 01cc 1D       		.uleb128 0x1d
 1962 01cd 01       		.byte	0x1
 1963 01ce 31       		.uleb128 0x31
 1964 01cf 13       		.uleb128 0x13
 1965 01d0 11       		.uleb128 0x11
 1966 01d1 01       		.uleb128 0x1
 1967 01d2 12       		.uleb128 0x12
 1968 01d3 06       		.uleb128 0x6
 1969 01d4 58       		.uleb128 0x58
 1970 01d5 0B       		.uleb128 0xb
 1971 01d6 59       		.uleb128 0x59
 1972 01d7 0B       		.uleb128 0xb
 1973 01d8 01       		.uleb128 0x1
 1974 01d9 13       		.uleb128 0x13
 1975 01da 00       		.byte	0
 1976 01db 00       		.byte	0
 1977 01dc 24       		.uleb128 0x24
 1978 01dd 0B       		.uleb128 0xb
 1979 01de 01       		.byte	0x1
 1980 01df 11       		.uleb128 0x11
 1981 01e0 01       		.uleb128 0x1
 1982 01e1 12       		.uleb128 0x12
 1983 01e2 06       		.uleb128 0x6
 1984 01e3 00       		.byte	0
 1985 01e4 00       		.byte	0
 1986 01e5 25       		.uleb128 0x25
 1987 01e6 34       		.uleb128 0x34
 1988 01e7 00       		.byte	0
 1989 01e8 31       		.uleb128 0x31
 1990 01e9 13       		.uleb128 0x13
 1991 01ea 02       		.uleb128 0x2
ARM GAS  /tmp/ccgq0B0R.s 			page 36


 1992 01eb 18       		.uleb128 0x18
 1993 01ec 00       		.byte	0
 1994 01ed 00       		.byte	0
 1995 01ee 26       		.uleb128 0x26
 1996 01ef 1D       		.uleb128 0x1d
 1997 01f0 01       		.byte	0x1
 1998 01f1 31       		.uleb128 0x31
 1999 01f2 13       		.uleb128 0x13
 2000 01f3 11       		.uleb128 0x11
 2001 01f4 01       		.uleb128 0x1
 2002 01f5 12       		.uleb128 0x12
 2003 01f6 06       		.uleb128 0x6
 2004 01f7 58       		.uleb128 0x58
 2005 01f8 0B       		.uleb128 0xb
 2006 01f9 59       		.uleb128 0x59
 2007 01fa 0B       		.uleb128 0xb
 2008 01fb 00       		.byte	0
 2009 01fc 00       		.byte	0
 2010 01fd 27       		.uleb128 0x27
 2011 01fe 34       		.uleb128 0x34
 2012 01ff 00       		.byte	0
 2013 0200 03       		.uleb128 0x3
 2014 0201 0E       		.uleb128 0xe
 2015 0202 3A       		.uleb128 0x3a
 2016 0203 0B       		.uleb128 0xb
 2017 0204 3B       		.uleb128 0x3b
 2018 0205 05       		.uleb128 0x5
 2019 0206 49       		.uleb128 0x49
 2020 0207 13       		.uleb128 0x13
 2021 0208 3F       		.uleb128 0x3f
 2022 0209 19       		.uleb128 0x19
 2023 020a 3C       		.uleb128 0x3c
 2024 020b 19       		.uleb128 0x19
 2025 020c 00       		.byte	0
 2026 020d 00       		.byte	0
 2027 020e 28       		.uleb128 0x28
 2028 020f 34       		.uleb128 0x34
 2029 0210 00       		.byte	0
 2030 0211 03       		.uleb128 0x3
 2031 0212 08       		.uleb128 0x8
 2032 0213 3A       		.uleb128 0x3a
 2033 0214 0B       		.uleb128 0xb
 2034 0215 3B       		.uleb128 0x3b
 2035 0216 05       		.uleb128 0x5
 2036 0217 49       		.uleb128 0x49
 2037 0218 13       		.uleb128 0x13
 2038 0219 3F       		.uleb128 0x3f
 2039 021a 19       		.uleb128 0x19
 2040 021b 3C       		.uleb128 0x3c
 2041 021c 19       		.uleb128 0x19
 2042 021d 00       		.byte	0
 2043 021e 00       		.byte	0
 2044 021f 00       		.byte	0
 2045              		.section	.debug_aranges,"",%progbits
 2046 0000 44000000 		.4byte	0x44
 2047 0004 0200     		.2byte	0x2
 2048 0006 00000000 		.4byte	.Ldebug_info0
ARM GAS  /tmp/ccgq0B0R.s 			page 37


 2049 000a 04       		.byte	0x4
 2050 000b 00       		.byte	0
 2051 000c 0000     		.2byte	0
 2052 000e 0000     		.2byte	0
 2053 0010 00000000 		.4byte	.LFB127
 2054 0014 10000000 		.4byte	.LFE127-.LFB127
 2055 0018 00000000 		.4byte	.LFB128
 2056 001c 10000000 		.4byte	.LFE128-.LFB128
 2057 0020 00000000 		.4byte	.LFB129
 2058 0024 08000000 		.4byte	.LFE129-.LFB129
 2059 0028 00000000 		.4byte	.LFB130
 2060 002c 08000000 		.4byte	.LFE130-.LFB130
 2061 0030 00000000 		.4byte	.LFB240
 2062 0034 26000000 		.4byte	.LFE240-.LFB240
 2063 0038 00000000 		.4byte	.LFB241
 2064 003c 64000000 		.4byte	.LFE241-.LFB241
 2065 0040 00000000 		.4byte	0
 2066 0044 00000000 		.4byte	0
 2067              		.section	.debug_ranges,"",%progbits
 2068              	.Ldebug_ranges0:
 2069 0000 00000000 		.4byte	.LFB127
 2070 0004 10000000 		.4byte	.LFE127
 2071 0008 00000000 		.4byte	.LFB128
 2072 000c 10000000 		.4byte	.LFE128
 2073 0010 00000000 		.4byte	.LFB129
 2074 0014 08000000 		.4byte	.LFE129
 2075 0018 00000000 		.4byte	.LFB130
 2076 001c 08000000 		.4byte	.LFE130
 2077 0020 00000000 		.4byte	.LFB240
 2078 0024 26000000 		.4byte	.LFE240
 2079 0028 00000000 		.4byte	.LFB241
 2080 002c 64000000 		.4byte	.LFE241
 2081 0030 00000000 		.4byte	0
 2082 0034 00000000 		.4byte	0
 2083              		.section	.debug_line,"",%progbits
 2084              	.Ldebug_line0:
 2085 0000 5D020000 		.section	.debug_str,"MS",%progbits,1
 2085      02009601 
 2085      00000201 
 2085      FB0E0D00 
 2085      01010101 
 2086              	.LASF50:
 2087 0000 72656164 		.ascii	"ready_list_t\000"
 2087      795F6C69 
 2087      73745F74 
 2087      00
 2088              	.LASF107:
 2089 000d 77747472 		.ascii	"wttrp\000"
 2089      7000
 2090              	.LASF104:
 2091 0013 7264796D 		.ascii	"rdymsg\000"
 2091      736700
 2092              	.LASF16:
 2093 001a 75696E74 		.ascii	"uint64_t\000"
 2093      36345F74 
 2093      00
 2094              	.LASF5:
ARM GAS  /tmp/ccgq0B0R.s 			page 38


 2095 0023 5F5F7569 		.ascii	"__uint8_t\000"
 2095      6E74385F 
 2095      7400
 2096              	.LASF98:
 2097 002d 706F7274 		.ascii	"port_intctx\000"
 2097      5F696E74 
 2097      63747800 
 2098              	.LASF69:
 2099 0039 73797374 		.ascii	"system_debug_t\000"
 2099      656D5F64 
 2099      65627567 
 2099      5F7400
 2100              	.LASF124:
 2101 0048 706F7274 		.ascii	"port_lock\000"
 2101      5F6C6F63 
 2101      6B00
 2102              	.LASF12:
 2103 0052 6C6F6E67 		.ascii	"long long unsigned int\000"
 2103      206C6F6E 
 2103      6720756E 
 2103      7369676E 
 2103      65642069 
 2104              	.LASF105:
 2105 0069 65786974 		.ascii	"exitcode\000"
 2105      636F6465 
 2105      00
 2106              	.LASF76:
 2107 0072 6D61696E 		.ascii	"mainthread\000"
 2107      74687265 
 2107      616400
 2108              	.LASF66:
 2109 007d 76697274 		.ascii	"virtual_timers_list_t\000"
 2109      75616C5F 
 2109      74696D65 
 2109      72735F6C 
 2109      6973745F 
 2110              	.LASF79:
 2111 0093 43505549 		.ascii	"CPUID\000"
 2111      4400
 2112              	.LASF49:
 2113 0099 63685F74 		.ascii	"ch_threads_queue\000"
 2113      68726561 
 2113      64735F71 
 2113      75657565 
 2113      00
 2114              	.LASF29:
 2115 00aa 705F7072 		.ascii	"p_prio\000"
 2115      696F00
 2116              	.LASF91:
 2117 00b1 49534152 		.ascii	"ISAR\000"
 2117      00
 2118              	.LASF10:
 2119 00b6 6C6F6E67 		.ascii	"long long int\000"
 2119      206C6F6E 
 2119      6720696E 
 2119      7400
 2120              	.LASF1:
ARM GAS  /tmp/ccgq0B0R.s 			page 39


 2121 00c4 7369676E 		.ascii	"signed char\000"
 2121      65642063 
 2121      68617200 
 2122              	.LASF43:
 2123 00d0 705F6D70 		.ascii	"p_mpool\000"
 2123      6F6F6C00 
 2124              	.LASF115:
 2125 00d8 6D5F7175 		.ascii	"m_queue\000"
 2125      65756500 
 2126              	.LASF75:
 2127 00e0 76746C69 		.ascii	"vtlist\000"
 2127      737400
 2128              	.LASF125:
 2129 00e7 706F7274 		.ascii	"port_unlock\000"
 2129      5F756E6C 
 2129      6F636B00 
 2130              	.LASF73:
 2131 00f3 63685F73 		.ascii	"ch_system\000"
 2131      79737465 
 2131      6D00
 2132              	.LASF7:
 2133 00fd 6C6F6E67 		.ascii	"long int\000"
 2133      20696E74 
 2133      00
 2134              	.LASF19:
 2135 0106 74737461 		.ascii	"tstate_t\000"
 2135      74655F74 
 2135      00
 2136              	.LASF132:
 2137 010f 474E5520 		.ascii	"GNU C 4.8.4 20141219 (release) -mcpu=cortex-m4 -mno"
 2137      4320342E 
 2137      382E3420 
 2137      32303134 
 2137      31323139 
 2138 0142 2D746875 		.ascii	"-thumb-interwork -mthumb -ggdb -O0 -fomit-frame-poi"
 2138      6D622D69 
 2138      6E746572 
 2138      776F726B 
 2138      202D6D74 
 2139 0175 6E746572 		.ascii	"nter -falign-functions=16 -ffunction-sections -fdat"
 2139      202D6661 
 2139      6C69676E 
 2139      2D66756E 
 2139      6374696F 
 2140 01a8 612D7365 		.ascii	"a-sections -fno-common\000"
 2140      6374696F 
 2140      6E73202D 
 2140      666E6F2D 
 2140      636F6D6D 
 2141              	.LASF31:
 2142 01bf 705F6E65 		.ascii	"p_newer\000"
 2142      77657200 
 2143              	.LASF112:
 2144 01c7 735F7175 		.ascii	"s_queue\000"
 2144      65756500 
 2145              	.LASF88:
 2146 01cf 42464152 		.ascii	"BFAR\000"
ARM GAS  /tmp/ccgq0B0R.s 			page 40


 2146      00
 2147              	.LASF89:
 2148 01d4 41465352 		.ascii	"AFSR\000"
 2148      00
 2149              	.LASF55:
 2150 01d9 725F6E65 		.ascii	"r_newer\000"
 2150      77657200 
 2151              	.LASF95:
 2152 01e1 72656761 		.ascii	"regarm_t\000"
 2152      726D5F74 
 2152      00
 2153              	.LASF62:
 2154 01ea 76745F70 		.ascii	"vt_prev\000"
 2154      72657600 
 2155              	.LASF94:
 2156 01f2 5343425F 		.ascii	"SCB_Type\000"
 2156      54797065 
 2156      00
 2157              	.LASF119:
 2158 01fb 6D757465 		.ascii	"mutex_t\000"
 2158      785F7400 
 2159              	.LASF122:
 2160 0203 76616C75 		.ascii	"value\000"
 2160      6500
 2161              	.LASF77:
 2162 0209 69646C65 		.ascii	"idle_thread_wa\000"
 2162      5F746872 
 2162      6561645F 
 2162      776100
 2163              	.LASF24:
 2164 0218 636E745F 		.ascii	"cnt_t\000"
 2164      7400
 2165              	.LASF0:
 2166 021e 756E7369 		.ascii	"unsigned int\000"
 2166      676E6564 
 2166      20696E74 
 2166      00
 2167              	.LASF121:
 2168 022b 5F5F7365 		.ascii	"__set_PSP\000"
 2168      745F5053 
 2168      5000
 2169              	.LASF61:
 2170 0235 76745F6E 		.ascii	"vt_next\000"
 2170      65787400 
 2171              	.LASF108:
 2172 023d 77747365 		.ascii	"wtsemp\000"
 2172      6D7000
 2173              	.LASF38:
 2174 0244 705F6D73 		.ascii	"p_msgqueue\000"
 2174      67717565 
 2174      756500
 2175              	.LASF81:
 2176 024f 56544F52 		.ascii	"VTOR\000"
 2176      00
 2177              	.LASF113:
 2178 0254 735F636E 		.ascii	"s_cnt\000"
 2178      7400
ARM GAS  /tmp/ccgq0B0R.s 			page 41


 2179              	.LASF46:
 2180 025a 63685F74 		.ascii	"ch_thread\000"
 2180      68726561 
 2180      6400
 2181              	.LASF80:
 2182 0264 49435352 		.ascii	"ICSR\000"
 2182      00
 2183              	.LASF22:
 2184 0269 6D73675F 		.ascii	"msg_t\000"
 2184      7400
 2185              	.LASF82:
 2186 026f 41495243 		.ascii	"AIRCR\000"
 2186      5200
 2187              	.LASF86:
 2188 0275 44465352 		.ascii	"DFSR\000"
 2188      00
 2189              	.LASF87:
 2190 027a 4D4D4641 		.ascii	"MMFAR\000"
 2190      5200
 2191              	.LASF129:
 2192 0280 5F706F72 		.ascii	"_port_irq_epilogue\000"
 2192      745F6972 
 2192      715F6570 
 2192      696C6F67 
 2192      756500
 2193              	.LASF18:
 2194 0293 746D6F64 		.ascii	"tmode_t\000"
 2194      655F7400 
 2195              	.LASF51:
 2196 029b 63685F72 		.ascii	"ch_ready_list\000"
 2196      65616479 
 2196      5F6C6973 
 2196      7400
 2197              	.LASF23:
 2198 02a9 6576656E 		.ascii	"eventmask_t\000"
 2198      746D6173 
 2198      6B5F7400 
 2199              	.LASF123:
 2200 02b5 746F704F 		.ascii	"topOfProcStack\000"
 2200      6650726F 
 2200      63537461 
 2200      636B00
 2201              	.LASF6:
 2202 02c4 5F5F696E 		.ascii	"__int32_t\000"
 2202      7433325F 
 2202      7400
 2203              	.LASF96:
 2204 02ce 73746B61 		.ascii	"stkalign_t\000"
 2204      6C69676E 
 2204      5F7400
 2205              	.LASF45:
 2206 02d9 74687265 		.ascii	"threads_list_t\000"
 2206      6164735F 
 2206      6C697374 
 2206      5F7400
 2207              	.LASF133:
 2208 02e8 2F686F6D 		.ascii	"/home/efe/ChibiOS/os/rt/ports/ARMCMx/chcore_v7m.c\000"
ARM GAS  /tmp/ccgq0B0R.s 			page 42


 2208      652F6566 
 2208      652F4368 
 2208      6962694F 
 2208      532F6F73 
 2209              	.LASF37:
 2210 031a 705F7761 		.ascii	"p_waiting\000"
 2210      6974696E 
 2210      6700
 2211              	.LASF78:
 2212 0324 73697A65 		.ascii	"sizetype\000"
 2212      74797065 
 2212      00
 2213              	.LASF44:
 2214 032d 74687265 		.ascii	"thread_reference_t\000"
 2214      61645F72 
 2214      65666572 
 2214      656E6365 
 2214      5F7400
 2215              	.LASF67:
 2216 0340 63685F76 		.ascii	"ch_virtual_timers_list\000"
 2216      69727475 
 2216      616C5F74 
 2216      696D6572 
 2216      735F6C69 
 2217              	.LASF84:
 2218 0357 43465352 		.ascii	"CFSR\000"
 2218      00
 2219              	.LASF68:
 2220 035c 76745F6C 		.ascii	"vt_lasttime\000"
 2220      61737474 
 2220      696D6500 
 2221              	.LASF32:
 2222 0368 705F6F6C 		.ascii	"p_older\000"
 2222      64657200 
 2223              	.LASF54:
 2224 0370 725F6374 		.ascii	"r_ctx\000"
 2224      7800
 2225              	.LASF99:
 2226 0376 706F7274 		.ascii	"port_extctx\000"
 2226      5F657874 
 2226      63747800 
 2227              	.LASF103:
 2228 0382 746D5F63 		.ascii	"tm_calibration_t\000"
 2228      616C6962 
 2228      72617469 
 2228      6F6E5F74 
 2228      00
 2229              	.LASF57:
 2230 0393 725F6375 		.ascii	"r_current\000"
 2230      7272656E 
 2230      7400
 2231              	.LASF56:
 2232 039d 725F6F6C 		.ascii	"r_older\000"
 2232      64657200 
 2233              	.LASF11:
 2234 03a5 5F5F7569 		.ascii	"__uint64_t\000"
 2234      6E743634 
ARM GAS  /tmp/ccgq0B0R.s 			page 43


 2234      5F7400
 2235              	.LASF20:
 2236 03b0 74726566 		.ascii	"trefs_t\000"
 2236      735F7400 
 2237              	.LASF92:
 2238 03b8 52455345 		.ascii	"RESERVED0\000"
 2238      52564544 
 2238      3000
 2239              	.LASF130:
 2240 03c2 63747870 		.ascii	"ctxp\000"
 2240      00
 2241              	.LASF59:
 2242 03c7 76697274 		.ascii	"virtual_timer_t\000"
 2242      75616C5F 
 2242      74696D65 
 2242      725F7400 
 2243              	.LASF28:
 2244 03d7 705F7072 		.ascii	"p_prev\000"
 2244      657600
 2245              	.LASF21:
 2246 03de 74707269 		.ascii	"tprio_t\000"
 2246      6F5F7400 
 2247              	.LASF70:
 2248 03e6 63685F73 		.ascii	"ch_system_debug\000"
 2248      79737465 
 2248      6D5F6465 
 2248      62756700 
 2249              	.LASF14:
 2250 03f6 696E7433 		.ascii	"int32_t\000"
 2250      325F7400 
 2251              	.LASF2:
 2252 03fe 756E7369 		.ascii	"unsigned char\000"
 2252      676E6564 
 2252      20636861 
 2252      7200
 2253              	.LASF83:
 2254 040c 53484353 		.ascii	"SHCSR\000"
 2254      5200
 2255              	.LASF131:
 2256 0412 49544D5F 		.ascii	"ITM_RxBuffer\000"
 2256      52784275 
 2256      66666572 
 2256      00
 2257              	.LASF41:
 2258 041f 705F6D74 		.ascii	"p_mtxlist\000"
 2258      786C6973 
 2258      7400
 2259              	.LASF3:
 2260 0429 73686F72 		.ascii	"short int\000"
 2260      7420696E 
 2260      7400
 2261              	.LASF34:
 2262 0433 705F7374 		.ascii	"p_state\000"
 2262      61746500 
 2263              	.LASF101:
 2264 043b 78707372 		.ascii	"xpsr\000"
 2264      00
ARM GAS  /tmp/ccgq0B0R.s 			page 44


 2265              	.LASF53:
 2266 0440 725F7072 		.ascii	"r_prio\000"
 2266      696F00
 2267              	.LASF110:
 2268 0447 65776D61 		.ascii	"ewmask\000"
 2268      736B00
 2269              	.LASF27:
 2270 044e 705F6E65 		.ascii	"p_next\000"
 2270      787400
 2271              	.LASF35:
 2272 0455 705F666C 		.ascii	"p_flags\000"
 2272      61677300 
 2273              	.LASF4:
 2274 045d 73686F72 		.ascii	"short unsigned int\000"
 2274      7420756E 
 2274      7369676E 
 2274      65642069 
 2274      6E7400
 2275              	.LASF100:
 2276 0470 6C725F74 		.ascii	"lr_thd\000"
 2276      686400
 2277              	.LASF128:
 2278 0477 5356435F 		.ascii	"SVC_Handler\000"
 2278      48616E64 
 2278      6C657200 
 2279              	.LASF60:
 2280 0483 63685F76 		.ascii	"ch_virtual_timer\000"
 2280      69727475 
 2280      616C5F74 
 2280      696D6572 
 2280      00
 2281              	.LASF111:
 2282 0494 63685F73 		.ascii	"ch_semaphore\000"
 2282      656D6170 
 2282      686F7265 
 2282      00
 2283              	.LASF40:
 2284 04a1 705F6570 		.ascii	"p_epending\000"
 2284      656E6469 
 2284      6E6700
 2285              	.LASF15:
 2286 04ac 75696E74 		.ascii	"uint32_t\000"
 2286      33325F74 
 2286      00
 2287              	.LASF109:
 2288 04b5 77746D74 		.ascii	"wtmtxp\000"
 2288      787000
 2289              	.LASF52:
 2290 04bc 725F7175 		.ascii	"r_queue\000"
 2290      65756500 
 2291              	.LASF63:
 2292 04c4 76745F64 		.ascii	"vt_delta\000"
 2292      656C7461 
 2292      00
 2293              	.LASF47:
 2294 04cd 63685F74 		.ascii	"ch_threads_list\000"
 2294      68726561 
ARM GAS  /tmp/ccgq0B0R.s 			page 45


 2294      64735F6C 
 2294      69737400 
 2295              	.LASF9:
 2296 04dd 6C6F6E67 		.ascii	"long unsigned int\000"
 2296      20756E73 
 2296      69676E65 
 2296      6420696E 
 2296      7400
 2297              	.LASF118:
 2298 04ef 63686172 		.ascii	"char\000"
 2298      00
 2299              	.LASF127:
 2300 04f4 706F7274 		.ascii	"port_unlock_from_isr\000"
 2300      5F756E6C 
 2300      6F636B5F 
 2300      66726F6D 
 2300      5F697372 
 2301              	.LASF26:
 2302 0509 74687265 		.ascii	"thread_t\000"
 2302      61645F74 
 2302      00
 2303              	.LASF117:
 2304 0512 6D5F6E65 		.ascii	"m_next\000"
 2304      787400
 2305              	.LASF25:
 2306 0519 73797374 		.ascii	"systime_t\000"
 2306      696D655F 
 2306      7400
 2307              	.LASF42:
 2308 0523 705F7265 		.ascii	"p_realprio\000"
 2308      616C7072 
 2308      696F00
 2309              	.LASF58:
 2310 052e 76746675 		.ascii	"vtfunc_t\000"
 2310      6E635F74 
 2310      00
 2311              	.LASF8:
 2312 0537 5F5F7569 		.ascii	"__uint32_t\000"
 2312      6E743332 
 2312      5F7400
 2313              	.LASF120:
 2314 0542 5F5F7365 		.ascii	"__set_BASEPRI\000"
 2314      745F4241 
 2314      53455052 
 2314      4900
 2315              	.LASF71:
 2316 0550 70616E69 		.ascii	"panic_msg\000"
 2316      635F6D73 
 2316      6700
 2317              	.LASF102:
 2318 055a 6F666673 		.ascii	"offset\000"
 2318      657400
 2319              	.LASF97:
 2320 0561 636F6E74 		.ascii	"context\000"
 2320      65787400 
 2321              	.LASF72:
 2322 0569 63685F73 		.ascii	"ch_system_t\000"
ARM GAS  /tmp/ccgq0B0R.s 			page 46


 2322      79737465 
 2322      6D5F7400 
 2323              	.LASF17:
 2324 0575 7274636E 		.ascii	"rtcnt_t\000"
 2324      745F7400 
 2325              	.LASF126:
 2326 057d 706F7274 		.ascii	"port_lock_from_isr\000"
 2326      5F6C6F63 
 2326      6B5F6672 
 2326      6F6D5F69 
 2326      737200
 2327              	.LASF134:
 2328 0590 5F5F6765 		.ascii	"__get_PSP\000"
 2328      745F5053 
 2328      5000
 2329              	.LASF65:
 2330 059a 76745F70 		.ascii	"vt_par\000"
 2330      617200
 2331              	.LASF48:
 2332 05a1 74687265 		.ascii	"threads_queue_t\000"
 2332      6164735F 
 2332      71756575 
 2332      655F7400 
 2333              	.LASF114:
 2334 05b1 63685F6D 		.ascii	"ch_mutex\000"
 2334      75746578 
 2334      00
 2335              	.LASF36:
 2336 05ba 705F7265 		.ascii	"p_refs\000"
 2336      667300
 2337              	.LASF90:
 2338 05c1 4D4D4652 		.ascii	"MMFR\000"
 2338      00
 2339              	.LASF74:
 2340 05c6 726C6973 		.ascii	"rlist\000"
 2340      7400
 2341              	.LASF13:
 2342 05cc 75696E74 		.ascii	"uint8_t\000"
 2342      385F7400 
 2343              	.LASF106:
 2344 05d4 77746F62 		.ascii	"wtobjp\000"
 2344      6A7000
 2345              	.LASF33:
 2346 05db 705F6E61 		.ascii	"p_name\000"
 2346      6D6500
 2347              	.LASF39:
 2348 05e2 705F6D73 		.ascii	"p_msg\000"
 2348      6700
 2349              	.LASF93:
 2350 05e8 43504143 		.ascii	"CPACR\000"
 2350      5200
 2351              	.LASF85:
 2352 05ee 48465352 		.ascii	"HFSR\000"
 2352      00
 2353              	.LASF116:
 2354 05f3 6D5F6F77 		.ascii	"m_owner\000"
 2354      6E657200 
ARM GAS  /tmp/ccgq0B0R.s 			page 47


 2355              	.LASF135:
 2356 05fb 72657375 		.ascii	"result\000"
 2356      6C7400
 2357              	.LASF30:
 2358 0602 705F6374 		.ascii	"p_ctx\000"
 2358      7800
 2359              	.LASF64:
 2360 0608 76745F66 		.ascii	"vt_func\000"
 2360      756E6300 
 2361              		.ident	"GCC: (4.8.4-1+11-1) 4.8.4 20141219 (release)"
ARM GAS  /tmp/ccgq0B0R.s 			page 48


DEFINED SYMBOLS
                            *ABS*:0000000000000000 chcore_v7m.c
     /tmp/ccgq0B0R.s:19     .text.port_lock:0000000000000000 $t
     /tmp/ccgq0B0R.s:24     .text.port_lock:0000000000000000 port_lock
     /tmp/ccgq0B0R.s:55     .text.port_unlock:0000000000000000 $t
     /tmp/ccgq0B0R.s:60     .text.port_unlock:0000000000000000 port_unlock
     /tmp/ccgq0B0R.s:89     .text.port_lock_from_isr:0000000000000000 $t
     /tmp/ccgq0B0R.s:94     .text.port_lock_from_isr:0000000000000000 port_lock_from_isr
     /tmp/ccgq0B0R.s:112    .text.port_unlock_from_isr:0000000000000000 $t
     /tmp/ccgq0B0R.s:117    .text.port_unlock_from_isr:0000000000000000 port_unlock_from_isr
     /tmp/ccgq0B0R.s:135    .text.SVC_Handler:0000000000000000 $t
     /tmp/ccgq0B0R.s:141    .text.SVC_Handler:0000000000000000 SVC_Handler
     /tmp/ccgq0B0R.s:197    .text._port_irq_epilogue:0000000000000000 $t
     /tmp/ccgq0B0R.s:203    .text._port_irq_epilogue:0000000000000000 _port_irq_epilogue
     /tmp/ccgq0B0R.s:291    .text._port_irq_epilogue:0000000000000058 $d
                     .debug_frame:0000000000000010 $d
     /tmp/ccgq0B0R.s:297    .text._port_irq_epilogue:0000000000000064 $t

UNDEFINED SYMBOLS
chSchIsPreemptionRequired
_port_switch_from_isr
_port_exit_from_isr
