ARM GAS  /tmp/ccSK55UJ.s 			page 1


   1              		.syntax unified
   2              		.cpu cortex-m4
   3              		.fpu softvfp
   4              		.eabi_attribute 20, 1
   5              		.eabi_attribute 21, 1
   6              		.eabi_attribute 23, 3
   7              		.eabi_attribute 24, 1
   8              		.eabi_attribute 25, 1
   9              		.eabi_attribute 26, 1
  10              		.eabi_attribute 30, 6
  11              		.eabi_attribute 34, 1
  12              		.eabi_attribute 18, 4
  13              		.thumb
  14              		.file	"chmempools.c"
  15              		.text
  16              	.Ltext0:
  17              		.cfi_sections	.debug_frame
  18              		.section	.text.port_lock,"ax",%progbits
  19              		.align	2
  20              		.p2align 4,,15
  21              		.thumb
  22              		.thumb_func
  23              		.type	port_lock, %function
  24              	port_lock:
  25              	.LFB127:
  26              		.file 1 "/home/efe/ChibiOS/os/rt/ports/ARMCMx/chcore_v7m.h"
  27              		.loc 1 456 0
  28              		.cfi_startproc
  29              		@ args = 0, pretend = 0, frame = 8
  30              		@ frame_needed = 0, uses_anonymous_args = 0
  31              		@ link register save eliminated.
  32 0000 82B0     		sub	sp, sp, #8
  33              		.cfi_def_cfa_offset 8
  34 0002 2023     		movs	r3, #32
  35 0004 0193     		str	r3, [sp, #4]
  36              	.LBB6:
  37              	.LBB7:
  38              		.file 2 "/home/efe/ChibiOS/os/ext/CMSIS/include/core_cmFunc.h"
  39              		.loc 2 548 0
  40 0006 019B     		ldr	r3, [sp, #4]
  41              	@ 548 "/home/efe/ChibiOS/os/ext/CMSIS/include/core_cmFunc.h" 1
  42 0008 83F31188 		MSR basepri, r3
  43              	@ 0 "" 2
  44              		.thumb
  45              	.LBE7:
  46              	.LBE6:
  47              		.loc 1 463 0
  48 000c 02B0     		add	sp, sp, #8
  49              		@ sp needed
  50 000e 7047     		bx	lr
  51              		.cfi_endproc
  52              	.LFE127:
  53              		.size	port_lock, .-port_lock
  54              		.section	.text.port_unlock,"ax",%progbits
  55              		.align	2
  56              		.p2align 4,,15
  57              		.thumb
ARM GAS  /tmp/ccSK55UJ.s 			page 2


  58              		.thumb_func
  59              		.type	port_unlock, %function
  60              	port_unlock:
  61              	.LFB128:
  62              		.loc 1 470 0
  63              		.cfi_startproc
  64              		@ args = 0, pretend = 0, frame = 8
  65              		@ frame_needed = 0, uses_anonymous_args = 0
  66              		@ link register save eliminated.
  67 0000 82B0     		sub	sp, sp, #8
  68              		.cfi_def_cfa_offset 8
  69 0002 0023     		movs	r3, #0
  70 0004 0193     		str	r3, [sp, #4]
  71              	.LBB8:
  72              	.LBB9:
  73              		.loc 2 548 0
  74 0006 019B     		ldr	r3, [sp, #4]
  75              	@ 548 "/home/efe/ChibiOS/os/ext/CMSIS/include/core_cmFunc.h" 1
  76 0008 83F31188 		MSR basepri, r3
  77              	@ 0 "" 2
  78              		.thumb
  79              	.LBE9:
  80              	.LBE8:
  81              		.loc 1 477 0
  82 000c 02B0     		add	sp, sp, #8
  83              		@ sp needed
  84 000e 7047     		bx	lr
  85              		.cfi_endproc
  86              	.LFE128:
  87              		.size	port_unlock, .-port_unlock
  88              		.section	.text.chSysLock,"ax",%progbits
  89              		.align	2
  90              		.p2align 4,,15
  91              		.thumb
  92              		.thumb_func
  93              		.type	chSysLock, %function
  94              	chSysLock:
  95              	.LFB167:
  96              		.file 3 "/home/efe/ChibiOS/os/rt/include/chsys.h"
  97              		.loc 3 346 0
  98              		.cfi_startproc
  99              		@ args = 0, pretend = 0, frame = 0
 100              		@ frame_needed = 0, uses_anonymous_args = 0
 101 0000 08B5     		push	{r3, lr}
 102              		.cfi_def_cfa_offset 8
 103              		.cfi_offset 3, -8
 104              		.cfi_offset 14, -4
 105              		.loc 3 348 0
 106 0002 FFF7FEFF 		bl	port_lock
 107              		.loc 3 351 0
 108 0006 08BD     		pop	{r3, pc}
 109              		.cfi_endproc
 110              	.LFE167:
 111              		.size	chSysLock, .-chSysLock
 112 0008 AFF30080 		.section	.text.chSysUnlock,"ax",%progbits
 112      AFF30080 
 113              		.align	2
ARM GAS  /tmp/ccSK55UJ.s 			page 3


 114              		.p2align 4,,15
 115              		.thumb
 116              		.thumb_func
 117              		.type	chSysUnlock, %function
 118              	chSysUnlock:
 119              	.LFB168:
 120              		.loc 3 358 0
 121              		.cfi_startproc
 122              		@ args = 0, pretend = 0, frame = 0
 123              		@ frame_needed = 0, uses_anonymous_args = 0
 124 0000 08B5     		push	{r3, lr}
 125              		.cfi_def_cfa_offset 8
 126              		.cfi_offset 3, -8
 127              		.cfi_offset 14, -4
 128              		.loc 3 371 0
 129 0002 FFF7FEFF 		bl	port_unlock
 130              		.loc 3 372 0
 131 0006 08BD     		pop	{r3, pc}
 132              		.cfi_endproc
 133              	.LFE168:
 134              		.size	chSysUnlock, .-chSysUnlock
 135 0008 AFF30080 		.section	.text.chPoolAdd,"ax",%progbits
 135      AFF30080 
 136              		.align	2
 137              		.p2align 4,,15
 138              		.thumb
 139              		.thumb_func
 140              		.type	chPoolAdd, %function
 141              	chPoolAdd:
 142              	.LFB228:
 143              		.file 4 "/home/efe/ChibiOS/os/rt/include/chmempools.h"
 144              		.loc 4 137 0
 145              		.cfi_startproc
 146              		@ args = 0, pretend = 0, frame = 8
 147              		@ frame_needed = 0, uses_anonymous_args = 0
 148 0000 00B5     		push	{lr}
 149              		.cfi_def_cfa_offset 4
 150              		.cfi_offset 14, -4
 151 0002 83B0     		sub	sp, sp, #12
 152              		.cfi_def_cfa_offset 16
 153 0004 0190     		str	r0, [sp, #4]
 154 0006 0091     		str	r1, [sp]
 155              		.loc 4 139 0
 156 0008 0198     		ldr	r0, [sp, #4]
 157 000a 0099     		ldr	r1, [sp]
 158 000c FFF7FEFF 		bl	chPoolFree
 159              		.loc 4 140 0
 160 0010 03B0     		add	sp, sp, #12
 161              		@ sp needed
 162 0012 5DF804FB 		ldr	pc, [sp], #4
 163              		.cfi_endproc
 164              	.LFE228:
 165              		.size	chPoolAdd, .-chPoolAdd
 166 0016 00BFAFF3 		.section	.text.chPoolObjectInit,"ax",%progbits
 166      0080AFF3 
 166      0080
 167              		.align	2
ARM GAS  /tmp/ccSK55UJ.s 			page 4


 168              		.p2align 4,,15
 169              		.global	chPoolObjectInit
 170              		.thumb
 171              		.thumb_func
 172              		.type	chPoolObjectInit, %function
 173              	chPoolObjectInit:
 174              	.LFB240:
 175              		.file 5 "/home/efe/ChibiOS/os/rt/src/chmempools.c"
 176              		.loc 5 75 0
 177              		.cfi_startproc
 178              		@ args = 0, pretend = 0, frame = 16
 179              		@ frame_needed = 0, uses_anonymous_args = 0
 180              		@ link register save eliminated.
 181 0000 84B0     		sub	sp, sp, #16
 182              		.cfi_def_cfa_offset 16
 183 0002 0390     		str	r0, [sp, #12]
 184 0004 0291     		str	r1, [sp, #8]
 185 0006 0192     		str	r2, [sp, #4]
 186              		.loc 5 79 0
 187 0008 039B     		ldr	r3, [sp, #12]
 188 000a 0022     		movs	r2, #0
 189 000c 1A60     		str	r2, [r3]
 190              		.loc 5 80 0
 191 000e 039B     		ldr	r3, [sp, #12]
 192 0010 029A     		ldr	r2, [sp, #8]
 193 0012 5A60     		str	r2, [r3, #4]
 194              		.loc 5 81 0
 195 0014 039B     		ldr	r3, [sp, #12]
 196 0016 019A     		ldr	r2, [sp, #4]
 197 0018 9A60     		str	r2, [r3, #8]
 198              		.loc 5 82 0
 199 001a 04B0     		add	sp, sp, #16
 200              		@ sp needed
 201 001c 7047     		bx	lr
 202              		.cfi_endproc
 203              	.LFE240:
 204              		.size	chPoolObjectInit, .-chPoolObjectInit
 205 001e 00BF     		.section	.text.chPoolLoadArray,"ax",%progbits
 206              		.align	2
 207              		.p2align 4,,15
 208              		.global	chPoolLoadArray
 209              		.thumb
 210              		.thumb_func
 211              		.type	chPoolLoadArray, %function
 212              	chPoolLoadArray:
 213              	.LFB241:
 214              		.loc 5 97 0
 215              		.cfi_startproc
 216              		@ args = 0, pretend = 0, frame = 16
 217              		@ frame_needed = 0, uses_anonymous_args = 0
 218 0000 00B5     		push	{lr}
 219              		.cfi_def_cfa_offset 4
 220              		.cfi_offset 14, -4
 221 0002 85B0     		sub	sp, sp, #20
 222              		.cfi_def_cfa_offset 24
 223 0004 0390     		str	r0, [sp, #12]
 224 0006 0291     		str	r1, [sp, #8]
ARM GAS  /tmp/ccSK55UJ.s 			page 5


 225 0008 0192     		str	r2, [sp, #4]
 226              		.loc 5 101 0
 227 000a 0BE0     		b	.L8
 228              	.L9:
 229              		.loc 5 102 0
 230 000c 0398     		ldr	r0, [sp, #12]
 231 000e 0299     		ldr	r1, [sp, #8]
 232 0010 FFF7FEFF 		bl	chPoolAdd
 233              		.loc 5 104 0
 234 0014 039B     		ldr	r3, [sp, #12]
 235 0016 5B68     		ldr	r3, [r3, #4]
 236 0018 029A     		ldr	r2, [sp, #8]
 237 001a 1344     		add	r3, r3, r2
 238 001c 0293     		str	r3, [sp, #8]
 239              		.loc 5 106 0
 240 001e 019B     		ldr	r3, [sp, #4]
 241 0020 013B     		subs	r3, r3, #1
 242 0022 0193     		str	r3, [sp, #4]
 243              	.L8:
 244              		.loc 5 101 0 discriminator 1
 245 0024 019B     		ldr	r3, [sp, #4]
 246 0026 002B     		cmp	r3, #0
 247 0028 F0D1     		bne	.L9
 248              		.loc 5 108 0
 249 002a 05B0     		add	sp, sp, #20
 250              		@ sp needed
 251 002c 5DF804FB 		ldr	pc, [sp], #4
 252              		.cfi_endproc
 253              	.LFE241:
 254              		.size	chPoolLoadArray, .-chPoolLoadArray
 255              		.section	.text.chPoolAllocI,"ax",%progbits
 256              		.align	2
 257              		.p2align 4,,15
 258              		.global	chPoolAllocI
 259              		.thumb
 260              		.thumb_func
 261              		.type	chPoolAllocI, %function
 262              	chPoolAllocI:
 263              	.LFB242:
 264              		.loc 5 120 0
 265              		.cfi_startproc
 266              		@ args = 0, pretend = 0, frame = 16
 267              		@ frame_needed = 0, uses_anonymous_args = 0
 268 0000 00B5     		push	{lr}
 269              		.cfi_def_cfa_offset 4
 270              		.cfi_offset 14, -4
 271 0002 85B0     		sub	sp, sp, #20
 272              		.cfi_def_cfa_offset 24
 273 0004 0190     		str	r0, [sp, #4]
 274              		.loc 5 126 0
 275 0006 019B     		ldr	r3, [sp, #4]
 276 0008 1B68     		ldr	r3, [r3]
 277 000a 0393     		str	r3, [sp, #12]
 278              		.loc 5 128 0
 279 000c 039B     		ldr	r3, [sp, #12]
 280 000e 002B     		cmp	r3, #0
 281 0010 05D0     		beq	.L11
ARM GAS  /tmp/ccSK55UJ.s 			page 6


 282              		.loc 5 129 0
 283 0012 019B     		ldr	r3, [sp, #4]
 284 0014 1B68     		ldr	r3, [r3]
 285 0016 1A68     		ldr	r2, [r3]
 286 0018 019B     		ldr	r3, [sp, #4]
 287 001a 1A60     		str	r2, [r3]
 288 001c 0AE0     		b	.L12
 289              	.L11:
 290              		.loc 5 131 0
 291 001e 019B     		ldr	r3, [sp, #4]
 292 0020 9B68     		ldr	r3, [r3, #8]
 293 0022 002B     		cmp	r3, #0
 294 0024 06D0     		beq	.L12
 295              		.loc 5 132 0
 296 0026 019B     		ldr	r3, [sp, #4]
 297 0028 9B68     		ldr	r3, [r3, #8]
 298 002a 019A     		ldr	r2, [sp, #4]
 299 002c 5268     		ldr	r2, [r2, #4]
 300 002e 1046     		mov	r0, r2
 301 0030 9847     		blx	r3
 302 0032 0390     		str	r0, [sp, #12]
 303              	.L12:
 304              		.loc 5 136 0
 305 0034 039B     		ldr	r3, [sp, #12]
 306              		.loc 5 137 0
 307 0036 1846     		mov	r0, r3
 308 0038 05B0     		add	sp, sp, #20
 309              		@ sp needed
 310 003a 5DF804FB 		ldr	pc, [sp], #4
 311              		.cfi_endproc
 312              	.LFE242:
 313              		.size	chPoolAllocI, .-chPoolAllocI
 314 003e 00BF     		.section	.text.chPoolAlloc,"ax",%progbits
 315              		.align	2
 316              		.p2align 4,,15
 317              		.global	chPoolAlloc
 318              		.thumb
 319              		.thumb_func
 320              		.type	chPoolAlloc, %function
 321              	chPoolAlloc:
 322              	.LFB243:
 323              		.loc 5 149 0
 324              		.cfi_startproc
 325              		@ args = 0, pretend = 0, frame = 16
 326              		@ frame_needed = 0, uses_anonymous_args = 0
 327 0000 00B5     		push	{lr}
 328              		.cfi_def_cfa_offset 4
 329              		.cfi_offset 14, -4
 330 0002 85B0     		sub	sp, sp, #20
 331              		.cfi_def_cfa_offset 24
 332 0004 0190     		str	r0, [sp, #4]
 333              		.loc 5 152 0
 334 0006 FFF7FEFF 		bl	chSysLock
 335              		.loc 5 153 0
 336 000a 0198     		ldr	r0, [sp, #4]
 337 000c FFF7FEFF 		bl	chPoolAllocI
 338 0010 0390     		str	r0, [sp, #12]
ARM GAS  /tmp/ccSK55UJ.s 			page 7


 339              		.loc 5 154 0
 340 0012 FFF7FEFF 		bl	chSysUnlock
 341              		.loc 5 156 0
 342 0016 039B     		ldr	r3, [sp, #12]
 343              		.loc 5 157 0
 344 0018 1846     		mov	r0, r3
 345 001a 05B0     		add	sp, sp, #20
 346              		@ sp needed
 347 001c 5DF804FB 		ldr	pc, [sp], #4
 348              		.cfi_endproc
 349              	.LFE243:
 350              		.size	chPoolAlloc, .-chPoolAlloc
 351              		.section	.text.chPoolFreeI,"ax",%progbits
 352              		.align	2
 353              		.p2align 4,,15
 354              		.global	chPoolFreeI
 355              		.thumb
 356              		.thumb_func
 357              		.type	chPoolFreeI, %function
 358              	chPoolFreeI:
 359              	.LFB244:
 360              		.loc 5 171 0
 361              		.cfi_startproc
 362              		@ args = 0, pretend = 0, frame = 16
 363              		@ frame_needed = 0, uses_anonymous_args = 0
 364              		@ link register save eliminated.
 365 0000 84B0     		sub	sp, sp, #16
 366              		.cfi_def_cfa_offset 16
 367 0002 0190     		str	r0, [sp, #4]
 368 0004 0091     		str	r1, [sp]
 369              		.loc 5 172 0
 370 0006 009B     		ldr	r3, [sp]
 371 0008 0393     		str	r3, [sp, #12]
 372              		.loc 5 177 0
 373 000a 019B     		ldr	r3, [sp, #4]
 374 000c 1A68     		ldr	r2, [r3]
 375 000e 039B     		ldr	r3, [sp, #12]
 376 0010 1A60     		str	r2, [r3]
 377              		.loc 5 178 0
 378 0012 019B     		ldr	r3, [sp, #4]
 379 0014 039A     		ldr	r2, [sp, #12]
 380 0016 1A60     		str	r2, [r3]
 381              		.loc 5 179 0
 382 0018 04B0     		add	sp, sp, #16
 383              		@ sp needed
 384 001a 7047     		bx	lr
 385              		.cfi_endproc
 386              	.LFE244:
 387              		.size	chPoolFreeI, .-chPoolFreeI
 388 001c AFF30080 		.section	.text.chPoolFree,"ax",%progbits
 389              		.align	2
 390              		.p2align 4,,15
 391              		.global	chPoolFree
 392              		.thumb
 393              		.thumb_func
 394              		.type	chPoolFree, %function
 395              	chPoolFree:
ARM GAS  /tmp/ccSK55UJ.s 			page 8


 396              	.LFB245:
 397              		.loc 5 193 0
 398              		.cfi_startproc
 399              		@ args = 0, pretend = 0, frame = 8
 400              		@ frame_needed = 0, uses_anonymous_args = 0
 401 0000 00B5     		push	{lr}
 402              		.cfi_def_cfa_offset 4
 403              		.cfi_offset 14, -4
 404 0002 83B0     		sub	sp, sp, #12
 405              		.cfi_def_cfa_offset 16
 406 0004 0190     		str	r0, [sp, #4]
 407 0006 0091     		str	r1, [sp]
 408              		.loc 5 195 0
 409 0008 FFF7FEFF 		bl	chSysLock
 410              		.loc 5 196 0
 411 000c 0198     		ldr	r0, [sp, #4]
 412 000e 0099     		ldr	r1, [sp]
 413 0010 FFF7FEFF 		bl	chPoolFreeI
 414              		.loc 5 197 0
 415 0014 FFF7FEFF 		bl	chSysUnlock
 416              		.loc 5 198 0
 417 0018 03B0     		add	sp, sp, #12
 418              		@ sp needed
 419 001a 5DF804FB 		ldr	pc, [sp], #4
 420              		.cfi_endproc
 421              	.LFE245:
 422              		.size	chPoolFree, .-chPoolFree
 423 001e 00BF     		.text
 424              	.Letext0:
 425              		.file 6 "/usr/lib/gcc/arm-none-eabi/4.8/include/stddef.h"
 426              		.file 7 "/usr/include/newlib/machine/_default_types.h"
 427              		.file 8 "/usr/include/newlib/stdint.h"
 428              		.file 9 "/home/efe/ChibiOS/os/rt/ports/ARMCMx/compilers/GCC/chtypes.h"
 429              		.file 10 "/home/efe/ChibiOS/os/rt/include/chsystypes.h"
 430              		.file 11 "/home/efe/ChibiOS/os/rt/include/chschd.h"
 431              		.file 12 "/home/efe/ChibiOS/os/rt/ports/ARMCMx/chcore.h"
 432              		.file 13 "/home/efe/ChibiOS/os/rt/include/chtm.h"
 433              		.file 14 "/home/efe/ChibiOS/os/rt/include/chsem.h"
 434              		.file 15 "/home/efe/ChibiOS/os/rt/include/chmtx.h"
 435              		.file 16 "/home/efe/ChibiOS/os/rt/include/chmemcore.h"
 436              		.file 17 "/home/efe/ChibiOS/os/ext/CMSIS/include/core_cm4.h"
 437              		.section	.debug_info,"",%progbits
 438              	.Ldebug_info0:
 439 0000 61090000 		.4byte	0x961
 440 0004 0400     		.2byte	0x4
 441 0006 00000000 		.4byte	.Ldebug_abbrev0
 442 000a 04       		.byte	0x4
 443 000b 01       		.uleb128 0x1
 444 000c 36010000 		.4byte	.LASF124
 445 0010 01       		.byte	0x1
 446 0011 CA050000 		.4byte	.LASF125
 447 0015 00000000 		.4byte	.Ldebug_ranges0+0
 448 0019 00000000 		.4byte	0
 449 001d 00000000 		.4byte	.Ldebug_line0
 450 0021 02       		.uleb128 0x2
 451 0022 04       		.byte	0x4
 452 0023 05       		.byte	0x5
ARM GAS  /tmp/ccSK55UJ.s 			page 9


 453 0024 696E7400 		.ascii	"int\000"
 454 0028 03       		.uleb128 0x3
 455 0029 0D000000 		.4byte	.LASF2
 456 002d 06       		.byte	0x6
 457 002e D4       		.byte	0xd4
 458 002f 33000000 		.4byte	0x33
 459 0033 04       		.uleb128 0x4
 460 0034 04       		.byte	0x4
 461 0035 07       		.byte	0x7
 462 0036 3E020000 		.4byte	.LASF0
 463 003a 04       		.uleb128 0x4
 464 003b 01       		.byte	0x1
 465 003c 06       		.byte	0x6
 466 003d DD000000 		.4byte	.LASF1
 467 0041 03       		.uleb128 0x3
 468 0042 24000000 		.4byte	.LASF3
 469 0046 07       		.byte	0x7
 470 0047 1D       		.byte	0x1d
 471 0048 4C000000 		.4byte	0x4c
 472 004c 04       		.uleb128 0x4
 473 004d 01       		.byte	0x1
 474 004e 08       		.byte	0x8
 475 004f EE030000 		.4byte	.LASF4
 476 0053 04       		.uleb128 0x4
 477 0054 02       		.byte	0x2
 478 0055 05       		.byte	0x5
 479 0056 06040000 		.4byte	.LASF5
 480 005a 04       		.uleb128 0x4
 481 005b 02       		.byte	0x2
 482 005c 07       		.byte	0x7
 483 005d 79020000 		.4byte	.LASF6
 484 0061 03       		.uleb128 0x3
 485 0062 E5020000 		.4byte	.LASF7
 486 0066 07       		.byte	0x7
 487 0067 3F       		.byte	0x3f
 488 0068 6C000000 		.4byte	0x6c
 489 006c 04       		.uleb128 0x4
 490 006d 04       		.byte	0x4
 491 006e 05       		.byte	0x5
 492 006f 1C010000 		.4byte	.LASF8
 493 0073 03       		.uleb128 0x3
 494 0074 E4040000 		.4byte	.LASF9
 495 0078 07       		.byte	0x7
 496 0079 41       		.byte	0x41
 497 007a 7E000000 		.4byte	0x7e
 498 007e 04       		.uleb128 0x4
 499 007f 04       		.byte	0x4
 500 0080 07       		.byte	0x7
 501 0081 9F040000 		.4byte	.LASF10
 502 0085 04       		.uleb128 0x4
 503 0086 08       		.byte	0x8
 504 0087 05       		.byte	0x5
 505 0088 CF000000 		.4byte	.LASF11
 506 008c 03       		.uleb128 0x3
 507 008d 9C030000 		.4byte	.LASF12
 508 0091 07       		.byte	0x7
 509 0092 5B       		.byte	0x5b
ARM GAS  /tmp/ccSK55UJ.s 			page 10


 510 0093 97000000 		.4byte	0x97
 511 0097 04       		.uleb128 0x4
 512 0098 08       		.byte	0x8
 513 0099 07       		.byte	0x7
 514 009a 69000000 		.4byte	.LASF13
 515 009e 03       		.uleb128 0x3
 516 009f 5D050000 		.4byte	.LASF14
 517 00a3 08       		.byte	0x8
 518 00a4 2A       		.byte	0x2a
 519 00a5 41000000 		.4byte	0x41
 520 00a9 03       		.uleb128 0x3
 521 00aa E6030000 		.4byte	.LASF15
 522 00ae 08       		.byte	0x8
 523 00af 41       		.byte	0x41
 524 00b0 61000000 		.4byte	0x61
 525 00b4 03       		.uleb128 0x3
 526 00b5 6E040000 		.4byte	.LASF16
 527 00b9 08       		.byte	0x8
 528 00ba 42       		.byte	0x42
 529 00bb 73000000 		.4byte	0x73
 530 00bf 03       		.uleb128 0x3
 531 00c0 1B000000 		.4byte	.LASF17
 532 00c4 08       		.byte	0x8
 533 00c5 4E       		.byte	0x4e
 534 00c6 8C000000 		.4byte	0x8c
 535 00ca 05       		.uleb128 0x5
 536 00cb A9000000 		.4byte	0xa9
 537 00cf 03       		.uleb128 0x3
 538 00d0 25050000 		.4byte	.LASF18
 539 00d4 09       		.byte	0x9
 540 00d5 45       		.byte	0x45
 541 00d6 B4000000 		.4byte	0xb4
 542 00da 03       		.uleb128 0x3
 543 00db B2020000 		.4byte	.LASF19
 544 00df 09       		.byte	0x9
 545 00e0 48       		.byte	0x48
 546 00e1 9E000000 		.4byte	0x9e
 547 00e5 03       		.uleb128 0x3
 548 00e6 25010000 		.4byte	.LASF20
 549 00ea 09       		.byte	0x9
 550 00eb 49       		.byte	0x49
 551 00ec 9E000000 		.4byte	0x9e
 552 00f0 03       		.uleb128 0x3
 553 00f1 AF030000 		.4byte	.LASF21
 554 00f5 09       		.byte	0x9
 555 00f6 4A       		.byte	0x4a
 556 00f7 9E000000 		.4byte	0x9e
 557 00fb 03       		.uleb128 0x3
 558 00fc CE030000 		.4byte	.LASF22
 559 0100 09       		.byte	0x9
 560 0101 4C       		.byte	0x4c
 561 0102 B4000000 		.4byte	0xb4
 562 0106 03       		.uleb128 0x3
 563 0107 96020000 		.4byte	.LASF23
 564 010b 09       		.byte	0x9
 565 010c 4D       		.byte	0x4d
 566 010d A9000000 		.4byte	0xa9
ARM GAS  /tmp/ccSK55UJ.s 			page 11


 567 0111 03       		.uleb128 0x3
 568 0112 D9020000 		.4byte	.LASF24
 569 0116 09       		.byte	0x9
 570 0117 4F       		.byte	0x4f
 571 0118 B4000000 		.4byte	0xb4
 572 011c 03       		.uleb128 0x3
 573 011d 38020000 		.4byte	.LASF25
 574 0121 09       		.byte	0x9
 575 0122 51       		.byte	0x51
 576 0123 A9000000 		.4byte	0xa9
 577 0127 03       		.uleb128 0x3
 578 0128 C6040000 		.4byte	.LASF26
 579 012c 0A       		.byte	0xa
 580 012d 33       		.byte	0x33
 581 012e B4000000 		.4byte	0xb4
 582 0132 03       		.uleb128 0x3
 583 0133 B6040000 		.4byte	.LASF27
 584 0137 0A       		.byte	0xa
 585 0138 3F       		.byte	0x3f
 586 0139 3D010000 		.4byte	0x13d
 587 013d 06       		.uleb128 0x6
 588 013e 8C020000 		.4byte	.LASF47
 589 0142 44       		.byte	0x44
 590 0143 0B       		.byte	0xb
 591 0144 C2       		.byte	0xc2
 592 0145 2A020000 		.4byte	0x22a
 593 0149 07       		.uleb128 0x7
 594 014a 26040000 		.4byte	.LASF28
 595 014e 0B       		.byte	0xb
 596 014f C3       		.byte	0xc3
 597 0150 35020000 		.4byte	0x235
 598 0154 00       		.byte	0
 599 0155 07       		.uleb128 0x7
 600 0156 C7030000 		.4byte	.LASF29
 601 015a 0B       		.byte	0xb
 602 015b C5       		.byte	0xc5
 603 015c 35020000 		.4byte	0x235
 604 0160 04       		.byte	0x4
 605 0161 07       		.uleb128 0x7
 606 0162 C8000000 		.4byte	.LASF30
 607 0166 0B       		.byte	0xb
 608 0167 C7       		.byte	0xc7
 609 0168 FB000000 		.4byte	0xfb
 610 016c 08       		.byte	0x8
 611 016d 07       		.uleb128 0x7
 612 016e F3050000 		.4byte	.LASF31
 613 0172 0B       		.byte	0xb
 614 0173 C8       		.byte	0xc8
 615 0174 65040000 		.4byte	0x465
 616 0178 0C       		.byte	0xc
 617 0179 07       		.uleb128 0x7
 618 017a E6010000 		.4byte	.LASF32
 619 017e 0B       		.byte	0xb
 620 017f CA       		.byte	0xca
 621 0180 35020000 		.4byte	0x235
 622 0184 10       		.byte	0x10
 623 0185 07       		.uleb128 0x7
ARM GAS  /tmp/ccSK55UJ.s 			page 12


 624 0186 5C030000 		.4byte	.LASF33
 625 018a 0B       		.byte	0xb
 626 018b CB       		.byte	0xcb
 627 018c 35020000 		.4byte	0x235
 628 0190 14       		.byte	0x14
 629 0191 07       		.uleb128 0x7
 630 0192 83050000 		.4byte	.LASF34
 631 0196 0B       		.byte	0xb
 632 0197 D2       		.byte	0xd2
 633 0198 E4050000 		.4byte	0x5e4
 634 019c 18       		.byte	0x18
 635 019d 07       		.uleb128 0x7
 636 019e 10040000 		.4byte	.LASF35
 637 01a2 0B       		.byte	0xb
 638 01a3 DD       		.byte	0xdd
 639 01a4 E5000000 		.4byte	0xe5
 640 01a8 1C       		.byte	0x1c
 641 01a9 07       		.uleb128 0x7
 642 01aa 9E050000 		.4byte	.LASF36
 643 01ae 0B       		.byte	0xb
 644 01af E1       		.byte	0xe1
 645 01b0 DA000000 		.4byte	0xda
 646 01b4 1D       		.byte	0x1d
 647 01b5 07       		.uleb128 0x7
 648 01b6 50050000 		.4byte	.LASF37
 649 01ba 0B       		.byte	0xb
 650 01bb E6       		.byte	0xe6
 651 01bc F0000000 		.4byte	0xf0
 652 01c0 1E       		.byte	0x1e
 653 01c1 08       		.uleb128 0x8
 654 01c2 705F7500 		.ascii	"p_u\000"
 655 01c6 0B       		.byte	0xb
 656 01c7 3101     		.2byte	0x131
 657 01c9 1F050000 		.4byte	0x51f
 658 01cd 20       		.byte	0x20
 659 01ce 09       		.uleb128 0x9
 660 01cf FA020000 		.4byte	.LASF38
 661 01d3 0B       		.byte	0xb
 662 01d4 3601     		.2byte	0x136
 663 01d6 3B020000 		.4byte	0x23b
 664 01da 24       		.byte	0x24
 665 01db 09       		.uleb128 0x9
 666 01dc 5A020000 		.4byte	.LASF39
 667 01e0 0B       		.byte	0xb
 668 01e1 3C01     		.2byte	0x13c
 669 01e3 5F020000 		.4byte	0x25f
 670 01e7 28       		.byte	0x28
 671 01e8 09       		.uleb128 0x9
 672 01e9 1F050000 		.4byte	.LASF40
 673 01ed 0B       		.byte	0xb
 674 01ee 4001     		.2byte	0x140
 675 01f0 06010000 		.4byte	0x106
 676 01f4 30       		.byte	0x30
 677 01f5 09       		.uleb128 0x9
 678 01f6 63040000 		.4byte	.LASF41
 679 01fa 0B       		.byte	0xb
 680 01fb 4601     		.2byte	0x146
ARM GAS  /tmp/ccSK55UJ.s 			page 13


 681 01fd 11010000 		.4byte	0x111
 682 0201 34       		.byte	0x34
 683 0202 09       		.uleb128 0x9
 684 0203 FC030000 		.4byte	.LASF42
 685 0207 0B       		.byte	0xb
 686 0208 4D01     		.2byte	0x14d
 687 020a DE050000 		.4byte	0x5de
 688 020e 38       		.byte	0x38
 689 020f 09       		.uleb128 0x9
 690 0210 D0040000 		.4byte	.LASF43
 691 0214 0B       		.byte	0xb
 692 0215 5101     		.2byte	0x151
 693 0217 FB000000 		.4byte	0xfb
 694 021b 3C       		.byte	0x3c
 695 021c 09       		.uleb128 0x9
 696 021d E9000000 		.4byte	.LASF44
 697 0221 0B       		.byte	0xb
 698 0222 5801     		.2byte	0x158
 699 0224 12030000 		.4byte	0x312
 700 0228 40       		.byte	0x40
 701 0229 00       		.byte	0
 702 022a 03       		.uleb128 0x3
 703 022b 0D030000 		.4byte	.LASF45
 704 022f 0A       		.byte	0xa
 705 0230 44       		.byte	0x44
 706 0231 35020000 		.4byte	0x235
 707 0235 0A       		.uleb128 0xa
 708 0236 04       		.byte	0x4
 709 0237 32010000 		.4byte	0x132
 710 023b 03       		.uleb128 0x3
 711 023c 8F050000 		.4byte	.LASF46
 712 0240 0A       		.byte	0xa
 713 0241 49       		.byte	0x49
 714 0242 46020000 		.4byte	0x246
 715 0246 06       		.uleb128 0x6
 716 0247 8F040000 		.4byte	.LASF48
 717 024b 04       		.byte	0x4
 718 024c 0B       		.byte	0xb
 719 024d B0       		.byte	0xb0
 720 024e 5F020000 		.4byte	0x25f
 721 0252 07       		.uleb128 0x7
 722 0253 26040000 		.4byte	.LASF28
 723 0257 0B       		.byte	0xb
 724 0258 B1       		.byte	0xb1
 725 0259 35020000 		.4byte	0x235
 726 025d 00       		.byte	0
 727 025e 00       		.byte	0
 728 025f 03       		.uleb128 0x3
 729 0260 34050000 		.4byte	.LASF49
 730 0264 0A       		.byte	0xa
 731 0265 50       		.byte	0x50
 732 0266 6A020000 		.4byte	0x26a
 733 026a 06       		.uleb128 0x6
 734 026b B7000000 		.4byte	.LASF50
 735 026f 08       		.byte	0x8
 736 0270 0B       		.byte	0xb
 737 0271 B7       		.byte	0xb7
ARM GAS  /tmp/ccSK55UJ.s 			page 14


 738 0272 8F020000 		.4byte	0x28f
 739 0276 07       		.uleb128 0x7
 740 0277 26040000 		.4byte	.LASF28
 741 027b 0B       		.byte	0xb
 742 027c B8       		.byte	0xb8
 743 027d 35020000 		.4byte	0x235
 744 0281 00       		.byte	0
 745 0282 07       		.uleb128 0x7
 746 0283 C7030000 		.4byte	.LASF29
 747 0287 0B       		.byte	0xb
 748 0288 B9       		.byte	0xb9
 749 0289 35020000 		.4byte	0x235
 750 028d 04       		.byte	0x4
 751 028e 00       		.byte	0
 752 028f 03       		.uleb128 0x3
 753 0290 00000000 		.4byte	.LASF51
 754 0294 0A       		.byte	0xa
 755 0295 57       		.byte	0x57
 756 0296 9A020000 		.4byte	0x29a
 757 029a 0B       		.uleb128 0xb
 758 029b CB020000 		.4byte	.LASF52
 759 029f 1C       		.byte	0x1c
 760 02a0 0B       		.byte	0xb
 761 02a1 9001     		.2byte	0x190
 762 02a3 F6020000 		.4byte	0x2f6
 763 02a7 09       		.uleb128 0x9
 764 02a8 7E040000 		.4byte	.LASF53
 765 02ac 0B       		.byte	0xb
 766 02ad 9101     		.2byte	0x191
 767 02af 5F020000 		.4byte	0x25f
 768 02b3 00       		.byte	0
 769 02b4 09       		.uleb128 0x9
 770 02b5 18040000 		.4byte	.LASF54
 771 02b9 0B       		.byte	0xb
 772 02ba 9201     		.2byte	0x192
 773 02bc FB000000 		.4byte	0xfb
 774 02c0 08       		.byte	0x8
 775 02c1 09       		.uleb128 0x9
 776 02c2 64030000 		.4byte	.LASF55
 777 02c6 0B       		.byte	0xb
 778 02c7 9401     		.2byte	0x194
 779 02c9 65040000 		.4byte	0x465
 780 02cd 0C       		.byte	0xc
 781 02ce 09       		.uleb128 0x9
 782 02cf F6010000 		.4byte	.LASF56
 783 02d3 0B       		.byte	0xb
 784 02d4 9701     		.2byte	0x197
 785 02d6 35020000 		.4byte	0x235
 786 02da 10       		.byte	0x10
 787 02db 09       		.uleb128 0x9
 788 02dc 94030000 		.4byte	.LASF57
 789 02e0 0B       		.byte	0xb
 790 02e1 9801     		.2byte	0x198
 791 02e3 35020000 		.4byte	0x235
 792 02e7 14       		.byte	0x14
 793 02e8 09       		.uleb128 0x9
 794 02e9 8A030000 		.4byte	.LASF58
ARM GAS  /tmp/ccSK55UJ.s 			page 15


 795 02ed 0B       		.byte	0xb
 796 02ee 9B01     		.2byte	0x19b
 797 02f0 35020000 		.4byte	0x235
 798 02f4 18       		.byte	0x18
 799 02f5 00       		.byte	0
 800 02f6 03       		.uleb128 0x3
 801 02f7 DB040000 		.4byte	.LASF59
 802 02fb 0A       		.byte	0xa
 803 02fc 5C       		.byte	0x5c
 804 02fd 01030000 		.4byte	0x301
 805 0301 0A       		.uleb128 0xa
 806 0302 04       		.byte	0x4
 807 0303 07030000 		.4byte	0x307
 808 0307 0C       		.uleb128 0xc
 809 0308 12030000 		.4byte	0x312
 810 030c 0D       		.uleb128 0xd
 811 030d 12030000 		.4byte	0x312
 812 0311 00       		.byte	0
 813 0312 0E       		.uleb128 0xe
 814 0313 04       		.byte	0x4
 815 0314 03       		.uleb128 0x3
 816 0315 B7030000 		.4byte	.LASF60
 817 0319 0A       		.byte	0xa
 818 031a 61       		.byte	0x61
 819 031b 1F030000 		.4byte	0x31f
 820 031f 0B       		.uleb128 0xb
 821 0320 45040000 		.4byte	.LASF61
 822 0324 14       		.byte	0x14
 823 0325 0B       		.byte	0xb
 824 0326 6B01     		.2byte	0x16b
 825 0328 6E030000 		.4byte	0x36e
 826 032c 09       		.uleb128 0x9
 827 032d 4B020000 		.4byte	.LASF62
 828 0331 0B       		.byte	0xb
 829 0332 6C01     		.2byte	0x16c
 830 0334 F6050000 		.4byte	0x5f6
 831 0338 00       		.byte	0
 832 0339 09       		.uleb128 0x9
 833 033a 13020000 		.4byte	.LASF63
 834 033e 0B       		.byte	0xb
 835 033f 6D01     		.2byte	0x16d
 836 0341 F6050000 		.4byte	0x5f6
 837 0345 04       		.byte	0x4
 838 0346 09       		.uleb128 0x9
 839 0347 86040000 		.4byte	.LASF64
 840 034b 0B       		.byte	0xb
 841 034c 6E01     		.2byte	0x16e
 842 034e 27010000 		.4byte	0x127
 843 0352 08       		.byte	0x8
 844 0353 09       		.uleb128 0x9
 845 0354 F9050000 		.4byte	.LASF65
 846 0358 0B       		.byte	0xb
 847 0359 6F01     		.2byte	0x16f
 848 035b F6020000 		.4byte	0x2f6
 849 035f 0C       		.byte	0xc
 850 0360 09       		.uleb128 0x9
 851 0361 2D050000 		.4byte	.LASF66
ARM GAS  /tmp/ccSK55UJ.s 			page 16


 852 0365 0B       		.byte	0xb
 853 0366 7101     		.2byte	0x171
 854 0368 12030000 		.4byte	0x312
 855 036c 10       		.byte	0x10
 856 036d 00       		.byte	0
 857 036e 03       		.uleb128 0x3
 858 036f 94000000 		.4byte	.LASF67
 859 0373 0A       		.byte	0xa
 860 0374 66       		.byte	0x66
 861 0375 79030000 		.4byte	0x379
 862 0379 0B       		.uleb128 0xb
 863 037a 20030000 		.4byte	.LASF68
 864 037e 10       		.byte	0x10
 865 037f 0B       		.byte	0xb
 866 0380 7B01     		.2byte	0x17b
 867 0382 BB030000 		.4byte	0x3bb
 868 0386 09       		.uleb128 0x9
 869 0387 4B020000 		.4byte	.LASF62
 870 038b 0B       		.byte	0xb
 871 038c 7C01     		.2byte	0x17c
 872 038e F6050000 		.4byte	0x5f6
 873 0392 00       		.byte	0
 874 0393 09       		.uleb128 0x9
 875 0394 13020000 		.4byte	.LASF63
 876 0398 0B       		.byte	0xb
 877 0399 7E01     		.2byte	0x17e
 878 039b F6050000 		.4byte	0x5f6
 879 039f 04       		.byte	0x4
 880 03a0 09       		.uleb128 0x9
 881 03a1 86040000 		.4byte	.LASF64
 882 03a5 0B       		.byte	0xb
 883 03a6 8001     		.2byte	0x180
 884 03a8 27010000 		.4byte	0x127
 885 03ac 08       		.byte	0x8
 886 03ad 09       		.uleb128 0x9
 887 03ae 50030000 		.4byte	.LASF69
 888 03b2 0B       		.byte	0xb
 889 03b3 8801     		.2byte	0x188
 890 03b5 27010000 		.4byte	0x127
 891 03b9 0C       		.byte	0xc
 892 03ba 00       		.byte	0
 893 03bb 03       		.uleb128 0x3
 894 03bc 3A000000 		.4byte	.LASF70
 895 03c0 0A       		.byte	0xa
 896 03c1 6B       		.byte	0x6b
 897 03c2 C6030000 		.4byte	0x3c6
 898 03c6 0B       		.uleb128 0xb
 899 03c7 D6030000 		.4byte	.LASF71
 900 03cb 04       		.byte	0x4
 901 03cc 0B       		.byte	0xb
 902 03cd A201     		.2byte	0x1a2
 903 03cf E1030000 		.4byte	0x3e1
 904 03d3 09       		.uleb128 0x9
 905 03d4 FD040000 		.4byte	.LASF72
 906 03d8 0B       		.byte	0xb
 907 03d9 AA01     		.2byte	0x1aa
 908 03db FC050000 		.4byte	0x5fc
ARM GAS  /tmp/ccSK55UJ.s 			page 17


 909 03df 00       		.byte	0
 910 03e0 00       		.byte	0
 911 03e1 03       		.uleb128 0x3
 912 03e2 9C020000 		.4byte	.LASF73
 913 03e6 0A       		.byte	0xa
 914 03e7 70       		.byte	0x70
 915 03e8 EC030000 		.4byte	0x3ec
 916 03ec 0F       		.uleb128 0xf
 917 03ed 12010000 		.4byte	.LASF74
 918 03f1 5001     		.2byte	0x150
 919 03f3 0B       		.byte	0xb
 920 03f4 C201     		.2byte	0x1c2
 921 03f6 48040000 		.4byte	0x448
 922 03fa 09       		.uleb128 0x9
 923 03fb 57050000 		.4byte	.LASF75
 924 03ff 0B       		.byte	0xb
 925 0400 C601     		.2byte	0x1c6
 926 0402 8F020000 		.4byte	0x28f
 927 0406 00       		.byte	0
 928 0407 09       		.uleb128 0x9
 929 0408 F9000000 		.4byte	.LASF76
 930 040c 0B       		.byte	0xb
 931 040d CA01     		.2byte	0x1ca
 932 040f 6E030000 		.4byte	0x36e
 933 0413 1C       		.byte	0x1c
 934 0414 08       		.uleb128 0x8
 935 0415 64626700 		.ascii	"dbg\000"
 936 0419 0B       		.byte	0xb
 937 041a CE01     		.2byte	0x1ce
 938 041c BB030000 		.4byte	0x3bb
 939 0420 2C       		.byte	0x2c
 940 0421 09       		.uleb128 0x9
 941 0422 89000000 		.4byte	.LASF77
 942 0426 0B       		.byte	0xb
 943 0427 D201     		.2byte	0x1d2
 944 0429 32010000 		.4byte	0x132
 945 042d 30       		.byte	0x30
 946 042e 08       		.uleb128 0x8
 947 042f 746D00   		.ascii	"tm\000"
 948 0432 0B       		.byte	0xb
 949 0433 D701     		.2byte	0x1d7
 950 0435 14050000 		.4byte	0x514
 951 0439 74       		.byte	0x74
 952 043a 09       		.uleb128 0x9
 953 043b 29020000 		.4byte	.LASF78
 954 043f 0B       		.byte	0xb
 955 0440 E301     		.2byte	0x1e3
 956 0442 01060000 		.4byte	0x601
 957 0446 78       		.byte	0x78
 958 0447 00       		.byte	0
 959 0448 04       		.uleb128 0x4
 960 0449 04       		.byte	0x4
 961 044a 07       		.byte	0x7
 962 044b 04030000 		.4byte	.LASF79
 963 044f 03       		.uleb128 0x3
 964 0450 0A020000 		.4byte	.LASF80
 965 0454 0C       		.byte	0xc
ARM GAS  /tmp/ccSK55UJ.s 			page 18


 966 0455 65       		.byte	0x65
 967 0456 12030000 		.4byte	0x312
 968 045a 03       		.uleb128 0x3
 969 045b EF020000 		.4byte	.LASF81
 970 045f 0C       		.byte	0xc
 971 0460 6D       		.byte	0x6d
 972 0461 BF000000 		.4byte	0xbf
 973 0465 06       		.uleb128 0x6
 974 0466 17050000 		.4byte	.LASF82
 975 046a 04       		.byte	0x4
 976 046b 0C       		.byte	0xc
 977 046c 89       		.byte	0x89
 978 046d 7E040000 		.4byte	0x47e
 979 0471 10       		.uleb128 0x10
 980 0472 72313300 		.ascii	"r13\000"
 981 0476 0C       		.byte	0xc
 982 0477 8A       		.byte	0x8a
 983 0478 F9040000 		.4byte	0x4f9
 984 047c 00       		.byte	0
 985 047d 00       		.byte	0
 986 047e 06       		.uleb128 0x6
 987 047f 2E000000 		.4byte	.LASF83
 988 0483 24       		.byte	0x24
 989 0484 01       		.byte	0x1
 990 0485 FD       		.byte	0xfd
 991 0486 F9040000 		.4byte	0x4f9
 992 048a 08       		.uleb128 0x8
 993 048b 723400   		.ascii	"r4\000"
 994 048e 01       		.byte	0x1
 995 048f 1001     		.2byte	0x110
 996 0491 4F040000 		.4byte	0x44f
 997 0495 00       		.byte	0
 998 0496 08       		.uleb128 0x8
 999 0497 723500   		.ascii	"r5\000"
 1000 049a 01       		.byte	0x1
 1001 049b 1101     		.2byte	0x111
 1002 049d 4F040000 		.4byte	0x44f
 1003 04a1 04       		.byte	0x4
 1004 04a2 08       		.uleb128 0x8
 1005 04a3 723600   		.ascii	"r6\000"
 1006 04a6 01       		.byte	0x1
 1007 04a7 1201     		.2byte	0x112
 1008 04a9 4F040000 		.4byte	0x44f
 1009 04ad 08       		.byte	0x8
 1010 04ae 08       		.uleb128 0x8
 1011 04af 723700   		.ascii	"r7\000"
 1012 04b2 01       		.byte	0x1
 1013 04b3 1301     		.2byte	0x113
 1014 04b5 4F040000 		.4byte	0x44f
 1015 04b9 0C       		.byte	0xc
 1016 04ba 08       		.uleb128 0x8
 1017 04bb 723800   		.ascii	"r8\000"
 1018 04be 01       		.byte	0x1
 1019 04bf 1401     		.2byte	0x114
 1020 04c1 4F040000 		.4byte	0x44f
 1021 04c5 10       		.byte	0x10
 1022 04c6 08       		.uleb128 0x8
ARM GAS  /tmp/ccSK55UJ.s 			page 19


 1023 04c7 723900   		.ascii	"r9\000"
 1024 04ca 01       		.byte	0x1
 1025 04cb 1501     		.2byte	0x115
 1026 04cd 4F040000 		.4byte	0x44f
 1027 04d1 14       		.byte	0x14
 1028 04d2 08       		.uleb128 0x8
 1029 04d3 72313000 		.ascii	"r10\000"
 1030 04d7 01       		.byte	0x1
 1031 04d8 1601     		.2byte	0x116
 1032 04da 4F040000 		.4byte	0x44f
 1033 04de 18       		.byte	0x18
 1034 04df 08       		.uleb128 0x8
 1035 04e0 72313100 		.ascii	"r11\000"
 1036 04e4 01       		.byte	0x1
 1037 04e5 1701     		.2byte	0x117
 1038 04e7 4F040000 		.4byte	0x44f
 1039 04eb 1C       		.byte	0x1c
 1040 04ec 08       		.uleb128 0x8
 1041 04ed 6C7200   		.ascii	"lr\000"
 1042 04f0 01       		.byte	0x1
 1043 04f1 1801     		.2byte	0x118
 1044 04f3 4F040000 		.4byte	0x44f
 1045 04f7 20       		.byte	0x20
 1046 04f8 00       		.byte	0
 1047 04f9 0A       		.uleb128 0xa
 1048 04fa 04       		.byte	0x4
 1049 04fb 7E040000 		.4byte	0x47e
 1050 04ff 11       		.uleb128 0x11
 1051 0500 04       		.byte	0x4
 1052 0501 0D       		.byte	0xd
 1053 0502 38       		.byte	0x38
 1054 0503 14050000 		.4byte	0x514
 1055 0507 07       		.uleb128 0x7
 1056 0508 07050000 		.4byte	.LASF84
 1057 050c 0D       		.byte	0xd
 1058 050d 3C       		.byte	0x3c
 1059 050e CF000000 		.4byte	0xcf
 1060 0512 00       		.byte	0
 1061 0513 00       		.byte	0
 1062 0514 03       		.uleb128 0x3
 1063 0515 79030000 		.4byte	.LASF85
 1064 0519 0D       		.byte	0xd
 1065 051a 3D       		.byte	0x3d
 1066 051b FF040000 		.4byte	0x4ff
 1067 051f 12       		.uleb128 0x12
 1068 0520 04       		.byte	0x4
 1069 0521 0B       		.byte	0xb
 1070 0522 FA       		.byte	0xfa
 1071 0523 7C050000 		.4byte	0x57c
 1072 0527 13       		.uleb128 0x13
 1073 0528 14000000 		.4byte	.LASF86
 1074 052c 0B       		.byte	0xb
 1075 052d 0101     		.2byte	0x101
 1076 052f 06010000 		.4byte	0x106
 1077 0533 13       		.uleb128 0x13
 1078 0534 80000000 		.4byte	.LASF87
 1079 0538 0B       		.byte	0xb
ARM GAS  /tmp/ccSK55UJ.s 			page 20


 1080 0539 0801     		.2byte	0x108
 1081 053b 06010000 		.4byte	0x106
 1082 053f 13       		.uleb128 0x13
 1083 0540 7C050000 		.4byte	.LASF88
 1084 0544 0B       		.byte	0xb
 1085 0545 0F01     		.2byte	0x10f
 1086 0547 12030000 		.4byte	0x312
 1087 054b 13       		.uleb128 0x13
 1088 054c 0C010000 		.4byte	.LASF89
 1089 0550 0B       		.byte	0xb
 1090 0551 1601     		.2byte	0x116
 1091 0553 7C050000 		.4byte	0x57c
 1092 0557 13       		.uleb128 0x13
 1093 0558 53020000 		.4byte	.LASF90
 1094 055c 0B       		.byte	0xb
 1095 055d 1E01     		.2byte	0x11e
 1096 055f A7050000 		.4byte	0x5a7
 1097 0563 13       		.uleb128 0x13
 1098 0564 77040000 		.4byte	.LASF91
 1099 0568 0B       		.byte	0xb
 1100 0569 2701     		.2byte	0x127
 1101 056b DE050000 		.4byte	0x5de
 1102 056f 13       		.uleb128 0x13
 1103 0570 1F040000 		.4byte	.LASF92
 1104 0574 0B       		.byte	0xb
 1105 0575 2F01     		.2byte	0x12f
 1106 0577 11010000 		.4byte	0x111
 1107 057b 00       		.byte	0
 1108 057c 0A       		.uleb128 0xa
 1109 057d 04       		.byte	0x4
 1110 057e 2A020000 		.4byte	0x22a
 1111 0582 06       		.uleb128 0x6
 1112 0583 56040000 		.4byte	.LASF93
 1113 0587 0C       		.byte	0xc
 1114 0588 0E       		.byte	0xe
 1115 0589 34       		.byte	0x34
 1116 058a A7050000 		.4byte	0x5a7
 1117 058e 07       		.uleb128 0x7
 1118 058f EE010000 		.4byte	.LASF94
 1119 0593 0E       		.byte	0xe
 1120 0594 35       		.byte	0x35
 1121 0595 5F020000 		.4byte	0x25f
 1122 0599 00       		.byte	0
 1123 059a 07       		.uleb128 0x7
 1124 059b 73020000 		.4byte	.LASF95
 1125 059f 0E       		.byte	0xe
 1126 05a0 37       		.byte	0x37
 1127 05a1 1C010000 		.4byte	0x11c
 1128 05a5 08       		.byte	0x8
 1129 05a6 00       		.byte	0
 1130 05a7 0A       		.uleb128 0xa
 1131 05a8 04       		.byte	0x4
 1132 05a9 82050000 		.4byte	0x582
 1133 05ad 06       		.uleb128 0x6
 1134 05ae 0E050000 		.4byte	.LASF96
 1135 05b2 10       		.byte	0x10
 1136 05b3 0F       		.byte	0xf
ARM GAS  /tmp/ccSK55UJ.s 			page 21


 1137 05b4 39       		.byte	0x39
 1138 05b5 DE050000 		.4byte	0x5de
 1139 05b9 07       		.uleb128 0x7
 1140 05ba F1000000 		.4byte	.LASF97
 1141 05be 0F       		.byte	0xf
 1142 05bf 3A       		.byte	0x3a
 1143 05c0 5F020000 		.4byte	0x25f
 1144 05c4 00       		.byte	0
 1145 05c5 07       		.uleb128 0x7
 1146 05c6 C2050000 		.4byte	.LASF98
 1147 05ca 0F       		.byte	0xf
 1148 05cb 3C       		.byte	0x3c
 1149 05cc 35020000 		.4byte	0x235
 1150 05d0 08       		.byte	0x8
 1151 05d1 07       		.uleb128 0x7
 1152 05d2 BF040000 		.4byte	.LASF99
 1153 05d6 0F       		.byte	0xf
 1154 05d7 3E       		.byte	0x3e
 1155 05d8 1C060000 		.4byte	0x61c
 1156 05dc 0C       		.byte	0xc
 1157 05dd 00       		.byte	0
 1158 05de 0A       		.uleb128 0xa
 1159 05df 04       		.byte	0x4
 1160 05e0 AD050000 		.4byte	0x5ad
 1161 05e4 0A       		.uleb128 0xa
 1162 05e5 04       		.byte	0x4
 1163 05e6 EA050000 		.4byte	0x5ea
 1164 05ea 14       		.uleb128 0x14
 1165 05eb EF050000 		.4byte	0x5ef
 1166 05ef 04       		.uleb128 0x4
 1167 05f0 01       		.byte	0x1
 1168 05f1 08       		.byte	0x8
 1169 05f2 B1040000 		.4byte	.LASF100
 1170 05f6 0A       		.uleb128 0xa
 1171 05f7 04       		.byte	0x4
 1172 05f8 14030000 		.4byte	0x314
 1173 05fc 05       		.uleb128 0x5
 1174 05fd E4050000 		.4byte	0x5e4
 1175 0601 15       		.uleb128 0x15
 1176 0602 5A040000 		.4byte	0x45a
 1177 0606 11060000 		.4byte	0x611
 1178 060a 16       		.uleb128 0x16
 1179 060b 48040000 		.4byte	0x448
 1180 060f 1A       		.byte	0x1a
 1181 0610 00       		.byte	0
 1182 0611 03       		.uleb128 0x3
 1183 0612 1B020000 		.4byte	.LASF101
 1184 0616 0F       		.byte	0xf
 1185 0617 34       		.byte	0x34
 1186 0618 AD050000 		.4byte	0x5ad
 1187 061c 0A       		.uleb128 0xa
 1188 061d 04       		.byte	0x4
 1189 061e 11060000 		.4byte	0x611
 1190 0622 03       		.uleb128 0x3
 1191 0623 5C000000 		.4byte	.LASF102
 1192 0627 10       		.byte	0x10
 1193 0628 36       		.byte	0x36
ARM GAS  /tmp/ccSK55UJ.s 			page 22


 1194 0629 2D060000 		.4byte	0x62d
 1195 062d 0A       		.uleb128 0xa
 1196 062e 04       		.byte	0x4
 1197 062f 33060000 		.4byte	0x633
 1198 0633 17       		.uleb128 0x17
 1199 0634 12030000 		.4byte	0x312
 1200 0638 42060000 		.4byte	0x642
 1201 063c 0D       		.uleb128 0xd
 1202 063d 28000000 		.4byte	0x28
 1203 0641 00       		.byte	0
 1204 0642 06       		.uleb128 0x6
 1205 0643 44050000 		.4byte	.LASF103
 1206 0647 04       		.byte	0x4
 1207 0648 04       		.byte	0x4
 1208 0649 38       		.byte	0x38
 1209 064a 5B060000 		.4byte	0x65b
 1210 064e 07       		.uleb128 0x7
 1211 064f A7030000 		.4byte	.LASF104
 1212 0653 04       		.byte	0x4
 1213 0654 39       		.byte	0x39
 1214 0655 5B060000 		.4byte	0x65b
 1215 0659 00       		.byte	0
 1216 065a 00       		.byte	0
 1217 065b 0A       		.uleb128 0xa
 1218 065c 04       		.byte	0x4
 1219 065d 42060000 		.4byte	0x642
 1220 0661 11       		.uleb128 0x11
 1221 0662 0C       		.byte	0xc
 1222 0663 04       		.byte	0x4
 1223 0664 40       		.byte	0x40
 1224 0665 8E060000 		.4byte	0x68e
 1225 0669 07       		.uleb128 0x7
 1226 066a 2E010000 		.4byte	.LASF105
 1227 066e 04       		.byte	0x4
 1228 066f 41       		.byte	0x41
 1229 0670 5B060000 		.4byte	0x65b
 1230 0674 00       		.byte	0
 1231 0675 07       		.uleb128 0x7
 1232 0676 6A030000 		.4byte	.LASF106
 1233 067a 04       		.byte	0x4
 1234 067b 42       		.byte	0x42
 1235 067c 28000000 		.4byte	0x28
 1236 0680 04       		.byte	0x4
 1237 0681 07       		.uleb128 0x7
 1238 0682 FE010000 		.4byte	.LASF107
 1239 0686 04       		.byte	0x4
 1240 0687 44       		.byte	0x44
 1241 0688 22060000 		.4byte	0x622
 1242 068c 08       		.byte	0x8
 1243 068d 00       		.byte	0
 1244 068e 03       		.uleb128 0x3
 1245 068f 65020000 		.4byte	.LASF108
 1246 0693 04       		.byte	0x4
 1247 0694 46       		.byte	0x46
 1248 0695 61060000 		.4byte	0x661
 1249 0699 18       		.uleb128 0x18
 1250 069a EF040000 		.4byte	.LASF126
ARM GAS  /tmp/ccSK55UJ.s 			page 23


 1251 069e 02       		.byte	0x2
 1252 069f 2202     		.2byte	0x222
 1253 06a1 03       		.byte	0x3
 1254 06a2 B3060000 		.4byte	0x6b3
 1255 06a6 19       		.uleb128 0x19
 1256 06a7 23020000 		.4byte	.LASF127
 1257 06ab 02       		.byte	0x2
 1258 06ac 2202     		.2byte	0x222
 1259 06ae B4000000 		.4byte	0xb4
 1260 06b2 00       		.byte	0
 1261 06b3 1A       		.uleb128 0x1a
 1262 06b4 52000000 		.4byte	.LASF109
 1263 06b8 01       		.byte	0x1
 1264 06b9 C801     		.2byte	0x1c8
 1265 06bb 00000000 		.4byte	.LFB127
 1266 06bf 10000000 		.4byte	.LFE127-.LFB127
 1267 06c3 01       		.uleb128 0x1
 1268 06c4 9C       		.byte	0x9c
 1269 06c5 E3060000 		.4byte	0x6e3
 1270 06c9 1B       		.uleb128 0x1b
 1271 06ca 99060000 		.4byte	0x699
 1272 06ce 06000000 		.4byte	.LBB6
 1273 06d2 06000000 		.4byte	.LBE6-.LBB6
 1274 06d6 01       		.byte	0x1
 1275 06d7 CB01     		.2byte	0x1cb
 1276 06d9 1C       		.uleb128 0x1c
 1277 06da A6060000 		.4byte	0x6a6
 1278 06de 02       		.uleb128 0x2
 1279 06df 91       		.byte	0x91
 1280 06e0 7C       		.sleb128 -4
 1281 06e1 00       		.byte	0
 1282 06e2 00       		.byte	0
 1283 06e3 1A       		.uleb128 0x1a
 1284 06e4 00010000 		.4byte	.LASF110
 1285 06e8 01       		.byte	0x1
 1286 06e9 D601     		.2byte	0x1d6
 1287 06eb 00000000 		.4byte	.LFB128
 1288 06ef 10000000 		.4byte	.LFE128-.LFB128
 1289 06f3 01       		.uleb128 0x1
 1290 06f4 9C       		.byte	0x9c
 1291 06f5 13070000 		.4byte	0x713
 1292 06f9 1B       		.uleb128 0x1b
 1293 06fa 99060000 		.4byte	0x699
 1294 06fe 06000000 		.4byte	.LBB8
 1295 0702 06000000 		.4byte	.LBE8-.LBB8
 1296 0706 01       		.byte	0x1
 1297 0707 D901     		.2byte	0x1d9
 1298 0709 1C       		.uleb128 0x1c
 1299 070a A6060000 		.4byte	0x6a6
 1300 070e 02       		.uleb128 0x2
 1301 070f 91       		.byte	0x91
 1302 0710 7C       		.sleb128 -4
 1303 0711 00       		.byte	0
 1304 0712 00       		.byte	0
 1305 0713 1D       		.uleb128 0x1d
 1306 0714 36040000 		.4byte	.LASF128
 1307 0718 03       		.byte	0x3
ARM GAS  /tmp/ccSK55UJ.s 			page 24


 1308 0719 5A01     		.2byte	0x15a
 1309 071b 00000000 		.4byte	.LFB167
 1310 071f 08000000 		.4byte	.LFE167-.LFB167
 1311 0723 01       		.uleb128 0x1
 1312 0724 9C       		.byte	0x9c
 1313 0725 1E       		.uleb128 0x1e
 1314 0726 A6050000 		.4byte	.LASF111
 1315 072a 03       		.byte	0x3
 1316 072b 6601     		.2byte	0x166
 1317 072d 00000000 		.4byte	.LFB168
 1318 0731 08000000 		.4byte	.LFE168-.LFB168
 1319 0735 01       		.uleb128 0x1
 1320 0736 9C       		.byte	0x9c
 1321 0737 45070000 		.4byte	0x745
 1322 073b 1F       		.uleb128 0x1f
 1323 073c 2D040000 		.4byte	.LASF116
 1324 0740 55070000 		.4byte	0x755
 1325 0744 00       		.byte	0
 1326 0745 15       		.uleb128 0x15
 1327 0746 EF050000 		.4byte	0x5ef
 1328 074a 55070000 		.4byte	0x755
 1329 074e 16       		.uleb128 0x16
 1330 074f 48040000 		.4byte	0x448
 1331 0753 0B       		.byte	0xb
 1332 0754 00       		.byte	0
 1333 0755 14       		.uleb128 0x14
 1334 0756 45070000 		.4byte	0x745
 1335 075a 20       		.uleb128 0x20
 1336 075b A8020000 		.4byte	.LASF112
 1337 075f 04       		.byte	0x4
 1338 0760 89       		.byte	0x89
 1339 0761 00000000 		.4byte	.LFB228
 1340 0765 16000000 		.4byte	.LFE228-.LFB228
 1341 0769 01       		.uleb128 0x1
 1342 076a 9C       		.byte	0x9c
 1343 076b 8B070000 		.4byte	0x78b
 1344 076f 21       		.uleb128 0x21
 1345 0770 6D7000   		.ascii	"mp\000"
 1346 0773 04       		.byte	0x4
 1347 0774 89       		.byte	0x89
 1348 0775 8B070000 		.4byte	0x78b
 1349 0779 02       		.uleb128 0x2
 1350 077a 91       		.byte	0x91
 1351 077b 74       		.sleb128 -12
 1352 077c 22       		.uleb128 0x22
 1353 077d 40040000 		.4byte	.LASF113
 1354 0781 04       		.byte	0x4
 1355 0782 89       		.byte	0x89
 1356 0783 12030000 		.4byte	0x312
 1357 0787 02       		.uleb128 0x2
 1358 0788 91       		.byte	0x91
 1359 0789 70       		.sleb128 -16
 1360 078a 00       		.byte	0
 1361 078b 0A       		.uleb128 0xa
 1362 078c 04       		.byte	0x4
 1363 078d 8E060000 		.4byte	0x68e
 1364 0791 23       		.uleb128 0x23
ARM GAS  /tmp/ccSK55UJ.s 			page 25


 1365 0792 BA020000 		.4byte	.LASF117
 1366 0796 05       		.byte	0x5
 1367 0797 4B       		.byte	0x4b
 1368 0798 00000000 		.4byte	.LFB240
 1369 079c 1E000000 		.4byte	.LFE240-.LFB240
 1370 07a0 01       		.uleb128 0x1
 1371 07a1 9C       		.byte	0x9c
 1372 07a2 D9070000 		.4byte	0x7d9
 1373 07a6 21       		.uleb128 0x21
 1374 07a7 6D7000   		.ascii	"mp\000"
 1375 07aa 05       		.byte	0x5
 1376 07ab 4B       		.byte	0x4b
 1377 07ac 8B070000 		.4byte	0x78b
 1378 07b0 02       		.uleb128 0x2
 1379 07b1 91       		.byte	0x91
 1380 07b2 7C       		.sleb128 -4
 1381 07b3 22       		.uleb128 0x22
 1382 07b4 8A050000 		.4byte	.LASF114
 1383 07b8 05       		.byte	0x5
 1384 07b9 4B       		.byte	0x4b
 1385 07ba 28000000 		.4byte	0x28
 1386 07be 02       		.uleb128 0x2
 1387 07bf 91       		.byte	0x91
 1388 07c0 78       		.sleb128 -8
 1389 07c1 22       		.uleb128 0x22
 1390 07c2 49000000 		.4byte	.LASF115
 1391 07c6 05       		.byte	0x5
 1392 07c7 4B       		.byte	0x4b
 1393 07c8 22060000 		.4byte	0x622
 1394 07cc 02       		.uleb128 0x2
 1395 07cd 91       		.byte	0x91
 1396 07ce 74       		.sleb128 -12
 1397 07cf 1F       		.uleb128 0x1f
 1398 07d0 2D040000 		.4byte	.LASF116
 1399 07d4 E9070000 		.4byte	0x7e9
 1400 07d8 00       		.byte	0
 1401 07d9 15       		.uleb128 0x15
 1402 07da EF050000 		.4byte	0x5ef
 1403 07de E9070000 		.4byte	0x7e9
 1404 07e2 16       		.uleb128 0x16
 1405 07e3 48040000 		.4byte	0x448
 1406 07e7 10       		.byte	0x10
 1407 07e8 00       		.byte	0
 1408 07e9 14       		.uleb128 0x14
 1409 07ea D9070000 		.4byte	0x7d9
 1410 07ee 24       		.uleb128 0x24
 1411 07ef B2050000 		.4byte	.LASF118
 1412 07f3 05       		.byte	0x5
 1413 07f4 61       		.byte	0x61
 1414 07f5 00000000 		.4byte	.LFB241
 1415 07f9 30000000 		.4byte	.LFE241-.LFB241
 1416 07fd 01       		.uleb128 0x1
 1417 07fe 9C       		.byte	0x9c
 1418 07ff 32080000 		.4byte	0x832
 1419 0803 21       		.uleb128 0x21
 1420 0804 6D7000   		.ascii	"mp\000"
 1421 0807 05       		.byte	0x5
ARM GAS  /tmp/ccSK55UJ.s 			page 26


 1422 0808 61       		.byte	0x61
 1423 0809 8B070000 		.4byte	0x78b
 1424 080d 02       		.uleb128 0x2
 1425 080e 91       		.byte	0x91
 1426 080f 74       		.sleb128 -12
 1427 0810 21       		.uleb128 0x21
 1428 0811 7000     		.ascii	"p\000"
 1429 0813 05       		.byte	0x5
 1430 0814 61       		.byte	0x61
 1431 0815 12030000 		.4byte	0x312
 1432 0819 02       		.uleb128 0x2
 1433 081a 91       		.byte	0x91
 1434 081b 70       		.sleb128 -16
 1435 081c 21       		.uleb128 0x21
 1436 081d 6E00     		.ascii	"n\000"
 1437 081f 05       		.byte	0x5
 1438 0820 61       		.byte	0x61
 1439 0821 28000000 		.4byte	0x28
 1440 0825 02       		.uleb128 0x2
 1441 0826 91       		.byte	0x91
 1442 0827 6C       		.sleb128 -20
 1443 0828 1F       		.uleb128 0x1f
 1444 0829 2D040000 		.4byte	.LASF116
 1445 082d 42080000 		.4byte	0x842
 1446 0831 00       		.byte	0
 1447 0832 15       		.uleb128 0x15
 1448 0833 EF050000 		.4byte	0x5ef
 1449 0837 42080000 		.4byte	0x842
 1450 083b 16       		.uleb128 0x16
 1451 083c 48040000 		.4byte	0x448
 1452 0840 0F       		.byte	0xf
 1453 0841 00       		.byte	0
 1454 0842 14       		.uleb128 0x14
 1455 0843 32080000 		.4byte	0x832
 1456 0847 25       		.uleb128 0x25
 1457 0848 37030000 		.4byte	.LASF119
 1458 084c 05       		.byte	0x5
 1459 084d 78       		.byte	0x78
 1460 084e 12030000 		.4byte	0x312
 1461 0852 00000000 		.4byte	.LFB242
 1462 0856 3E000000 		.4byte	.LFE242-.LFB242
 1463 085a 01       		.uleb128 0x1
 1464 085b 9C       		.byte	0x9c
 1465 085c 85080000 		.4byte	0x885
 1466 0860 21       		.uleb128 0x21
 1467 0861 6D7000   		.ascii	"mp\000"
 1468 0864 05       		.byte	0x5
 1469 0865 78       		.byte	0x78
 1470 0866 8B070000 		.4byte	0x78b
 1471 086a 02       		.uleb128 0x2
 1472 086b 91       		.byte	0x91
 1473 086c 6C       		.sleb128 -20
 1474 086d 26       		.uleb128 0x26
 1475 086e 40040000 		.4byte	.LASF113
 1476 0872 05       		.byte	0x5
 1477 0873 79       		.byte	0x79
 1478 0874 12030000 		.4byte	0x312
ARM GAS  /tmp/ccSK55UJ.s 			page 27


 1479 0878 02       		.uleb128 0x2
 1480 0879 91       		.byte	0x91
 1481 087a 74       		.sleb128 -12
 1482 087b 1F       		.uleb128 0x1f
 1483 087c 2D040000 		.4byte	.LASF116
 1484 0880 95080000 		.4byte	0x895
 1485 0884 00       		.byte	0
 1486 0885 15       		.uleb128 0x15
 1487 0886 EF050000 		.4byte	0x5ef
 1488 088a 95080000 		.4byte	0x895
 1489 088e 16       		.uleb128 0x16
 1490 088f 48040000 		.4byte	0x448
 1491 0893 0C       		.byte	0xc
 1492 0894 00       		.byte	0
 1493 0895 14       		.uleb128 0x14
 1494 0896 85080000 		.4byte	0x885
 1495 089a 25       		.uleb128 0x25
 1496 089b 65050000 		.4byte	.LASF120
 1497 089f 05       		.byte	0x5
 1498 08a0 95       		.byte	0x95
 1499 08a1 12030000 		.4byte	0x312
 1500 08a5 00000000 		.4byte	.LFB243
 1501 08a9 20000000 		.4byte	.LFE243-.LFB243
 1502 08ad 01       		.uleb128 0x1
 1503 08ae 9C       		.byte	0x9c
 1504 08af CF080000 		.4byte	0x8cf
 1505 08b3 21       		.uleb128 0x21
 1506 08b4 6D7000   		.ascii	"mp\000"
 1507 08b7 05       		.byte	0x5
 1508 08b8 95       		.byte	0x95
 1509 08b9 8B070000 		.4byte	0x78b
 1510 08bd 02       		.uleb128 0x2
 1511 08be 91       		.byte	0x91
 1512 08bf 6C       		.sleb128 -20
 1513 08c0 26       		.uleb128 0x26
 1514 08c1 40040000 		.4byte	.LASF113
 1515 08c5 05       		.byte	0x5
 1516 08c6 96       		.byte	0x96
 1517 08c7 12030000 		.4byte	0x312
 1518 08cb 02       		.uleb128 0x2
 1519 08cc 91       		.byte	0x91
 1520 08cd 74       		.sleb128 -12
 1521 08ce 00       		.byte	0
 1522 08cf 23       		.uleb128 0x23
 1523 08d0 44030000 		.4byte	.LASF121
 1524 08d4 05       		.byte	0x5
 1525 08d5 AB       		.byte	0xab
 1526 08d6 00000000 		.4byte	.LFB244
 1527 08da 1C000000 		.4byte	.LFE244-.LFB244
 1528 08de 01       		.uleb128 0x1
 1529 08df 9C       		.byte	0x9c
 1530 08e0 17090000 		.4byte	0x917
 1531 08e4 21       		.uleb128 0x21
 1532 08e5 6D7000   		.ascii	"mp\000"
 1533 08e8 05       		.byte	0x5
 1534 08e9 AB       		.byte	0xab
 1535 08ea 8B070000 		.4byte	0x78b
ARM GAS  /tmp/ccSK55UJ.s 			page 28


 1536 08ee 02       		.uleb128 0x2
 1537 08ef 91       		.byte	0x91
 1538 08f0 74       		.sleb128 -12
 1539 08f1 22       		.uleb128 0x22
 1540 08f2 40040000 		.4byte	.LASF113
 1541 08f6 05       		.byte	0x5
 1542 08f7 AB       		.byte	0xab
 1543 08f8 12030000 		.4byte	0x312
 1544 08fc 02       		.uleb128 0x2
 1545 08fd 91       		.byte	0x91
 1546 08fe 70       		.sleb128 -16
 1547 08ff 27       		.uleb128 0x27
 1548 0900 70687000 		.ascii	"php\000"
 1549 0904 05       		.byte	0x5
 1550 0905 AC       		.byte	0xac
 1551 0906 5B060000 		.4byte	0x65b
 1552 090a 02       		.uleb128 0x2
 1553 090b 91       		.byte	0x91
 1554 090c 7C       		.sleb128 -4
 1555 090d 1F       		.uleb128 0x1f
 1556 090e 2D040000 		.4byte	.LASF116
 1557 0912 17090000 		.4byte	0x917
 1558 0916 00       		.byte	0
 1559 0917 14       		.uleb128 0x14
 1560 0918 45070000 		.4byte	0x745
 1561 091c 24       		.uleb128 0x24
 1562 091d 71050000 		.4byte	.LASF122
 1563 0921 05       		.byte	0x5
 1564 0922 C1       		.byte	0xc1
 1565 0923 00000000 		.4byte	.LFB245
 1566 0927 1E000000 		.4byte	.LFE245-.LFB245
 1567 092b 01       		.uleb128 0x1
 1568 092c 9C       		.byte	0x9c
 1569 092d 4D090000 		.4byte	0x94d
 1570 0931 21       		.uleb128 0x21
 1571 0932 6D7000   		.ascii	"mp\000"
 1572 0935 05       		.byte	0x5
 1573 0936 C1       		.byte	0xc1
 1574 0937 8B070000 		.4byte	0x78b
 1575 093b 02       		.uleb128 0x2
 1576 093c 91       		.byte	0x91
 1577 093d 74       		.sleb128 -12
 1578 093e 22       		.uleb128 0x22
 1579 093f 40040000 		.4byte	.LASF113
 1580 0943 05       		.byte	0x5
 1581 0944 C1       		.byte	0xc1
 1582 0945 12030000 		.4byte	0x312
 1583 0949 02       		.uleb128 0x2
 1584 094a 91       		.byte	0x91
 1585 094b 70       		.sleb128 -16
 1586 094c 00       		.byte	0
 1587 094d 28       		.uleb128 0x28
 1588 094e AA000000 		.4byte	.LASF123
 1589 0952 11       		.byte	0x11
 1590 0953 FA06     		.2byte	0x6fa
 1591 0955 CA000000 		.4byte	0xca
 1592 0959 29       		.uleb128 0x29
ARM GAS  /tmp/ccSK55UJ.s 			page 29


 1593 095a 636800   		.ascii	"ch\000"
 1594 095d 0B       		.byte	0xb
 1595 095e 0902     		.2byte	0x209
 1596 0960 E1030000 		.4byte	0x3e1
 1597 0964 00       		.byte	0
 1598              		.section	.debug_abbrev,"",%progbits
 1599              	.Ldebug_abbrev0:
 1600 0000 01       		.uleb128 0x1
 1601 0001 11       		.uleb128 0x11
 1602 0002 01       		.byte	0x1
 1603 0003 25       		.uleb128 0x25
 1604 0004 0E       		.uleb128 0xe
 1605 0005 13       		.uleb128 0x13
 1606 0006 0B       		.uleb128 0xb
 1607 0007 03       		.uleb128 0x3
 1608 0008 0E       		.uleb128 0xe
 1609 0009 55       		.uleb128 0x55
 1610 000a 17       		.uleb128 0x17
 1611 000b 11       		.uleb128 0x11
 1612 000c 01       		.uleb128 0x1
 1613 000d 10       		.uleb128 0x10
 1614 000e 17       		.uleb128 0x17
 1615 000f 00       		.byte	0
 1616 0010 00       		.byte	0
 1617 0011 02       		.uleb128 0x2
 1618 0012 24       		.uleb128 0x24
 1619 0013 00       		.byte	0
 1620 0014 0B       		.uleb128 0xb
 1621 0015 0B       		.uleb128 0xb
 1622 0016 3E       		.uleb128 0x3e
 1623 0017 0B       		.uleb128 0xb
 1624 0018 03       		.uleb128 0x3
 1625 0019 08       		.uleb128 0x8
 1626 001a 00       		.byte	0
 1627 001b 00       		.byte	0
 1628 001c 03       		.uleb128 0x3
 1629 001d 16       		.uleb128 0x16
 1630 001e 00       		.byte	0
 1631 001f 03       		.uleb128 0x3
 1632 0020 0E       		.uleb128 0xe
 1633 0021 3A       		.uleb128 0x3a
 1634 0022 0B       		.uleb128 0xb
 1635 0023 3B       		.uleb128 0x3b
 1636 0024 0B       		.uleb128 0xb
 1637 0025 49       		.uleb128 0x49
 1638 0026 13       		.uleb128 0x13
 1639 0027 00       		.byte	0
 1640 0028 00       		.byte	0
 1641 0029 04       		.uleb128 0x4
 1642 002a 24       		.uleb128 0x24
 1643 002b 00       		.byte	0
 1644 002c 0B       		.uleb128 0xb
 1645 002d 0B       		.uleb128 0xb
 1646 002e 3E       		.uleb128 0x3e
 1647 002f 0B       		.uleb128 0xb
 1648 0030 03       		.uleb128 0x3
 1649 0031 0E       		.uleb128 0xe
ARM GAS  /tmp/ccSK55UJ.s 			page 30


 1650 0032 00       		.byte	0
 1651 0033 00       		.byte	0
 1652 0034 05       		.uleb128 0x5
 1653 0035 35       		.uleb128 0x35
 1654 0036 00       		.byte	0
 1655 0037 49       		.uleb128 0x49
 1656 0038 13       		.uleb128 0x13
 1657 0039 00       		.byte	0
 1658 003a 00       		.byte	0
 1659 003b 06       		.uleb128 0x6
 1660 003c 13       		.uleb128 0x13
 1661 003d 01       		.byte	0x1
 1662 003e 03       		.uleb128 0x3
 1663 003f 0E       		.uleb128 0xe
 1664 0040 0B       		.uleb128 0xb
 1665 0041 0B       		.uleb128 0xb
 1666 0042 3A       		.uleb128 0x3a
 1667 0043 0B       		.uleb128 0xb
 1668 0044 3B       		.uleb128 0x3b
 1669 0045 0B       		.uleb128 0xb
 1670 0046 01       		.uleb128 0x1
 1671 0047 13       		.uleb128 0x13
 1672 0048 00       		.byte	0
 1673 0049 00       		.byte	0
 1674 004a 07       		.uleb128 0x7
 1675 004b 0D       		.uleb128 0xd
 1676 004c 00       		.byte	0
 1677 004d 03       		.uleb128 0x3
 1678 004e 0E       		.uleb128 0xe
 1679 004f 3A       		.uleb128 0x3a
 1680 0050 0B       		.uleb128 0xb
 1681 0051 3B       		.uleb128 0x3b
 1682 0052 0B       		.uleb128 0xb
 1683 0053 49       		.uleb128 0x49
 1684 0054 13       		.uleb128 0x13
 1685 0055 38       		.uleb128 0x38
 1686 0056 0B       		.uleb128 0xb
 1687 0057 00       		.byte	0
 1688 0058 00       		.byte	0
 1689 0059 08       		.uleb128 0x8
 1690 005a 0D       		.uleb128 0xd
 1691 005b 00       		.byte	0
 1692 005c 03       		.uleb128 0x3
 1693 005d 08       		.uleb128 0x8
 1694 005e 3A       		.uleb128 0x3a
 1695 005f 0B       		.uleb128 0xb
 1696 0060 3B       		.uleb128 0x3b
 1697 0061 05       		.uleb128 0x5
 1698 0062 49       		.uleb128 0x49
 1699 0063 13       		.uleb128 0x13
 1700 0064 38       		.uleb128 0x38
 1701 0065 0B       		.uleb128 0xb
 1702 0066 00       		.byte	0
 1703 0067 00       		.byte	0
 1704 0068 09       		.uleb128 0x9
 1705 0069 0D       		.uleb128 0xd
 1706 006a 00       		.byte	0
ARM GAS  /tmp/ccSK55UJ.s 			page 31


 1707 006b 03       		.uleb128 0x3
 1708 006c 0E       		.uleb128 0xe
 1709 006d 3A       		.uleb128 0x3a
 1710 006e 0B       		.uleb128 0xb
 1711 006f 3B       		.uleb128 0x3b
 1712 0070 05       		.uleb128 0x5
 1713 0071 49       		.uleb128 0x49
 1714 0072 13       		.uleb128 0x13
 1715 0073 38       		.uleb128 0x38
 1716 0074 0B       		.uleb128 0xb
 1717 0075 00       		.byte	0
 1718 0076 00       		.byte	0
 1719 0077 0A       		.uleb128 0xa
 1720 0078 0F       		.uleb128 0xf
 1721 0079 00       		.byte	0
 1722 007a 0B       		.uleb128 0xb
 1723 007b 0B       		.uleb128 0xb
 1724 007c 49       		.uleb128 0x49
 1725 007d 13       		.uleb128 0x13
 1726 007e 00       		.byte	0
 1727 007f 00       		.byte	0
 1728 0080 0B       		.uleb128 0xb
 1729 0081 13       		.uleb128 0x13
 1730 0082 01       		.byte	0x1
 1731 0083 03       		.uleb128 0x3
 1732 0084 0E       		.uleb128 0xe
 1733 0085 0B       		.uleb128 0xb
 1734 0086 0B       		.uleb128 0xb
 1735 0087 3A       		.uleb128 0x3a
 1736 0088 0B       		.uleb128 0xb
 1737 0089 3B       		.uleb128 0x3b
 1738 008a 05       		.uleb128 0x5
 1739 008b 01       		.uleb128 0x1
 1740 008c 13       		.uleb128 0x13
 1741 008d 00       		.byte	0
 1742 008e 00       		.byte	0
 1743 008f 0C       		.uleb128 0xc
 1744 0090 15       		.uleb128 0x15
 1745 0091 01       		.byte	0x1
 1746 0092 27       		.uleb128 0x27
 1747 0093 19       		.uleb128 0x19
 1748 0094 01       		.uleb128 0x1
 1749 0095 13       		.uleb128 0x13
 1750 0096 00       		.byte	0
 1751 0097 00       		.byte	0
 1752 0098 0D       		.uleb128 0xd
 1753 0099 05       		.uleb128 0x5
 1754 009a 00       		.byte	0
 1755 009b 49       		.uleb128 0x49
 1756 009c 13       		.uleb128 0x13
 1757 009d 00       		.byte	0
 1758 009e 00       		.byte	0
 1759 009f 0E       		.uleb128 0xe
 1760 00a0 0F       		.uleb128 0xf
 1761 00a1 00       		.byte	0
 1762 00a2 0B       		.uleb128 0xb
 1763 00a3 0B       		.uleb128 0xb
ARM GAS  /tmp/ccSK55UJ.s 			page 32


 1764 00a4 00       		.byte	0
 1765 00a5 00       		.byte	0
 1766 00a6 0F       		.uleb128 0xf
 1767 00a7 13       		.uleb128 0x13
 1768 00a8 01       		.byte	0x1
 1769 00a9 03       		.uleb128 0x3
 1770 00aa 0E       		.uleb128 0xe
 1771 00ab 0B       		.uleb128 0xb
 1772 00ac 05       		.uleb128 0x5
 1773 00ad 3A       		.uleb128 0x3a
 1774 00ae 0B       		.uleb128 0xb
 1775 00af 3B       		.uleb128 0x3b
 1776 00b0 05       		.uleb128 0x5
 1777 00b1 01       		.uleb128 0x1
 1778 00b2 13       		.uleb128 0x13
 1779 00b3 00       		.byte	0
 1780 00b4 00       		.byte	0
 1781 00b5 10       		.uleb128 0x10
 1782 00b6 0D       		.uleb128 0xd
 1783 00b7 00       		.byte	0
 1784 00b8 03       		.uleb128 0x3
 1785 00b9 08       		.uleb128 0x8
 1786 00ba 3A       		.uleb128 0x3a
 1787 00bb 0B       		.uleb128 0xb
 1788 00bc 3B       		.uleb128 0x3b
 1789 00bd 0B       		.uleb128 0xb
 1790 00be 49       		.uleb128 0x49
 1791 00bf 13       		.uleb128 0x13
 1792 00c0 38       		.uleb128 0x38
 1793 00c1 0B       		.uleb128 0xb
 1794 00c2 00       		.byte	0
 1795 00c3 00       		.byte	0
 1796 00c4 11       		.uleb128 0x11
 1797 00c5 13       		.uleb128 0x13
 1798 00c6 01       		.byte	0x1
 1799 00c7 0B       		.uleb128 0xb
 1800 00c8 0B       		.uleb128 0xb
 1801 00c9 3A       		.uleb128 0x3a
 1802 00ca 0B       		.uleb128 0xb
 1803 00cb 3B       		.uleb128 0x3b
 1804 00cc 0B       		.uleb128 0xb
 1805 00cd 01       		.uleb128 0x1
 1806 00ce 13       		.uleb128 0x13
 1807 00cf 00       		.byte	0
 1808 00d0 00       		.byte	0
 1809 00d1 12       		.uleb128 0x12
 1810 00d2 17       		.uleb128 0x17
 1811 00d3 01       		.byte	0x1
 1812 00d4 0B       		.uleb128 0xb
 1813 00d5 0B       		.uleb128 0xb
 1814 00d6 3A       		.uleb128 0x3a
 1815 00d7 0B       		.uleb128 0xb
 1816 00d8 3B       		.uleb128 0x3b
 1817 00d9 0B       		.uleb128 0xb
 1818 00da 01       		.uleb128 0x1
 1819 00db 13       		.uleb128 0x13
 1820 00dc 00       		.byte	0
ARM GAS  /tmp/ccSK55UJ.s 			page 33


 1821 00dd 00       		.byte	0
 1822 00de 13       		.uleb128 0x13
 1823 00df 0D       		.uleb128 0xd
 1824 00e0 00       		.byte	0
 1825 00e1 03       		.uleb128 0x3
 1826 00e2 0E       		.uleb128 0xe
 1827 00e3 3A       		.uleb128 0x3a
 1828 00e4 0B       		.uleb128 0xb
 1829 00e5 3B       		.uleb128 0x3b
 1830 00e6 05       		.uleb128 0x5
 1831 00e7 49       		.uleb128 0x49
 1832 00e8 13       		.uleb128 0x13
 1833 00e9 00       		.byte	0
 1834 00ea 00       		.byte	0
 1835 00eb 14       		.uleb128 0x14
 1836 00ec 26       		.uleb128 0x26
 1837 00ed 00       		.byte	0
 1838 00ee 49       		.uleb128 0x49
 1839 00ef 13       		.uleb128 0x13
 1840 00f0 00       		.byte	0
 1841 00f1 00       		.byte	0
 1842 00f2 15       		.uleb128 0x15
 1843 00f3 01       		.uleb128 0x1
 1844 00f4 01       		.byte	0x1
 1845 00f5 49       		.uleb128 0x49
 1846 00f6 13       		.uleb128 0x13
 1847 00f7 01       		.uleb128 0x1
 1848 00f8 13       		.uleb128 0x13
 1849 00f9 00       		.byte	0
 1850 00fa 00       		.byte	0
 1851 00fb 16       		.uleb128 0x16
 1852 00fc 21       		.uleb128 0x21
 1853 00fd 00       		.byte	0
 1854 00fe 49       		.uleb128 0x49
 1855 00ff 13       		.uleb128 0x13
 1856 0100 2F       		.uleb128 0x2f
 1857 0101 0B       		.uleb128 0xb
 1858 0102 00       		.byte	0
 1859 0103 00       		.byte	0
 1860 0104 17       		.uleb128 0x17
 1861 0105 15       		.uleb128 0x15
 1862 0106 01       		.byte	0x1
 1863 0107 27       		.uleb128 0x27
 1864 0108 19       		.uleb128 0x19
 1865 0109 49       		.uleb128 0x49
 1866 010a 13       		.uleb128 0x13
 1867 010b 01       		.uleb128 0x1
 1868 010c 13       		.uleb128 0x13
 1869 010d 00       		.byte	0
 1870 010e 00       		.byte	0
 1871 010f 18       		.uleb128 0x18
 1872 0110 2E       		.uleb128 0x2e
 1873 0111 01       		.byte	0x1
 1874 0112 03       		.uleb128 0x3
 1875 0113 0E       		.uleb128 0xe
 1876 0114 3A       		.uleb128 0x3a
 1877 0115 0B       		.uleb128 0xb
ARM GAS  /tmp/ccSK55UJ.s 			page 34


 1878 0116 3B       		.uleb128 0x3b
 1879 0117 05       		.uleb128 0x5
 1880 0118 27       		.uleb128 0x27
 1881 0119 19       		.uleb128 0x19
 1882 011a 20       		.uleb128 0x20
 1883 011b 0B       		.uleb128 0xb
 1884 011c 01       		.uleb128 0x1
 1885 011d 13       		.uleb128 0x13
 1886 011e 00       		.byte	0
 1887 011f 00       		.byte	0
 1888 0120 19       		.uleb128 0x19
 1889 0121 05       		.uleb128 0x5
 1890 0122 00       		.byte	0
 1891 0123 03       		.uleb128 0x3
 1892 0124 0E       		.uleb128 0xe
 1893 0125 3A       		.uleb128 0x3a
 1894 0126 0B       		.uleb128 0xb
 1895 0127 3B       		.uleb128 0x3b
 1896 0128 05       		.uleb128 0x5
 1897 0129 49       		.uleb128 0x49
 1898 012a 13       		.uleb128 0x13
 1899 012b 00       		.byte	0
 1900 012c 00       		.byte	0
 1901 012d 1A       		.uleb128 0x1a
 1902 012e 2E       		.uleb128 0x2e
 1903 012f 01       		.byte	0x1
 1904 0130 03       		.uleb128 0x3
 1905 0131 0E       		.uleb128 0xe
 1906 0132 3A       		.uleb128 0x3a
 1907 0133 0B       		.uleb128 0xb
 1908 0134 3B       		.uleb128 0x3b
 1909 0135 05       		.uleb128 0x5
 1910 0136 27       		.uleb128 0x27
 1911 0137 19       		.uleb128 0x19
 1912 0138 11       		.uleb128 0x11
 1913 0139 01       		.uleb128 0x1
 1914 013a 12       		.uleb128 0x12
 1915 013b 06       		.uleb128 0x6
 1916 013c 40       		.uleb128 0x40
 1917 013d 18       		.uleb128 0x18
 1918 013e 9742     		.uleb128 0x2117
 1919 0140 19       		.uleb128 0x19
 1920 0141 01       		.uleb128 0x1
 1921 0142 13       		.uleb128 0x13
 1922 0143 00       		.byte	0
 1923 0144 00       		.byte	0
 1924 0145 1B       		.uleb128 0x1b
 1925 0146 1D       		.uleb128 0x1d
 1926 0147 01       		.byte	0x1
 1927 0148 31       		.uleb128 0x31
 1928 0149 13       		.uleb128 0x13
 1929 014a 11       		.uleb128 0x11
 1930 014b 01       		.uleb128 0x1
 1931 014c 12       		.uleb128 0x12
 1932 014d 06       		.uleb128 0x6
 1933 014e 58       		.uleb128 0x58
 1934 014f 0B       		.uleb128 0xb
ARM GAS  /tmp/ccSK55UJ.s 			page 35


 1935 0150 59       		.uleb128 0x59
 1936 0151 05       		.uleb128 0x5
 1937 0152 00       		.byte	0
 1938 0153 00       		.byte	0
 1939 0154 1C       		.uleb128 0x1c
 1940 0155 05       		.uleb128 0x5
 1941 0156 00       		.byte	0
 1942 0157 31       		.uleb128 0x31
 1943 0158 13       		.uleb128 0x13
 1944 0159 02       		.uleb128 0x2
 1945 015a 18       		.uleb128 0x18
 1946 015b 00       		.byte	0
 1947 015c 00       		.byte	0
 1948 015d 1D       		.uleb128 0x1d
 1949 015e 2E       		.uleb128 0x2e
 1950 015f 00       		.byte	0
 1951 0160 03       		.uleb128 0x3
 1952 0161 0E       		.uleb128 0xe
 1953 0162 3A       		.uleb128 0x3a
 1954 0163 0B       		.uleb128 0xb
 1955 0164 3B       		.uleb128 0x3b
 1956 0165 05       		.uleb128 0x5
 1957 0166 27       		.uleb128 0x27
 1958 0167 19       		.uleb128 0x19
 1959 0168 11       		.uleb128 0x11
 1960 0169 01       		.uleb128 0x1
 1961 016a 12       		.uleb128 0x12
 1962 016b 06       		.uleb128 0x6
 1963 016c 40       		.uleb128 0x40
 1964 016d 18       		.uleb128 0x18
 1965 016e 9642     		.uleb128 0x2116
 1966 0170 19       		.uleb128 0x19
 1967 0171 00       		.byte	0
 1968 0172 00       		.byte	0
 1969 0173 1E       		.uleb128 0x1e
 1970 0174 2E       		.uleb128 0x2e
 1971 0175 01       		.byte	0x1
 1972 0176 03       		.uleb128 0x3
 1973 0177 0E       		.uleb128 0xe
 1974 0178 3A       		.uleb128 0x3a
 1975 0179 0B       		.uleb128 0xb
 1976 017a 3B       		.uleb128 0x3b
 1977 017b 05       		.uleb128 0x5
 1978 017c 27       		.uleb128 0x27
 1979 017d 19       		.uleb128 0x19
 1980 017e 11       		.uleb128 0x11
 1981 017f 01       		.uleb128 0x1
 1982 0180 12       		.uleb128 0x12
 1983 0181 06       		.uleb128 0x6
 1984 0182 40       		.uleb128 0x40
 1985 0183 18       		.uleb128 0x18
 1986 0184 9642     		.uleb128 0x2116
 1987 0186 19       		.uleb128 0x19
 1988 0187 01       		.uleb128 0x1
 1989 0188 13       		.uleb128 0x13
 1990 0189 00       		.byte	0
 1991 018a 00       		.byte	0
ARM GAS  /tmp/ccSK55UJ.s 			page 36


 1992 018b 1F       		.uleb128 0x1f
 1993 018c 34       		.uleb128 0x34
 1994 018d 00       		.byte	0
 1995 018e 03       		.uleb128 0x3
 1996 018f 0E       		.uleb128 0xe
 1997 0190 49       		.uleb128 0x49
 1998 0191 13       		.uleb128 0x13
 1999 0192 34       		.uleb128 0x34
 2000 0193 19       		.uleb128 0x19
 2001 0194 00       		.byte	0
 2002 0195 00       		.byte	0
 2003 0196 20       		.uleb128 0x20
 2004 0197 2E       		.uleb128 0x2e
 2005 0198 01       		.byte	0x1
 2006 0199 03       		.uleb128 0x3
 2007 019a 0E       		.uleb128 0xe
 2008 019b 3A       		.uleb128 0x3a
 2009 019c 0B       		.uleb128 0xb
 2010 019d 3B       		.uleb128 0x3b
 2011 019e 0B       		.uleb128 0xb
 2012 019f 27       		.uleb128 0x27
 2013 01a0 19       		.uleb128 0x19
 2014 01a1 11       		.uleb128 0x11
 2015 01a2 01       		.uleb128 0x1
 2016 01a3 12       		.uleb128 0x12
 2017 01a4 06       		.uleb128 0x6
 2018 01a5 40       		.uleb128 0x40
 2019 01a6 18       		.uleb128 0x18
 2020 01a7 9642     		.uleb128 0x2116
 2021 01a9 19       		.uleb128 0x19
 2022 01aa 01       		.uleb128 0x1
 2023 01ab 13       		.uleb128 0x13
 2024 01ac 00       		.byte	0
 2025 01ad 00       		.byte	0
 2026 01ae 21       		.uleb128 0x21
 2027 01af 05       		.uleb128 0x5
 2028 01b0 00       		.byte	0
 2029 01b1 03       		.uleb128 0x3
 2030 01b2 08       		.uleb128 0x8
 2031 01b3 3A       		.uleb128 0x3a
 2032 01b4 0B       		.uleb128 0xb
 2033 01b5 3B       		.uleb128 0x3b
 2034 01b6 0B       		.uleb128 0xb
 2035 01b7 49       		.uleb128 0x49
 2036 01b8 13       		.uleb128 0x13
 2037 01b9 02       		.uleb128 0x2
 2038 01ba 18       		.uleb128 0x18
 2039 01bb 00       		.byte	0
 2040 01bc 00       		.byte	0
 2041 01bd 22       		.uleb128 0x22
 2042 01be 05       		.uleb128 0x5
 2043 01bf 00       		.byte	0
 2044 01c0 03       		.uleb128 0x3
 2045 01c1 0E       		.uleb128 0xe
 2046 01c2 3A       		.uleb128 0x3a
 2047 01c3 0B       		.uleb128 0xb
 2048 01c4 3B       		.uleb128 0x3b
ARM GAS  /tmp/ccSK55UJ.s 			page 37


 2049 01c5 0B       		.uleb128 0xb
 2050 01c6 49       		.uleb128 0x49
 2051 01c7 13       		.uleb128 0x13
 2052 01c8 02       		.uleb128 0x2
 2053 01c9 18       		.uleb128 0x18
 2054 01ca 00       		.byte	0
 2055 01cb 00       		.byte	0
 2056 01cc 23       		.uleb128 0x23
 2057 01cd 2E       		.uleb128 0x2e
 2058 01ce 01       		.byte	0x1
 2059 01cf 3F       		.uleb128 0x3f
 2060 01d0 19       		.uleb128 0x19
 2061 01d1 03       		.uleb128 0x3
 2062 01d2 0E       		.uleb128 0xe
 2063 01d3 3A       		.uleb128 0x3a
 2064 01d4 0B       		.uleb128 0xb
 2065 01d5 3B       		.uleb128 0x3b
 2066 01d6 0B       		.uleb128 0xb
 2067 01d7 27       		.uleb128 0x27
 2068 01d8 19       		.uleb128 0x19
 2069 01d9 11       		.uleb128 0x11
 2070 01da 01       		.uleb128 0x1
 2071 01db 12       		.uleb128 0x12
 2072 01dc 06       		.uleb128 0x6
 2073 01dd 40       		.uleb128 0x40
 2074 01de 18       		.uleb128 0x18
 2075 01df 9742     		.uleb128 0x2117
 2076 01e1 19       		.uleb128 0x19
 2077 01e2 01       		.uleb128 0x1
 2078 01e3 13       		.uleb128 0x13
 2079 01e4 00       		.byte	0
 2080 01e5 00       		.byte	0
 2081 01e6 24       		.uleb128 0x24
 2082 01e7 2E       		.uleb128 0x2e
 2083 01e8 01       		.byte	0x1
 2084 01e9 3F       		.uleb128 0x3f
 2085 01ea 19       		.uleb128 0x19
 2086 01eb 03       		.uleb128 0x3
 2087 01ec 0E       		.uleb128 0xe
 2088 01ed 3A       		.uleb128 0x3a
 2089 01ee 0B       		.uleb128 0xb
 2090 01ef 3B       		.uleb128 0x3b
 2091 01f0 0B       		.uleb128 0xb
 2092 01f1 27       		.uleb128 0x27
 2093 01f2 19       		.uleb128 0x19
 2094 01f3 11       		.uleb128 0x11
 2095 01f4 01       		.uleb128 0x1
 2096 01f5 12       		.uleb128 0x12
 2097 01f6 06       		.uleb128 0x6
 2098 01f7 40       		.uleb128 0x40
 2099 01f8 18       		.uleb128 0x18
 2100 01f9 9642     		.uleb128 0x2116
 2101 01fb 19       		.uleb128 0x19
 2102 01fc 01       		.uleb128 0x1
 2103 01fd 13       		.uleb128 0x13
 2104 01fe 00       		.byte	0
 2105 01ff 00       		.byte	0
ARM GAS  /tmp/ccSK55UJ.s 			page 38


 2106 0200 25       		.uleb128 0x25
 2107 0201 2E       		.uleb128 0x2e
 2108 0202 01       		.byte	0x1
 2109 0203 3F       		.uleb128 0x3f
 2110 0204 19       		.uleb128 0x19
 2111 0205 03       		.uleb128 0x3
 2112 0206 0E       		.uleb128 0xe
 2113 0207 3A       		.uleb128 0x3a
 2114 0208 0B       		.uleb128 0xb
 2115 0209 3B       		.uleb128 0x3b
 2116 020a 0B       		.uleb128 0xb
 2117 020b 27       		.uleb128 0x27
 2118 020c 19       		.uleb128 0x19
 2119 020d 49       		.uleb128 0x49
 2120 020e 13       		.uleb128 0x13
 2121 020f 11       		.uleb128 0x11
 2122 0210 01       		.uleb128 0x1
 2123 0211 12       		.uleb128 0x12
 2124 0212 06       		.uleb128 0x6
 2125 0213 40       		.uleb128 0x40
 2126 0214 18       		.uleb128 0x18
 2127 0215 9642     		.uleb128 0x2116
 2128 0217 19       		.uleb128 0x19
 2129 0218 01       		.uleb128 0x1
 2130 0219 13       		.uleb128 0x13
 2131 021a 00       		.byte	0
 2132 021b 00       		.byte	0
 2133 021c 26       		.uleb128 0x26
 2134 021d 34       		.uleb128 0x34
 2135 021e 00       		.byte	0
 2136 021f 03       		.uleb128 0x3
 2137 0220 0E       		.uleb128 0xe
 2138 0221 3A       		.uleb128 0x3a
 2139 0222 0B       		.uleb128 0xb
 2140 0223 3B       		.uleb128 0x3b
 2141 0224 0B       		.uleb128 0xb
 2142 0225 49       		.uleb128 0x49
 2143 0226 13       		.uleb128 0x13
 2144 0227 02       		.uleb128 0x2
 2145 0228 18       		.uleb128 0x18
 2146 0229 00       		.byte	0
 2147 022a 00       		.byte	0
 2148 022b 27       		.uleb128 0x27
 2149 022c 34       		.uleb128 0x34
 2150 022d 00       		.byte	0
 2151 022e 03       		.uleb128 0x3
 2152 022f 08       		.uleb128 0x8
 2153 0230 3A       		.uleb128 0x3a
 2154 0231 0B       		.uleb128 0xb
 2155 0232 3B       		.uleb128 0x3b
 2156 0233 0B       		.uleb128 0xb
 2157 0234 49       		.uleb128 0x49
 2158 0235 13       		.uleb128 0x13
 2159 0236 02       		.uleb128 0x2
 2160 0237 18       		.uleb128 0x18
 2161 0238 00       		.byte	0
 2162 0239 00       		.byte	0
ARM GAS  /tmp/ccSK55UJ.s 			page 39


 2163 023a 28       		.uleb128 0x28
 2164 023b 34       		.uleb128 0x34
 2165 023c 00       		.byte	0
 2166 023d 03       		.uleb128 0x3
 2167 023e 0E       		.uleb128 0xe
 2168 023f 3A       		.uleb128 0x3a
 2169 0240 0B       		.uleb128 0xb
 2170 0241 3B       		.uleb128 0x3b
 2171 0242 05       		.uleb128 0x5
 2172 0243 49       		.uleb128 0x49
 2173 0244 13       		.uleb128 0x13
 2174 0245 3F       		.uleb128 0x3f
 2175 0246 19       		.uleb128 0x19
 2176 0247 3C       		.uleb128 0x3c
 2177 0248 19       		.uleb128 0x19
 2178 0249 00       		.byte	0
 2179 024a 00       		.byte	0
 2180 024b 29       		.uleb128 0x29
 2181 024c 34       		.uleb128 0x34
 2182 024d 00       		.byte	0
 2183 024e 03       		.uleb128 0x3
 2184 024f 08       		.uleb128 0x8
 2185 0250 3A       		.uleb128 0x3a
 2186 0251 0B       		.uleb128 0xb
 2187 0252 3B       		.uleb128 0x3b
 2188 0253 05       		.uleb128 0x5
 2189 0254 49       		.uleb128 0x49
 2190 0255 13       		.uleb128 0x13
 2191 0256 3F       		.uleb128 0x3f
 2192 0257 19       		.uleb128 0x19
 2193 0258 3C       		.uleb128 0x3c
 2194 0259 19       		.uleb128 0x19
 2195 025a 00       		.byte	0
 2196 025b 00       		.byte	0
 2197 025c 00       		.byte	0
 2198              		.section	.debug_aranges,"",%progbits
 2199 0000 6C000000 		.4byte	0x6c
 2200 0004 0200     		.2byte	0x2
 2201 0006 00000000 		.4byte	.Ldebug_info0
 2202 000a 04       		.byte	0x4
 2203 000b 00       		.byte	0
 2204 000c 0000     		.2byte	0
 2205 000e 0000     		.2byte	0
 2206 0010 00000000 		.4byte	.LFB127
 2207 0014 10000000 		.4byte	.LFE127-.LFB127
 2208 0018 00000000 		.4byte	.LFB128
 2209 001c 10000000 		.4byte	.LFE128-.LFB128
 2210 0020 00000000 		.4byte	.LFB167
 2211 0024 08000000 		.4byte	.LFE167-.LFB167
 2212 0028 00000000 		.4byte	.LFB168
 2213 002c 08000000 		.4byte	.LFE168-.LFB168
 2214 0030 00000000 		.4byte	.LFB228
 2215 0034 16000000 		.4byte	.LFE228-.LFB228
 2216 0038 00000000 		.4byte	.LFB240
 2217 003c 1E000000 		.4byte	.LFE240-.LFB240
 2218 0040 00000000 		.4byte	.LFB241
 2219 0044 30000000 		.4byte	.LFE241-.LFB241
ARM GAS  /tmp/ccSK55UJ.s 			page 40


 2220 0048 00000000 		.4byte	.LFB242
 2221 004c 3E000000 		.4byte	.LFE242-.LFB242
 2222 0050 00000000 		.4byte	.LFB243
 2223 0054 20000000 		.4byte	.LFE243-.LFB243
 2224 0058 00000000 		.4byte	.LFB244
 2225 005c 1C000000 		.4byte	.LFE244-.LFB244
 2226 0060 00000000 		.4byte	.LFB245
 2227 0064 1E000000 		.4byte	.LFE245-.LFB245
 2228 0068 00000000 		.4byte	0
 2229 006c 00000000 		.4byte	0
 2230              		.section	.debug_ranges,"",%progbits
 2231              	.Ldebug_ranges0:
 2232 0000 00000000 		.4byte	.LFB127
 2233 0004 10000000 		.4byte	.LFE127
 2234 0008 00000000 		.4byte	.LFB128
 2235 000c 10000000 		.4byte	.LFE128
 2236 0010 00000000 		.4byte	.LFB167
 2237 0014 08000000 		.4byte	.LFE167
 2238 0018 00000000 		.4byte	.LFB168
 2239 001c 08000000 		.4byte	.LFE168
 2240 0020 00000000 		.4byte	.LFB228
 2241 0024 16000000 		.4byte	.LFE228
 2242 0028 00000000 		.4byte	.LFB240
 2243 002c 1E000000 		.4byte	.LFE240
 2244 0030 00000000 		.4byte	.LFB241
 2245 0034 30000000 		.4byte	.LFE241
 2246 0038 00000000 		.4byte	.LFB242
 2247 003c 3E000000 		.4byte	.LFE242
 2248 0040 00000000 		.4byte	.LFB243
 2249 0044 20000000 		.4byte	.LFE243
 2250 0048 00000000 		.4byte	.LFB244
 2251 004c 1C000000 		.4byte	.LFE244
 2252 0050 00000000 		.4byte	.LFB245
 2253 0054 1E000000 		.4byte	.LFE245
 2254 0058 00000000 		.4byte	0
 2255 005c 00000000 		.4byte	0
 2256              		.section	.debug_line,"",%progbits
 2257              	.Ldebug_line0:
 2258 0000 19030000 		.section	.debug_str,"MS",%progbits,1
 2258      02000F02 
 2258      00000201 
 2258      FB0E0D00 
 2258      01010101 
 2259              	.LASF51:
 2260 0000 72656164 		.ascii	"ready_list_t\000"
 2260      795F6C69 
 2260      73745F74 
 2260      00
 2261              	.LASF2:
 2262 000d 73697A65 		.ascii	"size_t\000"
 2262      5F7400
 2263              	.LASF86:
 2264 0014 7264796D 		.ascii	"rdymsg\000"
 2264      736700
 2265              	.LASF17:
 2266 001b 75696E74 		.ascii	"uint64_t\000"
 2266      36345F74 
ARM GAS  /tmp/ccSK55UJ.s 			page 41


 2266      00
 2267              	.LASF3:
 2268 0024 5F5F7569 		.ascii	"__uint8_t\000"
 2268      6E74385F 
 2268      7400
 2269              	.LASF83:
 2270 002e 706F7274 		.ascii	"port_intctx\000"
 2270      5F696E74 
 2270      63747800 
 2271              	.LASF70:
 2272 003a 73797374 		.ascii	"system_debug_t\000"
 2272      656D5F64 
 2272      65627567 
 2272      5F7400
 2273              	.LASF115:
 2274 0049 70726F76 		.ascii	"provider\000"
 2274      69646572 
 2274      00
 2275              	.LASF109:
 2276 0052 706F7274 		.ascii	"port_lock\000"
 2276      5F6C6F63 
 2276      6B00
 2277              	.LASF102:
 2278 005c 6D656D67 		.ascii	"memgetfunc_t\000"
 2278      65746675 
 2278      6E635F74 
 2278      00
 2279              	.LASF13:
 2280 0069 6C6F6E67 		.ascii	"long long unsigned int\000"
 2280      206C6F6E 
 2280      6720756E 
 2280      7369676E 
 2280      65642069 
 2281              	.LASF87:
 2282 0080 65786974 		.ascii	"exitcode\000"
 2282      636F6465 
 2282      00
 2283              	.LASF77:
 2284 0089 6D61696E 		.ascii	"mainthread\000"
 2284      74687265 
 2284      616400
 2285              	.LASF67:
 2286 0094 76697274 		.ascii	"virtual_timers_list_t\000"
 2286      75616C5F 
 2286      74696D65 
 2286      72735F6C 
 2286      6973745F 
 2287              	.LASF123:
 2288 00aa 49544D5F 		.ascii	"ITM_RxBuffer\000"
 2288      52784275 
 2288      66666572 
 2288      00
 2289              	.LASF50:
 2290 00b7 63685F74 		.ascii	"ch_threads_queue\000"
 2290      68726561 
 2290      64735F71 
 2290      75657565 
ARM GAS  /tmp/ccSK55UJ.s 			page 42


 2290      00
 2291              	.LASF30:
 2292 00c8 705F7072 		.ascii	"p_prio\000"
 2292      696F00
 2293              	.LASF11:
 2294 00cf 6C6F6E67 		.ascii	"long long int\000"
 2294      206C6F6E 
 2294      6720696E 
 2294      7400
 2295              	.LASF1:
 2296 00dd 7369676E 		.ascii	"signed char\000"
 2296      65642063 
 2296      68617200 
 2297              	.LASF44:
 2298 00e9 705F6D70 		.ascii	"p_mpool\000"
 2298      6F6F6C00 
 2299              	.LASF97:
 2300 00f1 6D5F7175 		.ascii	"m_queue\000"
 2300      65756500 
 2301              	.LASF76:
 2302 00f9 76746C69 		.ascii	"vtlist\000"
 2302      737400
 2303              	.LASF110:
 2304 0100 706F7274 		.ascii	"port_unlock\000"
 2304      5F756E6C 
 2304      6F636B00 
 2305              	.LASF89:
 2306 010c 77747472 		.ascii	"wttrp\000"
 2306      7000
 2307              	.LASF74:
 2308 0112 63685F73 		.ascii	"ch_system\000"
 2308      79737465 
 2308      6D00
 2309              	.LASF8:
 2310 011c 6C6F6E67 		.ascii	"long int\000"
 2310      20696E74 
 2310      00
 2311              	.LASF20:
 2312 0125 74737461 		.ascii	"tstate_t\000"
 2312      74655F74 
 2312      00
 2313              	.LASF105:
 2314 012e 6D705F6E 		.ascii	"mp_next\000"
 2314      65787400 
 2315              	.LASF124:
 2316 0136 474E5520 		.ascii	"GNU C 4.8.4 20141219 (release) -mcpu=cortex-m4 -mno"
 2316      4320342E 
 2316      382E3420 
 2316      32303134 
 2316      31323139 
 2317 0169 2D746875 		.ascii	"-thumb-interwork -mthumb -ggdb -O0 -fomit-frame-poi"
 2317      6D622D69 
 2317      6E746572 
 2317      776F726B 
 2317      202D6D74 
 2318 019c 6E746572 		.ascii	"nter -falign-functions=16 -ffunction-sections -fdat"
 2318      202D6661 
ARM GAS  /tmp/ccSK55UJ.s 			page 43


 2318      6C69676E 
 2318      2D66756E 
 2318      6374696F 
 2319 01cf 612D7365 		.ascii	"a-sections -fno-common\000"
 2319      6374696F 
 2319      6E73202D 
 2319      666E6F2D 
 2319      636F6D6D 
 2320              	.LASF32:
 2321 01e6 705F6E65 		.ascii	"p_newer\000"
 2321      77657200 
 2322              	.LASF94:
 2323 01ee 735F7175 		.ascii	"s_queue\000"
 2323      65756500 
 2324              	.LASF56:
 2325 01f6 725F6E65 		.ascii	"r_newer\000"
 2325      77657200 
 2326              	.LASF107:
 2327 01fe 6D705F70 		.ascii	"mp_provider\000"
 2327      726F7669 
 2327      64657200 
 2328              	.LASF80:
 2329 020a 72656761 		.ascii	"regarm_t\000"
 2329      726D5F74 
 2329      00
 2330              	.LASF63:
 2331 0213 76745F70 		.ascii	"vt_prev\000"
 2331      72657600 
 2332              	.LASF101:
 2333 021b 6D757465 		.ascii	"mutex_t\000"
 2333      785F7400 
 2334              	.LASF127:
 2335 0223 76616C75 		.ascii	"value\000"
 2335      6500
 2336              	.LASF78:
 2337 0229 69646C65 		.ascii	"idle_thread_wa\000"
 2337      5F746872 
 2337      6561645F 
 2337      776100
 2338              	.LASF25:
 2339 0238 636E745F 		.ascii	"cnt_t\000"
 2339      7400
 2340              	.LASF0:
 2341 023e 756E7369 		.ascii	"unsigned int\000"
 2341      676E6564 
 2341      20696E74 
 2341      00
 2342              	.LASF62:
 2343 024b 76745F6E 		.ascii	"vt_next\000"
 2343      65787400 
 2344              	.LASF90:
 2345 0253 77747365 		.ascii	"wtsemp\000"
 2345      6D7000
 2346              	.LASF39:
 2347 025a 705F6D73 		.ascii	"p_msgqueue\000"
 2347      67717565 
 2347      756500
ARM GAS  /tmp/ccSK55UJ.s 			page 44


 2348              	.LASF108:
 2349 0265 6D656D6F 		.ascii	"memory_pool_t\000"
 2349      72795F70 
 2349      6F6F6C5F 
 2349      7400
 2350              	.LASF95:
 2351 0273 735F636E 		.ascii	"s_cnt\000"
 2351      7400
 2352              	.LASF6:
 2353 0279 73686F72 		.ascii	"short unsigned int\000"
 2353      7420756E 
 2353      7369676E 
 2353      65642069 
 2353      6E7400
 2354              	.LASF47:
 2355 028c 63685F74 		.ascii	"ch_thread\000"
 2355      68726561 
 2355      6400
 2356              	.LASF23:
 2357 0296 6D73675F 		.ascii	"msg_t\000"
 2357      7400
 2358              	.LASF73:
 2359 029c 63685F73 		.ascii	"ch_system_t\000"
 2359      79737465 
 2359      6D5F7400 
 2360              	.LASF112:
 2361 02a8 6368506F 		.ascii	"chPoolAdd\000"
 2361      6F6C4164 
 2361      6400
 2362              	.LASF19:
 2363 02b2 746D6F64 		.ascii	"tmode_t\000"
 2363      655F7400 
 2364              	.LASF117:
 2365 02ba 6368506F 		.ascii	"chPoolObjectInit\000"
 2365      6F6C4F62 
 2365      6A656374 
 2365      496E6974 
 2365      00
 2366              	.LASF52:
 2367 02cb 63685F72 		.ascii	"ch_ready_list\000"
 2367      65616479 
 2367      5F6C6973 
 2367      7400
 2368              	.LASF24:
 2369 02d9 6576656E 		.ascii	"eventmask_t\000"
 2369      746D6173 
 2369      6B5F7400 
 2370              	.LASF7:
 2371 02e5 5F5F696E 		.ascii	"__int32_t\000"
 2371      7433325F 
 2371      7400
 2372              	.LASF81:
 2373 02ef 73746B61 		.ascii	"stkalign_t\000"
 2373      6C69676E 
 2373      5F7400
 2374              	.LASF38:
 2375 02fa 705F7761 		.ascii	"p_waiting\000"
ARM GAS  /tmp/ccSK55UJ.s 			page 45


 2375      6974696E 
 2375      6700
 2376              	.LASF79:
 2377 0304 73697A65 		.ascii	"sizetype\000"
 2377      74797065 
 2377      00
 2378              	.LASF45:
 2379 030d 74687265 		.ascii	"thread_reference_t\000"
 2379      61645F72 
 2379      65666572 
 2379      656E6365 
 2379      5F7400
 2380              	.LASF68:
 2381 0320 63685F76 		.ascii	"ch_virtual_timers_list\000"
 2381      69727475 
 2381      616C5F74 
 2381      696D6572 
 2381      735F6C69 
 2382              	.LASF119:
 2383 0337 6368506F 		.ascii	"chPoolAllocI\000"
 2383      6F6C416C 
 2383      6C6F6349 
 2383      00
 2384              	.LASF121:
 2385 0344 6368506F 		.ascii	"chPoolFreeI\000"
 2385      6F6C4672 
 2385      65654900 
 2386              	.LASF69:
 2387 0350 76745F6C 		.ascii	"vt_lasttime\000"
 2387      61737474 
 2387      696D6500 
 2388              	.LASF33:
 2389 035c 705F6F6C 		.ascii	"p_older\000"
 2389      64657200 
 2390              	.LASF55:
 2391 0364 725F6374 		.ascii	"r_ctx\000"
 2391      7800
 2392              	.LASF106:
 2393 036a 6D705F6F 		.ascii	"mp_object_size\000"
 2393      626A6563 
 2393      745F7369 
 2393      7A6500
 2394              	.LASF85:
 2395 0379 746D5F63 		.ascii	"tm_calibration_t\000"
 2395      616C6962 
 2395      72617469 
 2395      6F6E5F74 
 2395      00
 2396              	.LASF58:
 2397 038a 725F6375 		.ascii	"r_current\000"
 2397      7272656E 
 2397      7400
 2398              	.LASF57:
 2399 0394 725F6F6C 		.ascii	"r_older\000"
 2399      64657200 
 2400              	.LASF12:
 2401 039c 5F5F7569 		.ascii	"__uint64_t\000"
ARM GAS  /tmp/ccSK55UJ.s 			page 46


 2401      6E743634 
 2401      5F7400
 2402              	.LASF104:
 2403 03a7 70685F6E 		.ascii	"ph_next\000"
 2403      65787400 
 2404              	.LASF21:
 2405 03af 74726566 		.ascii	"trefs_t\000"
 2405      735F7400 
 2406              	.LASF60:
 2407 03b7 76697274 		.ascii	"virtual_timer_t\000"
 2407      75616C5F 
 2407      74696D65 
 2407      725F7400 
 2408              	.LASF29:
 2409 03c7 705F7072 		.ascii	"p_prev\000"
 2409      657600
 2410              	.LASF22:
 2411 03ce 74707269 		.ascii	"tprio_t\000"
 2411      6F5F7400 
 2412              	.LASF71:
 2413 03d6 63685F73 		.ascii	"ch_system_debug\000"
 2413      79737465 
 2413      6D5F6465 
 2413      62756700 
 2414              	.LASF15:
 2415 03e6 696E7433 		.ascii	"int32_t\000"
 2415      325F7400 
 2416              	.LASF4:
 2417 03ee 756E7369 		.ascii	"unsigned char\000"
 2417      676E6564 
 2417      20636861 
 2417      7200
 2418              	.LASF42:
 2419 03fc 705F6D74 		.ascii	"p_mtxlist\000"
 2419      786C6973 
 2419      7400
 2420              	.LASF5:
 2421 0406 73686F72 		.ascii	"short int\000"
 2421      7420696E 
 2421      7400
 2422              	.LASF35:
 2423 0410 705F7374 		.ascii	"p_state\000"
 2423      61746500 
 2424              	.LASF54:
 2425 0418 725F7072 		.ascii	"r_prio\000"
 2425      696F00
 2426              	.LASF92:
 2427 041f 65776D61 		.ascii	"ewmask\000"
 2427      736B00
 2428              	.LASF28:
 2429 0426 705F6E65 		.ascii	"p_next\000"
 2429      787400
 2430              	.LASF116:
 2431 042d 5F5F6675 		.ascii	"__func__\000"
 2431      6E635F5F 
 2431      00
 2432              	.LASF128:
ARM GAS  /tmp/ccSK55UJ.s 			page 47


 2433 0436 63685379 		.ascii	"chSysLock\000"
 2433      734C6F63 
 2433      6B00
 2434              	.LASF113:
 2435 0440 6F626A70 		.ascii	"objp\000"
 2435      00
 2436              	.LASF61:
 2437 0445 63685F76 		.ascii	"ch_virtual_timer\000"
 2437      69727475 
 2437      616C5F74 
 2437      696D6572 
 2437      00
 2438              	.LASF93:
 2439 0456 63685F73 		.ascii	"ch_semaphore\000"
 2439      656D6170 
 2439      686F7265 
 2439      00
 2440              	.LASF41:
 2441 0463 705F6570 		.ascii	"p_epending\000"
 2441      656E6469 
 2441      6E6700
 2442              	.LASF16:
 2443 046e 75696E74 		.ascii	"uint32_t\000"
 2443      33325F74 
 2443      00
 2444              	.LASF91:
 2445 0477 77746D74 		.ascii	"wtmtxp\000"
 2445      787000
 2446              	.LASF53:
 2447 047e 725F7175 		.ascii	"r_queue\000"
 2447      65756500 
 2448              	.LASF64:
 2449 0486 76745F64 		.ascii	"vt_delta\000"
 2449      656C7461 
 2449      00
 2450              	.LASF48:
 2451 048f 63685F74 		.ascii	"ch_threads_list\000"
 2451      68726561 
 2451      64735F6C 
 2451      69737400 
 2452              	.LASF10:
 2453 049f 6C6F6E67 		.ascii	"long unsigned int\000"
 2453      20756E73 
 2453      69676E65 
 2453      6420696E 
 2453      7400
 2454              	.LASF100:
 2455 04b1 63686172 		.ascii	"char\000"
 2455      00
 2456              	.LASF27:
 2457 04b6 74687265 		.ascii	"thread_t\000"
 2457      61645F74 
 2457      00
 2458              	.LASF99:
 2459 04bf 6D5F6E65 		.ascii	"m_next\000"
 2459      787400
 2460              	.LASF26:
ARM GAS  /tmp/ccSK55UJ.s 			page 48


 2461 04c6 73797374 		.ascii	"systime_t\000"
 2461      696D655F 
 2461      7400
 2462              	.LASF43:
 2463 04d0 705F7265 		.ascii	"p_realprio\000"
 2463      616C7072 
 2463      696F00
 2464              	.LASF59:
 2465 04db 76746675 		.ascii	"vtfunc_t\000"
 2465      6E635F74 
 2465      00
 2466              	.LASF9:
 2467 04e4 5F5F7569 		.ascii	"__uint32_t\000"
 2467      6E743332 
 2467      5F7400
 2468              	.LASF126:
 2469 04ef 5F5F7365 		.ascii	"__set_BASEPRI\000"
 2469      745F4241 
 2469      53455052 
 2469      4900
 2470              	.LASF72:
 2471 04fd 70616E69 		.ascii	"panic_msg\000"
 2471      635F6D73 
 2471      6700
 2472              	.LASF84:
 2473 0507 6F666673 		.ascii	"offset\000"
 2473      657400
 2474              	.LASF96:
 2475 050e 63685F6D 		.ascii	"ch_mutex\000"
 2475      75746578 
 2475      00
 2476              	.LASF82:
 2477 0517 636F6E74 		.ascii	"context\000"
 2477      65787400 
 2478              	.LASF40:
 2479 051f 705F6D73 		.ascii	"p_msg\000"
 2479      6700
 2480              	.LASF18:
 2481 0525 7274636E 		.ascii	"rtcnt_t\000"
 2481      745F7400 
 2482              	.LASF66:
 2483 052d 76745F70 		.ascii	"vt_par\000"
 2483      617200
 2484              	.LASF49:
 2485 0534 74687265 		.ascii	"threads_queue_t\000"
 2485      6164735F 
 2485      71756575 
 2485      655F7400 
 2486              	.LASF103:
 2487 0544 706F6F6C 		.ascii	"pool_header\000"
 2487      5F686561 
 2487      64657200 
 2488              	.LASF37:
 2489 0550 705F7265 		.ascii	"p_refs\000"
 2489      667300
 2490              	.LASF75:
 2491 0557 726C6973 		.ascii	"rlist\000"
ARM GAS  /tmp/ccSK55UJ.s 			page 49


 2491      7400
 2492              	.LASF14:
 2493 055d 75696E74 		.ascii	"uint8_t\000"
 2493      385F7400 
 2494              	.LASF120:
 2495 0565 6368506F 		.ascii	"chPoolAlloc\000"
 2495      6F6C416C 
 2495      6C6F6300 
 2496              	.LASF122:
 2497 0571 6368506F 		.ascii	"chPoolFree\000"
 2497      6F6C4672 
 2497      656500
 2498              	.LASF88:
 2499 057c 77746F62 		.ascii	"wtobjp\000"
 2499      6A7000
 2500              	.LASF34:
 2501 0583 705F6E61 		.ascii	"p_name\000"
 2501      6D6500
 2502              	.LASF114:
 2503 058a 73697A65 		.ascii	"size\000"
 2503      00
 2504              	.LASF46:
 2505 058f 74687265 		.ascii	"threads_list_t\000"
 2505      6164735F 
 2505      6C697374 
 2505      5F7400
 2506              	.LASF36:
 2507 059e 705F666C 		.ascii	"p_flags\000"
 2507      61677300 
 2508              	.LASF111:
 2509 05a6 63685379 		.ascii	"chSysUnlock\000"
 2509      73556E6C 
 2509      6F636B00 
 2510              	.LASF118:
 2511 05b2 6368506F 		.ascii	"chPoolLoadArray\000"
 2511      6F6C4C6F 
 2511      61644172 
 2511      72617900 
 2512              	.LASF98:
 2513 05c2 6D5F6F77 		.ascii	"m_owner\000"
 2513      6E657200 
 2514              	.LASF125:
 2515 05ca 2F686F6D 		.ascii	"/home/efe/ChibiOS/os/rt/src/chmempools.c\000"
 2515      652F6566 
 2515      652F4368 
 2515      6962694F 
 2515      532F6F73 
 2516              	.LASF31:
 2517 05f3 705F6374 		.ascii	"p_ctx\000"
 2517      7800
 2518              	.LASF65:
 2519 05f9 76745F66 		.ascii	"vt_func\000"
 2519      756E6300 
 2520              		.ident	"GCC: (4.8.4-1+11-1) 4.8.4 20141219 (release)"
ARM GAS  /tmp/ccSK55UJ.s 			page 50


DEFINED SYMBOLS
                            *ABS*:0000000000000000 chmempools.c
     /tmp/ccSK55UJ.s:19     .text.port_lock:0000000000000000 $t
     /tmp/ccSK55UJ.s:24     .text.port_lock:0000000000000000 port_lock
     /tmp/ccSK55UJ.s:55     .text.port_unlock:0000000000000000 $t
     /tmp/ccSK55UJ.s:60     .text.port_unlock:0000000000000000 port_unlock
     /tmp/ccSK55UJ.s:89     .text.chSysLock:0000000000000000 $t
     /tmp/ccSK55UJ.s:94     .text.chSysLock:0000000000000000 chSysLock
     /tmp/ccSK55UJ.s:113    .text.chSysUnlock:0000000000000000 $t
     /tmp/ccSK55UJ.s:118    .text.chSysUnlock:0000000000000000 chSysUnlock
     /tmp/ccSK55UJ.s:136    .text.chPoolAdd:0000000000000000 $t
     /tmp/ccSK55UJ.s:141    .text.chPoolAdd:0000000000000000 chPoolAdd
     /tmp/ccSK55UJ.s:395    .text.chPoolFree:0000000000000000 chPoolFree
     /tmp/ccSK55UJ.s:167    .text.chPoolObjectInit:0000000000000000 $t
     /tmp/ccSK55UJ.s:173    .text.chPoolObjectInit:0000000000000000 chPoolObjectInit
     /tmp/ccSK55UJ.s:206    .text.chPoolLoadArray:0000000000000000 $t
     /tmp/ccSK55UJ.s:212    .text.chPoolLoadArray:0000000000000000 chPoolLoadArray
     /tmp/ccSK55UJ.s:256    .text.chPoolAllocI:0000000000000000 $t
     /tmp/ccSK55UJ.s:262    .text.chPoolAllocI:0000000000000000 chPoolAllocI
     /tmp/ccSK55UJ.s:315    .text.chPoolAlloc:0000000000000000 $t
     /tmp/ccSK55UJ.s:321    .text.chPoolAlloc:0000000000000000 chPoolAlloc
     /tmp/ccSK55UJ.s:352    .text.chPoolFreeI:0000000000000000 $t
     /tmp/ccSK55UJ.s:358    .text.chPoolFreeI:0000000000000000 chPoolFreeI
     /tmp/ccSK55UJ.s:389    .text.chPoolFree:0000000000000000 $t
                     .debug_frame:0000000000000010 $d

NO UNDEFINED SYMBOLS
