ARM GAS  /tmp/ccqvi8nJ.s 			page 1


   1              		.syntax unified
   2              		.cpu cortex-m4
   3              		.fpu softvfp
   4              		.eabi_attribute 20, 1
   5              		.eabi_attribute 21, 1
   6              		.eabi_attribute 23, 3
   7              		.eabi_attribute 24, 1
   8              		.eabi_attribute 25, 1
   9              		.eabi_attribute 26, 1
  10              		.eabi_attribute 30, 6
  11              		.eabi_attribute 34, 1
  12              		.eabi_attribute 18, 4
  13              		.thumb
  14              		.file	"chvt.c"
  15              		.text
  16              	.Ltext0:
  17              		.cfi_sections	.debug_frame
  18              		.section	.text.st_lld_get_counter,"ax",%progbits
  19              		.align	2
  20              		.p2align 4,,15
  21              		.thumb
  22              		.thumb_func
  23              		.type	st_lld_get_counter, %function
  24              	st_lld_get_counter:
  25              	.LFB136:
  26              		.file 1 "/home/efe/ChibiOS/os/hal/ports/STM32/LLD/TIMv1/st_lld.h"
  27              		.loc 1 139 0
  28              		.cfi_startproc
  29              		@ args = 0, pretend = 0, frame = 0
  30              		@ frame_needed = 0, uses_anonymous_args = 0
  31              		@ link register save eliminated.
  32              		.loc 1 141 0
  33 0000 4FF08043 		mov	r3, #1073741824
  34 0004 5B6A     		ldr	r3, [r3, #36]
  35              		.loc 1 142 0
  36 0006 1846     		mov	r0, r3
  37 0008 7047     		bx	lr
  38              		.cfi_endproc
  39              	.LFE136:
  40              		.size	st_lld_get_counter, .-st_lld_get_counter
  41 000a 00BFAFF3 		.section	.text.port_timer_start_alarm,"ax",%progbits
  41      0080
  42              		.align	2
  43              		.p2align 4,,15
  44              		.thumb
  45              		.thumb_func
  46              		.type	port_timer_start_alarm, %function
  47              	port_timer_start_alarm:
  48              	.LFB142:
  49              		.file 2 "/home/efe/ChibiOS/os/rt/ports/ARMCMx/chcore_timer.h"
  50              		.loc 2 71 0
  51              		.cfi_startproc
  52              		@ args = 0, pretend = 0, frame = 8
  53              		@ frame_needed = 0, uses_anonymous_args = 0
  54 0000 00B5     		push	{lr}
  55              		.cfi_def_cfa_offset 4
  56              		.cfi_offset 14, -4
ARM GAS  /tmp/ccqvi8nJ.s 			page 2


  57 0002 83B0     		sub	sp, sp, #12
  58              		.cfi_def_cfa_offset 16
  59 0004 0190     		str	r0, [sp, #4]
  60              		.loc 2 73 0
  61 0006 0198     		ldr	r0, [sp, #4]
  62 0008 FFF7FEFF 		bl	stStartAlarm
  63              		.loc 2 74 0
  64 000c 03B0     		add	sp, sp, #12
  65              		@ sp needed
  66 000e 5DF804FB 		ldr	pc, [sp], #4
  67              		.cfi_endproc
  68              	.LFE142:
  69              		.size	port_timer_start_alarm, .-port_timer_start_alarm
  70 0012 00BFAFF3 		.section	.text.port_timer_stop_alarm,"ax",%progbits
  70      0080AFF3 
  70      0080AFF3 
  70      0080
  71              		.align	2
  72              		.p2align 4,,15
  73              		.thumb
  74              		.thumb_func
  75              		.type	port_timer_stop_alarm, %function
  76              	port_timer_stop_alarm:
  77              	.LFB143:
  78              		.loc 2 81 0
  79              		.cfi_startproc
  80              		@ args = 0, pretend = 0, frame = 0
  81              		@ frame_needed = 0, uses_anonymous_args = 0
  82 0000 08B5     		push	{r3, lr}
  83              		.cfi_def_cfa_offset 8
  84              		.cfi_offset 3, -8
  85              		.cfi_offset 14, -4
  86              		.loc 2 83 0
  87 0002 FFF7FEFF 		bl	stStopAlarm
  88              		.loc 2 84 0
  89 0006 08BD     		pop	{r3, pc}
  90              		.cfi_endproc
  91              	.LFE143:
  92              		.size	port_timer_stop_alarm, .-port_timer_stop_alarm
  93 0008 AFF30080 		.section	.text.port_timer_set_alarm,"ax",%progbits
  93      AFF30080 
  94              		.align	2
  95              		.p2align 4,,15
  96              		.thumb
  97              		.thumb_func
  98              		.type	port_timer_set_alarm, %function
  99              	port_timer_set_alarm:
 100              	.LFB144:
 101              		.loc 2 93 0
 102              		.cfi_startproc
 103              		@ args = 0, pretend = 0, frame = 8
 104              		@ frame_needed = 0, uses_anonymous_args = 0
 105 0000 00B5     		push	{lr}
 106              		.cfi_def_cfa_offset 4
 107              		.cfi_offset 14, -4
 108 0002 83B0     		sub	sp, sp, #12
 109              		.cfi_def_cfa_offset 16
ARM GAS  /tmp/ccqvi8nJ.s 			page 3


 110 0004 0190     		str	r0, [sp, #4]
 111              		.loc 2 95 0
 112 0006 0198     		ldr	r0, [sp, #4]
 113 0008 FFF7FEFF 		bl	stSetAlarm
 114              		.loc 2 96 0
 115 000c 03B0     		add	sp, sp, #12
 116              		@ sp needed
 117 000e 5DF804FB 		ldr	pc, [sp], #4
 118              		.cfi_endproc
 119              	.LFE144:
 120              		.size	port_timer_set_alarm, .-port_timer_set_alarm
 121 0012 00BFAFF3 		.section	.text.port_timer_get_time,"ax",%progbits
 121      0080AFF3 
 121      0080AFF3 
 121      0080
 122              		.align	2
 123              		.p2align 4,,15
 124              		.thumb
 125              		.thumb_func
 126              		.type	port_timer_get_time, %function
 127              	port_timer_get_time:
 128              	.LFB145:
 129              		.loc 2 105 0
 130              		.cfi_startproc
 131              		@ args = 0, pretend = 0, frame = 0
 132              		@ frame_needed = 0, uses_anonymous_args = 0
 133 0000 08B5     		push	{r3, lr}
 134              		.cfi_def_cfa_offset 8
 135              		.cfi_offset 3, -8
 136              		.cfi_offset 14, -4
 137              		.loc 2 107 0
 138 0002 FFF7FEFF 		bl	st_lld_get_counter
 139 0006 0346     		mov	r3, r0
 140              		.loc 2 108 0
 141 0008 1846     		mov	r0, r3
 142 000a 08BD     		pop	{r3, pc}
 143              		.cfi_endproc
 144              	.LFE145:
 145              		.size	port_timer_get_time, .-port_timer_get_time
 146 000c AFF30080 		.section	.text.chVTGetSystemTimeX,"ax",%progbits
 147              		.align	2
 148              		.p2align 4,,15
 149              		.thumb
 150              		.thumb_func
 151              		.type	chVTGetSystemTimeX, %function
 152              	chVTGetSystemTimeX:
 153              	.LFB175:
 154              		.file 3 "/home/efe/ChibiOS/os/rt/include/chvt.h"
 155              		.loc 3 228 0
 156              		.cfi_startproc
 157              		@ args = 0, pretend = 0, frame = 0
 158              		@ frame_needed = 0, uses_anonymous_args = 0
 159 0000 08B5     		push	{r3, lr}
 160              		.cfi_def_cfa_offset 8
 161              		.cfi_offset 3, -8
 162              		.cfi_offset 14, -4
 163              		.loc 3 233 0
ARM GAS  /tmp/ccqvi8nJ.s 			page 4


 164 0002 FFF7FEFF 		bl	port_timer_get_time
 165 0006 0346     		mov	r3, r0
 166              		.loc 3 235 0
 167 0008 1846     		mov	r0, r3
 168 000a 08BD     		pop	{r3, pc}
 169              		.cfi_endproc
 170              	.LFE175:
 171              		.size	chVTGetSystemTimeX, .-chVTGetSystemTimeX
 172              		.section	.text._vt_init,"ax",%progbits
 173              		.align	2
 174              		.p2align 4,,15
 175              		.global	_vt_init
 176              		.thumb
 177              		.thumb_func
 178              		.type	_vt_init, %function
 179              	_vt_init:
 180              	.LFB240:
 181              		.file 4 "/home/efe/ChibiOS/os/rt/src/chvt.c"
 182              		.loc 4 61 0
 183              		.cfi_startproc
 184              		@ args = 0, pretend = 0, frame = 0
 185              		@ frame_needed = 0, uses_anonymous_args = 0
 186              		@ link register save eliminated.
 187              		.loc 4 63 0
 188 0000 064B     		ldr	r3, .L11
 189 0002 074A     		ldr	r2, .L11+4
 190 0004 DA61     		str	r2, [r3, #28]
 191              		.loc 4 64 0
 192 0006 054B     		ldr	r3, .L11
 193 0008 054A     		ldr	r2, .L11+4
 194 000a 1A62     		str	r2, [r3, #32]
 195              		.loc 4 65 0
 196 000c 034B     		ldr	r3, .L11
 197 000e 4FF0FF32 		mov	r2, #-1
 198 0012 5A62     		str	r2, [r3, #36]
 199              		.loc 4 69 0
 200 0014 014B     		ldr	r3, .L11
 201 0016 0022     		movs	r2, #0
 202 0018 9A62     		str	r2, [r3, #40]
 203              		.loc 4 71 0
 204 001a 7047     		bx	lr
 205              	.L12:
 206              		.align	2
 207              	.L11:
 208 001c 00000000 		.word	ch
 209 0020 1C000000 		.word	ch+28
 210              		.cfi_endproc
 211              	.LFE240:
 212              		.size	_vt_init, .-_vt_init
 213 0024 AFF30080 		.section	.text.chVTDoSetI,"ax",%progbits
 213      AFF30080 
 213      AFF30080 
 214              		.align	2
 215              		.p2align 4,,15
 216              		.global	chVTDoSetI
 217              		.thumb
 218              		.thumb_func
ARM GAS  /tmp/ccqvi8nJ.s 			page 5


 219              		.type	chVTDoSetI, %function
 220              	chVTDoSetI:
 221              	.LFB241:
 222              		.loc 4 96 0
 223              		.cfi_startproc
 224              		@ args = 0, pretend = 0, frame = 32
 225              		@ frame_needed = 0, uses_anonymous_args = 0
 226 0000 00B5     		push	{lr}
 227              		.cfi_def_cfa_offset 4
 228              		.cfi_offset 14, -4
 229 0002 89B0     		sub	sp, sp, #36
 230              		.cfi_def_cfa_offset 40
 231 0004 0390     		str	r0, [sp, #12]
 232 0006 0291     		str	r1, [sp, #8]
 233 0008 0192     		str	r2, [sp, #4]
 234 000a 0093     		str	r3, [sp]
 235              		.loc 4 103 0
 236 000c 039B     		ldr	r3, [sp, #12]
 237 000e 009A     		ldr	r2, [sp]
 238 0010 1A61     		str	r2, [r3, #16]
 239              		.loc 4 104 0
 240 0012 039B     		ldr	r3, [sp, #12]
 241 0014 019A     		ldr	r2, [sp, #4]
 242 0016 DA60     		str	r2, [r3, #12]
 243              	.LBB2:
 244              		.loc 4 108 0
 245 0018 FFF7FEFF 		bl	chVTGetSystemTimeX
 246 001c 0590     		str	r0, [sp, #20]
 247              		.loc 4 112 0
 248 001e 029B     		ldr	r3, [sp, #8]
 249 0020 012B     		cmp	r3, #1
 250 0022 01D8     		bhi	.L14
 251              		.loc 4 113 0
 252 0024 0223     		movs	r3, #2
 253 0026 0293     		str	r3, [sp, #8]
 254              	.L14:
 255              		.loc 4 117 0
 256 0028 314B     		ldr	r3, .L20
 257 002a DA69     		ldr	r2, [r3, #28]
 258 002c 314B     		ldr	r3, .L20+4
 259 002e 9A42     		cmp	r2, r3
 260 0030 19D1     		bne	.L15
 261              		.loc 4 121 0
 262 0032 2F4B     		ldr	r3, .L20
 263 0034 059A     		ldr	r2, [sp, #20]
 264 0036 9A62     		str	r2, [r3, #40]
 265              		.loc 4 122 0
 266 0038 2D4B     		ldr	r3, .L20
 267 003a 039A     		ldr	r2, [sp, #12]
 268 003c DA61     		str	r2, [r3, #28]
 269              		.loc 4 123 0
 270 003e 2C4B     		ldr	r3, .L20
 271 0040 039A     		ldr	r2, [sp, #12]
 272 0042 1A62     		str	r2, [r3, #32]
 273              		.loc 4 124 0
 274 0044 039B     		ldr	r3, [sp, #12]
 275 0046 2B4A     		ldr	r2, .L20+4
ARM GAS  /tmp/ccqvi8nJ.s 			page 6


 276 0048 1A60     		str	r2, [r3]
 277              		.loc 4 125 0
 278 004a 039B     		ldr	r3, [sp, #12]
 279 004c 294A     		ldr	r2, .L20+4
 280 004e 5A60     		str	r2, [r3, #4]
 281              		.loc 4 126 0
 282 0050 039B     		ldr	r3, [sp, #12]
 283 0052 029A     		ldr	r2, [sp, #8]
 284 0054 9A60     		str	r2, [r3, #8]
 285              		.loc 4 129 0
 286 0056 264B     		ldr	r3, .L20
 287 0058 9A6A     		ldr	r2, [r3, #40]
 288 005a 029B     		ldr	r3, [sp, #8]
 289 005c 1344     		add	r3, r3, r2
 290 005e 1846     		mov	r0, r3
 291 0060 FFF7FEFF 		bl	port_timer_start_alarm
 292              		.loc 4 131 0
 293 0064 40E0     		b	.L13
 294              	.L15:
 295              		.loc 4 136 0
 296 0066 059A     		ldr	r2, [sp, #20]
 297 0068 029B     		ldr	r3, [sp, #8]
 298 006a 1A44     		add	r2, r2, r3
 299 006c 204B     		ldr	r3, .L20
 300 006e 9B6A     		ldr	r3, [r3, #40]
 301 0070 D31A     		subs	r3, r2, r3
 302 0072 0693     		str	r3, [sp, #24]
 303              		.loc 4 137 0
 304 0074 1E4B     		ldr	r3, .L20
 305 0076 DB69     		ldr	r3, [r3, #28]
 306 0078 9A68     		ldr	r2, [r3, #8]
 307 007a 069B     		ldr	r3, [sp, #24]
 308 007c 9A42     		cmp	r2, r3
 309 007e 06D9     		bls	.L17
 310              		.loc 4 140 0
 311 0080 1B4B     		ldr	r3, .L20
 312 0082 9A6A     		ldr	r2, [r3, #40]
 313 0084 069B     		ldr	r3, [sp, #24]
 314 0086 1344     		add	r3, r3, r2
 315 0088 1846     		mov	r0, r3
 316 008a FFF7FEFF 		bl	port_timer_set_alarm
 317              	.L17:
 318              	.LBE2:
 319              		.loc 4 150 0
 320 008e 184B     		ldr	r3, .L20
 321 0090 DB69     		ldr	r3, [r3, #28]
 322 0092 0793     		str	r3, [sp, #28]
 323              		.loc 4 151 0
 324 0094 07E0     		b	.L18
 325              	.L19:
 326              		.loc 4 152 0
 327 0096 079B     		ldr	r3, [sp, #28]
 328 0098 9B68     		ldr	r3, [r3, #8]
 329 009a 069A     		ldr	r2, [sp, #24]
 330 009c D31A     		subs	r3, r2, r3
 331 009e 0693     		str	r3, [sp, #24]
 332              		.loc 4 153 0
ARM GAS  /tmp/ccqvi8nJ.s 			page 7


 333 00a0 079B     		ldr	r3, [sp, #28]
 334 00a2 1B68     		ldr	r3, [r3]
 335 00a4 0793     		str	r3, [sp, #28]
 336              	.L18:
 337              		.loc 4 151 0 discriminator 1
 338 00a6 079B     		ldr	r3, [sp, #28]
 339 00a8 9A68     		ldr	r2, [r3, #8]
 340 00aa 069B     		ldr	r3, [sp, #24]
 341 00ac 9A42     		cmp	r2, r3
 342 00ae F2D3     		bcc	.L19
 343              		.loc 4 157 0
 344 00b0 039B     		ldr	r3, [sp, #12]
 345 00b2 079A     		ldr	r2, [sp, #28]
 346 00b4 1A60     		str	r2, [r3]
 347              		.loc 4 158 0
 348 00b6 039B     		ldr	r3, [sp, #12]
 349 00b8 1B68     		ldr	r3, [r3]
 350 00ba 5A68     		ldr	r2, [r3, #4]
 351 00bc 039B     		ldr	r3, [sp, #12]
 352 00be 5A60     		str	r2, [r3, #4]
 353              		.loc 4 159 0
 354 00c0 039B     		ldr	r3, [sp, #12]
 355 00c2 5B68     		ldr	r3, [r3, #4]
 356 00c4 039A     		ldr	r2, [sp, #12]
 357 00c6 1A60     		str	r2, [r3]
 358              		.loc 4 160 0
 359 00c8 079B     		ldr	r3, [sp, #28]
 360 00ca 039A     		ldr	r2, [sp, #12]
 361 00cc 5A60     		str	r2, [r3, #4]
 362              		.loc 4 161 0
 363 00ce 039B     		ldr	r3, [sp, #12]
 364 00d0 069A     		ldr	r2, [sp, #24]
 365 00d2 9A60     		str	r2, [r3, #8]
 366              		.loc 4 165 0
 367 00d4 079B     		ldr	r3, [sp, #28]
 368 00d6 9A68     		ldr	r2, [r3, #8]
 369 00d8 069B     		ldr	r3, [sp, #24]
 370 00da D21A     		subs	r2, r2, r3
 371 00dc 079B     		ldr	r3, [sp, #28]
 372 00de 9A60     		str	r2, [r3, #8]
 373              		.loc 4 166 0
 374 00e0 034B     		ldr	r3, .L20
 375 00e2 4FF0FF32 		mov	r2, #-1
 376 00e6 5A62     		str	r2, [r3, #36]
 377              	.L13:
 378              		.loc 4 167 0
 379 00e8 09B0     		add	sp, sp, #36
 380              		@ sp needed
 381 00ea 5DF804FB 		ldr	pc, [sp], #4
 382              	.L21:
 383 00ee 00BF     		.align	2
 384              	.L20:
 385 00f0 00000000 		.word	ch
 386 00f4 1C000000 		.word	ch+28
 387              		.cfi_endproc
 388              	.LFE241:
 389              		.size	chVTDoSetI, .-chVTDoSetI
ARM GAS  /tmp/ccqvi8nJ.s 			page 8


 390 00f8 AFF30080 		.section	.text.chVTDoResetI,"ax",%progbits
 390      AFF30080 
 391              		.align	2
 392              		.p2align 4,,15
 393              		.global	chVTDoResetI
 394              		.thumb
 395              		.thumb_func
 396              		.type	chVTDoResetI, %function
 397              	chVTDoResetI:
 398              	.LFB242:
 399              		.loc 4 177 0
 400              		.cfi_startproc
 401              		@ args = 0, pretend = 0, frame = 16
 402              		@ frame_needed = 0, uses_anonymous_args = 0
 403 0000 00B5     		push	{lr}
 404              		.cfi_def_cfa_offset 4
 405              		.cfi_offset 14, -4
 406 0002 85B0     		sub	sp, sp, #20
 407              		.cfi_def_cfa_offset 24
 408 0004 0190     		str	r0, [sp, #4]
 409              		.loc 4 201 0
 410 0006 314B     		ldr	r3, .L29
 411 0008 DA69     		ldr	r2, [r3, #28]
 412 000a 019B     		ldr	r3, [sp, #4]
 413 000c 9A42     		cmp	r2, r3
 414 000e 1CD0     		beq	.L23
 415              		.loc 4 203 0
 416 0010 019B     		ldr	r3, [sp, #4]
 417 0012 5B68     		ldr	r3, [r3, #4]
 418 0014 019A     		ldr	r2, [sp, #4]
 419 0016 1268     		ldr	r2, [r2]
 420 0018 1A60     		str	r2, [r3]
 421              		.loc 4 204 0
 422 001a 019B     		ldr	r3, [sp, #4]
 423 001c 1B68     		ldr	r3, [r3]
 424 001e 019A     		ldr	r2, [sp, #4]
 425 0020 5268     		ldr	r2, [r2, #4]
 426 0022 5A60     		str	r2, [r3, #4]
 427              		.loc 4 205 0
 428 0024 019B     		ldr	r3, [sp, #4]
 429 0026 0022     		movs	r2, #0
 430 0028 DA60     		str	r2, [r3, #12]
 431              		.loc 4 208 0
 432 002a 019B     		ldr	r3, [sp, #4]
 433 002c 1A68     		ldr	r2, [r3]
 434 002e 284B     		ldr	r3, .L29+4
 435 0030 9A42     		cmp	r2, r3
 436 0032 09D0     		beq	.L24
 437              		.loc 4 209 0
 438 0034 019B     		ldr	r3, [sp, #4]
 439 0036 1B68     		ldr	r3, [r3]
 440 0038 019A     		ldr	r2, [sp, #4]
 441 003a 1268     		ldr	r2, [r2]
 442 003c 9168     		ldr	r1, [r2, #8]
 443 003e 019A     		ldr	r2, [sp, #4]
 444 0040 9268     		ldr	r2, [r2, #8]
 445 0042 0A44     		add	r2, r2, r1
ARM GAS  /tmp/ccqvi8nJ.s 			page 9


 446 0044 9A60     		str	r2, [r3, #8]
 447              		.loc 4 211 0
 448 0046 3EE0     		b	.L22
 449              	.L24:
 450 0048 3DE0     		b	.L22
 451              	.L23:
 452              		.loc 4 215 0
 453 004a 019B     		ldr	r3, [sp, #4]
 454 004c 1A68     		ldr	r2, [r3]
 455 004e 1F4B     		ldr	r3, .L29
 456 0050 DA61     		str	r2, [r3, #28]
 457              		.loc 4 216 0
 458 0052 1E4B     		ldr	r3, .L29
 459 0054 DB69     		ldr	r3, [r3, #28]
 460 0056 1E4A     		ldr	r2, .L29+4
 461 0058 5A60     		str	r2, [r3, #4]
 462              		.loc 4 217 0
 463 005a 019B     		ldr	r3, [sp, #4]
 464 005c 0022     		movs	r2, #0
 465 005e DA60     		str	r2, [r3, #12]
 466              		.loc 4 220 0
 467 0060 1A4B     		ldr	r3, .L29
 468 0062 DA69     		ldr	r2, [r3, #28]
 469 0064 1A4B     		ldr	r3, .L29+4
 470 0066 9A42     		cmp	r2, r3
 471 0068 02D1     		bne	.L26
 472              		.loc 4 221 0
 473 006a FFF7FEFF 		bl	port_timer_stop_alarm
 474              		.loc 4 223 0
 475 006e 2AE0     		b	.L22
 476              	.L26:
 477              		.loc 4 227 0
 478 0070 164B     		ldr	r3, .L29
 479 0072 DB69     		ldr	r3, [r3, #28]
 480 0074 154A     		ldr	r2, .L29
 481 0076 D269     		ldr	r2, [r2, #28]
 482 0078 9168     		ldr	r1, [r2, #8]
 483 007a 019A     		ldr	r2, [sp, #4]
 484 007c 9268     		ldr	r2, [r2, #8]
 485 007e 0A44     		add	r2, r2, r1
 486 0080 9A60     		str	r2, [r3, #8]
 487              		.loc 4 236 0
 488 0082 FFF7FEFF 		bl	chVTGetSystemTimeX
 489 0086 0246     		mov	r2, r0
 490 0088 104B     		ldr	r3, .L29
 491 008a 9B6A     		ldr	r3, [r3, #40]
 492 008c D31A     		subs	r3, r2, r3
 493 008e 0293     		str	r3, [sp, #8]
 494              		.loc 4 240 0
 495 0090 0E4B     		ldr	r3, .L29
 496 0092 DB69     		ldr	r3, [r3, #28]
 497 0094 9A68     		ldr	r2, [r3, #8]
 498 0096 029B     		ldr	r3, [sp, #8]
 499 0098 9A42     		cmp	r2, r3
 500 009a 00D8     		bhi	.L27
 501              		.loc 4 241 0
 502 009c 13E0     		b	.L22
ARM GAS  /tmp/ccqvi8nJ.s 			page 10


 503              	.L27:
 504              		.loc 4 245 0
 505 009e 0B4B     		ldr	r3, .L29
 506 00a0 DB69     		ldr	r3, [r3, #28]
 507 00a2 9A68     		ldr	r2, [r3, #8]
 508 00a4 029B     		ldr	r3, [sp, #8]
 509 00a6 D31A     		subs	r3, r2, r3
 510 00a8 0393     		str	r3, [sp, #12]
 511              		.loc 4 249 0
 512 00aa 039B     		ldr	r3, [sp, #12]
 513 00ac 012B     		cmp	r3, #1
 514 00ae 01D8     		bhi	.L28
 515              		.loc 4 250 0
 516 00b0 0223     		movs	r3, #2
 517 00b2 0393     		str	r3, [sp, #12]
 518              	.L28:
 519              		.loc 4 253 0
 520 00b4 054B     		ldr	r3, .L29
 521 00b6 9A6A     		ldr	r2, [r3, #40]
 522 00b8 029B     		ldr	r3, [sp, #8]
 523 00ba 1A44     		add	r2, r2, r3
 524 00bc 039B     		ldr	r3, [sp, #12]
 525 00be 1344     		add	r3, r3, r2
 526 00c0 1846     		mov	r0, r3
 527 00c2 FFF7FEFF 		bl	port_timer_set_alarm
 528              	.L22:
 529              		.loc 4 255 0
 530 00c6 05B0     		add	sp, sp, #20
 531              		@ sp needed
 532 00c8 5DF804FB 		ldr	pc, [sp], #4
 533              	.L30:
 534              		.align	2
 535              	.L29:
 536 00cc 00000000 		.word	ch
 537 00d0 1C000000 		.word	ch+28
 538              		.cfi_endproc
 539              	.LFE242:
 540              		.size	chVTDoResetI, .-chVTDoResetI
 541 00d4 AFF30080 		.text
 541      AFF30080 
 541      AFF30080 
 542              	.Letext0:
 543              		.file 5 "/usr/include/newlib/machine/_default_types.h"
 544              		.file 6 "/usr/include/newlib/stdint.h"
 545              		.file 7 "/home/efe/ChibiOS/os/rt/ports/ARMCMx/compilers/GCC/chtypes.h"
 546              		.file 8 "/home/efe/ChibiOS/os/rt/include/chsystypes.h"
 547              		.file 9 "/home/efe/ChibiOS/os/rt/include/chschd.h"
 548              		.file 10 "/home/efe/ChibiOS/os/rt/ports/ARMCMx/chcore.h"
 549              		.file 11 "/home/efe/ChibiOS/os/rt/ports/ARMCMx/chcore_v7m.h"
 550              		.file 12 "/home/efe/ChibiOS/os/hal/ports/STM32/LLD/TIMv1/stm32_tim.h"
 551              		.file 13 "/home/efe/ChibiOS/os/rt/include/chtm.h"
 552              		.file 14 "/home/efe/ChibiOS/os/rt/include/chsem.h"
 553              		.file 15 "/home/efe/ChibiOS/os/rt/include/chmtx.h"
 554              		.file 16 "/home/efe/ChibiOS/os/ext/CMSIS/include/core_cm4.h"
 555              		.section	.debug_info,"",%progbits
 556              	.Ldebug_info0:
 557 0000 17090000 		.4byte	0x917
ARM GAS  /tmp/ccqvi8nJ.s 			page 11


 558 0004 0400     		.2byte	0x4
 559 0006 00000000 		.4byte	.Ldebug_abbrev0
 560 000a 04       		.byte	0x4
 561 000b 01       		.uleb128 0x1
 562 000c 42010000 		.4byte	.LASF125
 563 0010 01       		.byte	0x1
 564 0011 66020000 		.4byte	.LASF126
 565 0015 00000000 		.4byte	.Ldebug_ranges0+0
 566 0019 00000000 		.4byte	0
 567 001d 00000000 		.4byte	.Ldebug_line0
 568 0021 02       		.uleb128 0x2
 569 0022 04       		.byte	0x4
 570 0023 05       		.byte	0x5
 571 0024 696E7400 		.ascii	"int\000"
 572 0028 03       		.uleb128 0x3
 573 0029 04       		.byte	0x4
 574 002a 07       		.byte	0x7
 575 002b DA040000 		.4byte	.LASF0
 576 002f 03       		.uleb128 0x3
 577 0030 01       		.byte	0x1
 578 0031 06       		.byte	0x6
 579 0032 F8000000 		.4byte	.LASF1
 580 0036 04       		.uleb128 0x4
 581 0037 3A000000 		.4byte	.LASF5
 582 003b 05       		.byte	0x5
 583 003c 1D       		.byte	0x1d
 584 003d 41000000 		.4byte	0x41
 585 0041 03       		.uleb128 0x3
 586 0042 01       		.byte	0x1
 587 0043 08       		.byte	0x8
 588 0044 ED030000 		.4byte	.LASF2
 589 0048 03       		.uleb128 0x3
 590 0049 02       		.byte	0x2
 591 004a 05       		.byte	0x5
 592 004b 0B040000 		.4byte	.LASF3
 593 004f 03       		.uleb128 0x3
 594 0050 02       		.byte	0x2
 595 0051 07       		.byte	0x7
 596 0052 02020000 		.4byte	.LASF4
 597 0056 04       		.uleb128 0x4
 598 0057 09030000 		.4byte	.LASF6
 599 005b 05       		.byte	0x5
 600 005c 3F       		.byte	0x3f
 601 005d 61000000 		.4byte	0x61
 602 0061 03       		.uleb128 0x3
 603 0062 04       		.byte	0x4
 604 0063 05       		.byte	0x5
 605 0064 1D010000 		.4byte	.LASF7
 606 0068 04       		.uleb128 0x4
 607 0069 1A050000 		.4byte	.LASF8
 608 006d 05       		.byte	0x5
 609 006e 41       		.byte	0x41
 610 006f 73000000 		.4byte	0x73
 611 0073 03       		.uleb128 0x3
 612 0074 04       		.byte	0x4
 613 0075 07       		.byte	0x7
 614 0076 C3040000 		.4byte	.LASF9
ARM GAS  /tmp/ccqvi8nJ.s 			page 12


 615 007a 03       		.uleb128 0x3
 616 007b 08       		.byte	0x8
 617 007c 05       		.byte	0x5
 618 007d 34010000 		.4byte	.LASF10
 619 0081 04       		.uleb128 0x4
 620 0082 A3030000 		.4byte	.LASF11
 621 0086 05       		.byte	0x5
 622 0087 5B       		.byte	0x5b
 623 0088 8C000000 		.4byte	0x8c
 624 008c 03       		.uleb128 0x3
 625 008d 08       		.byte	0x8
 626 008e 07       		.byte	0x7
 627 008f 6B000000 		.4byte	.LASF12
 628 0093 04       		.uleb128 0x4
 629 0094 8E050000 		.4byte	.LASF13
 630 0098 06       		.byte	0x6
 631 0099 2A       		.byte	0x2a
 632 009a 36000000 		.4byte	0x36
 633 009e 04       		.uleb128 0x4
 634 009f E5030000 		.4byte	.LASF14
 635 00a3 06       		.byte	0x6
 636 00a4 41       		.byte	0x41
 637 00a5 56000000 		.4byte	0x56
 638 00a9 04       		.uleb128 0x4
 639 00aa 92040000 		.4byte	.LASF15
 640 00ae 06       		.byte	0x6
 641 00af 42       		.byte	0x42
 642 00b0 68000000 		.4byte	0x68
 643 00b4 04       		.uleb128 0x4
 644 00b5 25000000 		.4byte	.LASF16
 645 00b9 06       		.byte	0x6
 646 00ba 4E       		.byte	0x4e
 647 00bb 81000000 		.4byte	0x81
 648 00bf 05       		.uleb128 0x5
 649 00c0 9E000000 		.4byte	0x9e
 650 00c4 05       		.uleb128 0x5
 651 00c5 A9000000 		.4byte	0xa9
 652 00c9 04       		.uleb128 0x4
 653 00ca 52050000 		.4byte	.LASF17
 654 00ce 07       		.byte	0x7
 655 00cf 45       		.byte	0x45
 656 00d0 A9000000 		.4byte	0xa9
 657 00d4 04       		.uleb128 0x4
 658 00d5 C8050000 		.4byte	.LASF18
 659 00d9 07       		.byte	0x7
 660 00da 48       		.byte	0x48
 661 00db 93000000 		.4byte	0x93
 662 00df 04       		.uleb128 0x4
 663 00e0 26010000 		.4byte	.LASF19
 664 00e4 07       		.byte	0x7
 665 00e5 49       		.byte	0x49
 666 00e6 93000000 		.4byte	0x93
 667 00ea 04       		.uleb128 0x4
 668 00eb AE030000 		.4byte	.LASF20
 669 00ef 07       		.byte	0x7
 670 00f0 4A       		.byte	0x4a
 671 00f1 93000000 		.4byte	0x93
ARM GAS  /tmp/ccqvi8nJ.s 			page 13


 672 00f5 04       		.uleb128 0x4
 673 00f6 CD030000 		.4byte	.LASF21
 674 00fa 07       		.byte	0x7
 675 00fb 4C       		.byte	0x4c
 676 00fc A9000000 		.4byte	0xa9
 677 0100 04       		.uleb128 0x4
 678 0101 44000000 		.4byte	.LASF22
 679 0105 07       		.byte	0x7
 680 0106 4D       		.byte	0x4d
 681 0107 9E000000 		.4byte	0x9e
 682 010b 04       		.uleb128 0x4
 683 010c 2E000000 		.4byte	.LASF23
 684 0110 07       		.byte	0x7
 685 0111 4F       		.byte	0x4f
 686 0112 A9000000 		.4byte	0xa9
 687 0116 04       		.uleb128 0x4
 688 0117 4D020000 		.4byte	.LASF24
 689 011b 07       		.byte	0x7
 690 011c 51       		.byte	0x51
 691 011d 9E000000 		.4byte	0x9e
 692 0121 04       		.uleb128 0x4
 693 0122 FC040000 		.4byte	.LASF25
 694 0126 08       		.byte	0x8
 695 0127 33       		.byte	0x33
 696 0128 A9000000 		.4byte	0xa9
 697 012c 04       		.uleb128 0x4
 698 012d EC040000 		.4byte	.LASF26
 699 0131 08       		.byte	0x8
 700 0132 3F       		.byte	0x3f
 701 0133 37010000 		.4byte	0x137
 702 0137 06       		.uleb128 0x6
 703 0138 B7020000 		.4byte	.LASF46
 704 013c 44       		.byte	0x44
 705 013d 09       		.byte	0x9
 706 013e C2       		.byte	0xc2
 707 013f 24020000 		.4byte	0x224
 708 0143 07       		.uleb128 0x7
 709 0144 2B040000 		.4byte	.LASF27
 710 0148 09       		.byte	0x9
 711 0149 C3       		.byte	0xc3
 712 014a 2F020000 		.4byte	0x22f
 713 014e 00       		.byte	0
 714 014f 07       		.uleb128 0x7
 715 0150 C6030000 		.4byte	.LASF28
 716 0154 09       		.byte	0x9
 717 0155 C5       		.byte	0xc5
 718 0156 2F020000 		.4byte	0x22f
 719 015a 04       		.byte	0x4
 720 015b 07       		.uleb128 0x7
 721 015c DC000000 		.4byte	.LASF29
 722 0160 09       		.byte	0x9
 723 0161 C7       		.byte	0xc7
 724 0162 F5000000 		.4byte	0xf5
 725 0166 08       		.byte	0x8
 726 0167 07       		.uleb128 0x7
 727 0168 75030000 		.4byte	.LASF30
 728 016c 09       		.byte	0x9
ARM GAS  /tmp/ccqvi8nJ.s 			page 14


 729 016d C8       		.byte	0xc8
 730 016e 7F040000 		.4byte	0x47f
 731 0172 0C       		.byte	0xc
 732 0173 07       		.uleb128 0x7
 733 0174 F2010000 		.4byte	.LASF31
 734 0178 09       		.byte	0x9
 735 0179 CA       		.byte	0xca
 736 017a 2F020000 		.4byte	0x22f
 737 017e 10       		.byte	0x10
 738 017f 07       		.uleb128 0x7
 739 0180 67030000 		.4byte	.LASF32
 740 0184 09       		.byte	0x9
 741 0185 CB       		.byte	0xcb
 742 0186 2F020000 		.4byte	0x22f
 743 018a 14       		.byte	0x14
 744 018b 07       		.uleb128 0x7
 745 018c B2050000 		.4byte	.LASF33
 746 0190 09       		.byte	0x9
 747 0191 D2       		.byte	0xd2
 748 0192 20070000 		.4byte	0x720
 749 0196 18       		.byte	0x18
 750 0197 07       		.uleb128 0x7
 751 0198 15040000 		.4byte	.LASF34
 752 019c 09       		.byte	0x9
 753 019d DD       		.byte	0xdd
 754 019e DF000000 		.4byte	0xdf
 755 01a2 1C       		.byte	0x1c
 756 01a3 07       		.uleb128 0x7
 757 01a4 D0050000 		.4byte	.LASF35
 758 01a8 09       		.byte	0x9
 759 01a9 E1       		.byte	0xe1
 760 01aa D4000000 		.4byte	0xd4
 761 01ae 1D       		.byte	0x1d
 762 01af 07       		.uleb128 0x7
 763 01b0 81050000 		.4byte	.LASF36
 764 01b4 09       		.byte	0x9
 765 01b5 E6       		.byte	0xe6
 766 01b6 EA000000 		.4byte	0xea
 767 01ba 1E       		.byte	0x1e
 768 01bb 08       		.uleb128 0x8
 769 01bc 705F7500 		.ascii	"p_u\000"
 770 01c0 09       		.byte	0x9
 771 01c1 3101     		.2byte	0x131
 772 01c3 5B060000 		.4byte	0x65b
 773 01c7 20       		.byte	0x20
 774 01c8 09       		.uleb128 0x9
 775 01c9 1E030000 		.4byte	.LASF37
 776 01cd 09       		.byte	0x9
 777 01ce 3601     		.2byte	0x136
 778 01d0 35020000 		.4byte	0x235
 779 01d4 24       		.byte	0x24
 780 01d5 09       		.uleb128 0x9
 781 01d6 A1020000 		.4byte	.LASF38
 782 01da 09       		.byte	0x9
 783 01db 3C01     		.2byte	0x13c
 784 01dd 59020000 		.4byte	0x259
 785 01e1 28       		.byte	0x28
ARM GAS  /tmp/ccqvi8nJ.s 			page 15


 786 01e2 09       		.uleb128 0x9
 787 01e3 D8050000 		.4byte	.LASF39
 788 01e7 09       		.byte	0x9
 789 01e8 4001     		.2byte	0x140
 790 01ea 00010000 		.4byte	0x100
 791 01ee 30       		.byte	0x30
 792 01ef 09       		.uleb128 0x9
 793 01f0 74040000 		.4byte	.LASF40
 794 01f4 09       		.byte	0x9
 795 01f5 4601     		.2byte	0x146
 796 01f7 0B010000 		.4byte	0x10b
 797 01fb 34       		.byte	0x34
 798 01fc 09       		.uleb128 0x9
 799 01fd 01040000 		.4byte	.LASF41
 800 0201 09       		.byte	0x9
 801 0202 4D01     		.2byte	0x14d
 802 0204 1A070000 		.4byte	0x71a
 803 0208 38       		.byte	0x38
 804 0209 09       		.uleb128 0x9
 805 020a 06050000 		.4byte	.LASF42
 806 020e 09       		.byte	0x9
 807 020f 5101     		.2byte	0x151
 808 0211 F5000000 		.4byte	0xf5
 809 0215 3C       		.byte	0x3c
 810 0216 09       		.uleb128 0x9
 811 0217 1D020000 		.4byte	.LASF43
 812 021b 09       		.byte	0x9
 813 021c 5801     		.2byte	0x158
 814 021e 0C030000 		.4byte	0x30c
 815 0222 40       		.byte	0x40
 816 0223 00       		.byte	0
 817 0224 04       		.uleb128 0x4
 818 0225 31030000 		.4byte	.LASF44
 819 0229 08       		.byte	0x8
 820 022a 44       		.byte	0x44
 821 022b 2F020000 		.4byte	0x22f
 822 022f 0A       		.uleb128 0xa
 823 0230 04       		.byte	0x4
 824 0231 2C010000 		.4byte	0x12c
 825 0235 04       		.uleb128 0x4
 826 0236 B9050000 		.4byte	.LASF45
 827 023a 08       		.byte	0x8
 828 023b 49       		.byte	0x49
 829 023c 40020000 		.4byte	0x240
 830 0240 06       		.uleb128 0x6
 831 0241 B3040000 		.4byte	.LASF47
 832 0245 04       		.byte	0x4
 833 0246 09       		.byte	0x9
 834 0247 B0       		.byte	0xb0
 835 0248 59020000 		.4byte	0x259
 836 024c 07       		.uleb128 0x7
 837 024d 2B040000 		.4byte	.LASF27
 838 0251 09       		.byte	0x9
 839 0252 B1       		.byte	0xb1
 840 0253 2F020000 		.4byte	0x22f
 841 0257 00       		.byte	0
 842 0258 00       		.byte	0
ARM GAS  /tmp/ccqvi8nJ.s 			page 16


 843 0259 04       		.uleb128 0x4
 844 025a 68050000 		.4byte	.LASF48
 845 025e 08       		.byte	0x8
 846 025f 50       		.byte	0x50
 847 0260 64020000 		.4byte	0x264
 848 0264 06       		.uleb128 0x6
 849 0265 CB000000 		.4byte	.LASF49
 850 0269 08       		.byte	0x8
 851 026a 09       		.byte	0x9
 852 026b B7       		.byte	0xb7
 853 026c 89020000 		.4byte	0x289
 854 0270 07       		.uleb128 0x7
 855 0271 2B040000 		.4byte	.LASF27
 856 0275 09       		.byte	0x9
 857 0276 B8       		.byte	0xb8
 858 0277 2F020000 		.4byte	0x22f
 859 027b 00       		.byte	0
 860 027c 07       		.uleb128 0x7
 861 027d C6030000 		.4byte	.LASF28
 862 0281 09       		.byte	0x9
 863 0282 B9       		.byte	0xb9
 864 0283 2F020000 		.4byte	0x22f
 865 0287 04       		.byte	0x4
 866 0288 00       		.byte	0
 867 0289 04       		.uleb128 0x4
 868 028a 00000000 		.4byte	.LASF50
 869 028e 08       		.byte	0x8
 870 028f 57       		.byte	0x57
 871 0290 94020000 		.4byte	0x294
 872 0294 0B       		.uleb128 0xb
 873 0295 F0020000 		.4byte	.LASF51
 874 0299 1C       		.byte	0x1c
 875 029a 09       		.byte	0x9
 876 029b 9001     		.2byte	0x190
 877 029d F0020000 		.4byte	0x2f0
 878 02a1 09       		.uleb128 0x9
 879 02a2 A2040000 		.4byte	.LASF52
 880 02a6 09       		.byte	0x9
 881 02a7 9101     		.2byte	0x191
 882 02a9 59020000 		.4byte	0x259
 883 02ad 00       		.byte	0
 884 02ae 09       		.uleb128 0x9
 885 02af 1D040000 		.4byte	.LASF53
 886 02b3 09       		.byte	0x9
 887 02b4 9201     		.2byte	0x192
 888 02b6 F5000000 		.4byte	0xf5
 889 02ba 08       		.byte	0x8
 890 02bb 09       		.uleb128 0x9
 891 02bc 6F030000 		.4byte	.LASF54
 892 02c0 09       		.byte	0x9
 893 02c1 9401     		.2byte	0x194
 894 02c3 7F040000 		.4byte	0x47f
 895 02c7 0C       		.byte	0xc
 896 02c8 09       		.uleb128 0x9
 897 02c9 15020000 		.4byte	.LASF55
 898 02cd 09       		.byte	0x9
 899 02ce 9701     		.2byte	0x197
ARM GAS  /tmp/ccqvi8nJ.s 			page 17


 900 02d0 2F020000 		.4byte	0x22f
 901 02d4 10       		.byte	0x10
 902 02d5 09       		.uleb128 0x9
 903 02d6 9B030000 		.4byte	.LASF56
 904 02da 09       		.byte	0x9
 905 02db 9801     		.2byte	0x198
 906 02dd 2F020000 		.4byte	0x22f
 907 02e1 14       		.byte	0x14
 908 02e2 09       		.uleb128 0x9
 909 02e3 91030000 		.4byte	.LASF57
 910 02e7 09       		.byte	0x9
 911 02e8 9B01     		.2byte	0x19b
 912 02ea 2F020000 		.4byte	0x22f
 913 02ee 18       		.byte	0x18
 914 02ef 00       		.byte	0
 915 02f0 04       		.uleb128 0x4
 916 02f1 11050000 		.4byte	.LASF58
 917 02f5 08       		.byte	0x8
 918 02f6 5C       		.byte	0x5c
 919 02f7 FB020000 		.4byte	0x2fb
 920 02fb 0A       		.uleb128 0xa
 921 02fc 04       		.byte	0x4
 922 02fd 01030000 		.4byte	0x301
 923 0301 0C       		.uleb128 0xc
 924 0302 0C030000 		.4byte	0x30c
 925 0306 0D       		.uleb128 0xd
 926 0307 0C030000 		.4byte	0x30c
 927 030b 00       		.byte	0
 928 030c 0E       		.uleb128 0xe
 929 030d 04       		.byte	0x4
 930 030e 04       		.uleb128 0x4
 931 030f B6030000 		.4byte	.LASF59
 932 0313 08       		.byte	0x8
 933 0314 61       		.byte	0x61
 934 0315 19030000 		.4byte	0x319
 935 0319 0B       		.uleb128 0xb
 936 031a 51040000 		.4byte	.LASF60
 937 031e 14       		.byte	0x14
 938 031f 09       		.byte	0x9
 939 0320 6B01     		.2byte	0x16b
 940 0322 68030000 		.4byte	0x368
 941 0326 09       		.uleb128 0x9
 942 0327 92020000 		.4byte	.LASF61
 943 032b 09       		.byte	0x9
 944 032c 6C01     		.2byte	0x16c
 945 032e 32070000 		.4byte	0x732
 946 0332 00       		.byte	0
 947 0333 09       		.uleb128 0x9
 948 0334 2E020000 		.4byte	.LASF62
 949 0338 09       		.byte	0x9
 950 0339 6D01     		.2byte	0x16d
 951 033b 32070000 		.4byte	0x732
 952 033f 04       		.byte	0x4
 953 0340 09       		.uleb128 0x9
 954 0341 AA040000 		.4byte	.LASF63
 955 0345 09       		.byte	0x9
 956 0346 6E01     		.2byte	0x16e
ARM GAS  /tmp/ccqvi8nJ.s 			page 18


 957 0348 21010000 		.4byte	0x121
 958 034c 08       		.byte	0x8
 959 034d 09       		.uleb128 0x9
 960 034e E6050000 		.4byte	.LASF64
 961 0352 09       		.byte	0x9
 962 0353 6F01     		.2byte	0x16f
 963 0355 F0020000 		.4byte	0x2f0
 964 0359 0C       		.byte	0xc
 965 035a 09       		.uleb128 0x9
 966 035b 5A050000 		.4byte	.LASF65
 967 035f 09       		.byte	0x9
 968 0360 7101     		.2byte	0x171
 969 0362 0C030000 		.4byte	0x30c
 970 0366 10       		.byte	0x10
 971 0367 00       		.byte	0
 972 0368 04       		.uleb128 0x4
 973 0369 A3000000 		.4byte	.LASF66
 974 036d 08       		.byte	0x8
 975 036e 66       		.byte	0x66
 976 036f 73030000 		.4byte	0x373
 977 0373 0B       		.uleb128 0xb
 978 0374 44030000 		.4byte	.LASF67
 979 0378 10       		.byte	0x10
 980 0379 09       		.byte	0x9
 981 037a 7B01     		.2byte	0x17b
 982 037c B5030000 		.4byte	0x3b5
 983 0380 09       		.uleb128 0x9
 984 0381 92020000 		.4byte	.LASF61
 985 0385 09       		.byte	0x9
 986 0386 7C01     		.2byte	0x17c
 987 0388 32070000 		.4byte	0x732
 988 038c 00       		.byte	0
 989 038d 09       		.uleb128 0x9
 990 038e 2E020000 		.4byte	.LASF62
 991 0392 09       		.byte	0x9
 992 0393 7E01     		.2byte	0x17e
 993 0395 32070000 		.4byte	0x732
 994 0399 04       		.byte	0x4
 995 039a 09       		.uleb128 0x9
 996 039b AA040000 		.4byte	.LASF63
 997 039f 09       		.byte	0x9
 998 03a0 8001     		.2byte	0x180
 999 03a2 21010000 		.4byte	0x121
 1000 03a6 08       		.byte	0x8
 1001 03a7 09       		.uleb128 0x9
 1002 03a8 5B030000 		.4byte	.LASF68
 1003 03ac 09       		.byte	0x9
 1004 03ad 8801     		.2byte	0x188
 1005 03af 21010000 		.4byte	0x121
 1006 03b3 0C       		.byte	0xc
 1007 03b4 00       		.byte	0
 1008 03b5 04       		.uleb128 0x4
 1009 03b6 56000000 		.4byte	.LASF69
 1010 03ba 08       		.byte	0x8
 1011 03bb 6B       		.byte	0x6b
 1012 03bc C0030000 		.4byte	0x3c0
 1013 03c0 0B       		.uleb128 0xb
ARM GAS  /tmp/ccqvi8nJ.s 			page 19


 1014 03c1 D5030000 		.4byte	.LASF70
 1015 03c5 04       		.byte	0x4
 1016 03c6 09       		.byte	0x9
 1017 03c7 A201     		.2byte	0x1a2
 1018 03c9 DB030000 		.4byte	0x3db
 1019 03cd 09       		.uleb128 0x9
 1020 03ce 25050000 		.4byte	.LASF71
 1021 03d2 09       		.byte	0x9
 1022 03d3 AA01     		.2byte	0x1aa
 1023 03d5 38070000 		.4byte	0x738
 1024 03d9 00       		.byte	0
 1025 03da 00       		.byte	0
 1026 03db 04       		.uleb128 0x4
 1027 03dc D8020000 		.4byte	.LASF72
 1028 03e0 08       		.byte	0x8
 1029 03e1 70       		.byte	0x70
 1030 03e2 E6030000 		.4byte	0x3e6
 1031 03e6 0F       		.uleb128 0xf
 1032 03e7 13010000 		.4byte	.LASF73
 1033 03eb 5001     		.2byte	0x150
 1034 03ed 09       		.byte	0x9
 1035 03ee C201     		.2byte	0x1c2
 1036 03f0 42040000 		.4byte	0x442
 1037 03f4 09       		.uleb128 0x9
 1038 03f5 88050000 		.4byte	.LASF74
 1039 03f9 09       		.byte	0x9
 1040 03fa C601     		.2byte	0x1c6
 1041 03fc 89020000 		.4byte	0x289
 1042 0400 00       		.byte	0
 1043 0401 09       		.uleb128 0x9
 1044 0402 0C010000 		.4byte	.LASF75
 1045 0406 09       		.byte	0x9
 1046 0407 CA01     		.2byte	0x1ca
 1047 0409 68030000 		.4byte	0x368
 1048 040d 1C       		.byte	0x1c
 1049 040e 08       		.uleb128 0x8
 1050 040f 64626700 		.ascii	"dbg\000"
 1051 0413 09       		.byte	0x9
 1052 0414 CE01     		.2byte	0x1ce
 1053 0416 B5030000 		.4byte	0x3b5
 1054 041a 2C       		.byte	0x2c
 1055 041b 09       		.uleb128 0x9
 1056 041c 98000000 		.4byte	.LASF76
 1057 0420 09       		.byte	0x9
 1058 0421 D201     		.2byte	0x1d2
 1059 0423 2C010000 		.4byte	0x12c
 1060 0427 30       		.byte	0x30
 1061 0428 08       		.uleb128 0x8
 1062 0429 746D00   		.ascii	"tm\000"
 1063 042c 09       		.byte	0x9
 1064 042d D701     		.2byte	0x1d7
 1065 042f 50060000 		.4byte	0x650
 1066 0433 74       		.byte	0x74
 1067 0434 09       		.uleb128 0x9
 1068 0435 3E020000 		.4byte	.LASF77
 1069 0439 09       		.byte	0x9
 1070 043a E301     		.2byte	0x1e3
ARM GAS  /tmp/ccqvi8nJ.s 			page 20


 1071 043c 3D070000 		.4byte	0x73d
 1072 0440 78       		.byte	0x78
 1073 0441 00       		.byte	0
 1074 0442 03       		.uleb128 0x3
 1075 0443 04       		.byte	0x4
 1076 0444 07       		.byte	0x7
 1077 0445 28030000 		.4byte	.LASF78
 1078 0449 10       		.uleb128 0x10
 1079 044a A9000000 		.4byte	0xa9
 1080 044e 59040000 		.4byte	0x459
 1081 0452 11       		.uleb128 0x11
 1082 0453 42040000 		.4byte	0x442
 1083 0457 01       		.byte	0x1
 1084 0458 00       		.byte	0
 1085 0459 10       		.uleb128 0x10
 1086 045a A9000000 		.4byte	0xa9
 1087 045e 69040000 		.4byte	0x469
 1088 0462 11       		.uleb128 0x11
 1089 0463 42040000 		.4byte	0x442
 1090 0467 03       		.byte	0x3
 1091 0468 00       		.byte	0
 1092 0469 04       		.uleb128 0x4
 1093 046a 25020000 		.4byte	.LASF79
 1094 046e 0A       		.byte	0xa
 1095 046f 65       		.byte	0x65
 1096 0470 0C030000 		.4byte	0x30c
 1097 0474 04       		.uleb128 0x4
 1098 0475 13030000 		.4byte	.LASF80
 1099 0479 0A       		.byte	0xa
 1100 047a 6D       		.byte	0x6d
 1101 047b B4000000 		.4byte	0xb4
 1102 047f 06       		.uleb128 0x6
 1103 0480 36050000 		.4byte	.LASF81
 1104 0484 04       		.byte	0x4
 1105 0485 0A       		.byte	0xa
 1106 0486 89       		.byte	0x89
 1107 0487 98040000 		.4byte	0x498
 1108 048b 12       		.uleb128 0x12
 1109 048c 72313300 		.ascii	"r13\000"
 1110 0490 0A       		.byte	0xa
 1111 0491 8A       		.byte	0x8a
 1112 0492 13050000 		.4byte	0x513
 1113 0496 00       		.byte	0
 1114 0497 00       		.byte	0
 1115 0498 06       		.uleb128 0x6
 1116 0499 4A000000 		.4byte	.LASF82
 1117 049d 24       		.byte	0x24
 1118 049e 0B       		.byte	0xb
 1119 049f FD       		.byte	0xfd
 1120 04a0 13050000 		.4byte	0x513
 1121 04a4 08       		.uleb128 0x8
 1122 04a5 723400   		.ascii	"r4\000"
 1123 04a8 0B       		.byte	0xb
 1124 04a9 1001     		.2byte	0x110
 1125 04ab 69040000 		.4byte	0x469
 1126 04af 00       		.byte	0
 1127 04b0 08       		.uleb128 0x8
ARM GAS  /tmp/ccqvi8nJ.s 			page 21


 1128 04b1 723500   		.ascii	"r5\000"
 1129 04b4 0B       		.byte	0xb
 1130 04b5 1101     		.2byte	0x111
 1131 04b7 69040000 		.4byte	0x469
 1132 04bb 04       		.byte	0x4
 1133 04bc 08       		.uleb128 0x8
 1134 04bd 723600   		.ascii	"r6\000"
 1135 04c0 0B       		.byte	0xb
 1136 04c1 1201     		.2byte	0x112
 1137 04c3 69040000 		.4byte	0x469
 1138 04c7 08       		.byte	0x8
 1139 04c8 08       		.uleb128 0x8
 1140 04c9 723700   		.ascii	"r7\000"
 1141 04cc 0B       		.byte	0xb
 1142 04cd 1301     		.2byte	0x113
 1143 04cf 69040000 		.4byte	0x469
 1144 04d3 0C       		.byte	0xc
 1145 04d4 08       		.uleb128 0x8
 1146 04d5 723800   		.ascii	"r8\000"
 1147 04d8 0B       		.byte	0xb
 1148 04d9 1401     		.2byte	0x114
 1149 04db 69040000 		.4byte	0x469
 1150 04df 10       		.byte	0x10
 1151 04e0 08       		.uleb128 0x8
 1152 04e1 723900   		.ascii	"r9\000"
 1153 04e4 0B       		.byte	0xb
 1154 04e5 1501     		.2byte	0x115
 1155 04e7 69040000 		.4byte	0x469
 1156 04eb 14       		.byte	0x14
 1157 04ec 08       		.uleb128 0x8
 1158 04ed 72313000 		.ascii	"r10\000"
 1159 04f1 0B       		.byte	0xb
 1160 04f2 1601     		.2byte	0x116
 1161 04f4 69040000 		.4byte	0x469
 1162 04f8 18       		.byte	0x18
 1163 04f9 08       		.uleb128 0x8
 1164 04fa 72313100 		.ascii	"r11\000"
 1165 04fe 0B       		.byte	0xb
 1166 04ff 1701     		.2byte	0x117
 1167 0501 69040000 		.4byte	0x469
 1168 0505 1C       		.byte	0x1c
 1169 0506 08       		.uleb128 0x8
 1170 0507 6C7200   		.ascii	"lr\000"
 1171 050a 0B       		.byte	0xb
 1172 050b 1801     		.2byte	0x118
 1173 050d 69040000 		.4byte	0x469
 1174 0511 20       		.byte	0x20
 1175 0512 00       		.byte	0
 1176 0513 0A       		.uleb128 0xa
 1177 0514 04       		.byte	0x4
 1178 0515 98040000 		.4byte	0x498
 1179 0519 13       		.uleb128 0x13
 1180 051a 60       		.byte	0x60
 1181 051b 0C       		.byte	0xc
 1182 051c A101     		.2byte	0x1a1
 1183 051e 25060000 		.4byte	0x625
 1184 0522 08       		.uleb128 0x8
ARM GAS  /tmp/ccqvi8nJ.s 			page 22


 1185 0523 43523100 		.ascii	"CR1\000"
 1186 0527 0C       		.byte	0xc
 1187 0528 A201     		.2byte	0x1a2
 1188 052a C4000000 		.4byte	0xc4
 1189 052e 00       		.byte	0
 1190 052f 08       		.uleb128 0x8
 1191 0530 43523200 		.ascii	"CR2\000"
 1192 0534 0C       		.byte	0xc
 1193 0535 A301     		.2byte	0x1a3
 1194 0537 C4000000 		.4byte	0xc4
 1195 053b 04       		.byte	0x4
 1196 053c 09       		.uleb128 0x9
 1197 053d B2020000 		.4byte	.LASF83
 1198 0541 0C       		.byte	0xc
 1199 0542 A401     		.2byte	0x1a4
 1200 0544 C4000000 		.4byte	0xc4
 1201 0548 08       		.byte	0x8
 1202 0549 09       		.uleb128 0x9
 1203 054a 0D000000 		.4byte	.LASF84
 1204 054e 0C       		.byte	0xc
 1205 054f A501     		.2byte	0x1a5
 1206 0551 C4000000 		.4byte	0xc4
 1207 0555 0C       		.byte	0xc
 1208 0556 08       		.uleb128 0x8
 1209 0557 535200   		.ascii	"SR\000"
 1210 055a 0C       		.byte	0xc
 1211 055b A601     		.2byte	0x1a6
 1212 055d C4000000 		.4byte	0xc4
 1213 0561 10       		.byte	0x10
 1214 0562 08       		.uleb128 0x8
 1215 0563 45475200 		.ascii	"EGR\000"
 1216 0567 0C       		.byte	0xc
 1217 0568 A701     		.2byte	0x1a7
 1218 056a C4000000 		.4byte	0xc4
 1219 056e 14       		.byte	0x14
 1220 056f 09       		.uleb128 0x9
 1221 0570 E3000000 		.4byte	.LASF85
 1222 0574 0C       		.byte	0xc
 1223 0575 A801     		.2byte	0x1a8
 1224 0577 C4000000 		.4byte	0xc4
 1225 057b 18       		.byte	0x18
 1226 057c 09       		.uleb128 0x9
 1227 057d 65000000 		.4byte	.LASF86
 1228 0581 0C       		.byte	0xc
 1229 0582 A901     		.2byte	0x1a9
 1230 0584 C4000000 		.4byte	0xc4
 1231 0588 1C       		.byte	0x1c
 1232 0589 09       		.uleb128 0x9
 1233 058a 2F010000 		.4byte	.LASF87
 1234 058e 0C       		.byte	0xc
 1235 058f AA01     		.2byte	0x1aa
 1236 0591 C4000000 		.4byte	0xc4
 1237 0595 20       		.byte	0x20
 1238 0596 08       		.uleb128 0x8
 1239 0597 434E5400 		.ascii	"CNT\000"
 1240 059b 0C       		.byte	0xc
 1241 059c AB01     		.2byte	0x1ab
ARM GAS  /tmp/ccqvi8nJ.s 			page 23


 1242 059e C4000000 		.4byte	0xc4
 1243 05a2 24       		.byte	0x24
 1244 05a3 08       		.uleb128 0x8
 1245 05a4 50534300 		.ascii	"PSC\000"
 1246 05a8 0C       		.byte	0xc
 1247 05a9 AC01     		.2byte	0x1ac
 1248 05ab C4000000 		.4byte	0xc4
 1249 05af 28       		.byte	0x28
 1250 05b0 08       		.uleb128 0x8
 1251 05b1 41525200 		.ascii	"ARR\000"
 1252 05b5 0C       		.byte	0xc
 1253 05b6 AD01     		.2byte	0x1ad
 1254 05b8 C4000000 		.4byte	0xc4
 1255 05bc 2C       		.byte	0x2c
 1256 05bd 08       		.uleb128 0x8
 1257 05be 52435200 		.ascii	"RCR\000"
 1258 05c2 0C       		.byte	0xc
 1259 05c3 AE01     		.2byte	0x1ae
 1260 05c5 C4000000 		.4byte	0xc4
 1261 05c9 30       		.byte	0x30
 1262 05ca 08       		.uleb128 0x8
 1263 05cb 43435200 		.ascii	"CCR\000"
 1264 05cf 0C       		.byte	0xc
 1265 05d0 AF01     		.2byte	0x1af
 1266 05d2 25060000 		.4byte	0x625
 1267 05d6 34       		.byte	0x34
 1268 05d7 09       		.uleb128 0x9
 1269 05d8 C6000000 		.4byte	.LASF88
 1270 05dc 0C       		.byte	0xc
 1271 05dd B001     		.2byte	0x1b0
 1272 05df C4000000 		.4byte	0xc4
 1273 05e3 44       		.byte	0x44
 1274 05e4 08       		.uleb128 0x8
 1275 05e5 44435200 		.ascii	"DCR\000"
 1276 05e9 0C       		.byte	0xc
 1277 05ea B101     		.2byte	0x1b1
 1278 05ec C4000000 		.4byte	0xc4
 1279 05f0 48       		.byte	0x48
 1280 05f1 09       		.uleb128 0x9
 1281 05f2 E7040000 		.4byte	.LASF89
 1282 05f6 0C       		.byte	0xc
 1283 05f7 B201     		.2byte	0x1b2
 1284 05f9 C4000000 		.4byte	0xc4
 1285 05fd 4C       		.byte	0x4c
 1286 05fe 08       		.uleb128 0x8
 1287 05ff 4F5200   		.ascii	"OR\000"
 1288 0602 0C       		.byte	0xc
 1289 0603 B301     		.2byte	0x1b3
 1290 0605 C4000000 		.4byte	0xc4
 1291 0609 50       		.byte	0x50
 1292 060a 09       		.uleb128 0x9
 1293 060b F2000000 		.4byte	.LASF90
 1294 060f 0C       		.byte	0xc
 1295 0610 B401     		.2byte	0x1b4
 1296 0612 C4000000 		.4byte	0xc4
 1297 0616 54       		.byte	0x54
 1298 0617 09       		.uleb128 0x9
ARM GAS  /tmp/ccqvi8nJ.s 			page 24


 1299 0618 6F040000 		.4byte	.LASF91
 1300 061c 0C       		.byte	0xc
 1301 061d B501     		.2byte	0x1b5
 1302 061f 2A060000 		.4byte	0x62a
 1303 0623 58       		.byte	0x58
 1304 0624 00       		.byte	0
 1305 0625 05       		.uleb128 0x5
 1306 0626 59040000 		.4byte	0x459
 1307 062a 05       		.uleb128 0x5
 1308 062b 49040000 		.4byte	0x449
 1309 062f 14       		.uleb128 0x14
 1310 0630 E4020000 		.4byte	.LASF92
 1311 0634 0C       		.byte	0xc
 1312 0635 B601     		.2byte	0x1b6
 1313 0637 19050000 		.4byte	0x519
 1314 063b 15       		.uleb128 0x15
 1315 063c 04       		.byte	0x4
 1316 063d 0D       		.byte	0xd
 1317 063e 38       		.byte	0x38
 1318 063f 50060000 		.4byte	0x650
 1319 0643 07       		.uleb128 0x7
 1320 0644 2F050000 		.4byte	.LASF93
 1321 0648 0D       		.byte	0xd
 1322 0649 3C       		.byte	0x3c
 1323 064a C9000000 		.4byte	0xc9
 1324 064e 00       		.byte	0
 1325 064f 00       		.byte	0
 1326 0650 04       		.uleb128 0x4
 1327 0651 7B030000 		.4byte	.LASF94
 1328 0655 0D       		.byte	0xd
 1329 0656 3D       		.byte	0x3d
 1330 0657 3B060000 		.4byte	0x63b
 1331 065b 16       		.uleb128 0x16
 1332 065c 04       		.byte	0x4
 1333 065d 09       		.byte	0x9
 1334 065e FA       		.byte	0xfa
 1335 065f B8060000 		.4byte	0x6b8
 1336 0663 17       		.uleb128 0x17
 1337 0664 1E000000 		.4byte	.LASF95
 1338 0668 09       		.byte	0x9
 1339 0669 0101     		.2byte	0x101
 1340 066b 00010000 		.4byte	0x100
 1341 066f 17       		.uleb128 0x17
 1342 0670 8F000000 		.4byte	.LASF96
 1343 0674 09       		.byte	0x9
 1344 0675 0801     		.2byte	0x108
 1345 0677 00010000 		.4byte	0x100
 1346 067b 17       		.uleb128 0x17
 1347 067c AB050000 		.4byte	.LASF97
 1348 0680 09       		.byte	0x9
 1349 0681 0F01     		.2byte	0x10f
 1350 0683 0C030000 		.4byte	0x30c
 1351 0687 17       		.uleb128 0x17
 1352 0688 12000000 		.4byte	.LASF98
 1353 068c 09       		.byte	0x9
 1354 068d 1601     		.2byte	0x116
 1355 068f B8060000 		.4byte	0x6b8
ARM GAS  /tmp/ccqvi8nJ.s 			page 25


 1356 0693 17       		.uleb128 0x17
 1357 0694 9A020000 		.4byte	.LASF99
 1358 0698 09       		.byte	0x9
 1359 0699 1E01     		.2byte	0x11e
 1360 069b E3060000 		.4byte	0x6e3
 1361 069f 17       		.uleb128 0x17
 1362 06a0 9B040000 		.4byte	.LASF100
 1363 06a4 09       		.byte	0x9
 1364 06a5 2701     		.2byte	0x127
 1365 06a7 1A070000 		.4byte	0x71a
 1366 06ab 17       		.uleb128 0x17
 1367 06ac 24040000 		.4byte	.LASF101
 1368 06b0 09       		.byte	0x9
 1369 06b1 2F01     		.2byte	0x12f
 1370 06b3 0B010000 		.4byte	0x10b
 1371 06b7 00       		.byte	0
 1372 06b8 0A       		.uleb128 0xa
 1373 06b9 04       		.byte	0x4
 1374 06ba 24020000 		.4byte	0x224
 1375 06be 06       		.uleb128 0x6
 1376 06bf 62040000 		.4byte	.LASF102
 1377 06c3 0C       		.byte	0xc
 1378 06c4 0E       		.byte	0xe
 1379 06c5 34       		.byte	0x34
 1380 06c6 E3060000 		.4byte	0x6e3
 1381 06ca 07       		.uleb128 0x7
 1382 06cb FA010000 		.4byte	.LASF103
 1383 06cf 0E       		.byte	0xe
 1384 06d0 35       		.byte	0x35
 1385 06d1 59020000 		.4byte	0x259
 1386 06d5 00       		.byte	0
 1387 06d6 07       		.uleb128 0x7
 1388 06d7 AC020000 		.4byte	.LASF104
 1389 06db 0E       		.byte	0xe
 1390 06dc 37       		.byte	0x37
 1391 06dd 16010000 		.4byte	0x116
 1392 06e1 08       		.byte	0x8
 1393 06e2 00       		.byte	0
 1394 06e3 0A       		.uleb128 0xa
 1395 06e4 04       		.byte	0x4
 1396 06e5 BE060000 		.4byte	0x6be
 1397 06e9 06       		.uleb128 0x6
 1398 06ea 78050000 		.4byte	.LASF105
 1399 06ee 10       		.byte	0x10
 1400 06ef 0F       		.byte	0xf
 1401 06f0 39       		.byte	0x39
 1402 06f1 1A070000 		.4byte	0x71a
 1403 06f5 07       		.uleb128 0x7
 1404 06f6 04010000 		.4byte	.LASF106
 1405 06fa 0F       		.byte	0xf
 1406 06fb 3A       		.byte	0x3a
 1407 06fc 59020000 		.4byte	0x259
 1408 0700 00       		.byte	0
 1409 0701 07       		.uleb128 0x7
 1410 0702 DE050000 		.4byte	.LASF107
 1411 0706 0F       		.byte	0xf
 1412 0707 3C       		.byte	0x3c
ARM GAS  /tmp/ccqvi8nJ.s 			page 26


 1413 0708 2F020000 		.4byte	0x22f
 1414 070c 08       		.byte	0x8
 1415 070d 07       		.uleb128 0x7
 1416 070e F5040000 		.4byte	.LASF108
 1417 0712 0F       		.byte	0xf
 1418 0713 3E       		.byte	0x3e
 1419 0714 58070000 		.4byte	0x758
 1420 0718 0C       		.byte	0xc
 1421 0719 00       		.byte	0
 1422 071a 0A       		.uleb128 0xa
 1423 071b 04       		.byte	0x4
 1424 071c E9060000 		.4byte	0x6e9
 1425 0720 0A       		.uleb128 0xa
 1426 0721 04       		.byte	0x4
 1427 0722 26070000 		.4byte	0x726
 1428 0726 18       		.uleb128 0x18
 1429 0727 2B070000 		.4byte	0x72b
 1430 072b 03       		.uleb128 0x3
 1431 072c 01       		.byte	0x1
 1432 072d 08       		.byte	0x8
 1433 072e D5040000 		.4byte	.LASF109
 1434 0732 0A       		.uleb128 0xa
 1435 0733 04       		.byte	0x4
 1436 0734 0E030000 		.4byte	0x30e
 1437 0738 05       		.uleb128 0x5
 1438 0739 20070000 		.4byte	0x720
 1439 073d 10       		.uleb128 0x10
 1440 073e 74040000 		.4byte	0x474
 1441 0742 4D070000 		.4byte	0x74d
 1442 0746 11       		.uleb128 0x11
 1443 0747 42040000 		.4byte	0x442
 1444 074b 1A       		.byte	0x1a
 1445 074c 00       		.byte	0
 1446 074d 04       		.uleb128 0x4
 1447 074e 36020000 		.4byte	.LASF110
 1448 0752 0F       		.byte	0xf
 1449 0753 34       		.byte	0x34
 1450 0754 E9060000 		.4byte	0x6e9
 1451 0758 0A       		.uleb128 0xa
 1452 0759 04       		.byte	0x4
 1453 075a 4D070000 		.4byte	0x74d
 1454 075e 19       		.uleb128 0x19
 1455 075f 7F040000 		.4byte	.LASF114
 1456 0763 01       		.byte	0x1
 1457 0764 8B       		.byte	0x8b
 1458 0765 21010000 		.4byte	0x121
 1459 0769 00000000 		.4byte	.LFB136
 1460 076d 0A000000 		.4byte	.LFE136-.LFB136
 1461 0771 01       		.uleb128 0x1
 1462 0772 9C       		.byte	0x9c
 1463 0773 1A       		.uleb128 0x1a
 1464 0774 C1020000 		.4byte	.LASF111
 1465 0778 02       		.byte	0x2
 1466 0779 47       		.byte	0x47
 1467 077a 00000000 		.4byte	.LFB142
 1468 077e 12000000 		.4byte	.LFE142-.LFB142
 1469 0782 01       		.uleb128 0x1
ARM GAS  /tmp/ccqvi8nJ.s 			page 27


 1470 0783 9C       		.byte	0x9c
 1471 0784 97070000 		.4byte	0x797
 1472 0788 1B       		.uleb128 0x1b
 1473 0789 8C030000 		.4byte	.LASF113
 1474 078d 02       		.byte	0x2
 1475 078e 47       		.byte	0x47
 1476 078f 21010000 		.4byte	0x121
 1477 0793 02       		.uleb128 0x2
 1478 0794 91       		.byte	0x91
 1479 0795 74       		.sleb128 -12
 1480 0796 00       		.byte	0
 1481 0797 1C       		.uleb128 0x1c
 1482 0798 32040000 		.4byte	.LASF127
 1483 079c 02       		.byte	0x2
 1484 079d 51       		.byte	0x51
 1485 079e 00000000 		.4byte	.LFB143
 1486 07a2 08000000 		.4byte	.LFE143-.LFB143
 1487 07a6 01       		.uleb128 0x1
 1488 07a7 9C       		.byte	0x9c
 1489 07a8 1A       		.uleb128 0x1a
 1490 07a9 96050000 		.4byte	.LASF112
 1491 07ad 02       		.byte	0x2
 1492 07ae 5D       		.byte	0x5d
 1493 07af 00000000 		.4byte	.LFB144
 1494 07b3 12000000 		.4byte	.LFE144-.LFB144
 1495 07b7 01       		.uleb128 0x1
 1496 07b8 9C       		.byte	0x9c
 1497 07b9 CC070000 		.4byte	0x7cc
 1498 07bd 1B       		.uleb128 0x1b
 1499 07be 8C030000 		.4byte	.LASF113
 1500 07c2 02       		.byte	0x2
 1501 07c3 5D       		.byte	0x5d
 1502 07c4 21010000 		.4byte	0x121
 1503 07c8 02       		.uleb128 0x2
 1504 07c9 91       		.byte	0x91
 1505 07ca 74       		.sleb128 -12
 1506 07cb 00       		.byte	0
 1507 07cc 1D       		.uleb128 0x1d
 1508 07cd 3E050000 		.4byte	.LASF115
 1509 07d1 02       		.byte	0x2
 1510 07d2 69       		.byte	0x69
 1511 07d3 21010000 		.4byte	0x121
 1512 07d7 00000000 		.4byte	.LFB145
 1513 07db 0C000000 		.4byte	.LFE145-.LFB145
 1514 07df 01       		.uleb128 0x1
 1515 07e0 9C       		.byte	0x9c
 1516 07e1 1D       		.uleb128 0x1d
 1517 07e2 53020000 		.4byte	.LASF116
 1518 07e6 03       		.byte	0x3
 1519 07e7 E4       		.byte	0xe4
 1520 07e8 21010000 		.4byte	0x121
 1521 07ec 00000000 		.4byte	.LFB175
 1522 07f0 0C000000 		.4byte	.LFE175-.LFB175
 1523 07f4 01       		.uleb128 0x1
 1524 07f5 9C       		.byte	0x9c
 1525 07f6 1E       		.uleb128 0x1e
 1526 07f7 E9000000 		.4byte	.LASF128
ARM GAS  /tmp/ccqvi8nJ.s 			page 28


 1527 07fb 04       		.byte	0x4
 1528 07fc 3D       		.byte	0x3d
 1529 07fd 00000000 		.4byte	.LFB240
 1530 0801 24000000 		.4byte	.LFE240-.LFB240
 1531 0805 01       		.uleb128 0x1
 1532 0806 9C       		.byte	0x9c
 1533 0807 1F       		.uleb128 0x1f
 1534 0808 FE020000 		.4byte	.LASF120
 1535 080c 04       		.byte	0x4
 1536 080d 5F       		.byte	0x5f
 1537 080e 00000000 		.4byte	.LFB241
 1538 0812 F8000000 		.4byte	.LFE241-.LFB241
 1539 0816 01       		.uleb128 0x1
 1540 0817 9C       		.byte	0x9c
 1541 0818 90080000 		.4byte	0x890
 1542 081c 20       		.uleb128 0x20
 1543 081d 76747000 		.ascii	"vtp\000"
 1544 0821 04       		.byte	0x4
 1545 0822 5F       		.byte	0x5f
 1546 0823 32070000 		.4byte	0x732
 1547 0827 02       		.uleb128 0x2
 1548 0828 91       		.byte	0x91
 1549 0829 64       		.sleb128 -28
 1550 082a 1B       		.uleb128 0x1b
 1551 082b FB030000 		.4byte	.LASF117
 1552 082f 04       		.byte	0x4
 1553 0830 5F       		.byte	0x5f
 1554 0831 21010000 		.4byte	0x121
 1555 0835 02       		.uleb128 0x2
 1556 0836 91       		.byte	0x91
 1557 0837 60       		.sleb128 -32
 1558 0838 1B       		.uleb128 0x1b
 1559 0839 61050000 		.4byte	.LASF118
 1560 083d 04       		.byte	0x4
 1561 083e 60       		.byte	0x60
 1562 083f F0020000 		.4byte	0x2f0
 1563 0843 02       		.uleb128 0x2
 1564 0844 91       		.byte	0x91
 1565 0845 5C       		.sleb128 -36
 1566 0846 20       		.uleb128 0x20
 1567 0847 70617200 		.ascii	"par\000"
 1568 084b 04       		.byte	0x4
 1569 084c 60       		.byte	0x60
 1570 084d 0C030000 		.4byte	0x30c
 1571 0851 02       		.uleb128 0x2
 1572 0852 91       		.byte	0x91
 1573 0853 58       		.sleb128 -40
 1574 0854 21       		.uleb128 0x21
 1575 0855 7000     		.ascii	"p\000"
 1576 0857 04       		.byte	0x4
 1577 0858 61       		.byte	0x61
 1578 0859 32070000 		.4byte	0x732
 1579 085d 02       		.uleb128 0x2
 1580 085e 91       		.byte	0x91
 1581 085f 74       		.sleb128 -12
 1582 0860 22       		.uleb128 0x22
 1583 0861 18000000 		.4byte	.LASF119
ARM GAS  /tmp/ccqvi8nJ.s 			page 29


 1584 0865 04       		.byte	0x4
 1585 0866 62       		.byte	0x62
 1586 0867 21010000 		.4byte	0x121
 1587 086b 02       		.uleb128 0x2
 1588 086c 91       		.byte	0x91
 1589 086d 70       		.sleb128 -16
 1590 086e 23       		.uleb128 0x23
 1591 086f 48040000 		.4byte	.LASF122
 1592 0873 A0080000 		.4byte	0x8a0
 1593 0877 24       		.uleb128 0x24
 1594 0878 18000000 		.4byte	.LBB2
 1595 087c 76000000 		.4byte	.LBE2-.LBB2
 1596 0880 21       		.uleb128 0x21
 1597 0881 6E6F7700 		.ascii	"now\000"
 1598 0885 04       		.byte	0x4
 1599 0886 6C       		.byte	0x6c
 1600 0887 21010000 		.4byte	0x121
 1601 088b 02       		.uleb128 0x2
 1602 088c 91       		.byte	0x91
 1603 088d 6C       		.sleb128 -20
 1604 088e 00       		.byte	0
 1605 088f 00       		.byte	0
 1606 0890 10       		.uleb128 0x10
 1607 0891 2B070000 		.4byte	0x72b
 1608 0895 A0080000 		.4byte	0x8a0
 1609 0899 11       		.uleb128 0x11
 1610 089a 42040000 		.4byte	0x442
 1611 089e 0A       		.byte	0xa
 1612 089f 00       		.byte	0
 1613 08a0 18       		.uleb128 0x18
 1614 08a1 90080000 		.4byte	0x890
 1615 08a5 1F       		.uleb128 0x1f
 1616 08a6 82000000 		.4byte	.LASF121
 1617 08aa 04       		.byte	0x4
 1618 08ab B1       		.byte	0xb1
 1619 08ac 00000000 		.4byte	.LFB242
 1620 08b0 D4000000 		.4byte	.LFE242-.LFB242
 1621 08b4 01       		.uleb128 0x1
 1622 08b5 9C       		.byte	0x9c
 1623 08b6 EE080000 		.4byte	0x8ee
 1624 08ba 20       		.uleb128 0x20
 1625 08bb 76747000 		.ascii	"vtp\000"
 1626 08bf 04       		.byte	0x4
 1627 08c0 B1       		.byte	0xb1
 1628 08c1 32070000 		.4byte	0x732
 1629 08c5 02       		.uleb128 0x2
 1630 08c6 91       		.byte	0x91
 1631 08c7 6C       		.sleb128 -20
 1632 08c8 23       		.uleb128 0x23
 1633 08c9 48040000 		.4byte	.LASF122
 1634 08cd FE080000 		.4byte	0x8fe
 1635 08d1 22       		.uleb128 0x22
 1636 08d2 89020000 		.4byte	.LASF123
 1637 08d6 04       		.byte	0x4
 1638 08d7 C5       		.byte	0xc5
 1639 08d8 21010000 		.4byte	0x121
 1640 08dc 02       		.uleb128 0x2
ARM GAS  /tmp/ccqvi8nJ.s 			page 30


 1641 08dd 91       		.byte	0x91
 1642 08de 70       		.sleb128 -16
 1643 08df 22       		.uleb128 0x22
 1644 08e0 18000000 		.4byte	.LASF119
 1645 08e4 04       		.byte	0x4
 1646 08e5 C5       		.byte	0xc5
 1647 08e6 21010000 		.4byte	0x121
 1648 08ea 02       		.uleb128 0x2
 1649 08eb 91       		.byte	0x91
 1650 08ec 74       		.sleb128 -12
 1651 08ed 00       		.byte	0
 1652 08ee 10       		.uleb128 0x10
 1653 08ef 2B070000 		.4byte	0x72b
 1654 08f3 FE080000 		.4byte	0x8fe
 1655 08f7 11       		.uleb128 0x11
 1656 08f8 42040000 		.4byte	0x442
 1657 08fc 0C       		.byte	0xc
 1658 08fd 00       		.byte	0
 1659 08fe 18       		.uleb128 0x18
 1660 08ff EE080000 		.4byte	0x8ee
 1661 0903 25       		.uleb128 0x25
 1662 0904 B9000000 		.4byte	.LASF124
 1663 0908 10       		.byte	0x10
 1664 0909 FA06     		.2byte	0x6fa
 1665 090b BF000000 		.4byte	0xbf
 1666 090f 26       		.uleb128 0x26
 1667 0910 636800   		.ascii	"ch\000"
 1668 0913 09       		.byte	0x9
 1669 0914 0902     		.2byte	0x209
 1670 0916 DB030000 		.4byte	0x3db
 1671 091a 00       		.byte	0
 1672              		.section	.debug_abbrev,"",%progbits
 1673              	.Ldebug_abbrev0:
 1674 0000 01       		.uleb128 0x1
 1675 0001 11       		.uleb128 0x11
 1676 0002 01       		.byte	0x1
 1677 0003 25       		.uleb128 0x25
 1678 0004 0E       		.uleb128 0xe
 1679 0005 13       		.uleb128 0x13
 1680 0006 0B       		.uleb128 0xb
 1681 0007 03       		.uleb128 0x3
 1682 0008 0E       		.uleb128 0xe
 1683 0009 55       		.uleb128 0x55
 1684 000a 17       		.uleb128 0x17
 1685 000b 11       		.uleb128 0x11
 1686 000c 01       		.uleb128 0x1
 1687 000d 10       		.uleb128 0x10
 1688 000e 17       		.uleb128 0x17
 1689 000f 00       		.byte	0
 1690 0010 00       		.byte	0
 1691 0011 02       		.uleb128 0x2
 1692 0012 24       		.uleb128 0x24
 1693 0013 00       		.byte	0
 1694 0014 0B       		.uleb128 0xb
 1695 0015 0B       		.uleb128 0xb
 1696 0016 3E       		.uleb128 0x3e
 1697 0017 0B       		.uleb128 0xb
ARM GAS  /tmp/ccqvi8nJ.s 			page 31


 1698 0018 03       		.uleb128 0x3
 1699 0019 08       		.uleb128 0x8
 1700 001a 00       		.byte	0
 1701 001b 00       		.byte	0
 1702 001c 03       		.uleb128 0x3
 1703 001d 24       		.uleb128 0x24
 1704 001e 00       		.byte	0
 1705 001f 0B       		.uleb128 0xb
 1706 0020 0B       		.uleb128 0xb
 1707 0021 3E       		.uleb128 0x3e
 1708 0022 0B       		.uleb128 0xb
 1709 0023 03       		.uleb128 0x3
 1710 0024 0E       		.uleb128 0xe
 1711 0025 00       		.byte	0
 1712 0026 00       		.byte	0
 1713 0027 04       		.uleb128 0x4
 1714 0028 16       		.uleb128 0x16
 1715 0029 00       		.byte	0
 1716 002a 03       		.uleb128 0x3
 1717 002b 0E       		.uleb128 0xe
 1718 002c 3A       		.uleb128 0x3a
 1719 002d 0B       		.uleb128 0xb
 1720 002e 3B       		.uleb128 0x3b
 1721 002f 0B       		.uleb128 0xb
 1722 0030 49       		.uleb128 0x49
 1723 0031 13       		.uleb128 0x13
 1724 0032 00       		.byte	0
 1725 0033 00       		.byte	0
 1726 0034 05       		.uleb128 0x5
 1727 0035 35       		.uleb128 0x35
 1728 0036 00       		.byte	0
 1729 0037 49       		.uleb128 0x49
 1730 0038 13       		.uleb128 0x13
 1731 0039 00       		.byte	0
 1732 003a 00       		.byte	0
 1733 003b 06       		.uleb128 0x6
 1734 003c 13       		.uleb128 0x13
 1735 003d 01       		.byte	0x1
 1736 003e 03       		.uleb128 0x3
 1737 003f 0E       		.uleb128 0xe
 1738 0040 0B       		.uleb128 0xb
 1739 0041 0B       		.uleb128 0xb
 1740 0042 3A       		.uleb128 0x3a
 1741 0043 0B       		.uleb128 0xb
 1742 0044 3B       		.uleb128 0x3b
 1743 0045 0B       		.uleb128 0xb
 1744 0046 01       		.uleb128 0x1
 1745 0047 13       		.uleb128 0x13
 1746 0048 00       		.byte	0
 1747 0049 00       		.byte	0
 1748 004a 07       		.uleb128 0x7
 1749 004b 0D       		.uleb128 0xd
 1750 004c 00       		.byte	0
 1751 004d 03       		.uleb128 0x3
 1752 004e 0E       		.uleb128 0xe
 1753 004f 3A       		.uleb128 0x3a
 1754 0050 0B       		.uleb128 0xb
ARM GAS  /tmp/ccqvi8nJ.s 			page 32


 1755 0051 3B       		.uleb128 0x3b
 1756 0052 0B       		.uleb128 0xb
 1757 0053 49       		.uleb128 0x49
 1758 0054 13       		.uleb128 0x13
 1759 0055 38       		.uleb128 0x38
 1760 0056 0B       		.uleb128 0xb
 1761 0057 00       		.byte	0
 1762 0058 00       		.byte	0
 1763 0059 08       		.uleb128 0x8
 1764 005a 0D       		.uleb128 0xd
 1765 005b 00       		.byte	0
 1766 005c 03       		.uleb128 0x3
 1767 005d 08       		.uleb128 0x8
 1768 005e 3A       		.uleb128 0x3a
 1769 005f 0B       		.uleb128 0xb
 1770 0060 3B       		.uleb128 0x3b
 1771 0061 05       		.uleb128 0x5
 1772 0062 49       		.uleb128 0x49
 1773 0063 13       		.uleb128 0x13
 1774 0064 38       		.uleb128 0x38
 1775 0065 0B       		.uleb128 0xb
 1776 0066 00       		.byte	0
 1777 0067 00       		.byte	0
 1778 0068 09       		.uleb128 0x9
 1779 0069 0D       		.uleb128 0xd
 1780 006a 00       		.byte	0
 1781 006b 03       		.uleb128 0x3
 1782 006c 0E       		.uleb128 0xe
 1783 006d 3A       		.uleb128 0x3a
 1784 006e 0B       		.uleb128 0xb
 1785 006f 3B       		.uleb128 0x3b
 1786 0070 05       		.uleb128 0x5
 1787 0071 49       		.uleb128 0x49
 1788 0072 13       		.uleb128 0x13
 1789 0073 38       		.uleb128 0x38
 1790 0074 0B       		.uleb128 0xb
 1791 0075 00       		.byte	0
 1792 0076 00       		.byte	0
 1793 0077 0A       		.uleb128 0xa
 1794 0078 0F       		.uleb128 0xf
 1795 0079 00       		.byte	0
 1796 007a 0B       		.uleb128 0xb
 1797 007b 0B       		.uleb128 0xb
 1798 007c 49       		.uleb128 0x49
 1799 007d 13       		.uleb128 0x13
 1800 007e 00       		.byte	0
 1801 007f 00       		.byte	0
 1802 0080 0B       		.uleb128 0xb
 1803 0081 13       		.uleb128 0x13
 1804 0082 01       		.byte	0x1
 1805 0083 03       		.uleb128 0x3
 1806 0084 0E       		.uleb128 0xe
 1807 0085 0B       		.uleb128 0xb
 1808 0086 0B       		.uleb128 0xb
 1809 0087 3A       		.uleb128 0x3a
 1810 0088 0B       		.uleb128 0xb
 1811 0089 3B       		.uleb128 0x3b
ARM GAS  /tmp/ccqvi8nJ.s 			page 33


 1812 008a 05       		.uleb128 0x5
 1813 008b 01       		.uleb128 0x1
 1814 008c 13       		.uleb128 0x13
 1815 008d 00       		.byte	0
 1816 008e 00       		.byte	0
 1817 008f 0C       		.uleb128 0xc
 1818 0090 15       		.uleb128 0x15
 1819 0091 01       		.byte	0x1
 1820 0092 27       		.uleb128 0x27
 1821 0093 19       		.uleb128 0x19
 1822 0094 01       		.uleb128 0x1
 1823 0095 13       		.uleb128 0x13
 1824 0096 00       		.byte	0
 1825 0097 00       		.byte	0
 1826 0098 0D       		.uleb128 0xd
 1827 0099 05       		.uleb128 0x5
 1828 009a 00       		.byte	0
 1829 009b 49       		.uleb128 0x49
 1830 009c 13       		.uleb128 0x13
 1831 009d 00       		.byte	0
 1832 009e 00       		.byte	0
 1833 009f 0E       		.uleb128 0xe
 1834 00a0 0F       		.uleb128 0xf
 1835 00a1 00       		.byte	0
 1836 00a2 0B       		.uleb128 0xb
 1837 00a3 0B       		.uleb128 0xb
 1838 00a4 00       		.byte	0
 1839 00a5 00       		.byte	0
 1840 00a6 0F       		.uleb128 0xf
 1841 00a7 13       		.uleb128 0x13
 1842 00a8 01       		.byte	0x1
 1843 00a9 03       		.uleb128 0x3
 1844 00aa 0E       		.uleb128 0xe
 1845 00ab 0B       		.uleb128 0xb
 1846 00ac 05       		.uleb128 0x5
 1847 00ad 3A       		.uleb128 0x3a
 1848 00ae 0B       		.uleb128 0xb
 1849 00af 3B       		.uleb128 0x3b
 1850 00b0 05       		.uleb128 0x5
 1851 00b1 01       		.uleb128 0x1
 1852 00b2 13       		.uleb128 0x13
 1853 00b3 00       		.byte	0
 1854 00b4 00       		.byte	0
 1855 00b5 10       		.uleb128 0x10
 1856 00b6 01       		.uleb128 0x1
 1857 00b7 01       		.byte	0x1
 1858 00b8 49       		.uleb128 0x49
 1859 00b9 13       		.uleb128 0x13
 1860 00ba 01       		.uleb128 0x1
 1861 00bb 13       		.uleb128 0x13
 1862 00bc 00       		.byte	0
 1863 00bd 00       		.byte	0
 1864 00be 11       		.uleb128 0x11
 1865 00bf 21       		.uleb128 0x21
 1866 00c0 00       		.byte	0
 1867 00c1 49       		.uleb128 0x49
 1868 00c2 13       		.uleb128 0x13
ARM GAS  /tmp/ccqvi8nJ.s 			page 34


 1869 00c3 2F       		.uleb128 0x2f
 1870 00c4 0B       		.uleb128 0xb
 1871 00c5 00       		.byte	0
 1872 00c6 00       		.byte	0
 1873 00c7 12       		.uleb128 0x12
 1874 00c8 0D       		.uleb128 0xd
 1875 00c9 00       		.byte	0
 1876 00ca 03       		.uleb128 0x3
 1877 00cb 08       		.uleb128 0x8
 1878 00cc 3A       		.uleb128 0x3a
 1879 00cd 0B       		.uleb128 0xb
 1880 00ce 3B       		.uleb128 0x3b
 1881 00cf 0B       		.uleb128 0xb
 1882 00d0 49       		.uleb128 0x49
 1883 00d1 13       		.uleb128 0x13
 1884 00d2 38       		.uleb128 0x38
 1885 00d3 0B       		.uleb128 0xb
 1886 00d4 00       		.byte	0
 1887 00d5 00       		.byte	0
 1888 00d6 13       		.uleb128 0x13
 1889 00d7 13       		.uleb128 0x13
 1890 00d8 01       		.byte	0x1
 1891 00d9 0B       		.uleb128 0xb
 1892 00da 0B       		.uleb128 0xb
 1893 00db 3A       		.uleb128 0x3a
 1894 00dc 0B       		.uleb128 0xb
 1895 00dd 3B       		.uleb128 0x3b
 1896 00de 05       		.uleb128 0x5
 1897 00df 01       		.uleb128 0x1
 1898 00e0 13       		.uleb128 0x13
 1899 00e1 00       		.byte	0
 1900 00e2 00       		.byte	0
 1901 00e3 14       		.uleb128 0x14
 1902 00e4 16       		.uleb128 0x16
 1903 00e5 00       		.byte	0
 1904 00e6 03       		.uleb128 0x3
 1905 00e7 0E       		.uleb128 0xe
 1906 00e8 3A       		.uleb128 0x3a
 1907 00e9 0B       		.uleb128 0xb
 1908 00ea 3B       		.uleb128 0x3b
 1909 00eb 05       		.uleb128 0x5
 1910 00ec 49       		.uleb128 0x49
 1911 00ed 13       		.uleb128 0x13
 1912 00ee 00       		.byte	0
 1913 00ef 00       		.byte	0
 1914 00f0 15       		.uleb128 0x15
 1915 00f1 13       		.uleb128 0x13
 1916 00f2 01       		.byte	0x1
 1917 00f3 0B       		.uleb128 0xb
 1918 00f4 0B       		.uleb128 0xb
 1919 00f5 3A       		.uleb128 0x3a
 1920 00f6 0B       		.uleb128 0xb
 1921 00f7 3B       		.uleb128 0x3b
 1922 00f8 0B       		.uleb128 0xb
 1923 00f9 01       		.uleb128 0x1
 1924 00fa 13       		.uleb128 0x13
 1925 00fb 00       		.byte	0
ARM GAS  /tmp/ccqvi8nJ.s 			page 35


 1926 00fc 00       		.byte	0
 1927 00fd 16       		.uleb128 0x16
 1928 00fe 17       		.uleb128 0x17
 1929 00ff 01       		.byte	0x1
 1930 0100 0B       		.uleb128 0xb
 1931 0101 0B       		.uleb128 0xb
 1932 0102 3A       		.uleb128 0x3a
 1933 0103 0B       		.uleb128 0xb
 1934 0104 3B       		.uleb128 0x3b
 1935 0105 0B       		.uleb128 0xb
 1936 0106 01       		.uleb128 0x1
 1937 0107 13       		.uleb128 0x13
 1938 0108 00       		.byte	0
 1939 0109 00       		.byte	0
 1940 010a 17       		.uleb128 0x17
 1941 010b 0D       		.uleb128 0xd
 1942 010c 00       		.byte	0
 1943 010d 03       		.uleb128 0x3
 1944 010e 0E       		.uleb128 0xe
 1945 010f 3A       		.uleb128 0x3a
 1946 0110 0B       		.uleb128 0xb
 1947 0111 3B       		.uleb128 0x3b
 1948 0112 05       		.uleb128 0x5
 1949 0113 49       		.uleb128 0x49
 1950 0114 13       		.uleb128 0x13
 1951 0115 00       		.byte	0
 1952 0116 00       		.byte	0
 1953 0117 18       		.uleb128 0x18
 1954 0118 26       		.uleb128 0x26
 1955 0119 00       		.byte	0
 1956 011a 49       		.uleb128 0x49
 1957 011b 13       		.uleb128 0x13
 1958 011c 00       		.byte	0
 1959 011d 00       		.byte	0
 1960 011e 19       		.uleb128 0x19
 1961 011f 2E       		.uleb128 0x2e
 1962 0120 00       		.byte	0
 1963 0121 03       		.uleb128 0x3
 1964 0122 0E       		.uleb128 0xe
 1965 0123 3A       		.uleb128 0x3a
 1966 0124 0B       		.uleb128 0xb
 1967 0125 3B       		.uleb128 0x3b
 1968 0126 0B       		.uleb128 0xb
 1969 0127 27       		.uleb128 0x27
 1970 0128 19       		.uleb128 0x19
 1971 0129 49       		.uleb128 0x49
 1972 012a 13       		.uleb128 0x13
 1973 012b 11       		.uleb128 0x11
 1974 012c 01       		.uleb128 0x1
 1975 012d 12       		.uleb128 0x12
 1976 012e 06       		.uleb128 0x6
 1977 012f 40       		.uleb128 0x40
 1978 0130 18       		.uleb128 0x18
 1979 0131 9742     		.uleb128 0x2117
 1980 0133 19       		.uleb128 0x19
 1981 0134 00       		.byte	0
 1982 0135 00       		.byte	0
ARM GAS  /tmp/ccqvi8nJ.s 			page 36


 1983 0136 1A       		.uleb128 0x1a
 1984 0137 2E       		.uleb128 0x2e
 1985 0138 01       		.byte	0x1
 1986 0139 03       		.uleb128 0x3
 1987 013a 0E       		.uleb128 0xe
 1988 013b 3A       		.uleb128 0x3a
 1989 013c 0B       		.uleb128 0xb
 1990 013d 3B       		.uleb128 0x3b
 1991 013e 0B       		.uleb128 0xb
 1992 013f 27       		.uleb128 0x27
 1993 0140 19       		.uleb128 0x19
 1994 0141 11       		.uleb128 0x11
 1995 0142 01       		.uleb128 0x1
 1996 0143 12       		.uleb128 0x12
 1997 0144 06       		.uleb128 0x6
 1998 0145 40       		.uleb128 0x40
 1999 0146 18       		.uleb128 0x18
 2000 0147 9642     		.uleb128 0x2116
 2001 0149 19       		.uleb128 0x19
 2002 014a 01       		.uleb128 0x1
 2003 014b 13       		.uleb128 0x13
 2004 014c 00       		.byte	0
 2005 014d 00       		.byte	0
 2006 014e 1B       		.uleb128 0x1b
 2007 014f 05       		.uleb128 0x5
 2008 0150 00       		.byte	0
 2009 0151 03       		.uleb128 0x3
 2010 0152 0E       		.uleb128 0xe
 2011 0153 3A       		.uleb128 0x3a
 2012 0154 0B       		.uleb128 0xb
 2013 0155 3B       		.uleb128 0x3b
 2014 0156 0B       		.uleb128 0xb
 2015 0157 49       		.uleb128 0x49
 2016 0158 13       		.uleb128 0x13
 2017 0159 02       		.uleb128 0x2
 2018 015a 18       		.uleb128 0x18
 2019 015b 00       		.byte	0
 2020 015c 00       		.byte	0
 2021 015d 1C       		.uleb128 0x1c
 2022 015e 2E       		.uleb128 0x2e
 2023 015f 00       		.byte	0
 2024 0160 03       		.uleb128 0x3
 2025 0161 0E       		.uleb128 0xe
 2026 0162 3A       		.uleb128 0x3a
 2027 0163 0B       		.uleb128 0xb
 2028 0164 3B       		.uleb128 0x3b
 2029 0165 0B       		.uleb128 0xb
 2030 0166 27       		.uleb128 0x27
 2031 0167 19       		.uleb128 0x19
 2032 0168 11       		.uleb128 0x11
 2033 0169 01       		.uleb128 0x1
 2034 016a 12       		.uleb128 0x12
 2035 016b 06       		.uleb128 0x6
 2036 016c 40       		.uleb128 0x40
 2037 016d 18       		.uleb128 0x18
 2038 016e 9642     		.uleb128 0x2116
 2039 0170 19       		.uleb128 0x19
ARM GAS  /tmp/ccqvi8nJ.s 			page 37


 2040 0171 00       		.byte	0
 2041 0172 00       		.byte	0
 2042 0173 1D       		.uleb128 0x1d
 2043 0174 2E       		.uleb128 0x2e
 2044 0175 00       		.byte	0
 2045 0176 03       		.uleb128 0x3
 2046 0177 0E       		.uleb128 0xe
 2047 0178 3A       		.uleb128 0x3a
 2048 0179 0B       		.uleb128 0xb
 2049 017a 3B       		.uleb128 0x3b
 2050 017b 0B       		.uleb128 0xb
 2051 017c 27       		.uleb128 0x27
 2052 017d 19       		.uleb128 0x19
 2053 017e 49       		.uleb128 0x49
 2054 017f 13       		.uleb128 0x13
 2055 0180 11       		.uleb128 0x11
 2056 0181 01       		.uleb128 0x1
 2057 0182 12       		.uleb128 0x12
 2058 0183 06       		.uleb128 0x6
 2059 0184 40       		.uleb128 0x40
 2060 0185 18       		.uleb128 0x18
 2061 0186 9642     		.uleb128 0x2116
 2062 0188 19       		.uleb128 0x19
 2063 0189 00       		.byte	0
 2064 018a 00       		.byte	0
 2065 018b 1E       		.uleb128 0x1e
 2066 018c 2E       		.uleb128 0x2e
 2067 018d 00       		.byte	0
 2068 018e 3F       		.uleb128 0x3f
 2069 018f 19       		.uleb128 0x19
 2070 0190 03       		.uleb128 0x3
 2071 0191 0E       		.uleb128 0xe
 2072 0192 3A       		.uleb128 0x3a
 2073 0193 0B       		.uleb128 0xb
 2074 0194 3B       		.uleb128 0x3b
 2075 0195 0B       		.uleb128 0xb
 2076 0196 27       		.uleb128 0x27
 2077 0197 19       		.uleb128 0x19
 2078 0198 11       		.uleb128 0x11
 2079 0199 01       		.uleb128 0x1
 2080 019a 12       		.uleb128 0x12
 2081 019b 06       		.uleb128 0x6
 2082 019c 40       		.uleb128 0x40
 2083 019d 18       		.uleb128 0x18
 2084 019e 9742     		.uleb128 0x2117
 2085 01a0 19       		.uleb128 0x19
 2086 01a1 00       		.byte	0
 2087 01a2 00       		.byte	0
 2088 01a3 1F       		.uleb128 0x1f
 2089 01a4 2E       		.uleb128 0x2e
 2090 01a5 01       		.byte	0x1
 2091 01a6 3F       		.uleb128 0x3f
 2092 01a7 19       		.uleb128 0x19
 2093 01a8 03       		.uleb128 0x3
 2094 01a9 0E       		.uleb128 0xe
 2095 01aa 3A       		.uleb128 0x3a
 2096 01ab 0B       		.uleb128 0xb
ARM GAS  /tmp/ccqvi8nJ.s 			page 38


 2097 01ac 3B       		.uleb128 0x3b
 2098 01ad 0B       		.uleb128 0xb
 2099 01ae 27       		.uleb128 0x27
 2100 01af 19       		.uleb128 0x19
 2101 01b0 11       		.uleb128 0x11
 2102 01b1 01       		.uleb128 0x1
 2103 01b2 12       		.uleb128 0x12
 2104 01b3 06       		.uleb128 0x6
 2105 01b4 40       		.uleb128 0x40
 2106 01b5 18       		.uleb128 0x18
 2107 01b6 9642     		.uleb128 0x2116
 2108 01b8 19       		.uleb128 0x19
 2109 01b9 01       		.uleb128 0x1
 2110 01ba 13       		.uleb128 0x13
 2111 01bb 00       		.byte	0
 2112 01bc 00       		.byte	0
 2113 01bd 20       		.uleb128 0x20
 2114 01be 05       		.uleb128 0x5
 2115 01bf 00       		.byte	0
 2116 01c0 03       		.uleb128 0x3
 2117 01c1 08       		.uleb128 0x8
 2118 01c2 3A       		.uleb128 0x3a
 2119 01c3 0B       		.uleb128 0xb
 2120 01c4 3B       		.uleb128 0x3b
 2121 01c5 0B       		.uleb128 0xb
 2122 01c6 49       		.uleb128 0x49
 2123 01c7 13       		.uleb128 0x13
 2124 01c8 02       		.uleb128 0x2
 2125 01c9 18       		.uleb128 0x18
 2126 01ca 00       		.byte	0
 2127 01cb 00       		.byte	0
 2128 01cc 21       		.uleb128 0x21
 2129 01cd 34       		.uleb128 0x34
 2130 01ce 00       		.byte	0
 2131 01cf 03       		.uleb128 0x3
 2132 01d0 08       		.uleb128 0x8
 2133 01d1 3A       		.uleb128 0x3a
 2134 01d2 0B       		.uleb128 0xb
 2135 01d3 3B       		.uleb128 0x3b
 2136 01d4 0B       		.uleb128 0xb
 2137 01d5 49       		.uleb128 0x49
 2138 01d6 13       		.uleb128 0x13
 2139 01d7 02       		.uleb128 0x2
 2140 01d8 18       		.uleb128 0x18
 2141 01d9 00       		.byte	0
 2142 01da 00       		.byte	0
 2143 01db 22       		.uleb128 0x22
 2144 01dc 34       		.uleb128 0x34
 2145 01dd 00       		.byte	0
 2146 01de 03       		.uleb128 0x3
 2147 01df 0E       		.uleb128 0xe
 2148 01e0 3A       		.uleb128 0x3a
 2149 01e1 0B       		.uleb128 0xb
 2150 01e2 3B       		.uleb128 0x3b
 2151 01e3 0B       		.uleb128 0xb
 2152 01e4 49       		.uleb128 0x49
 2153 01e5 13       		.uleb128 0x13
ARM GAS  /tmp/ccqvi8nJ.s 			page 39


 2154 01e6 02       		.uleb128 0x2
 2155 01e7 18       		.uleb128 0x18
 2156 01e8 00       		.byte	0
 2157 01e9 00       		.byte	0
 2158 01ea 23       		.uleb128 0x23
 2159 01eb 34       		.uleb128 0x34
 2160 01ec 00       		.byte	0
 2161 01ed 03       		.uleb128 0x3
 2162 01ee 0E       		.uleb128 0xe
 2163 01ef 49       		.uleb128 0x49
 2164 01f0 13       		.uleb128 0x13
 2165 01f1 34       		.uleb128 0x34
 2166 01f2 19       		.uleb128 0x19
 2167 01f3 00       		.byte	0
 2168 01f4 00       		.byte	0
 2169 01f5 24       		.uleb128 0x24
 2170 01f6 0B       		.uleb128 0xb
 2171 01f7 01       		.byte	0x1
 2172 01f8 11       		.uleb128 0x11
 2173 01f9 01       		.uleb128 0x1
 2174 01fa 12       		.uleb128 0x12
 2175 01fb 06       		.uleb128 0x6
 2176 01fc 00       		.byte	0
 2177 01fd 00       		.byte	0
 2178 01fe 25       		.uleb128 0x25
 2179 01ff 34       		.uleb128 0x34
 2180 0200 00       		.byte	0
 2181 0201 03       		.uleb128 0x3
 2182 0202 0E       		.uleb128 0xe
 2183 0203 3A       		.uleb128 0x3a
 2184 0204 0B       		.uleb128 0xb
 2185 0205 3B       		.uleb128 0x3b
 2186 0206 05       		.uleb128 0x5
 2187 0207 49       		.uleb128 0x49
 2188 0208 13       		.uleb128 0x13
 2189 0209 3F       		.uleb128 0x3f
 2190 020a 19       		.uleb128 0x19
 2191 020b 3C       		.uleb128 0x3c
 2192 020c 19       		.uleb128 0x19
 2193 020d 00       		.byte	0
 2194 020e 00       		.byte	0
 2195 020f 26       		.uleb128 0x26
 2196 0210 34       		.uleb128 0x34
 2197 0211 00       		.byte	0
 2198 0212 03       		.uleb128 0x3
 2199 0213 08       		.uleb128 0x8
 2200 0214 3A       		.uleb128 0x3a
 2201 0215 0B       		.uleb128 0xb
 2202 0216 3B       		.uleb128 0x3b
 2203 0217 05       		.uleb128 0x5
 2204 0218 49       		.uleb128 0x49
 2205 0219 13       		.uleb128 0x13
 2206 021a 3F       		.uleb128 0x3f
 2207 021b 19       		.uleb128 0x19
 2208 021c 3C       		.uleb128 0x3c
 2209 021d 19       		.uleb128 0x19
 2210 021e 00       		.byte	0
ARM GAS  /tmp/ccqvi8nJ.s 			page 40


 2211 021f 00       		.byte	0
 2212 0220 00       		.byte	0
 2213              		.section	.debug_aranges,"",%progbits
 2214 0000 5C000000 		.4byte	0x5c
 2215 0004 0200     		.2byte	0x2
 2216 0006 00000000 		.4byte	.Ldebug_info0
 2217 000a 04       		.byte	0x4
 2218 000b 00       		.byte	0
 2219 000c 0000     		.2byte	0
 2220 000e 0000     		.2byte	0
 2221 0010 00000000 		.4byte	.LFB136
 2222 0014 0A000000 		.4byte	.LFE136-.LFB136
 2223 0018 00000000 		.4byte	.LFB142
 2224 001c 12000000 		.4byte	.LFE142-.LFB142
 2225 0020 00000000 		.4byte	.LFB143
 2226 0024 08000000 		.4byte	.LFE143-.LFB143
 2227 0028 00000000 		.4byte	.LFB144
 2228 002c 12000000 		.4byte	.LFE144-.LFB144
 2229 0030 00000000 		.4byte	.LFB145
 2230 0034 0C000000 		.4byte	.LFE145-.LFB145
 2231 0038 00000000 		.4byte	.LFB175
 2232 003c 0C000000 		.4byte	.LFE175-.LFB175
 2233 0040 00000000 		.4byte	.LFB240
 2234 0044 24000000 		.4byte	.LFE240-.LFB240
 2235 0048 00000000 		.4byte	.LFB241
 2236 004c F8000000 		.4byte	.LFE241-.LFB241
 2237 0050 00000000 		.4byte	.LFB242
 2238 0054 D4000000 		.4byte	.LFE242-.LFB242
 2239 0058 00000000 		.4byte	0
 2240 005c 00000000 		.4byte	0
 2241              		.section	.debug_ranges,"",%progbits
 2242              	.Ldebug_ranges0:
 2243 0000 00000000 		.4byte	.LFB136
 2244 0004 0A000000 		.4byte	.LFE136
 2245 0008 00000000 		.4byte	.LFB142
 2246 000c 12000000 		.4byte	.LFE142
 2247 0010 00000000 		.4byte	.LFB143
 2248 0014 08000000 		.4byte	.LFE143
 2249 0018 00000000 		.4byte	.LFB144
 2250 001c 12000000 		.4byte	.LFE144
 2251 0020 00000000 		.4byte	.LFB145
 2252 0024 0C000000 		.4byte	.LFE145
 2253 0028 00000000 		.4byte	.LFB175
 2254 002c 0C000000 		.4byte	.LFE175
 2255 0030 00000000 		.4byte	.LFB240
 2256 0034 24000000 		.4byte	.LFE240
 2257 0038 00000000 		.4byte	.LFB241
 2258 003c F8000000 		.4byte	.LFE241
 2259 0040 00000000 		.4byte	.LFB242
 2260 0044 D4000000 		.4byte	.LFE242
 2261 0048 00000000 		.4byte	0
 2262 004c 00000000 		.4byte	0
 2263              		.section	.debug_line,"",%progbits
 2264              	.Ldebug_line0:
 2265 0000 F5020000 		.section	.debug_str,"MS",%progbits,1
 2265      02000102 
 2265      00000201 
ARM GAS  /tmp/ccqvi8nJ.s 			page 41


 2265      FB0E0D00 
 2265      01010101 
 2266              	.LASF50:
 2267 0000 72656164 		.ascii	"ready_list_t\000"
 2267      795F6C69 
 2267      73745F74 
 2267      00
 2268              	.LASF84:
 2269 000d 44494552 		.ascii	"DIER\000"
 2269      00
 2270              	.LASF98:
 2271 0012 77747472 		.ascii	"wttrp\000"
 2271      7000
 2272              	.LASF119:
 2273 0018 64656C74 		.ascii	"delta\000"
 2273      6100
 2274              	.LASF95:
 2275 001e 7264796D 		.ascii	"rdymsg\000"
 2275      736700
 2276              	.LASF16:
 2277 0025 75696E74 		.ascii	"uint64_t\000"
 2277      36345F74 
 2277      00
 2278              	.LASF23:
 2279 002e 6576656E 		.ascii	"eventmask_t\000"
 2279      746D6173 
 2279      6B5F7400 
 2280              	.LASF5:
 2281 003a 5F5F7569 		.ascii	"__uint8_t\000"
 2281      6E74385F 
 2281      7400
 2282              	.LASF22:
 2283 0044 6D73675F 		.ascii	"msg_t\000"
 2283      7400
 2284              	.LASF82:
 2285 004a 706F7274 		.ascii	"port_intctx\000"
 2285      5F696E74 
 2285      63747800 
 2286              	.LASF69:
 2287 0056 73797374 		.ascii	"system_debug_t\000"
 2287      656D5F64 
 2287      65627567 
 2287      5F7400
 2288              	.LASF86:
 2289 0065 43434D52 		.ascii	"CCMR2\000"
 2289      3200
 2290              	.LASF12:
 2291 006b 6C6F6E67 		.ascii	"long long unsigned int\000"
 2291      206C6F6E 
 2291      6720756E 
 2291      7369676E 
 2291      65642069 
 2292              	.LASF121:
 2293 0082 63685654 		.ascii	"chVTDoResetI\000"
 2293      446F5265 
 2293      73657449 
 2293      00
ARM GAS  /tmp/ccqvi8nJ.s 			page 42


 2294              	.LASF96:
 2295 008f 65786974 		.ascii	"exitcode\000"
 2295      636F6465 
 2295      00
 2296              	.LASF76:
 2297 0098 6D61696E 		.ascii	"mainthread\000"
 2297      74687265 
 2297      616400
 2298              	.LASF66:
 2299 00a3 76697274 		.ascii	"virtual_timers_list_t\000"
 2299      75616C5F 
 2299      74696D65 
 2299      72735F6C 
 2299      6973745F 
 2300              	.LASF124:
 2301 00b9 49544D5F 		.ascii	"ITM_RxBuffer\000"
 2301      52784275 
 2301      66666572 
 2301      00
 2302              	.LASF88:
 2303 00c6 42445452 		.ascii	"BDTR\000"
 2303      00
 2304              	.LASF49:
 2305 00cb 63685F74 		.ascii	"ch_threads_queue\000"
 2305      68726561 
 2305      64735F71 
 2305      75657565 
 2305      00
 2306              	.LASF29:
 2307 00dc 705F7072 		.ascii	"p_prio\000"
 2307      696F00
 2308              	.LASF85:
 2309 00e3 43434D52 		.ascii	"CCMR1\000"
 2309      3100
 2310              	.LASF128:
 2311 00e9 5F76745F 		.ascii	"_vt_init\000"
 2311      696E6974 
 2311      00
 2312              	.LASF90:
 2313 00f2 43434D52 		.ascii	"CCMR3\000"
 2313      3300
 2314              	.LASF1:
 2315 00f8 7369676E 		.ascii	"signed char\000"
 2315      65642063 
 2315      68617200 
 2316              	.LASF106:
 2317 0104 6D5F7175 		.ascii	"m_queue\000"
 2317      65756500 
 2318              	.LASF75:
 2319 010c 76746C69 		.ascii	"vtlist\000"
 2319      737400
 2320              	.LASF73:
 2321 0113 63685F73 		.ascii	"ch_system\000"
 2321      79737465 
 2321      6D00
 2322              	.LASF7:
 2323 011d 6C6F6E67 		.ascii	"long int\000"
ARM GAS  /tmp/ccqvi8nJ.s 			page 43


 2323      20696E74 
 2323      00
 2324              	.LASF19:
 2325 0126 74737461 		.ascii	"tstate_t\000"
 2325      74655F74 
 2325      00
 2326              	.LASF87:
 2327 012f 43434552 		.ascii	"CCER\000"
 2327      00
 2328              	.LASF10:
 2329 0134 6C6F6E67 		.ascii	"long long int\000"
 2329      206C6F6E 
 2329      6720696E 
 2329      7400
 2330              	.LASF125:
 2331 0142 474E5520 		.ascii	"GNU C 4.8.4 20141219 (release) -mcpu=cortex-m4 -mno"
 2331      4320342E 
 2331      382E3420 
 2331      32303134 
 2331      31323139 
 2332 0175 2D746875 		.ascii	"-thumb-interwork -mthumb -ggdb -O0 -fomit-frame-poi"
 2332      6D622D69 
 2332      6E746572 
 2332      776F726B 
 2332      202D6D74 
 2333 01a8 6E746572 		.ascii	"nter -falign-functions=16 -ffunction-sections -fdat"
 2333      202D6661 
 2333      6C69676E 
 2333      2D66756E 
 2333      6374696F 
 2334 01db 612D7365 		.ascii	"a-sections -fno-common\000"
 2334      6374696F 
 2334      6E73202D 
 2334      666E6F2D 
 2334      636F6D6D 
 2335              	.LASF31:
 2336 01f2 705F6E65 		.ascii	"p_newer\000"
 2336      77657200 
 2337              	.LASF103:
 2338 01fa 735F7175 		.ascii	"s_queue\000"
 2338      65756500 
 2339              	.LASF4:
 2340 0202 73686F72 		.ascii	"short unsigned int\000"
 2340      7420756E 
 2340      7369676E 
 2340      65642069 
 2340      6E7400
 2341              	.LASF55:
 2342 0215 725F6E65 		.ascii	"r_newer\000"
 2342      77657200 
 2343              	.LASF43:
 2344 021d 705F6D70 		.ascii	"p_mpool\000"
 2344      6F6F6C00 
 2345              	.LASF79:
 2346 0225 72656761 		.ascii	"regarm_t\000"
 2346      726D5F74 
 2346      00
ARM GAS  /tmp/ccqvi8nJ.s 			page 44


 2347              	.LASF62:
 2348 022e 76745F70 		.ascii	"vt_prev\000"
 2348      72657600 
 2349              	.LASF110:
 2350 0236 6D757465 		.ascii	"mutex_t\000"
 2350      785F7400 
 2351              	.LASF77:
 2352 023e 69646C65 		.ascii	"idle_thread_wa\000"
 2352      5F746872 
 2352      6561645F 
 2352      776100
 2353              	.LASF24:
 2354 024d 636E745F 		.ascii	"cnt_t\000"
 2354      7400
 2355              	.LASF116:
 2356 0253 63685654 		.ascii	"chVTGetSystemTimeX\000"
 2356      47657453 
 2356      79737465 
 2356      6D54696D 
 2356      655800
 2357              	.LASF126:
 2358 0266 2F686F6D 		.ascii	"/home/efe/ChibiOS/os/rt/src/chvt.c\000"
 2358      652F6566 
 2358      652F4368 
 2358      6962694F 
 2358      532F6F73 
 2359              	.LASF123:
 2360 0289 6E6F7764 		.ascii	"nowdelta\000"
 2360      656C7461 
 2360      00
 2361              	.LASF61:
 2362 0292 76745F6E 		.ascii	"vt_next\000"
 2362      65787400 
 2363              	.LASF99:
 2364 029a 77747365 		.ascii	"wtsemp\000"
 2364      6D7000
 2365              	.LASF38:
 2366 02a1 705F6D73 		.ascii	"p_msgqueue\000"
 2366      67717565 
 2366      756500
 2367              	.LASF104:
 2368 02ac 735F636E 		.ascii	"s_cnt\000"
 2368      7400
 2369              	.LASF83:
 2370 02b2 534D4352 		.ascii	"SMCR\000"
 2370      00
 2371              	.LASF46:
 2372 02b7 63685F74 		.ascii	"ch_thread\000"
 2372      68726561 
 2372      6400
 2373              	.LASF111:
 2374 02c1 706F7274 		.ascii	"port_timer_start_alarm\000"
 2374      5F74696D 
 2374      65725F73 
 2374      74617274 
 2374      5F616C61 
 2375              	.LASF72:
ARM GAS  /tmp/ccqvi8nJ.s 			page 45


 2376 02d8 63685F73 		.ascii	"ch_system_t\000"
 2376      79737465 
 2376      6D5F7400 
 2377              	.LASF92:
 2378 02e4 73746D33 		.ascii	"stm32_tim_t\000"
 2378      325F7469 
 2378      6D5F7400 
 2379              	.LASF51:
 2380 02f0 63685F72 		.ascii	"ch_ready_list\000"
 2380      65616479 
 2380      5F6C6973 
 2380      7400
 2381              	.LASF120:
 2382 02fe 63685654 		.ascii	"chVTDoSetI\000"
 2382      446F5365 
 2382      744900
 2383              	.LASF6:
 2384 0309 5F5F696E 		.ascii	"__int32_t\000"
 2384      7433325F 
 2384      7400
 2385              	.LASF80:
 2386 0313 73746B61 		.ascii	"stkalign_t\000"
 2386      6C69676E 
 2386      5F7400
 2387              	.LASF37:
 2388 031e 705F7761 		.ascii	"p_waiting\000"
 2388      6974696E 
 2388      6700
 2389              	.LASF78:
 2390 0328 73697A65 		.ascii	"sizetype\000"
 2390      74797065 
 2390      00
 2391              	.LASF44:
 2392 0331 74687265 		.ascii	"thread_reference_t\000"
 2392      61645F72 
 2392      65666572 
 2392      656E6365 
 2392      5F7400
 2393              	.LASF67:
 2394 0344 63685F76 		.ascii	"ch_virtual_timers_list\000"
 2394      69727475 
 2394      616C5F74 
 2394      696D6572 
 2394      735F6C69 
 2395              	.LASF68:
 2396 035b 76745F6C 		.ascii	"vt_lasttime\000"
 2396      61737474 
 2396      696D6500 
 2397              	.LASF32:
 2398 0367 705F6F6C 		.ascii	"p_older\000"
 2398      64657200 
 2399              	.LASF54:
 2400 036f 725F6374 		.ascii	"r_ctx\000"
 2400      7800
 2401              	.LASF30:
 2402 0375 705F6374 		.ascii	"p_ctx\000"
 2402      7800
ARM GAS  /tmp/ccqvi8nJ.s 			page 46


 2403              	.LASF94:
 2404 037b 746D5F63 		.ascii	"tm_calibration_t\000"
 2404      616C6962 
 2404      72617469 
 2404      6F6E5F74 
 2404      00
 2405              	.LASF113:
 2406 038c 74696D65 		.ascii	"time\000"
 2406      00
 2407              	.LASF57:
 2408 0391 725F6375 		.ascii	"r_current\000"
 2408      7272656E 
 2408      7400
 2409              	.LASF56:
 2410 039b 725F6F6C 		.ascii	"r_older\000"
 2410      64657200 
 2411              	.LASF11:
 2412 03a3 5F5F7569 		.ascii	"__uint64_t\000"
 2412      6E743634 
 2412      5F7400
 2413              	.LASF20:
 2414 03ae 74726566 		.ascii	"trefs_t\000"
 2414      735F7400 
 2415              	.LASF59:
 2416 03b6 76697274 		.ascii	"virtual_timer_t\000"
 2416      75616C5F 
 2416      74696D65 
 2416      725F7400 
 2417              	.LASF28:
 2418 03c6 705F7072 		.ascii	"p_prev\000"
 2418      657600
 2419              	.LASF21:
 2420 03cd 74707269 		.ascii	"tprio_t\000"
 2420      6F5F7400 
 2421              	.LASF70:
 2422 03d5 63685F73 		.ascii	"ch_system_debug\000"
 2422      79737465 
 2422      6D5F6465 
 2422      62756700 
 2423              	.LASF14:
 2424 03e5 696E7433 		.ascii	"int32_t\000"
 2424      325F7400 
 2425              	.LASF2:
 2426 03ed 756E7369 		.ascii	"unsigned char\000"
 2426      676E6564 
 2426      20636861 
 2426      7200
 2427              	.LASF117:
 2428 03fb 64656C61 		.ascii	"delay\000"
 2428      7900
 2429              	.LASF41:
 2430 0401 705F6D74 		.ascii	"p_mtxlist\000"
 2430      786C6973 
 2430      7400
 2431              	.LASF3:
 2432 040b 73686F72 		.ascii	"short int\000"
 2432      7420696E 
ARM GAS  /tmp/ccqvi8nJ.s 			page 47


 2432      7400
 2433              	.LASF34:
 2434 0415 705F7374 		.ascii	"p_state\000"
 2434      61746500 
 2435              	.LASF53:
 2436 041d 725F7072 		.ascii	"r_prio\000"
 2436      696F00
 2437              	.LASF101:
 2438 0424 65776D61 		.ascii	"ewmask\000"
 2438      736B00
 2439              	.LASF27:
 2440 042b 705F6E65 		.ascii	"p_next\000"
 2440      787400
 2441              	.LASF127:
 2442 0432 706F7274 		.ascii	"port_timer_stop_alarm\000"
 2442      5F74696D 
 2442      65725F73 
 2442      746F705F 
 2442      616C6172 
 2443              	.LASF122:
 2444 0448 5F5F6675 		.ascii	"__func__\000"
 2444      6E635F5F 
 2444      00
 2445              	.LASF60:
 2446 0451 63685F76 		.ascii	"ch_virtual_timer\000"
 2446      69727475 
 2446      616C5F74 
 2446      696D6572 
 2446      00
 2447              	.LASF102:
 2448 0462 63685F73 		.ascii	"ch_semaphore\000"
 2448      656D6170 
 2448      686F7265 
 2448      00
 2449              	.LASF91:
 2450 046f 43435852 		.ascii	"CCXR\000"
 2450      00
 2451              	.LASF40:
 2452 0474 705F6570 		.ascii	"p_epending\000"
 2452      656E6469 
 2452      6E6700
 2453              	.LASF114:
 2454 047f 73745F6C 		.ascii	"st_lld_get_counter\000"
 2454      6C645F67 
 2454      65745F63 
 2454      6F756E74 
 2454      657200
 2455              	.LASF15:
 2456 0492 75696E74 		.ascii	"uint32_t\000"
 2456      33325F74 
 2456      00
 2457              	.LASF100:
 2458 049b 77746D74 		.ascii	"wtmtxp\000"
 2458      787000
 2459              	.LASF52:
 2460 04a2 725F7175 		.ascii	"r_queue\000"
 2460      65756500 
ARM GAS  /tmp/ccqvi8nJ.s 			page 48


 2461              	.LASF63:
 2462 04aa 76745F64 		.ascii	"vt_delta\000"
 2462      656C7461 
 2462      00
 2463              	.LASF47:
 2464 04b3 63685F74 		.ascii	"ch_threads_list\000"
 2464      68726561 
 2464      64735F6C 
 2464      69737400 
 2465              	.LASF9:
 2466 04c3 6C6F6E67 		.ascii	"long unsigned int\000"
 2466      20756E73 
 2466      69676E65 
 2466      6420696E 
 2466      7400
 2467              	.LASF109:
 2468 04d5 63686172 		.ascii	"char\000"
 2468      00
 2469              	.LASF0:
 2470 04da 756E7369 		.ascii	"unsigned int\000"
 2470      676E6564 
 2470      20696E74 
 2470      00
 2471              	.LASF89:
 2472 04e7 444D4152 		.ascii	"DMAR\000"
 2472      00
 2473              	.LASF26:
 2474 04ec 74687265 		.ascii	"thread_t\000"
 2474      61645F74 
 2474      00
 2475              	.LASF108:
 2476 04f5 6D5F6E65 		.ascii	"m_next\000"
 2476      787400
 2477              	.LASF25:
 2478 04fc 73797374 		.ascii	"systime_t\000"
 2478      696D655F 
 2478      7400
 2479              	.LASF42:
 2480 0506 705F7265 		.ascii	"p_realprio\000"
 2480      616C7072 
 2480      696F00
 2481              	.LASF58:
 2482 0511 76746675 		.ascii	"vtfunc_t\000"
 2482      6E635F74 
 2482      00
 2483              	.LASF8:
 2484 051a 5F5F7569 		.ascii	"__uint32_t\000"
 2484      6E743332 
 2484      5F7400
 2485              	.LASF71:
 2486 0525 70616E69 		.ascii	"panic_msg\000"
 2486      635F6D73 
 2486      6700
 2487              	.LASF93:
 2488 052f 6F666673 		.ascii	"offset\000"
 2488      657400
 2489              	.LASF81:
ARM GAS  /tmp/ccqvi8nJ.s 			page 49


 2490 0536 636F6E74 		.ascii	"context\000"
 2490      65787400 
 2491              	.LASF115:
 2492 053e 706F7274 		.ascii	"port_timer_get_time\000"
 2492      5F74696D 
 2492      65725F67 
 2492      65745F74 
 2492      696D6500 
 2493              	.LASF17:
 2494 0552 7274636E 		.ascii	"rtcnt_t\000"
 2494      745F7400 
 2495              	.LASF65:
 2496 055a 76745F70 		.ascii	"vt_par\000"
 2496      617200
 2497              	.LASF118:
 2498 0561 76746675 		.ascii	"vtfunc\000"
 2498      6E6300
 2499              	.LASF48:
 2500 0568 74687265 		.ascii	"threads_queue_t\000"
 2500      6164735F 
 2500      71756575 
 2500      655F7400 
 2501              	.LASF105:
 2502 0578 63685F6D 		.ascii	"ch_mutex\000"
 2502      75746578 
 2502      00
 2503              	.LASF36:
 2504 0581 705F7265 		.ascii	"p_refs\000"
 2504      667300
 2505              	.LASF74:
 2506 0588 726C6973 		.ascii	"rlist\000"
 2506      7400
 2507              	.LASF13:
 2508 058e 75696E74 		.ascii	"uint8_t\000"
 2508      385F7400 
 2509              	.LASF112:
 2510 0596 706F7274 		.ascii	"port_timer_set_alarm\000"
 2510      5F74696D 
 2510      65725F73 
 2510      65745F61 
 2510      6C61726D 
 2511              	.LASF97:
 2512 05ab 77746F62 		.ascii	"wtobjp\000"
 2512      6A7000
 2513              	.LASF33:
 2514 05b2 705F6E61 		.ascii	"p_name\000"
 2514      6D6500
 2515              	.LASF45:
 2516 05b9 74687265 		.ascii	"threads_list_t\000"
 2516      6164735F 
 2516      6C697374 
 2516      5F7400
 2517              	.LASF18:
 2518 05c8 746D6F64 		.ascii	"tmode_t\000"
 2518      655F7400 
 2519              	.LASF35:
 2520 05d0 705F666C 		.ascii	"p_flags\000"
ARM GAS  /tmp/ccqvi8nJ.s 			page 50


 2520      61677300 
 2521              	.LASF39:
 2522 05d8 705F6D73 		.ascii	"p_msg\000"
 2522      6700
 2523              	.LASF107:
 2524 05de 6D5F6F77 		.ascii	"m_owner\000"
 2524      6E657200 
 2525              	.LASF64:
 2526 05e6 76745F66 		.ascii	"vt_func\000"
 2526      756E6300 
 2527              		.ident	"GCC: (4.8.4-1+11-1) 4.8.4 20141219 (release)"
ARM GAS  /tmp/ccqvi8nJ.s 			page 51


DEFINED SYMBOLS
                            *ABS*:0000000000000000 chvt.c
     /tmp/ccqvi8nJ.s:19     .text.st_lld_get_counter:0000000000000000 $t
     /tmp/ccqvi8nJ.s:24     .text.st_lld_get_counter:0000000000000000 st_lld_get_counter
     /tmp/ccqvi8nJ.s:42     .text.port_timer_start_alarm:0000000000000000 $t
     /tmp/ccqvi8nJ.s:47     .text.port_timer_start_alarm:0000000000000000 port_timer_start_alarm
     /tmp/ccqvi8nJ.s:71     .text.port_timer_stop_alarm:0000000000000000 $t
     /tmp/ccqvi8nJ.s:76     .text.port_timer_stop_alarm:0000000000000000 port_timer_stop_alarm
     /tmp/ccqvi8nJ.s:94     .text.port_timer_set_alarm:0000000000000000 $t
     /tmp/ccqvi8nJ.s:99     .text.port_timer_set_alarm:0000000000000000 port_timer_set_alarm
     /tmp/ccqvi8nJ.s:122    .text.port_timer_get_time:0000000000000000 $t
     /tmp/ccqvi8nJ.s:127    .text.port_timer_get_time:0000000000000000 port_timer_get_time
     /tmp/ccqvi8nJ.s:147    .text.chVTGetSystemTimeX:0000000000000000 $t
     /tmp/ccqvi8nJ.s:152    .text.chVTGetSystemTimeX:0000000000000000 chVTGetSystemTimeX
     /tmp/ccqvi8nJ.s:173    .text._vt_init:0000000000000000 $t
     /tmp/ccqvi8nJ.s:179    .text._vt_init:0000000000000000 _vt_init
     /tmp/ccqvi8nJ.s:208    .text._vt_init:000000000000001c $d
     /tmp/ccqvi8nJ.s:214    .text.chVTDoSetI:0000000000000000 $t
     /tmp/ccqvi8nJ.s:220    .text.chVTDoSetI:0000000000000000 chVTDoSetI
     /tmp/ccqvi8nJ.s:385    .text.chVTDoSetI:00000000000000f0 $d
     /tmp/ccqvi8nJ.s:391    .text.chVTDoResetI:0000000000000000 $t
     /tmp/ccqvi8nJ.s:397    .text.chVTDoResetI:0000000000000000 chVTDoResetI
     /tmp/ccqvi8nJ.s:536    .text.chVTDoResetI:00000000000000cc $d
                     .debug_frame:0000000000000010 $d
     /tmp/ccqvi8nJ.s:213    .text._vt_init:0000000000000024 $t
     /tmp/ccqvi8nJ.s:390    .text.chVTDoSetI:00000000000000f8 $t
     /tmp/ccqvi8nJ.s:541    .text.chVTDoResetI:00000000000000d4 $t

UNDEFINED SYMBOLS
stStartAlarm
stStopAlarm
stSetAlarm
ch
