ARM GAS  /tmp/ccD74sbU.s 			page 1


   1              		.syntax unified
   2              		.cpu cortex-m4
   3              		.fpu softvfp
   4              		.eabi_attribute 20, 1
   5              		.eabi_attribute 21, 1
   6              		.eabi_attribute 23, 3
   7              		.eabi_attribute 24, 1
   8              		.eabi_attribute 25, 1
   9              		.eabi_attribute 26, 1
  10              		.eabi_attribute 30, 6
  11              		.eabi_attribute 34, 1
  12              		.eabi_attribute 18, 4
  13              		.thumb
  14              		.file	"hal_queues.c"
  15              		.text
  16              	.Ltext0:
  17              		.cfi_sections	.debug_frame
  18              	.Letext0:
  19              		.file 1 "/usr/include/newlib/machine/_default_types.h"
  20              		.file 2 "/usr/include/newlib/stdint.h"
  21              		.file 3 "/home/efe/ChibiOS/os/rt/ports/ARMCMx/compilers/GCC/chtypes.h"
  22              		.file 4 "/home/efe/ChibiOS/os/rt/include/chsystypes.h"
  23              		.file 5 "/home/efe/ChibiOS/os/rt/include/chschd.h"
  24              		.file 6 "/home/efe/ChibiOS/os/rt/ports/ARMCMx/chcore.h"
  25              		.file 7 "/home/efe/ChibiOS/os/rt/ports/ARMCMx/chcore_v7m.h"
  26              		.file 8 "/home/efe/ChibiOS/os/rt/include/chtm.h"
  27              		.file 9 "/home/efe/ChibiOS/os/rt/include/chsem.h"
  28              		.file 10 "/home/efe/ChibiOS/os/rt/include/chmtx.h"
  29              		.file 11 "/home/efe/ChibiOS/os/ext/CMSIS/include/core_cm4.h"
  30              		.section	.debug_info,"",%progbits
  31              	.Ldebug_info0:
  32 0000 2A060000 		.4byte	0x62a
  33 0004 0400     		.2byte	0x4
  34 0006 00000000 		.4byte	.Ldebug_abbrev0
  35 000a 04       		.byte	0x4
  36 000b 01       		.uleb128 0x1
  37 000c A1010000 		.4byte	.LASF103
  38 0010 01       		.byte	0x1
  39 0011 19000000 		.4byte	.LASF104
  40 0015 00000000 		.4byte	.Ldebug_line0
  41 0019 02       		.uleb128 0x2
  42 001a 04       		.byte	0x4
  43 001b 05       		.byte	0x5
  44 001c 696E7400 		.ascii	"int\000"
  45 0020 03       		.uleb128 0x3
  46 0021 04       		.byte	0x4
  47 0022 07       		.byte	0x7
  48 0023 CF020000 		.4byte	.LASF0
  49 0027 03       		.uleb128 0x3
  50 0028 01       		.byte	0x1
  51 0029 06       		.byte	0x6
  52 002a 9B020000 		.4byte	.LASF1
  53 002e 04       		.uleb128 0x4
  54 002f DF040000 		.4byte	.LASF5
  55 0033 01       		.byte	0x1
  56 0034 1D       		.byte	0x1d
  57 0035 39000000 		.4byte	0x39
ARM GAS  /tmp/ccD74sbU.s 			page 2


  58 0039 03       		.uleb128 0x3
  59 003a 01       		.byte	0x1
  60 003b 08       		.byte	0x8
  61 003c 86020000 		.4byte	.LASF2
  62 0040 03       		.uleb128 0x3
  63 0041 02       		.byte	0x2
  64 0042 05       		.byte	0x5
  65 0043 67000000 		.4byte	.LASF3
  66 0047 03       		.uleb128 0x3
  67 0048 02       		.byte	0x2
  68 0049 07       		.byte	0x7
  69 004a EF030000 		.4byte	.LASF4
  70 004e 04       		.uleb128 0x4
  71 004f 34040000 		.4byte	.LASF6
  72 0053 01       		.byte	0x1
  73 0054 3F       		.byte	0x3f
  74 0055 59000000 		.4byte	0x59
  75 0059 03       		.uleb128 0x3
  76 005a 04       		.byte	0x4
  77 005b 05       		.byte	0x5
  78 005c 60010000 		.4byte	.LASF7
  79 0060 04       		.uleb128 0x4
  80 0061 02040000 		.4byte	.LASF8
  81 0065 01       		.byte	0x1
  82 0066 41       		.byte	0x41
  83 0067 6B000000 		.4byte	0x6b
  84 006b 03       		.uleb128 0x3
  85 006c 04       		.byte	0x4
  86 006d 07       		.byte	0x7
  87 006e D3030000 		.4byte	.LASF9
  88 0072 03       		.uleb128 0x3
  89 0073 08       		.byte	0x8
  90 0074 05       		.byte	0x5
  91 0075 43010000 		.4byte	.LASF10
  92 0079 04       		.uleb128 0x4
  93 007a A8030000 		.4byte	.LASF11
  94 007e 01       		.byte	0x1
  95 007f 5B       		.byte	0x5b
  96 0080 84000000 		.4byte	0x84
  97 0084 03       		.uleb128 0x3
  98 0085 08       		.byte	0x8
  99 0086 07       		.byte	0x7
 100 0087 AF020000 		.4byte	.LASF12
 101 008b 04       		.uleb128 0x4
 102 008c EC000000 		.4byte	.LASF13
 103 0090 02       		.byte	0x2
 104 0091 2A       		.byte	0x2a
 105 0092 2E000000 		.4byte	0x2e
 106 0096 04       		.uleb128 0x4
 107 0097 7B030000 		.4byte	.LASF14
 108 009b 02       		.byte	0x2
 109 009c 41       		.byte	0x41
 110 009d 4E000000 		.4byte	0x4e
 111 00a1 04       		.uleb128 0x4
 112 00a2 05010000 		.4byte	.LASF15
 113 00a6 02       		.byte	0x2
 114 00a7 42       		.byte	0x42
ARM GAS  /tmp/ccD74sbU.s 			page 3


 115 00a8 60000000 		.4byte	0x60
 116 00ac 04       		.uleb128 0x4
 117 00ad 53000000 		.4byte	.LASF16
 118 00b1 02       		.byte	0x2
 119 00b2 4E       		.byte	0x4e
 120 00b3 79000000 		.4byte	0x79
 121 00b7 05       		.uleb128 0x5
 122 00b8 96000000 		.4byte	0x96
 123 00bc 04       		.uleb128 0x4
 124 00bd BB000000 		.4byte	.LASF17
 125 00c1 03       		.byte	0x3
 126 00c2 45       		.byte	0x45
 127 00c3 A1000000 		.4byte	0xa1
 128 00c7 04       		.uleb128 0x4
 129 00c8 3B010000 		.4byte	.LASF18
 130 00cc 03       		.byte	0x3
 131 00cd 48       		.byte	0x48
 132 00ce 8B000000 		.4byte	0x8b
 133 00d2 04       		.uleb128 0x4
 134 00d3 58040000 		.4byte	.LASF19
 135 00d7 03       		.byte	0x3
 136 00d8 49       		.byte	0x49
 137 00d9 8B000000 		.4byte	0x8b
 138 00dd 04       		.uleb128 0x4
 139 00de 09000000 		.4byte	.LASF20
 140 00e2 03       		.byte	0x3
 141 00e3 4A       		.byte	0x4a
 142 00e4 8B000000 		.4byte	0x8b
 143 00e8 04       		.uleb128 0x4
 144 00e9 58010000 		.4byte	.LASF21
 145 00ed 03       		.byte	0x3
 146 00ee 4C       		.byte	0x4c
 147 00ef A1000000 		.4byte	0xa1
 148 00f3 04       		.uleb128 0x4
 149 00f4 D9040000 		.4byte	.LASF22
 150 00f8 03       		.byte	0x3
 151 00f9 4D       		.byte	0x4d
 152 00fa 96000000 		.4byte	0x96
 153 00fe 04       		.uleb128 0x4
 154 00ff 96000000 		.4byte	.LASF23
 155 0103 03       		.byte	0x3
 156 0104 4F       		.byte	0x4f
 157 0105 A1000000 		.4byte	0xa1
 158 0109 04       		.uleb128 0x4
 159 010a 8A030000 		.4byte	.LASF24
 160 010e 03       		.byte	0x3
 161 010f 51       		.byte	0x51
 162 0110 96000000 		.4byte	0x96
 163 0114 04       		.uleb128 0x4
 164 0115 4D030000 		.4byte	.LASF25
 165 0119 04       		.byte	0x4
 166 011a 33       		.byte	0x33
 167 011b A1000000 		.4byte	0xa1
 168 011f 04       		.uleb128 0x4
 169 0120 00000000 		.4byte	.LASF26
 170 0124 04       		.byte	0x4
 171 0125 3F       		.byte	0x3f
ARM GAS  /tmp/ccD74sbU.s 			page 4


 172 0126 2A010000 		.4byte	0x12a
 173 012a 06       		.uleb128 0x6
 174 012b 0E010000 		.4byte	.LASF46
 175 012f 44       		.byte	0x44
 176 0130 05       		.byte	0x5
 177 0131 C2       		.byte	0xc2
 178 0132 17020000 		.4byte	0x217
 179 0136 07       		.uleb128 0x7
 180 0137 B4000000 		.4byte	.LASF27
 181 013b 05       		.byte	0x5
 182 013c C3       		.byte	0xc3
 183 013d 22020000 		.4byte	0x222
 184 0141 00       		.byte	0
 185 0142 07       		.uleb128 0x7
 186 0143 89000000 		.4byte	.LASF28
 187 0147 05       		.byte	0x5
 188 0148 C5       		.byte	0xc5
 189 0149 22020000 		.4byte	0x222
 190 014d 04       		.byte	0x4
 191 014e 07       		.uleb128 0x7
 192 014f AD000000 		.4byte	.LASF29
 193 0153 05       		.byte	0x5
 194 0154 C7       		.byte	0xc7
 195 0155 E8000000 		.4byte	0xe8
 196 0159 08       		.byte	0x8
 197 015a 07       		.uleb128 0x7
 198 015b A8040000 		.4byte	.LASF30
 199 015f 05       		.byte	0x5
 200 0160 C8       		.byte	0xc8
 201 0161 52040000 		.4byte	0x452
 202 0165 0C       		.byte	0xc
 203 0166 07       		.uleb128 0x7
 204 0167 A7020000 		.4byte	.LASF31
 205 016b 05       		.byte	0x5
 206 016c CA       		.byte	0xca
 207 016d 22020000 		.4byte	0x222
 208 0171 10       		.byte	0x10
 209 0172 07       		.uleb128 0x7
 210 0173 7E040000 		.4byte	.LASF32
 211 0177 05       		.byte	0x5
 212 0178 CB       		.byte	0xcb
 213 0179 22020000 		.4byte	0x222
 214 017d 14       		.byte	0x14
 215 017e 07       		.uleb128 0x7
 216 017f BD030000 		.4byte	.LASF33
 217 0183 05       		.byte	0x5
 218 0184 D2       		.byte	0xd2
 219 0185 D1050000 		.4byte	0x5d1
 220 0189 18       		.byte	0x18
 221 018a 07       		.uleb128 0x7
 222 018b 90030000 		.4byte	.LASF34
 223 018f 05       		.byte	0x5
 224 0190 DD       		.byte	0xdd
 225 0191 D2000000 		.4byte	0xd2
 226 0195 1C       		.byte	0x1c
 227 0196 07       		.uleb128 0x7
 228 0197 31030000 		.4byte	.LASF35
ARM GAS  /tmp/ccD74sbU.s 			page 5


 229 019b 05       		.byte	0x5
 230 019c E1       		.byte	0xe1
 231 019d C7000000 		.4byte	0xc7
 232 01a1 1D       		.byte	0x1d
 233 01a2 07       		.uleb128 0x7
 234 01a3 93040000 		.4byte	.LASF36
 235 01a7 05       		.byte	0x5
 236 01a8 E6       		.byte	0xe6
 237 01a9 DD000000 		.4byte	0xdd
 238 01ad 1E       		.byte	0x1e
 239 01ae 08       		.uleb128 0x8
 240 01af 705F7500 		.ascii	"p_u\000"
 241 01b3 05       		.byte	0x5
 242 01b4 3101     		.2byte	0x131
 243 01b6 0C050000 		.4byte	0x50c
 244 01ba 20       		.byte	0x20
 245 01bb 09       		.uleb128 0x9
 246 01bc 9E030000 		.4byte	.LASF37
 247 01c0 05       		.byte	0x5
 248 01c1 3601     		.2byte	0x136
 249 01c3 28020000 		.4byte	0x228
 250 01c7 24       		.byte	0x24
 251 01c8 09       		.uleb128 0x9
 252 01c9 A2000000 		.4byte	.LASF38
 253 01cd 05       		.byte	0x5
 254 01ce 3C01     		.2byte	0x13c
 255 01d0 4C020000 		.4byte	0x24c
 256 01d4 28       		.byte	0x28
 257 01d5 09       		.uleb128 0x9
 258 01d6 73020000 		.4byte	.LASF39
 259 01da 05       		.byte	0x5
 260 01db 4001     		.2byte	0x140
 261 01dd F3000000 		.4byte	0xf3
 262 01e1 30       		.byte	0x30
 263 01e2 09       		.uleb128 0x9
 264 01e3 18010000 		.4byte	.LASF40
 265 01e7 05       		.byte	0x5
 266 01e8 4601     		.2byte	0x146
 267 01ea FE000000 		.4byte	0xfe
 268 01ee 34       		.byte	0x34
 269 01ef 09       		.uleb128 0x9
 270 01f0 B3030000 		.4byte	.LASF41
 271 01f4 05       		.byte	0x5
 272 01f5 4D01     		.2byte	0x14d
 273 01f7 CB050000 		.4byte	0x5cb
 274 01fb 38       		.byte	0x38
 275 01fc 09       		.uleb128 0x9
 276 01fd 42030000 		.4byte	.LASF42
 277 0201 05       		.byte	0x5
 278 0202 5101     		.2byte	0x151
 279 0204 E8000000 		.4byte	0xe8
 280 0208 3C       		.byte	0x3c
 281 0209 09       		.uleb128 0x9
 282 020a C3040000 		.4byte	.LASF43
 283 020e 05       		.byte	0x5
 284 020f 5801     		.2byte	0x158
 285 0211 FF020000 		.4byte	0x2ff
ARM GAS  /tmp/ccD74sbU.s 			page 6


 286 0215 40       		.byte	0x40
 287 0216 00       		.byte	0
 288 0217 04       		.uleb128 0x4
 289 0218 3E040000 		.4byte	.LASF44
 290 021c 04       		.byte	0x4
 291 021d 44       		.byte	0x44
 292 021e 22020000 		.4byte	0x222
 293 0222 0A       		.uleb128 0xa
 294 0223 04       		.byte	0x4
 295 0224 1F010000 		.4byte	0x11f
 296 0228 04       		.uleb128 0x4
 297 0229 E9040000 		.4byte	.LASF45
 298 022d 04       		.byte	0x4
 299 022e 49       		.byte	0x49
 300 022f 33020000 		.4byte	0x233
 301 0233 06       		.uleb128 0x6
 302 0234 59020000 		.4byte	.LASF47
 303 0238 04       		.byte	0x4
 304 0239 05       		.byte	0x5
 305 023a B0       		.byte	0xb0
 306 023b 4C020000 		.4byte	0x24c
 307 023f 07       		.uleb128 0x7
 308 0240 B4000000 		.4byte	.LASF27
 309 0244 05       		.byte	0x5
 310 0245 B1       		.byte	0xb1
 311 0246 22020000 		.4byte	0x222
 312 024a 00       		.byte	0
 313 024b 00       		.byte	0
 314 024c 04       		.uleb128 0x4
 315 024d 19030000 		.4byte	.LASF48
 316 0251 04       		.byte	0x4
 317 0252 50       		.byte	0x50
 318 0253 57020000 		.4byte	0x257
 319 0257 06       		.uleb128 0x6
 320 0258 F4000000 		.4byte	.LASF49
 321 025c 08       		.byte	0x8
 322 025d 05       		.byte	0x5
 323 025e B7       		.byte	0xb7
 324 025f 7C020000 		.4byte	0x27c
 325 0263 07       		.uleb128 0x7
 326 0264 B4000000 		.4byte	.LASF27
 327 0268 05       		.byte	0x5
 328 0269 B8       		.byte	0xb8
 329 026a 22020000 		.4byte	0x222
 330 026e 00       		.byte	0
 331 026f 07       		.uleb128 0x7
 332 0270 89000000 		.4byte	.LASF28
 333 0274 05       		.byte	0x5
 334 0275 B9       		.byte	0xb9
 335 0276 22020000 		.4byte	0x222
 336 027a 04       		.byte	0x4
 337 027b 00       		.byte	0
 338 027c 04       		.uleb128 0x4
 339 027d 86040000 		.4byte	.LASF50
 340 0281 04       		.byte	0x4
 341 0282 57       		.byte	0x57
 342 0283 87020000 		.4byte	0x287
ARM GAS  /tmp/ccD74sbU.s 			page 7


 343 0287 0B       		.uleb128 0xb
 344 0288 9A040000 		.4byte	.LASF51
 345 028c 1C       		.byte	0x1c
 346 028d 05       		.byte	0x5
 347 028e 9001     		.2byte	0x190
 348 0290 E3020000 		.4byte	0x2e3
 349 0294 09       		.uleb128 0x9
 350 0295 71000000 		.4byte	.LASF52
 351 0299 05       		.byte	0x5
 352 029a 9101     		.2byte	0x191
 353 029c 4C020000 		.4byte	0x24c
 354 02a0 00       		.byte	0
 355 02a1 09       		.uleb128 0x9
 356 02a2 83030000 		.4byte	.LASF53
 357 02a6 05       		.byte	0x5
 358 02a7 9201     		.2byte	0x192
 359 02a9 E8000000 		.4byte	0xe8
 360 02ad 08       		.byte	0x8
 361 02ae 09       		.uleb128 0x9
 362 02af 90000000 		.4byte	.LASF54
 363 02b3 05       		.byte	0x5
 364 02b4 9401     		.2byte	0x194
 365 02b6 52040000 		.4byte	0x452
 366 02ba 0C       		.byte	0xc
 367 02bb 09       		.uleb128 0x9
 368 02bc 29030000 		.4byte	.LASF55
 369 02c0 05       		.byte	0x5
 370 02c1 9701     		.2byte	0x197
 371 02c3 22020000 		.4byte	0x222
 372 02c7 10       		.byte	0x10
 373 02c8 09       		.uleb128 0x9
 374 02c9 11000000 		.4byte	.LASF56
 375 02cd 05       		.byte	0x5
 376 02ce 9801     		.2byte	0x198
 377 02d0 22020000 		.4byte	0x222
 378 02d4 14       		.byte	0x14
 379 02d5 09       		.uleb128 0x9
 380 02d6 69020000 		.4byte	.LASF57
 381 02da 05       		.byte	0x5
 382 02db 9B01     		.2byte	0x19b
 383 02dd 22020000 		.4byte	0x222
 384 02e1 18       		.byte	0x18
 385 02e2 00       		.byte	0
 386 02e3 04       		.uleb128 0x4
 387 02e4 75040000 		.4byte	.LASF58
 388 02e8 04       		.byte	0x4
 389 02e9 5C       		.byte	0x5c
 390 02ea EE020000 		.4byte	0x2ee
 391 02ee 0A       		.uleb128 0xa
 392 02ef 04       		.byte	0x4
 393 02f0 F4020000 		.4byte	0x2f4
 394 02f4 0C       		.uleb128 0xc
 395 02f5 FF020000 		.4byte	0x2ff
 396 02f9 0D       		.uleb128 0xd
 397 02fa FF020000 		.4byte	0x2ff
 398 02fe 00       		.byte	0
 399 02ff 0E       		.uleb128 0xe
ARM GAS  /tmp/ccD74sbU.s 			page 8


 400 0300 04       		.byte	0x4
 401 0301 04       		.uleb128 0x4
 402 0302 7A010000 		.4byte	.LASF59
 403 0306 04       		.byte	0x4
 404 0307 61       		.byte	0x61
 405 0308 0C030000 		.4byte	0x30c
 406 030c 0B       		.uleb128 0xb
 407 030d 6A030000 		.4byte	.LASF60
 408 0311 14       		.byte	0x14
 409 0312 05       		.byte	0x5
 410 0313 6B01     		.2byte	0x16b
 411 0315 5B030000 		.4byte	0x35b
 412 0319 09       		.uleb128 0x9
 413 031a FB020000 		.4byte	.LASF61
 414 031e 05       		.byte	0x5
 415 031f 6C01     		.2byte	0x16c
 416 0321 E3050000 		.4byte	0x5e3
 417 0325 00       		.byte	0
 418 0326 09       		.uleb128 0x9
 419 0327 2C040000 		.4byte	.LASF62
 420 032b 05       		.byte	0x5
 421 032c 6D01     		.2byte	0x16d
 422 032e E3050000 		.4byte	0x5e3
 423 0332 04       		.byte	0x4
 424 0333 09       		.uleb128 0x9
 425 0334 39030000 		.4byte	.LASF63
 426 0338 05       		.byte	0x5
 427 0339 6E01     		.2byte	0x16e
 428 033b 14010000 		.4byte	0x114
 429 033f 08       		.byte	0x8
 430 0340 09       		.uleb128 0x9
 431 0341 DB000000 		.4byte	.LASF64
 432 0345 05       		.byte	0x5
 433 0346 6F01     		.2byte	0x16f
 434 0348 E3020000 		.4byte	0x2e3
 435 034c 0C       		.byte	0xc
 436 034d 09       		.uleb128 0x9
 437 034e D4000000 		.4byte	.LASF65
 438 0352 05       		.byte	0x5
 439 0353 7101     		.2byte	0x171
 440 0355 FF020000 		.4byte	0x2ff
 441 0359 10       		.byte	0x10
 442 035a 00       		.byte	0
 443 035b 04       		.uleb128 0x4
 444 035c 03030000 		.4byte	.LASF66
 445 0360 04       		.byte	0x4
 446 0361 66       		.byte	0x66
 447 0362 66030000 		.4byte	0x366
 448 0366 0B       		.uleb128 0xb
 449 0367 DC020000 		.4byte	.LASF67
 450 036b 10       		.byte	0x10
 451 036c 05       		.byte	0x5
 452 036d 7B01     		.2byte	0x17b
 453 036f A8030000 		.4byte	0x3a8
 454 0373 09       		.uleb128 0x9
 455 0374 FB020000 		.4byte	.LASF61
 456 0378 05       		.byte	0x5
ARM GAS  /tmp/ccD74sbU.s 			page 9


 457 0379 7C01     		.2byte	0x17c
 458 037b E3050000 		.4byte	0x5e3
 459 037f 00       		.byte	0
 460 0380 09       		.uleb128 0x9
 461 0381 2C040000 		.4byte	.LASF62
 462 0385 05       		.byte	0x5
 463 0386 7E01     		.2byte	0x17e
 464 0388 E3050000 		.4byte	0x5e3
 465 038c 04       		.byte	0x4
 466 038d 09       		.uleb128 0x9
 467 038e 39030000 		.4byte	.LASF63
 468 0392 05       		.byte	0x5
 469 0393 8001     		.2byte	0x180
 470 0395 14010000 		.4byte	0x114
 471 0399 08       		.byte	0x8
 472 039a 09       		.uleb128 0x9
 473 039b 2F010000 		.4byte	.LASF68
 474 039f 05       		.byte	0x5
 475 03a0 8801     		.2byte	0x188
 476 03a2 14010000 		.4byte	0x114
 477 03a6 0C       		.byte	0xc
 478 03a7 00       		.byte	0
 479 03a8 04       		.uleb128 0x4
 480 03a9 8A010000 		.4byte	.LASF69
 481 03ad 04       		.byte	0x4
 482 03ae 6B       		.byte	0x6b
 483 03af B3030000 		.4byte	0x3b3
 484 03b3 0B       		.uleb128 0xb
 485 03b4 43000000 		.4byte	.LASF70
 486 03b8 04       		.byte	0x4
 487 03b9 05       		.byte	0x5
 488 03ba A201     		.2byte	0x1a2
 489 03bc CE030000 		.4byte	0x3ce
 490 03c0 09       		.uleb128 0x9
 491 03c1 E5030000 		.4byte	.LASF71
 492 03c5 05       		.byte	0x5
 493 03c6 AA01     		.2byte	0x1aa
 494 03c8 E9050000 		.4byte	0x5e9
 495 03cc 00       		.byte	0
 496 03cd 00       		.byte	0
 497 03ce 04       		.uleb128 0x4
 498 03cf 23010000 		.4byte	.LASF72
 499 03d3 04       		.byte	0x4
 500 03d4 70       		.byte	0x70
 501 03d5 D9030000 		.4byte	0x3d9
 502 03d9 0F       		.uleb128 0xf
 503 03da 69010000 		.4byte	.LASF73
 504 03de 5001     		.2byte	0x150
 505 03e0 05       		.byte	0x5
 506 03e1 C201     		.2byte	0x1c2
 507 03e3 35040000 		.4byte	0x435
 508 03e7 09       		.uleb128 0x9
 509 03e8 57030000 		.4byte	.LASF74
 510 03ec 05       		.byte	0x5
 511 03ed C601     		.2byte	0x1c6
 512 03ef 7C020000 		.4byte	0x27c
 513 03f3 00       		.byte	0
ARM GAS  /tmp/ccD74sbU.s 			page 10


 514 03f4 09       		.uleb128 0x9
 515 03f5 D2040000 		.4byte	.LASF75
 516 03f9 05       		.byte	0x5
 517 03fa CA01     		.2byte	0x1ca
 518 03fc 5B030000 		.4byte	0x35b
 519 0400 1C       		.byte	0x1c
 520 0401 08       		.uleb128 0x8
 521 0402 64626700 		.ascii	"dbg\000"
 522 0406 05       		.byte	0x5
 523 0407 CE01     		.2byte	0x1ce
 524 0409 A8030000 		.4byte	0x3a8
 525 040d 2C       		.byte	0x2c
 526 040e 09       		.uleb128 0x9
 527 040f 5C000000 		.4byte	.LASF76
 528 0413 05       		.byte	0x5
 529 0414 D201     		.2byte	0x1d2
 530 0416 1F010000 		.4byte	0x11f
 531 041a 30       		.byte	0x30
 532 041b 08       		.uleb128 0x8
 533 041c 746D00   		.ascii	"tm\000"
 534 041f 05       		.byte	0x5
 535 0420 D701     		.2byte	0x1d7
 536 0422 01050000 		.4byte	0x501
 537 0426 74       		.byte	0x74
 538 0427 09       		.uleb128 0x9
 539 0428 C4030000 		.4byte	.LASF77
 540 042c 05       		.byte	0x5
 541 042d E301     		.2byte	0x1e3
 542 042f EE050000 		.4byte	0x5ee
 543 0433 78       		.byte	0x78
 544 0434 00       		.byte	0
 545 0435 03       		.uleb128 0x3
 546 0436 04       		.byte	0x4
 547 0437 07       		.byte	0x7
 548 0438 80000000 		.4byte	.LASF78
 549 043c 04       		.uleb128 0x4
 550 043d E3000000 		.4byte	.LASF79
 551 0441 06       		.byte	0x6
 552 0442 65       		.byte	0x65
 553 0443 FF020000 		.4byte	0x2ff
 554 0447 04       		.uleb128 0x4
 555 0448 61040000 		.4byte	.LASF80
 556 044c 06       		.byte	0x6
 557 044d 6D       		.byte	0x6d
 558 044e AC000000 		.4byte	0xac
 559 0452 06       		.uleb128 0x6
 560 0453 51020000 		.4byte	.LASF81
 561 0457 04       		.byte	0x4
 562 0458 06       		.byte	0x6
 563 0459 89       		.byte	0x89
 564 045a 6B040000 		.4byte	0x46b
 565 045e 10       		.uleb128 0x10
 566 045f 72313300 		.ascii	"r13\000"
 567 0463 06       		.byte	0x6
 568 0464 8A       		.byte	0x8a
 569 0465 E6040000 		.4byte	0x4e6
 570 0469 00       		.byte	0
ARM GAS  /tmp/ccD74sbU.s 			page 11


 571 046a 00       		.byte	0
 572 046b 06       		.uleb128 0x6
 573 046c 20040000 		.4byte	.LASF82
 574 0470 24       		.byte	0x24
 575 0471 07       		.byte	0x7
 576 0472 FD       		.byte	0xfd
 577 0473 E6040000 		.4byte	0x4e6
 578 0477 08       		.uleb128 0x8
 579 0478 723400   		.ascii	"r4\000"
 580 047b 07       		.byte	0x7
 581 047c 1001     		.2byte	0x110
 582 047e 3C040000 		.4byte	0x43c
 583 0482 00       		.byte	0
 584 0483 08       		.uleb128 0x8
 585 0484 723500   		.ascii	"r5\000"
 586 0487 07       		.byte	0x7
 587 0488 1101     		.2byte	0x111
 588 048a 3C040000 		.4byte	0x43c
 589 048e 04       		.byte	0x4
 590 048f 08       		.uleb128 0x8
 591 0490 723600   		.ascii	"r6\000"
 592 0493 07       		.byte	0x7
 593 0494 1201     		.2byte	0x112
 594 0496 3C040000 		.4byte	0x43c
 595 049a 08       		.byte	0x8
 596 049b 08       		.uleb128 0x8
 597 049c 723700   		.ascii	"r7\000"
 598 049f 07       		.byte	0x7
 599 04a0 1301     		.2byte	0x113
 600 04a2 3C040000 		.4byte	0x43c
 601 04a6 0C       		.byte	0xc
 602 04a7 08       		.uleb128 0x8
 603 04a8 723800   		.ascii	"r8\000"
 604 04ab 07       		.byte	0x7
 605 04ac 1401     		.2byte	0x114
 606 04ae 3C040000 		.4byte	0x43c
 607 04b2 10       		.byte	0x10
 608 04b3 08       		.uleb128 0x8
 609 04b4 723900   		.ascii	"r9\000"
 610 04b7 07       		.byte	0x7
 611 04b8 1501     		.2byte	0x115
 612 04ba 3C040000 		.4byte	0x43c
 613 04be 14       		.byte	0x14
 614 04bf 08       		.uleb128 0x8
 615 04c0 72313000 		.ascii	"r10\000"
 616 04c4 07       		.byte	0x7
 617 04c5 1601     		.2byte	0x116
 618 04c7 3C040000 		.4byte	0x43c
 619 04cb 18       		.byte	0x18
 620 04cc 08       		.uleb128 0x8
 621 04cd 72313100 		.ascii	"r11\000"
 622 04d1 07       		.byte	0x7
 623 04d2 1701     		.2byte	0x117
 624 04d4 3C040000 		.4byte	0x43c
 625 04d8 1C       		.byte	0x1c
 626 04d9 08       		.uleb128 0x8
 627 04da 6C7200   		.ascii	"lr\000"
ARM GAS  /tmp/ccD74sbU.s 			page 12


 628 04dd 07       		.byte	0x7
 629 04de 1801     		.2byte	0x118
 630 04e0 3C040000 		.4byte	0x43c
 631 04e4 20       		.byte	0x20
 632 04e5 00       		.byte	0
 633 04e6 0A       		.uleb128 0xa
 634 04e7 04       		.byte	0x4
 635 04e8 6B040000 		.4byte	0x46b
 636 04ec 11       		.uleb128 0x11
 637 04ed 04       		.byte	0x4
 638 04ee 08       		.byte	0x8
 639 04ef 38       		.byte	0x38
 640 04f0 01050000 		.4byte	0x501
 641 04f4 07       		.uleb128 0x7
 642 04f5 73010000 		.4byte	.LASF83
 643 04f9 08       		.byte	0x8
 644 04fa 3C       		.byte	0x3c
 645 04fb BC000000 		.4byte	0xbc
 646 04ff 00       		.byte	0
 647 0500 00       		.byte	0
 648 0501 04       		.uleb128 0x4
 649 0502 C3000000 		.4byte	.LASF84
 650 0506 08       		.byte	0x8
 651 0507 3D       		.byte	0x3d
 652 0508 EC040000 		.4byte	0x4ec
 653 050c 12       		.uleb128 0x12
 654 050d 04       		.byte	0x4
 655 050e 05       		.byte	0x5
 656 050f FA       		.byte	0xfa
 657 0510 69050000 		.4byte	0x569
 658 0514 13       		.uleb128 0x13
 659 0515 CB040000 		.4byte	.LASF85
 660 0519 05       		.byte	0x5
 661 051a 0101     		.2byte	0x101
 662 051c F3000000 		.4byte	0xf3
 663 0520 13       		.uleb128 0x13
 664 0521 6C040000 		.4byte	.LASF86
 665 0525 05       		.byte	0x5
 666 0526 0801     		.2byte	0x108
 667 0528 F3000000 		.4byte	0xf3
 668 052c 13       		.uleb128 0x13
 669 052d 51040000 		.4byte	.LASF87
 670 0531 05       		.byte	0x5
 671 0532 0F01     		.2byte	0x10f
 672 0534 FF020000 		.4byte	0x2ff
 673 0538 13       		.uleb128 0x13
 674 0539 0D040000 		.4byte	.LASF88
 675 053d 05       		.byte	0x5
 676 053e 1601     		.2byte	0x116
 677 0540 69050000 		.4byte	0x569
 678 0544 13       		.uleb128 0x13
 679 0545 51010000 		.4byte	.LASF89
 680 0549 05       		.byte	0x5
 681 054a 1E01     		.2byte	0x11e
 682 054c 94050000 		.4byte	0x594
 683 0550 13       		.uleb128 0x13
 684 0551 79020000 		.4byte	.LASF90
ARM GAS  /tmp/ccD74sbU.s 			page 13


 685 0555 05       		.byte	0x5
 686 0556 2701     		.2byte	0x127
 687 0558 CB050000 		.4byte	0x5cb
 688 055c 13       		.uleb128 0x13
 689 055d 94020000 		.4byte	.LASF91
 690 0561 05       		.byte	0x5
 691 0562 2F01     		.2byte	0x12f
 692 0564 FE000000 		.4byte	0xfe
 693 0568 00       		.byte	0
 694 0569 0A       		.uleb128 0xa
 695 056a 04       		.byte	0x4
 696 056b 17020000 		.4byte	0x217
 697 056f 06       		.uleb128 0x6
 698 0570 13040000 		.4byte	.LASF92
 699 0574 0C       		.byte	0xc
 700 0575 09       		.byte	0x9
 701 0576 34       		.byte	0x34
 702 0577 94050000 		.4byte	0x594
 703 057b 07       		.uleb128 0x7
 704 057c 62030000 		.4byte	.LASF93
 705 0580 09       		.byte	0x9
 706 0581 35       		.byte	0x35
 707 0582 4C020000 		.4byte	0x24c
 708 0586 00       		.byte	0
 709 0587 07       		.uleb128 0x7
 710 0588 80020000 		.4byte	.LASF94
 711 058c 09       		.byte	0x9
 712 058d 37       		.byte	0x37
 713 058e 09010000 		.4byte	0x109
 714 0592 08       		.byte	0x8
 715 0593 00       		.byte	0
 716 0594 0A       		.uleb128 0xa
 717 0595 04       		.byte	0x4
 718 0596 6F050000 		.4byte	0x56f
 719 059a 06       		.uleb128 0x6
 720 059b C6020000 		.4byte	.LASF95
 721 059f 10       		.byte	0x10
 722 05a0 0A       		.byte	0xa
 723 05a1 39       		.byte	0x39
 724 05a2 CB050000 		.4byte	0x5cb
 725 05a6 07       		.uleb128 0x7
 726 05a7 99010000 		.4byte	.LASF96
 727 05ab 0A       		.byte	0xa
 728 05ac 3A       		.byte	0x3a
 729 05ad 4C020000 		.4byte	0x24c
 730 05b1 00       		.byte	0
 731 05b2 07       		.uleb128 0x7
 732 05b3 BB040000 		.4byte	.LASF97
 733 05b7 0A       		.byte	0xa
 734 05b8 3C       		.byte	0x3c
 735 05b9 22020000 		.4byte	0x222
 736 05bd 08       		.byte	0x8
 737 05be 07       		.uleb128 0x7
 738 05bf 79000000 		.4byte	.LASF98
 739 05c3 0A       		.byte	0xa
 740 05c4 3E       		.byte	0x3e
 741 05c5 09060000 		.4byte	0x609
ARM GAS  /tmp/ccD74sbU.s 			page 14


 742 05c9 0C       		.byte	0xc
 743 05ca 00       		.byte	0
 744 05cb 0A       		.uleb128 0xa
 745 05cc 04       		.byte	0x4
 746 05cd 9A050000 		.4byte	0x59a
 747 05d1 0A       		.uleb128 0xa
 748 05d2 04       		.byte	0x4
 749 05d3 D7050000 		.4byte	0x5d7
 750 05d7 14       		.uleb128 0x14
 751 05d8 DC050000 		.4byte	0x5dc
 752 05dc 03       		.uleb128 0x3
 753 05dd 01       		.byte	0x1
 754 05de 08       		.byte	0x8
 755 05df 5D030000 		.4byte	.LASF99
 756 05e3 0A       		.uleb128 0xa
 757 05e4 04       		.byte	0x4
 758 05e5 01030000 		.4byte	0x301
 759 05e9 05       		.uleb128 0x5
 760 05ea D1050000 		.4byte	0x5d1
 761 05ee 15       		.uleb128 0x15
 762 05ef 47040000 		.4byte	0x447
 763 05f3 FE050000 		.4byte	0x5fe
 764 05f7 16       		.uleb128 0x16
 765 05f8 35040000 		.4byte	0x435
 766 05fc 1A       		.byte	0x1a
 767 05fd 00       		.byte	0
 768 05fe 04       		.uleb128 0x4
 769 05ff F3020000 		.4byte	.LASF100
 770 0603 0A       		.byte	0xa
 771 0604 34       		.byte	0x34
 772 0605 9A050000 		.4byte	0x59a
 773 0609 0A       		.uleb128 0xa
 774 060a 04       		.byte	0x4
 775 060b FE050000 		.4byte	0x5fe
 776 060f 03       		.uleb128 0x3
 777 0610 01       		.byte	0x1
 778 0611 02       		.byte	0x2
 779 0612 98030000 		.4byte	.LASF101
 780 0616 17       		.uleb128 0x17
 781 0617 AE040000 		.4byte	.LASF102
 782 061b 0B       		.byte	0xb
 783 061c FA06     		.2byte	0x6fa
 784 061e B7000000 		.4byte	0xb7
 785 0622 18       		.uleb128 0x18
 786 0623 636800   		.ascii	"ch\000"
 787 0626 05       		.byte	0x5
 788 0627 0902     		.2byte	0x209
 789 0629 CE030000 		.4byte	0x3ce
 790 062d 00       		.byte	0
 791              		.section	.debug_abbrev,"",%progbits
 792              	.Ldebug_abbrev0:
 793 0000 01       		.uleb128 0x1
 794 0001 11       		.uleb128 0x11
 795 0002 01       		.byte	0x1
 796 0003 25       		.uleb128 0x25
 797 0004 0E       		.uleb128 0xe
 798 0005 13       		.uleb128 0x13
ARM GAS  /tmp/ccD74sbU.s 			page 15


 799 0006 0B       		.uleb128 0xb
 800 0007 03       		.uleb128 0x3
 801 0008 0E       		.uleb128 0xe
 802 0009 10       		.uleb128 0x10
 803 000a 17       		.uleb128 0x17
 804 000b 00       		.byte	0
 805 000c 00       		.byte	0
 806 000d 02       		.uleb128 0x2
 807 000e 24       		.uleb128 0x24
 808 000f 00       		.byte	0
 809 0010 0B       		.uleb128 0xb
 810 0011 0B       		.uleb128 0xb
 811 0012 3E       		.uleb128 0x3e
 812 0013 0B       		.uleb128 0xb
 813 0014 03       		.uleb128 0x3
 814 0015 08       		.uleb128 0x8
 815 0016 00       		.byte	0
 816 0017 00       		.byte	0
 817 0018 03       		.uleb128 0x3
 818 0019 24       		.uleb128 0x24
 819 001a 00       		.byte	0
 820 001b 0B       		.uleb128 0xb
 821 001c 0B       		.uleb128 0xb
 822 001d 3E       		.uleb128 0x3e
 823 001e 0B       		.uleb128 0xb
 824 001f 03       		.uleb128 0x3
 825 0020 0E       		.uleb128 0xe
 826 0021 00       		.byte	0
 827 0022 00       		.byte	0
 828 0023 04       		.uleb128 0x4
 829 0024 16       		.uleb128 0x16
 830 0025 00       		.byte	0
 831 0026 03       		.uleb128 0x3
 832 0027 0E       		.uleb128 0xe
 833 0028 3A       		.uleb128 0x3a
 834 0029 0B       		.uleb128 0xb
 835 002a 3B       		.uleb128 0x3b
 836 002b 0B       		.uleb128 0xb
 837 002c 49       		.uleb128 0x49
 838 002d 13       		.uleb128 0x13
 839 002e 00       		.byte	0
 840 002f 00       		.byte	0
 841 0030 05       		.uleb128 0x5
 842 0031 35       		.uleb128 0x35
 843 0032 00       		.byte	0
 844 0033 49       		.uleb128 0x49
 845 0034 13       		.uleb128 0x13
 846 0035 00       		.byte	0
 847 0036 00       		.byte	0
 848 0037 06       		.uleb128 0x6
 849 0038 13       		.uleb128 0x13
 850 0039 01       		.byte	0x1
 851 003a 03       		.uleb128 0x3
 852 003b 0E       		.uleb128 0xe
 853 003c 0B       		.uleb128 0xb
 854 003d 0B       		.uleb128 0xb
 855 003e 3A       		.uleb128 0x3a
ARM GAS  /tmp/ccD74sbU.s 			page 16


 856 003f 0B       		.uleb128 0xb
 857 0040 3B       		.uleb128 0x3b
 858 0041 0B       		.uleb128 0xb
 859 0042 01       		.uleb128 0x1
 860 0043 13       		.uleb128 0x13
 861 0044 00       		.byte	0
 862 0045 00       		.byte	0
 863 0046 07       		.uleb128 0x7
 864 0047 0D       		.uleb128 0xd
 865 0048 00       		.byte	0
 866 0049 03       		.uleb128 0x3
 867 004a 0E       		.uleb128 0xe
 868 004b 3A       		.uleb128 0x3a
 869 004c 0B       		.uleb128 0xb
 870 004d 3B       		.uleb128 0x3b
 871 004e 0B       		.uleb128 0xb
 872 004f 49       		.uleb128 0x49
 873 0050 13       		.uleb128 0x13
 874 0051 38       		.uleb128 0x38
 875 0052 0B       		.uleb128 0xb
 876 0053 00       		.byte	0
 877 0054 00       		.byte	0
 878 0055 08       		.uleb128 0x8
 879 0056 0D       		.uleb128 0xd
 880 0057 00       		.byte	0
 881 0058 03       		.uleb128 0x3
 882 0059 08       		.uleb128 0x8
 883 005a 3A       		.uleb128 0x3a
 884 005b 0B       		.uleb128 0xb
 885 005c 3B       		.uleb128 0x3b
 886 005d 05       		.uleb128 0x5
 887 005e 49       		.uleb128 0x49
 888 005f 13       		.uleb128 0x13
 889 0060 38       		.uleb128 0x38
 890 0061 0B       		.uleb128 0xb
 891 0062 00       		.byte	0
 892 0063 00       		.byte	0
 893 0064 09       		.uleb128 0x9
 894 0065 0D       		.uleb128 0xd
 895 0066 00       		.byte	0
 896 0067 03       		.uleb128 0x3
 897 0068 0E       		.uleb128 0xe
 898 0069 3A       		.uleb128 0x3a
 899 006a 0B       		.uleb128 0xb
 900 006b 3B       		.uleb128 0x3b
 901 006c 05       		.uleb128 0x5
 902 006d 49       		.uleb128 0x49
 903 006e 13       		.uleb128 0x13
 904 006f 38       		.uleb128 0x38
 905 0070 0B       		.uleb128 0xb
 906 0071 00       		.byte	0
 907 0072 00       		.byte	0
 908 0073 0A       		.uleb128 0xa
 909 0074 0F       		.uleb128 0xf
 910 0075 00       		.byte	0
 911 0076 0B       		.uleb128 0xb
 912 0077 0B       		.uleb128 0xb
ARM GAS  /tmp/ccD74sbU.s 			page 17


 913 0078 49       		.uleb128 0x49
 914 0079 13       		.uleb128 0x13
 915 007a 00       		.byte	0
 916 007b 00       		.byte	0
 917 007c 0B       		.uleb128 0xb
 918 007d 13       		.uleb128 0x13
 919 007e 01       		.byte	0x1
 920 007f 03       		.uleb128 0x3
 921 0080 0E       		.uleb128 0xe
 922 0081 0B       		.uleb128 0xb
 923 0082 0B       		.uleb128 0xb
 924 0083 3A       		.uleb128 0x3a
 925 0084 0B       		.uleb128 0xb
 926 0085 3B       		.uleb128 0x3b
 927 0086 05       		.uleb128 0x5
 928 0087 01       		.uleb128 0x1
 929 0088 13       		.uleb128 0x13
 930 0089 00       		.byte	0
 931 008a 00       		.byte	0
 932 008b 0C       		.uleb128 0xc
 933 008c 15       		.uleb128 0x15
 934 008d 01       		.byte	0x1
 935 008e 27       		.uleb128 0x27
 936 008f 19       		.uleb128 0x19
 937 0090 01       		.uleb128 0x1
 938 0091 13       		.uleb128 0x13
 939 0092 00       		.byte	0
 940 0093 00       		.byte	0
 941 0094 0D       		.uleb128 0xd
 942 0095 05       		.uleb128 0x5
 943 0096 00       		.byte	0
 944 0097 49       		.uleb128 0x49
 945 0098 13       		.uleb128 0x13
 946 0099 00       		.byte	0
 947 009a 00       		.byte	0
 948 009b 0E       		.uleb128 0xe
 949 009c 0F       		.uleb128 0xf
 950 009d 00       		.byte	0
 951 009e 0B       		.uleb128 0xb
 952 009f 0B       		.uleb128 0xb
 953 00a0 00       		.byte	0
 954 00a1 00       		.byte	0
 955 00a2 0F       		.uleb128 0xf
 956 00a3 13       		.uleb128 0x13
 957 00a4 01       		.byte	0x1
 958 00a5 03       		.uleb128 0x3
 959 00a6 0E       		.uleb128 0xe
 960 00a7 0B       		.uleb128 0xb
 961 00a8 05       		.uleb128 0x5
 962 00a9 3A       		.uleb128 0x3a
 963 00aa 0B       		.uleb128 0xb
 964 00ab 3B       		.uleb128 0x3b
 965 00ac 05       		.uleb128 0x5
 966 00ad 01       		.uleb128 0x1
 967 00ae 13       		.uleb128 0x13
 968 00af 00       		.byte	0
 969 00b0 00       		.byte	0
ARM GAS  /tmp/ccD74sbU.s 			page 18


 970 00b1 10       		.uleb128 0x10
 971 00b2 0D       		.uleb128 0xd
 972 00b3 00       		.byte	0
 973 00b4 03       		.uleb128 0x3
 974 00b5 08       		.uleb128 0x8
 975 00b6 3A       		.uleb128 0x3a
 976 00b7 0B       		.uleb128 0xb
 977 00b8 3B       		.uleb128 0x3b
 978 00b9 0B       		.uleb128 0xb
 979 00ba 49       		.uleb128 0x49
 980 00bb 13       		.uleb128 0x13
 981 00bc 38       		.uleb128 0x38
 982 00bd 0B       		.uleb128 0xb
 983 00be 00       		.byte	0
 984 00bf 00       		.byte	0
 985 00c0 11       		.uleb128 0x11
 986 00c1 13       		.uleb128 0x13
 987 00c2 01       		.byte	0x1
 988 00c3 0B       		.uleb128 0xb
 989 00c4 0B       		.uleb128 0xb
 990 00c5 3A       		.uleb128 0x3a
 991 00c6 0B       		.uleb128 0xb
 992 00c7 3B       		.uleb128 0x3b
 993 00c8 0B       		.uleb128 0xb
 994 00c9 01       		.uleb128 0x1
 995 00ca 13       		.uleb128 0x13
 996 00cb 00       		.byte	0
 997 00cc 00       		.byte	0
 998 00cd 12       		.uleb128 0x12
 999 00ce 17       		.uleb128 0x17
 1000 00cf 01       		.byte	0x1
 1001 00d0 0B       		.uleb128 0xb
 1002 00d1 0B       		.uleb128 0xb
 1003 00d2 3A       		.uleb128 0x3a
 1004 00d3 0B       		.uleb128 0xb
 1005 00d4 3B       		.uleb128 0x3b
 1006 00d5 0B       		.uleb128 0xb
 1007 00d6 01       		.uleb128 0x1
 1008 00d7 13       		.uleb128 0x13
 1009 00d8 00       		.byte	0
 1010 00d9 00       		.byte	0
 1011 00da 13       		.uleb128 0x13
 1012 00db 0D       		.uleb128 0xd
 1013 00dc 00       		.byte	0
 1014 00dd 03       		.uleb128 0x3
 1015 00de 0E       		.uleb128 0xe
 1016 00df 3A       		.uleb128 0x3a
 1017 00e0 0B       		.uleb128 0xb
 1018 00e1 3B       		.uleb128 0x3b
 1019 00e2 05       		.uleb128 0x5
 1020 00e3 49       		.uleb128 0x49
 1021 00e4 13       		.uleb128 0x13
 1022 00e5 00       		.byte	0
 1023 00e6 00       		.byte	0
 1024 00e7 14       		.uleb128 0x14
 1025 00e8 26       		.uleb128 0x26
 1026 00e9 00       		.byte	0
ARM GAS  /tmp/ccD74sbU.s 			page 19


 1027 00ea 49       		.uleb128 0x49
 1028 00eb 13       		.uleb128 0x13
 1029 00ec 00       		.byte	0
 1030 00ed 00       		.byte	0
 1031 00ee 15       		.uleb128 0x15
 1032 00ef 01       		.uleb128 0x1
 1033 00f0 01       		.byte	0x1
 1034 00f1 49       		.uleb128 0x49
 1035 00f2 13       		.uleb128 0x13
 1036 00f3 01       		.uleb128 0x1
 1037 00f4 13       		.uleb128 0x13
 1038 00f5 00       		.byte	0
 1039 00f6 00       		.byte	0
 1040 00f7 16       		.uleb128 0x16
 1041 00f8 21       		.uleb128 0x21
 1042 00f9 00       		.byte	0
 1043 00fa 49       		.uleb128 0x49
 1044 00fb 13       		.uleb128 0x13
 1045 00fc 2F       		.uleb128 0x2f
 1046 00fd 0B       		.uleb128 0xb
 1047 00fe 00       		.byte	0
 1048 00ff 00       		.byte	0
 1049 0100 17       		.uleb128 0x17
 1050 0101 34       		.uleb128 0x34
 1051 0102 00       		.byte	0
 1052 0103 03       		.uleb128 0x3
 1053 0104 0E       		.uleb128 0xe
 1054 0105 3A       		.uleb128 0x3a
 1055 0106 0B       		.uleb128 0xb
 1056 0107 3B       		.uleb128 0x3b
 1057 0108 05       		.uleb128 0x5
 1058 0109 49       		.uleb128 0x49
 1059 010a 13       		.uleb128 0x13
 1060 010b 3F       		.uleb128 0x3f
 1061 010c 19       		.uleb128 0x19
 1062 010d 3C       		.uleb128 0x3c
 1063 010e 19       		.uleb128 0x19
 1064 010f 00       		.byte	0
 1065 0110 00       		.byte	0
 1066 0111 18       		.uleb128 0x18
 1067 0112 34       		.uleb128 0x34
 1068 0113 00       		.byte	0
 1069 0114 03       		.uleb128 0x3
 1070 0115 08       		.uleb128 0x8
 1071 0116 3A       		.uleb128 0x3a
 1072 0117 0B       		.uleb128 0xb
 1073 0118 3B       		.uleb128 0x3b
 1074 0119 05       		.uleb128 0x5
 1075 011a 49       		.uleb128 0x49
 1076 011b 13       		.uleb128 0x13
 1077 011c 3F       		.uleb128 0x3f
 1078 011d 19       		.uleb128 0x19
 1079 011e 3C       		.uleb128 0x3c
 1080 011f 19       		.uleb128 0x19
 1081 0120 00       		.byte	0
 1082 0121 00       		.byte	0
 1083 0122 00       		.byte	0
ARM GAS  /tmp/ccD74sbU.s 			page 20


 1084              		.section	.debug_aranges,"",%progbits
 1085 0000 14000000 		.4byte	0x14
 1086 0004 0200     		.2byte	0x2
 1087 0006 00000000 		.4byte	.Ldebug_info0
 1088 000a 04       		.byte	0x4
 1089 000b 00       		.byte	0
 1090 000c 0000     		.2byte	0
 1091 000e 0000     		.2byte	0
 1092 0010 00000000 		.4byte	0
 1093 0014 00000000 		.4byte	0
 1094              		.section	.debug_line,"",%progbits
 1095              	.Ldebug_line0:
 1096 0000 7B010000 		.section	.debug_str,"MS",%progbits,1
 1096      02007501 
 1096      00000201 
 1096      FB0E0D00 
 1096      01010101 
 1097              	.LASF26:
 1098 0000 74687265 		.ascii	"thread_t\000"
 1098      61645F74 
 1098      00
 1099              	.LASF20:
 1100 0009 74726566 		.ascii	"trefs_t\000"
 1100      735F7400 
 1101              	.LASF56:
 1102 0011 725F6F6C 		.ascii	"r_older\000"
 1102      64657200 
 1103              	.LASF104:
 1104 0019 2F686F6D 		.ascii	"/home/efe/ChibiOS/os/hal/src/hal_queues.c\000"
 1104      652F6566 
 1104      652F4368 
 1104      6962694F 
 1104      532F6F73 
 1105              	.LASF70:
 1106 0043 63685F73 		.ascii	"ch_system_debug\000"
 1106      79737465 
 1106      6D5F6465 
 1106      62756700 
 1107              	.LASF16:
 1108 0053 75696E74 		.ascii	"uint64_t\000"
 1108      36345F74 
 1108      00
 1109              	.LASF76:
 1110 005c 6D61696E 		.ascii	"mainthread\000"
 1110      74687265 
 1110      616400
 1111              	.LASF3:
 1112 0067 73686F72 		.ascii	"short int\000"
 1112      7420696E 
 1112      7400
 1113              	.LASF52:
 1114 0071 725F7175 		.ascii	"r_queue\000"
 1114      65756500 
 1115              	.LASF98:
 1116 0079 6D5F6E65 		.ascii	"m_next\000"
 1116      787400
 1117              	.LASF78:
ARM GAS  /tmp/ccD74sbU.s 			page 21


 1118 0080 73697A65 		.ascii	"sizetype\000"
 1118      74797065 
 1118      00
 1119              	.LASF28:
 1120 0089 705F7072 		.ascii	"p_prev\000"
 1120      657600
 1121              	.LASF54:
 1122 0090 725F6374 		.ascii	"r_ctx\000"
 1122      7800
 1123              	.LASF23:
 1124 0096 6576656E 		.ascii	"eventmask_t\000"
 1124      746D6173 
 1124      6B5F7400 
 1125              	.LASF38:
 1126 00a2 705F6D73 		.ascii	"p_msgqueue\000"
 1126      67717565 
 1126      756500
 1127              	.LASF29:
 1128 00ad 705F7072 		.ascii	"p_prio\000"
 1128      696F00
 1129              	.LASF27:
 1130 00b4 705F6E65 		.ascii	"p_next\000"
 1130      787400
 1131              	.LASF17:
 1132 00bb 7274636E 		.ascii	"rtcnt_t\000"
 1132      745F7400 
 1133              	.LASF84:
 1134 00c3 746D5F63 		.ascii	"tm_calibration_t\000"
 1134      616C6962 
 1134      72617469 
 1134      6F6E5F74 
 1134      00
 1135              	.LASF65:
 1136 00d4 76745F70 		.ascii	"vt_par\000"
 1136      617200
 1137              	.LASF64:
 1138 00db 76745F66 		.ascii	"vt_func\000"
 1138      756E6300 
 1139              	.LASF79:
 1140 00e3 72656761 		.ascii	"regarm_t\000"
 1140      726D5F74 
 1140      00
 1141              	.LASF13:
 1142 00ec 75696E74 		.ascii	"uint8_t\000"
 1142      385F7400 
 1143              	.LASF49:
 1144 00f4 63685F74 		.ascii	"ch_threads_queue\000"
 1144      68726561 
 1144      64735F71 
 1144      75657565 
 1144      00
 1145              	.LASF15:
 1146 0105 75696E74 		.ascii	"uint32_t\000"
 1146      33325F74 
 1146      00
 1147              	.LASF46:
 1148 010e 63685F74 		.ascii	"ch_thread\000"
ARM GAS  /tmp/ccD74sbU.s 			page 22


 1148      68726561 
 1148      6400
 1149              	.LASF40:
 1150 0118 705F6570 		.ascii	"p_epending\000"
 1150      656E6469 
 1150      6E6700
 1151              	.LASF72:
 1152 0123 63685F73 		.ascii	"ch_system_t\000"
 1152      79737465 
 1152      6D5F7400 
 1153              	.LASF68:
 1154 012f 76745F6C 		.ascii	"vt_lasttime\000"
 1154      61737474 
 1154      696D6500 
 1155              	.LASF18:
 1156 013b 746D6F64 		.ascii	"tmode_t\000"
 1156      655F7400 
 1157              	.LASF10:
 1158 0143 6C6F6E67 		.ascii	"long long int\000"
 1158      206C6F6E 
 1158      6720696E 
 1158      7400
 1159              	.LASF89:
 1160 0151 77747365 		.ascii	"wtsemp\000"
 1160      6D7000
 1161              	.LASF21:
 1162 0158 74707269 		.ascii	"tprio_t\000"
 1162      6F5F7400 
 1163              	.LASF7:
 1164 0160 6C6F6E67 		.ascii	"long int\000"
 1164      20696E74 
 1164      00
 1165              	.LASF73:
 1166 0169 63685F73 		.ascii	"ch_system\000"
 1166      79737465 
 1166      6D00
 1167              	.LASF83:
 1168 0173 6F666673 		.ascii	"offset\000"
 1168      657400
 1169              	.LASF59:
 1170 017a 76697274 		.ascii	"virtual_timer_t\000"
 1170      75616C5F 
 1170      74696D65 
 1170      725F7400 
 1171              	.LASF69:
 1172 018a 73797374 		.ascii	"system_debug_t\000"
 1172      656D5F64 
 1172      65627567 
 1172      5F7400
 1173              	.LASF96:
 1174 0199 6D5F7175 		.ascii	"m_queue\000"
 1174      65756500 
 1175              	.LASF103:
 1176 01a1 474E5520 		.ascii	"GNU C 4.8.4 20141219 (release) -mcpu=cortex-m4 -mno"
 1176      4320342E 
 1176      382E3420 
 1176      32303134 
ARM GAS  /tmp/ccD74sbU.s 			page 23


 1176      31323139 
 1177 01d4 2D746875 		.ascii	"-thumb-interwork -mthumb -ggdb -O0 -fomit-frame-poi"
 1177      6D622D69 
 1177      6E746572 
 1177      776F726B 
 1177      202D6D74 
 1178 0207 6E746572 		.ascii	"nter -falign-functions=16 -ffunction-sections -fdat"
 1178      202D6661 
 1178      6C69676E 
 1178      2D66756E 
 1178      6374696F 
 1179 023a 612D7365 		.ascii	"a-sections -fno-common\000"
 1179      6374696F 
 1179      6E73202D 
 1179      666E6F2D 
 1179      636F6D6D 
 1180              	.LASF81:
 1181 0251 636F6E74 		.ascii	"context\000"
 1181      65787400 
 1182              	.LASF47:
 1183 0259 63685F74 		.ascii	"ch_threads_list\000"
 1183      68726561 
 1183      64735F6C 
 1183      69737400 
 1184              	.LASF57:
 1185 0269 725F6375 		.ascii	"r_current\000"
 1185      7272656E 
 1185      7400
 1186              	.LASF39:
 1187 0273 705F6D73 		.ascii	"p_msg\000"
 1187      6700
 1188              	.LASF90:
 1189 0279 77746D74 		.ascii	"wtmtxp\000"
 1189      787000
 1190              	.LASF94:
 1191 0280 735F636E 		.ascii	"s_cnt\000"
 1191      7400
 1192              	.LASF2:
 1193 0286 756E7369 		.ascii	"unsigned char\000"
 1193      676E6564 
 1193      20636861 
 1193      7200
 1194              	.LASF91:
 1195 0294 65776D61 		.ascii	"ewmask\000"
 1195      736B00
 1196              	.LASF1:
 1197 029b 7369676E 		.ascii	"signed char\000"
 1197      65642063 
 1197      68617200 
 1198              	.LASF31:
 1199 02a7 705F6E65 		.ascii	"p_newer\000"
 1199      77657200 
 1200              	.LASF12:
 1201 02af 6C6F6E67 		.ascii	"long long unsigned int\000"
 1201      206C6F6E 
 1201      6720756E 
 1201      7369676E 
ARM GAS  /tmp/ccD74sbU.s 			page 24


 1201      65642069 
 1202              	.LASF95:
 1203 02c6 63685F6D 		.ascii	"ch_mutex\000"
 1203      75746578 
 1203      00
 1204              	.LASF0:
 1205 02cf 756E7369 		.ascii	"unsigned int\000"
 1205      676E6564 
 1205      20696E74 
 1205      00
 1206              	.LASF67:
 1207 02dc 63685F76 		.ascii	"ch_virtual_timers_list\000"
 1207      69727475 
 1207      616C5F74 
 1207      696D6572 
 1207      735F6C69 
 1208              	.LASF100:
 1209 02f3 6D757465 		.ascii	"mutex_t\000"
 1209      785F7400 
 1210              	.LASF61:
 1211 02fb 76745F6E 		.ascii	"vt_next\000"
 1211      65787400 
 1212              	.LASF66:
 1213 0303 76697274 		.ascii	"virtual_timers_list_t\000"
 1213      75616C5F 
 1213      74696D65 
 1213      72735F6C 
 1213      6973745F 
 1214              	.LASF48:
 1215 0319 74687265 		.ascii	"threads_queue_t\000"
 1215      6164735F 
 1215      71756575 
 1215      655F7400 
 1216              	.LASF55:
 1217 0329 725F6E65 		.ascii	"r_newer\000"
 1217      77657200 
 1218              	.LASF35:
 1219 0331 705F666C 		.ascii	"p_flags\000"
 1219      61677300 
 1220              	.LASF63:
 1221 0339 76745F64 		.ascii	"vt_delta\000"
 1221      656C7461 
 1221      00
 1222              	.LASF42:
 1223 0342 705F7265 		.ascii	"p_realprio\000"
 1223      616C7072 
 1223      696F00
 1224              	.LASF25:
 1225 034d 73797374 		.ascii	"systime_t\000"
 1225      696D655F 
 1225      7400
 1226              	.LASF74:
 1227 0357 726C6973 		.ascii	"rlist\000"
 1227      7400
 1228              	.LASF99:
 1229 035d 63686172 		.ascii	"char\000"
 1229      00
ARM GAS  /tmp/ccD74sbU.s 			page 25


 1230              	.LASF93:
 1231 0362 735F7175 		.ascii	"s_queue\000"
 1231      65756500 
 1232              	.LASF60:
 1233 036a 63685F76 		.ascii	"ch_virtual_timer\000"
 1233      69727475 
 1233      616C5F74 
 1233      696D6572 
 1233      00
 1234              	.LASF14:
 1235 037b 696E7433 		.ascii	"int32_t\000"
 1235      325F7400 
 1236              	.LASF53:
 1237 0383 725F7072 		.ascii	"r_prio\000"
 1237      696F00
 1238              	.LASF24:
 1239 038a 636E745F 		.ascii	"cnt_t\000"
 1239      7400
 1240              	.LASF34:
 1241 0390 705F7374 		.ascii	"p_state\000"
 1241      61746500 
 1242              	.LASF101:
 1243 0398 5F426F6F 		.ascii	"_Bool\000"
 1243      6C00
 1244              	.LASF37:
 1245 039e 705F7761 		.ascii	"p_waiting\000"
 1245      6974696E 
 1245      6700
 1246              	.LASF11:
 1247 03a8 5F5F7569 		.ascii	"__uint64_t\000"
 1247      6E743634 
 1247      5F7400
 1248              	.LASF41:
 1249 03b3 705F6D74 		.ascii	"p_mtxlist\000"
 1249      786C6973 
 1249      7400
 1250              	.LASF33:
 1251 03bd 705F6E61 		.ascii	"p_name\000"
 1251      6D6500
 1252              	.LASF77:
 1253 03c4 69646C65 		.ascii	"idle_thread_wa\000"
 1253      5F746872 
 1253      6561645F 
 1253      776100
 1254              	.LASF9:
 1255 03d3 6C6F6E67 		.ascii	"long unsigned int\000"
 1255      20756E73 
 1255      69676E65 
 1255      6420696E 
 1255      7400
 1256              	.LASF71:
 1257 03e5 70616E69 		.ascii	"panic_msg\000"
 1257      635F6D73 
 1257      6700
 1258              	.LASF4:
 1259 03ef 73686F72 		.ascii	"short unsigned int\000"
 1259      7420756E 
ARM GAS  /tmp/ccD74sbU.s 			page 26


 1259      7369676E 
 1259      65642069 
 1259      6E7400
 1260              	.LASF8:
 1261 0402 5F5F7569 		.ascii	"__uint32_t\000"
 1261      6E743332 
 1261      5F7400
 1262              	.LASF88:
 1263 040d 77747472 		.ascii	"wttrp\000"
 1263      7000
 1264              	.LASF92:
 1265 0413 63685F73 		.ascii	"ch_semaphore\000"
 1265      656D6170 
 1265      686F7265 
 1265      00
 1266              	.LASF82:
 1267 0420 706F7274 		.ascii	"port_intctx\000"
 1267      5F696E74 
 1267      63747800 
 1268              	.LASF62:
 1269 042c 76745F70 		.ascii	"vt_prev\000"
 1269      72657600 
 1270              	.LASF6:
 1271 0434 5F5F696E 		.ascii	"__int32_t\000"
 1271      7433325F 
 1271      7400
 1272              	.LASF44:
 1273 043e 74687265 		.ascii	"thread_reference_t\000"
 1273      61645F72 
 1273      65666572 
 1273      656E6365 
 1273      5F7400
 1274              	.LASF87:
 1275 0451 77746F62 		.ascii	"wtobjp\000"
 1275      6A7000
 1276              	.LASF19:
 1277 0458 74737461 		.ascii	"tstate_t\000"
 1277      74655F74 
 1277      00
 1278              	.LASF80:
 1279 0461 73746B61 		.ascii	"stkalign_t\000"
 1279      6C69676E 
 1279      5F7400
 1280              	.LASF86:
 1281 046c 65786974 		.ascii	"exitcode\000"
 1281      636F6465 
 1281      00
 1282              	.LASF58:
 1283 0475 76746675 		.ascii	"vtfunc_t\000"
 1283      6E635F74 
 1283      00
 1284              	.LASF32:
 1285 047e 705F6F6C 		.ascii	"p_older\000"
 1285      64657200 
 1286              	.LASF50:
 1287 0486 72656164 		.ascii	"ready_list_t\000"
 1287      795F6C69 
ARM GAS  /tmp/ccD74sbU.s 			page 27


 1287      73745F74 
 1287      00
 1288              	.LASF36:
 1289 0493 705F7265 		.ascii	"p_refs\000"
 1289      667300
 1290              	.LASF51:
 1291 049a 63685F72 		.ascii	"ch_ready_list\000"
 1291      65616479 
 1291      5F6C6973 
 1291      7400
 1292              	.LASF30:
 1293 04a8 705F6374 		.ascii	"p_ctx\000"
 1293      7800
 1294              	.LASF102:
 1295 04ae 49544D5F 		.ascii	"ITM_RxBuffer\000"
 1295      52784275 
 1295      66666572 
 1295      00
 1296              	.LASF97:
 1297 04bb 6D5F6F77 		.ascii	"m_owner\000"
 1297      6E657200 
 1298              	.LASF43:
 1299 04c3 705F6D70 		.ascii	"p_mpool\000"
 1299      6F6F6C00 
 1300              	.LASF85:
 1301 04cb 7264796D 		.ascii	"rdymsg\000"
 1301      736700
 1302              	.LASF75:
 1303 04d2 76746C69 		.ascii	"vtlist\000"
 1303      737400
 1304              	.LASF22:
 1305 04d9 6D73675F 		.ascii	"msg_t\000"
 1305      7400
 1306              	.LASF5:
 1307 04df 5F5F7569 		.ascii	"__uint8_t\000"
 1307      6E74385F 
 1307      7400
 1308              	.LASF45:
 1309 04e9 74687265 		.ascii	"threads_list_t\000"
 1309      6164735F 
 1309      6C697374 
 1309      5F7400
 1310              		.ident	"GCC: (4.8.4-1+11-1) 4.8.4 20141219 (release)"
ARM GAS  /tmp/ccD74sbU.s 			page 28


DEFINED SYMBOLS
                            *ABS*:0000000000000000 hal_queues.c

NO UNDEFINED SYMBOLS
