ARM GAS  /tmp/cc7c10JW.s 			page 1


   1              		.syntax unified
   2              		.cpu cortex-m4
   3              		.fpu softvfp
   4              		.eabi_attribute 20, 1
   5              		.eabi_attribute 21, 1
   6              		.eabi_attribute 23, 3
   7              		.eabi_attribute 24, 1
   8              		.eabi_attribute 25, 1
   9              		.eabi_attribute 26, 1
  10              		.eabi_attribute 30, 6
  11              		.eabi_attribute 34, 1
  12              		.eabi_attribute 18, 4
  13              		.thumb
  14              		.file	"main.c"
  15              		.text
  16              	.Ltext0:
  17              		.cfi_sections	.debug_frame
  18              		.section	.text.prepareForSend,"ax",%progbits
  19              		.align	2
  20              		.p2align 4,,15
  21              		.global	prepareForSend
  22              		.thumb
  23              		.thumb_func
  24              		.type	prepareForSend, %function
  25              	prepareForSend:
  26              	.LFB271:
  27              		.file 1 "main.c"
  28              		.loc 1 13 0
  29              		.cfi_startproc
  30              		@ args = 0, pretend = 0, frame = 16
  31              		@ frame_needed = 0, uses_anonymous_args = 0
  32 0000 00B5     		push	{lr}
  33              		.cfi_def_cfa_offset 4
  34              		.cfi_offset 14, -4
  35 0002 85B0     		sub	sp, sp, #20
  36              		.cfi_def_cfa_offset 24
  37 0004 0190     		str	r0, [sp, #4]
  38 0006 0B46     		mov	r3, r1
  39 0008 8DF80330 		strb	r3, [sp, #3]
  40              		.loc 1 14 0
  41 000c 0198     		ldr	r0, [sp, #4]
  42 000e 0421     		movs	r1, #4
  43 0010 FFF7FEFF 		bl	crcFast
  44 0014 0346     		mov	r3, r0
  45 0016 ADF80E30 		strh	r3, [sp, #14]	@ movhi
  46              		.loc 1 15 0
  47 001a 019B     		ldr	r3, [sp, #4]
  48 001c 0122     		movs	r2, #1
  49 001e 1A70     		strb	r2, [r3]
  50              		.loc 1 16 0
  51 0020 019B     		ldr	r3, [sp, #4]
  52 0022 0133     		adds	r3, r3, #1
  53 0024 F022     		movs	r2, #240
  54 0026 1A70     		strb	r2, [r3]
  55              		.loc 1 17 0
  56 0028 019B     		ldr	r3, [sp, #4]
  57 002a 0233     		adds	r3, r3, #2
ARM GAS  /tmp/cc7c10JW.s 			page 2


  58 002c 1022     		movs	r2, #16
  59 002e 1A70     		strb	r2, [r3]
  60              		.loc 1 18 0
  61 0030 019B     		ldr	r3, [sp, #4]
  62 0032 0333     		adds	r3, r3, #3
  63 0034 9DF80320 		ldrb	r2, [sp, #3]
  64 0038 1A70     		strb	r2, [r3]
  65              		.loc 1 19 0
  66 003a 019B     		ldr	r3, [sp, #4]
  67 003c 0433     		adds	r3, r3, #4
  68 003e BDF80E20 		ldrh	r2, [sp, #14]
  69 0042 120A     		lsrs	r2, r2, #8
  70 0044 92B2     		uxth	r2, r2
  71 0046 D2B2     		uxtb	r2, r2
  72 0048 1A70     		strb	r2, [r3]
  73              		.loc 1 20 0
  74 004a 019B     		ldr	r3, [sp, #4]
  75 004c 0533     		adds	r3, r3, #5
  76 004e BDF80E20 		ldrh	r2, [sp, #14]	@ movhi
  77 0052 D2B2     		uxtb	r2, r2
  78 0054 1A70     		strb	r2, [r3]
  79              		.loc 1 21 0
  80 0056 019B     		ldr	r3, [sp, #4]
  81 0058 0633     		adds	r3, r3, #6
  82 005a 0422     		movs	r2, #4
  83 005c 1A70     		strb	r2, [r3]
  84              		.loc 1 22 0
  85 005e 00BF     		nop
  86              		.loc 1 23 0
  87 0060 05B0     		add	sp, sp, #20
  88              		@ sp needed
  89 0062 5DF804FB 		ldr	pc, [sp], #4
  90              		.cfi_endproc
  91              	.LFE271:
  92              		.size	prepareForSend, .-prepareForSend
  93 0066 00BFAFF3 		.section	.text.main,"ax",%progbits
  93      0080AFF3 
  93      0080
  94              		.align	2
  95              		.p2align 4,,15
  96              		.global	main
  97              		.thumb
  98              		.thumb_func
  99              		.type	main, %function
 100              	main:
 101              	.LFB272:
 102              		.loc 1 26 0
 103              		.cfi_startproc
 104              		@ args = 0, pretend = 0, frame = 8
 105              		@ frame_needed = 0, uses_anonymous_args = 0
 106 0000 00B5     		push	{lr}
 107              		.cfi_def_cfa_offset 4
 108              		.cfi_offset 14, -4
 109 0002 83B0     		sub	sp, sp, #12
 110              		.cfi_def_cfa_offset 16
 111              		.loc 1 27 0
 112 0004 FFF7FEFF 		bl	halInit
ARM GAS  /tmp/cc7c10JW.s 			page 3


 113              		.loc 1 28 0
 114 0008 FFF7FEFF 		bl	chSysInit
 115              		.loc 1 29 0
 116 000c FFF7FEFF 		bl	crcInit
 117              		.loc 1 35 0
 118 0010 1848     		ldr	r0, .L6
 119 0012 FF21     		movs	r1, #255
 120 0014 2022     		movs	r2, #32
 121 0016 FFF7FEFF 		bl	_pal_lld_setgroupmode
 122              		.loc 1 37 0
 123 001a 1748     		ldr	r0, .L6+4
 124 001c 4FF48061 		mov	r1, #1024
 125 0020 40F28232 		movw	r2, #898
 126 0024 FFF7FEFF 		bl	_pal_lld_setgroupmode
 127              		.loc 1 38 0
 128 0028 1348     		ldr	r0, .L6+4
 129 002a 4FF40061 		mov	r1, #2048
 130 002e 40F28232 		movw	r2, #898
 131 0032 FFF7FEFF 		bl	_pal_lld_setgroupmode
 132              		.loc 1 41 0
 133 0036 1148     		ldr	r0, .L6+8
 134 0038 0021     		movs	r1, #0
 135 003a FFF7FEFF 		bl	sdStart
 136              	.L5:
 137              		.loc 1 46 0
 138 003e 0D4B     		ldr	r3, .L6
 139 0040 1B69     		ldr	r3, [r3, #16]
 140 0042 8DF80730 		strb	r3, [sp, #7]
 141              		.loc 1 47 0
 142 0046 9DF80730 		ldrb	r3, [sp, #7]	@ zero_extendqisi2
 143 004a FF2B     		cmp	r3, #255
 144 004c 0ED0     		beq	.L4
 145              		.loc 1 49 0
 146 004e 6A46     		mov	r2, sp
 147 0050 9DF80730 		ldrb	r3, [sp, #7]	@ zero_extendqisi2
 148 0054 1046     		mov	r0, r2
 149 0056 1946     		mov	r1, r3
 150 0058 FFF7FEFF 		bl	prepareForSend
 151              		.loc 1 57 0
 152 005c 6B46     		mov	r3, sp
 153 005e 0848     		ldr	r0, .L6+12
 154 0060 1946     		mov	r1, r3
 155 0062 0722     		movs	r2, #7
 156 0064 4FF0FF33 		mov	r3, #-1
 157 0068 FFF7FEFF 		bl	chOQWriteTimeout
 158              	.L4:
 159              		.loc 1 59 0
 160 006c 3220     		movs	r0, #50
 161 006e FFF7FEFF 		bl	chThdSleep
 162              		.loc 1 60 0
 163 0072 E4E7     		b	.L5
 164              	.L7:
 165              		.align	2
 166              	.L6:
 167 0074 00000240 		.word	1073872896
 168 0078 00040240 		.word	1073873920
 169 007c 00000000 		.word	SD3
ARM GAS  /tmp/cc7c10JW.s 			page 4


 170 0080 30000000 		.word	SD3+48
 171              		.cfi_endproc
 172              	.LFE272:
 173              		.size	main, .-main
 174 0084 AFF30080 		.text
 174      AFF30080 
 174      AFF30080 
 175              	.Letext0:
 176              		.file 2 "/usr/lib/gcc/arm-none-eabi/4.8/include/stddef.h"
 177              		.file 3 "/usr/include/newlib/machine/_default_types.h"
 178              		.file 4 "/usr/include/newlib/stdint.h"
 179              		.file 5 "/home/efe/ChibiOS/os/rt/ports/ARMCMx/compilers/GCC/chtypes.h"
 180              		.file 6 "/home/efe/ChibiOS/os/rt/include/chsystypes.h"
 181              		.file 7 "/home/efe/ChibiOS/os/rt/include/chschd.h"
 182              		.file 8 "/home/efe/ChibiOS/os/ext/CMSIS/ST/stm32f407xx.h"
 183              		.file 9 "/home/efe/ChibiOS/os/rt/ports/ARMCMx/chcore.h"
 184              		.file 10 "/home/efe/ChibiOS/os/rt/ports/ARMCMx/chcore_v7m.h"
 185              		.file 11 "/home/efe/ChibiOS/os/rt/include/chtm.h"
 186              		.file 12 "/home/efe/ChibiOS/os/rt/include/chsem.h"
 187              		.file 13 "/home/efe/ChibiOS/os/rt/include/chmtx.h"
 188              		.file 14 "/home/efe/ChibiOS/os/rt/include/chevents.h"
 189              		.file 15 "/home/efe/ChibiOS/os/rt/include/chqueues.h"
 190              		.file 16 "/home/efe/ChibiOS/os/hal/ports/STM32/LLD/GPIOv2/pal_lld.h"
 191              		.file 17 "/home/efe/ChibiOS/os/hal/include/serial.h"
 192              		.file 18 "/home/efe/ChibiOS/os/hal/ports/STM32/LLD/USARTv1/serial_lld.h"
 193              		.file 19 "/home/efe/ChibiOS/os/ext/CMSIS/include/core_cm4.h"
 194              		.section	.debug_info,"",%progbits
 195              	.Ldebug_info0:
 196 0000 A90B0000 		.4byte	0xba9
 197 0004 0400     		.2byte	0x4
 198 0006 00000000 		.4byte	.Ldebug_abbrev0
 199 000a 04       		.byte	0x4
 200 000b 01       		.uleb128 0x1
 201 000c 64010000 		.4byte	.LASF163
 202 0010 01       		.byte	0x1
 203 0011 42040000 		.4byte	.LASF164
 204 0015 51040000 		.4byte	.LASF165
 205 0019 00000000 		.4byte	.Ldebug_ranges0+0
 206 001d 00000000 		.4byte	0
 207 0021 00000000 		.4byte	.Ldebug_line0
 208 0025 02       		.uleb128 0x2
 209 0026 04       		.byte	0x4
 210 0027 05       		.byte	0x5
 211 0028 696E7400 		.ascii	"int\000"
 212 002c 03       		.uleb128 0x3
 213 002d 0D000000 		.4byte	.LASF2
 214 0031 02       		.byte	0x2
 215 0032 D4       		.byte	0xd4
 216 0033 37000000 		.4byte	0x37
 217 0037 04       		.uleb128 0x4
 218 0038 04       		.byte	0x4
 219 0039 07       		.byte	0x7
 220 003a 8D020000 		.4byte	.LASF0
 221 003e 04       		.uleb128 0x4
 222 003f 01       		.byte	0x1
 223 0040 06       		.byte	0x6
 224 0041 EB000000 		.4byte	.LASF1
ARM GAS  /tmp/cc7c10JW.s 			page 5


 225 0045 03       		.uleb128 0x3
 226 0046 24000000 		.4byte	.LASF3
 227 004a 03       		.byte	0x3
 228 004b 1D       		.byte	0x1d
 229 004c 50000000 		.4byte	0x50
 230 0050 04       		.uleb128 0x4
 231 0051 01       		.byte	0x1
 232 0052 08       		.byte	0x8
 233 0053 DA040000 		.4byte	.LASF4
 234 0057 04       		.uleb128 0x4
 235 0058 02       		.byte	0x2
 236 0059 05       		.byte	0x5
 237 005a 07050000 		.4byte	.LASF5
 238 005e 03       		.uleb128 0x3
 239 005f E1050000 		.4byte	.LASF6
 240 0063 03       		.byte	0x3
 241 0064 2B       		.byte	0x2b
 242 0065 69000000 		.4byte	0x69
 243 0069 04       		.uleb128 0x4
 244 006a 02       		.byte	0x2
 245 006b 07       		.byte	0x7
 246 006c F4020000 		.4byte	.LASF7
 247 0070 03       		.uleb128 0x3
 248 0071 73030000 		.4byte	.LASF8
 249 0075 03       		.byte	0x3
 250 0076 3F       		.byte	0x3f
 251 0077 7B000000 		.4byte	0x7b
 252 007b 04       		.uleb128 0x4
 253 007c 04       		.byte	0x4
 254 007d 05       		.byte	0x5
 255 007e 33010000 		.4byte	.LASF9
 256 0082 03       		.uleb128 0x3
 257 0083 1A060000 		.4byte	.LASF10
 258 0087 03       		.byte	0x3
 259 0088 41       		.byte	0x41
 260 0089 8D000000 		.4byte	0x8d
 261 008d 04       		.uleb128 0x4
 262 008e 04       		.byte	0x4
 263 008f 07       		.byte	0x7
 264 0090 BB050000 		.4byte	.LASF11
 265 0094 04       		.uleb128 0x4
 266 0095 08       		.byte	0x8
 267 0096 05       		.byte	0x5
 268 0097 DD000000 		.4byte	.LASF12
 269 009b 03       		.uleb128 0x3
 270 009c 78040000 		.4byte	.LASF13
 271 00a0 03       		.byte	0x3
 272 00a1 5B       		.byte	0x5b
 273 00a2 A6000000 		.4byte	0xa6
 274 00a6 04       		.uleb128 0x4
 275 00a7 08       		.byte	0x8
 276 00a8 07       		.byte	0x7
 277 00a9 56000000 		.4byte	.LASF14
 278 00ad 03       		.uleb128 0x3
 279 00ae CB060000 		.4byte	.LASF15
 280 00b2 04       		.byte	0x4
 281 00b3 2A       		.byte	0x2a
ARM GAS  /tmp/cc7c10JW.s 			page 6


 282 00b4 45000000 		.4byte	0x45
 283 00b8 03       		.uleb128 0x3
 284 00b9 A2020000 		.4byte	.LASF16
 285 00bd 04       		.byte	0x4
 286 00be 36       		.byte	0x36
 287 00bf 5E000000 		.4byte	0x5e
 288 00c3 03       		.uleb128 0x3
 289 00c4 D2040000 		.4byte	.LASF17
 290 00c8 04       		.byte	0x4
 291 00c9 41       		.byte	0x41
 292 00ca 70000000 		.4byte	0x70
 293 00ce 03       		.uleb128 0x3
 294 00cf 85060000 		.4byte	.LASF18
 295 00d3 04       		.byte	0x4
 296 00d4 42       		.byte	0x42
 297 00d5 82000000 		.4byte	0x82
 298 00d9 03       		.uleb128 0x3
 299 00da 1B000000 		.4byte	.LASF19
 300 00de 04       		.byte	0x4
 301 00df 4E       		.byte	0x4e
 302 00e0 9B000000 		.4byte	0x9b
 303 00e4 05       		.uleb128 0x5
 304 00e5 C3000000 		.4byte	0xc3
 305 00e9 05       		.uleb128 0x5
 306 00ea CE000000 		.4byte	0xce
 307 00ee 03       		.uleb128 0x3
 308 00ef 60060000 		.4byte	.LASF20
 309 00f3 05       		.byte	0x5
 310 00f4 45       		.byte	0x45
 311 00f5 CE000000 		.4byte	0xce
 312 00f9 03       		.uleb128 0x3
 313 00fa 51030000 		.4byte	.LASF21
 314 00fe 05       		.byte	0x5
 315 00ff 48       		.byte	0x48
 316 0100 AD000000 		.4byte	0xad
 317 0104 03       		.uleb128 0x3
 318 0105 3C010000 		.4byte	.LASF22
 319 0109 05       		.byte	0x5
 320 010a 49       		.byte	0x49
 321 010b AD000000 		.4byte	0xad
 322 010f 03       		.uleb128 0x3
 323 0110 8D040000 		.4byte	.LASF23
 324 0114 05       		.byte	0x5
 325 0115 4A       		.byte	0x4a
 326 0116 AD000000 		.4byte	0xad
 327 011a 03       		.uleb128 0x3
 328 011b AC040000 		.4byte	.LASF24
 329 011f 05       		.byte	0x5
 330 0120 4C       		.byte	0x4c
 331 0121 CE000000 		.4byte	0xce
 332 0125 03       		.uleb128 0x3
 333 0126 1B030000 		.4byte	.LASF25
 334 012a 05       		.byte	0x5
 335 012b 4D       		.byte	0x4d
 336 012c C3000000 		.4byte	0xc3
 337 0130 03       		.uleb128 0x3
 338 0131 67030000 		.4byte	.LASF26
ARM GAS  /tmp/cc7c10JW.s 			page 7


 339 0135 05       		.byte	0x5
 340 0136 4F       		.byte	0x4f
 341 0137 CE000000 		.4byte	0xce
 342 013b 03       		.uleb128 0x3
 343 013c 78060000 		.4byte	.LASF27
 344 0140 05       		.byte	0x5
 345 0141 50       		.byte	0x50
 346 0142 CE000000 		.4byte	0xce
 347 0146 03       		.uleb128 0x3
 348 0147 81020000 		.4byte	.LASF28
 349 014b 05       		.byte	0x5
 350 014c 51       		.byte	0x51
 351 014d C3000000 		.4byte	0xc3
 352 0151 03       		.uleb128 0x3
 353 0152 FC050000 		.4byte	.LASF29
 354 0156 06       		.byte	0x6
 355 0157 33       		.byte	0x33
 356 0158 CE000000 		.4byte	0xce
 357 015c 03       		.uleb128 0x3
 358 015d EC050000 		.4byte	.LASF30
 359 0161 06       		.byte	0x6
 360 0162 3F       		.byte	0x3f
 361 0163 67010000 		.4byte	0x167
 362 0167 06       		.uleb128 0x6
 363 0168 07030000 		.4byte	.LASF50
 364 016c 44       		.byte	0x44
 365 016d 07       		.byte	0x7
 366 016e C2       		.byte	0xc2
 367 016f 54020000 		.4byte	0x254
 368 0173 07       		.uleb128 0x7
 369 0174 27050000 		.4byte	.LASF31
 370 0178 07       		.byte	0x7
 371 0179 C3       		.byte	0xc3
 372 017a 5F020000 		.4byte	0x25f
 373 017e 00       		.byte	0
 374 017f 07       		.uleb128 0x7
 375 0180 A5040000 		.4byte	.LASF32
 376 0184 07       		.byte	0x7
 377 0185 C5       		.byte	0xc5
 378 0186 5F020000 		.4byte	0x25f
 379 018a 04       		.byte	0x4
 380 018b 07       		.uleb128 0x7
 381 018c C6000000 		.4byte	.LASF33
 382 0190 07       		.byte	0x7
 383 0191 C7       		.byte	0xc7
 384 0192 1A010000 		.4byte	0x11a
 385 0196 08       		.byte	0x8
 386 0197 07       		.uleb128 0x7
 387 0198 03070000 		.4byte	.LASF34
 388 019c 07       		.byte	0x7
 389 019d C8       		.byte	0xc8
 390 019e FE040000 		.4byte	0x4fe
 391 01a2 0C       		.byte	0xc
 392 01a3 07       		.uleb128 0x7
 393 01a4 14020000 		.4byte	.LASF35
 394 01a8 07       		.byte	0x7
 395 01a9 CA       		.byte	0xca
ARM GAS  /tmp/cc7c10JW.s 			page 8


 396 01aa 5F020000 		.4byte	0x25f
 397 01ae 10       		.byte	0x10
 398 01af 07       		.uleb128 0x7
 399 01b0 1C040000 		.4byte	.LASF36
 400 01b4 07       		.byte	0x7
 401 01b5 CB       		.byte	0xcb
 402 01b6 5F020000 		.4byte	0x25f
 403 01ba 14       		.byte	0x14
 404 01bb 07       		.uleb128 0x7
 405 01bc 36050000 		.4byte	.LASF37
 406 01c0 07       		.byte	0x7
 407 01c1 D2       		.byte	0xd2
 408 01c2 7D060000 		.4byte	0x67d
 409 01c6 18       		.byte	0x18
 410 01c7 07       		.uleb128 0x7
 411 01c8 11050000 		.4byte	.LASF38
 412 01cc 07       		.byte	0x7
 413 01cd DD       		.byte	0xdd
 414 01ce 04010000 		.4byte	0x104
 415 01d2 1C       		.byte	0x1c
 416 01d3 07       		.uleb128 0x7
 417 01d4 2E050000 		.4byte	.LASF39
 418 01d8 07       		.byte	0x7
 419 01d9 E1       		.byte	0xe1
 420 01da F9000000 		.4byte	0xf9
 421 01de 1D       		.byte	0x1d
 422 01df 07       		.uleb128 0x7
 423 01e0 45010000 		.4byte	.LASF40
 424 01e4 07       		.byte	0x7
 425 01e5 E6       		.byte	0xe6
 426 01e6 0F010000 		.4byte	0x10f
 427 01ea 1E       		.byte	0x1e
 428 01eb 08       		.uleb128 0x8
 429 01ec 705F7500 		.ascii	"p_u\000"
 430 01f0 07       		.byte	0x7
 431 01f1 3101     		.2byte	0x131
 432 01f3 B8050000 		.4byte	0x5b8
 433 01f7 20       		.byte	0x20
 434 01f8 09       		.uleb128 0x9
 435 01f9 BA030000 		.4byte	.LASF41
 436 01fd 07       		.byte	0x7
 437 01fe 3601     		.2byte	0x136
 438 0200 65020000 		.4byte	0x265
 439 0204 24       		.byte	0x24
 440 0205 09       		.uleb128 0x9
 441 0206 C9020000 		.4byte	.LASF42
 442 020a 07       		.byte	0x7
 443 020b 3C01     		.2byte	0x13c
 444 020d 89020000 		.4byte	0x289
 445 0211 28       		.byte	0x28
 446 0212 09       		.uleb128 0x9
 447 0213 E9060000 		.4byte	.LASF43
 448 0217 07       		.byte	0x7
 449 0218 4001     		.2byte	0x140
 450 021a 25010000 		.4byte	0x125
 451 021e 30       		.byte	0x30
 452 021f 09       		.uleb128 0x9
ARM GAS  /tmp/cc7c10JW.s 			page 9


 453 0220 67050000 		.4byte	.LASF44
 454 0224 07       		.byte	0x7
 455 0225 4601     		.2byte	0x146
 456 0227 30010000 		.4byte	0x130
 457 022b 34       		.byte	0x34
 458 022c 09       		.uleb128 0x9
 459 022d FD040000 		.4byte	.LASF45
 460 0231 07       		.byte	0x7
 461 0232 4D01     		.2byte	0x14d
 462 0234 77060000 		.4byte	0x677
 463 0238 38       		.byte	0x38
 464 0239 09       		.uleb128 0x9
 465 023a 06060000 		.4byte	.LASF46
 466 023e 07       		.byte	0x7
 467 023f 5101     		.2byte	0x151
 468 0241 1A010000 		.4byte	0x11a
 469 0245 3C       		.byte	0x3c
 470 0246 09       		.uleb128 0x9
 471 0247 01010000 		.4byte	.LASF47
 472 024b 07       		.byte	0x7
 473 024c 5801     		.2byte	0x158
 474 024e 3C030000 		.4byte	0x33c
 475 0252 40       		.byte	0x40
 476 0253 00       		.byte	0
 477 0254 03       		.uleb128 0x3
 478 0255 CD030000 		.4byte	.LASF48
 479 0259 06       		.byte	0x6
 480 025a 44       		.byte	0x44
 481 025b 5F020000 		.4byte	0x25f
 482 025f 0A       		.uleb128 0xa
 483 0260 04       		.byte	0x4
 484 0261 5C010000 		.4byte	0x15c
 485 0265 03       		.uleb128 0x3
 486 0266 DA060000 		.4byte	.LASF49
 487 026a 06       		.byte	0x6
 488 026b 49       		.byte	0x49
 489 026c 70020000 		.4byte	0x270
 490 0270 06       		.uleb128 0x6
 491 0271 9E050000 		.4byte	.LASF51
 492 0275 04       		.byte	0x4
 493 0276 07       		.byte	0x7
 494 0277 B0       		.byte	0xb0
 495 0278 89020000 		.4byte	0x289
 496 027c 07       		.uleb128 0x7
 497 027d 27050000 		.4byte	.LASF31
 498 0281 07       		.byte	0x7
 499 0282 B1       		.byte	0xb1
 500 0283 5F020000 		.4byte	0x25f
 501 0287 00       		.byte	0
 502 0288 00       		.byte	0
 503 0289 03       		.uleb128 0x3
 504 028a 45050000 		.4byte	.LASF52
 505 028e 06       		.byte	0x6
 506 028f 50       		.byte	0x50
 507 0290 94020000 		.4byte	0x294
 508 0294 06       		.uleb128 0x6
 509 0295 B5000000 		.4byte	.LASF53
ARM GAS  /tmp/cc7c10JW.s 			page 10


 510 0299 08       		.byte	0x8
 511 029a 07       		.byte	0x7
 512 029b B7       		.byte	0xb7
 513 029c B9020000 		.4byte	0x2b9
 514 02a0 07       		.uleb128 0x7
 515 02a1 27050000 		.4byte	.LASF31
 516 02a5 07       		.byte	0x7
 517 02a6 B8       		.byte	0xb8
 518 02a7 5F020000 		.4byte	0x25f
 519 02ab 00       		.byte	0
 520 02ac 07       		.uleb128 0x7
 521 02ad A5040000 		.4byte	.LASF32
 522 02b1 07       		.byte	0x7
 523 02b2 B9       		.byte	0xb9
 524 02b3 5F020000 		.4byte	0x25f
 525 02b7 04       		.byte	0x4
 526 02b8 00       		.byte	0
 527 02b9 03       		.uleb128 0x3
 528 02ba 00000000 		.4byte	.LASF54
 529 02be 06       		.byte	0x6
 530 02bf 57       		.byte	0x57
 531 02c0 C4020000 		.4byte	0x2c4
 532 02c4 0B       		.uleb128 0xb
 533 02c5 59030000 		.4byte	.LASF55
 534 02c9 1C       		.byte	0x1c
 535 02ca 07       		.byte	0x7
 536 02cb 9001     		.2byte	0x190
 537 02cd 20030000 		.4byte	0x320
 538 02d1 09       		.uleb128 0x9
 539 02d2 8D050000 		.4byte	.LASF56
 540 02d6 07       		.byte	0x7
 541 02d7 9101     		.2byte	0x191
 542 02d9 89020000 		.4byte	0x289
 543 02dd 00       		.byte	0
 544 02de 09       		.uleb128 0x9
 545 02df 19050000 		.4byte	.LASF57
 546 02e3 07       		.byte	0x7
 547 02e4 9201     		.2byte	0x192
 548 02e6 1A010000 		.4byte	0x11a
 549 02ea 08       		.byte	0x8
 550 02eb 09       		.uleb128 0x9
 551 02ec 24040000 		.4byte	.LASF58
 552 02f0 07       		.byte	0x7
 553 02f1 9401     		.2byte	0x194
 554 02f3 FE040000 		.4byte	0x4fe
 555 02f7 0C       		.byte	0xc
 556 02f8 09       		.uleb128 0x9
 557 02f9 2C020000 		.4byte	.LASF59
 558 02fd 07       		.byte	0x7
 559 02fe 9701     		.2byte	0x197
 560 0300 5F020000 		.4byte	0x25f
 561 0304 10       		.byte	0x10
 562 0305 09       		.uleb128 0x9
 563 0306 49040000 		.4byte	.LASF60
 564 030a 07       		.byte	0x7
 565 030b 9801     		.2byte	0x198
 566 030d 5F020000 		.4byte	0x25f
ARM GAS  /tmp/cc7c10JW.s 			page 11


 567 0311 14       		.byte	0x14
 568 0312 09       		.uleb128 0x9
 569 0313 CD050000 		.4byte	.LASF61
 570 0317 07       		.byte	0x7
 571 0318 9B01     		.2byte	0x19b
 572 031a 5F020000 		.4byte	0x25f
 573 031e 18       		.byte	0x18
 574 031f 00       		.byte	0
 575 0320 03       		.uleb128 0x3
 576 0321 11060000 		.4byte	.LASF62
 577 0325 06       		.byte	0x6
 578 0326 5C       		.byte	0x5c
 579 0327 2B030000 		.4byte	0x32b
 580 032b 0A       		.uleb128 0xa
 581 032c 04       		.byte	0x4
 582 032d 31030000 		.4byte	0x331
 583 0331 0C       		.uleb128 0xc
 584 0332 3C030000 		.4byte	0x33c
 585 0336 0D       		.uleb128 0xd
 586 0337 3C030000 		.4byte	0x33c
 587 033b 00       		.byte	0
 588 033c 0E       		.uleb128 0xe
 589 033d 04       		.byte	0x4
 590 033e 03       		.uleb128 0x3
 591 033f 95040000 		.4byte	.LASF63
 592 0343 06       		.byte	0x6
 593 0344 61       		.byte	0x61
 594 0345 49030000 		.4byte	0x349
 595 0349 0B       		.uleb128 0xb
 596 034a 4F060000 		.4byte	.LASF64
 597 034e 14       		.byte	0x14
 598 034f 07       		.byte	0x7
 599 0350 6B01     		.2byte	0x16b
 600 0352 98030000 		.4byte	0x398
 601 0356 09       		.uleb128 0x9
 602 0357 9A020000 		.4byte	.LASF65
 603 035b 07       		.byte	0x7
 604 035c 6C01     		.2byte	0x16c
 605 035e 8F060000 		.4byte	0x68f
 606 0362 00       		.byte	0
 607 0363 09       		.uleb128 0x9
 608 0364 3D020000 		.4byte	.LASF66
 609 0368 07       		.byte	0x7
 610 0369 6D01     		.2byte	0x16d
 611 036b 8F060000 		.4byte	0x68f
 612 036f 04       		.byte	0x4
 613 0370 09       		.uleb128 0x9
 614 0371 95050000 		.4byte	.LASF67
 615 0375 07       		.byte	0x7
 616 0376 6E01     		.2byte	0x16e
 617 0378 51010000 		.4byte	0x151
 618 037c 08       		.byte	0x8
 619 037d 09       		.uleb128 0x9
 620 037e 09070000 		.4byte	.LASF68
 621 0382 07       		.byte	0x7
 622 0383 6F01     		.2byte	0x16f
 623 0385 20030000 		.4byte	0x320
ARM GAS  /tmp/cc7c10JW.s 			page 12


 624 0389 0C       		.byte	0xc
 625 038a 09       		.uleb128 0x9
 626 038b 71060000 		.4byte	.LASF69
 627 038f 07       		.byte	0x7
 628 0390 7101     		.2byte	0x171
 629 0392 3C030000 		.4byte	0x33c
 630 0396 10       		.byte	0x10
 631 0397 00       		.byte	0
 632 0398 03       		.uleb128 0x3
 633 0399 87000000 		.4byte	.LASF70
 634 039d 06       		.byte	0x6
 635 039e 66       		.byte	0x66
 636 039f A3030000 		.4byte	0x3a3
 637 03a3 0B       		.uleb128 0xb
 638 03a4 E0030000 		.4byte	.LASF71
 639 03a8 10       		.byte	0x10
 640 03a9 07       		.byte	0x7
 641 03aa 7B01     		.2byte	0x17b
 642 03ac E5030000 		.4byte	0x3e5
 643 03b0 09       		.uleb128 0x9
 644 03b1 9A020000 		.4byte	.LASF65
 645 03b5 07       		.byte	0x7
 646 03b6 7C01     		.2byte	0x17c
 647 03b8 8F060000 		.4byte	0x68f
 648 03bc 00       		.byte	0
 649 03bd 09       		.uleb128 0x9
 650 03be 3D020000 		.4byte	.LASF66
 651 03c2 07       		.byte	0x7
 652 03c3 7E01     		.2byte	0x17e
 653 03c5 8F060000 		.4byte	0x68f
 654 03c9 04       		.byte	0x4
 655 03ca 09       		.uleb128 0x9
 656 03cb 95050000 		.4byte	.LASF67
 657 03cf 07       		.byte	0x7
 658 03d0 8001     		.2byte	0x180
 659 03d2 51010000 		.4byte	0x151
 660 03d6 08       		.byte	0x8
 661 03d7 09       		.uleb128 0x9
 662 03d8 10040000 		.4byte	.LASF72
 663 03dc 07       		.byte	0x7
 664 03dd 8801     		.2byte	0x188
 665 03df 51010000 		.4byte	0x151
 666 03e3 0C       		.byte	0xc
 667 03e4 00       		.byte	0
 668 03e5 03       		.uleb128 0x3
 669 03e6 41000000 		.4byte	.LASF73
 670 03ea 06       		.byte	0x6
 671 03eb 6B       		.byte	0x6b
 672 03ec F0030000 		.4byte	0x3f0
 673 03f0 0B       		.uleb128 0xb
 674 03f1 BC040000 		.4byte	.LASF74
 675 03f5 04       		.byte	0x4
 676 03f6 07       		.byte	0x7
 677 03f7 A201     		.2byte	0x1a2
 678 03f9 0B040000 		.4byte	0x40b
 679 03fd 09       		.uleb128 0x9
 680 03fe 25060000 		.4byte	.LASF75
ARM GAS  /tmp/cc7c10JW.s 			page 13


 681 0402 07       		.byte	0x7
 682 0403 AA01     		.2byte	0x1aa
 683 0405 95060000 		.4byte	0x695
 684 0409 00       		.byte	0
 685 040a 00       		.byte	0
 686 040b 03       		.uleb128 0x3
 687 040c 30030000 		.4byte	.LASF76
 688 0410 06       		.byte	0x6
 689 0411 70       		.byte	0x70
 690 0412 16040000 		.4byte	0x416
 691 0416 0F       		.uleb128 0xf
 692 0417 29010000 		.4byte	.LASF77
 693 041b 5001     		.2byte	0x150
 694 041d 07       		.byte	0x7
 695 041e C201     		.2byte	0x1c2
 696 0420 72040000 		.4byte	0x472
 697 0424 09       		.uleb128 0x9
 698 0425 B8060000 		.4byte	.LASF78
 699 0429 07       		.byte	0x7
 700 042a C601     		.2byte	0x1c6
 701 042c B9020000 		.4byte	0x2b9
 702 0430 00       		.byte	0
 703 0431 09       		.uleb128 0x9
 704 0432 11010000 		.4byte	.LASF79
 705 0436 07       		.byte	0x7
 706 0437 CA01     		.2byte	0x1ca
 707 0439 98030000 		.4byte	0x398
 708 043d 1C       		.byte	0x1c
 709 043e 08       		.uleb128 0x8
 710 043f 64626700 		.ascii	"dbg\000"
 711 0443 07       		.byte	0x7
 712 0444 CE01     		.2byte	0x1ce
 713 0446 E5030000 		.4byte	0x3e5
 714 044a 2C       		.byte	0x2c
 715 044b 09       		.uleb128 0x9
 716 044c 7C000000 		.4byte	.LASF80
 717 0450 07       		.byte	0x7
 718 0451 D201     		.2byte	0x1d2
 719 0453 5C010000 		.4byte	0x15c
 720 0457 30       		.byte	0x30
 721 0458 08       		.uleb128 0x8
 722 0459 746D00   		.ascii	"tm\000"
 723 045c 07       		.byte	0x7
 724 045d D701     		.2byte	0x1d7
 725 045f AD050000 		.4byte	0x5ad
 726 0463 74       		.byte	0x74
 727 0464 09       		.uleb128 0x9
 728 0465 72020000 		.4byte	.LASF81
 729 0469 07       		.byte	0x7
 730 046a E301     		.2byte	0x1e3
 731 046c 9A060000 		.4byte	0x69a
 732 0470 78       		.byte	0x78
 733 0471 00       		.byte	0
 734 0472 04       		.uleb128 0x4
 735 0473 04       		.byte	0x4
 736 0474 07       		.byte	0x7
 737 0475 C4030000 		.4byte	.LASF82
ARM GAS  /tmp/cc7c10JW.s 			page 14


 738 0479 10       		.uleb128 0x10
 739 047a 1C       		.byte	0x1c
 740 047b 08       		.byte	0x8
 741 047c 0903     		.2byte	0x309
 742 047e DC040000 		.4byte	0x4dc
 743 0482 08       		.uleb128 0x8
 744 0483 535200   		.ascii	"SR\000"
 745 0486 08       		.byte	0x8
 746 0487 0B03     		.2byte	0x30b
 747 0489 E9000000 		.4byte	0xe9
 748 048d 00       		.byte	0
 749 048e 08       		.uleb128 0x8
 750 048f 445200   		.ascii	"DR\000"
 751 0492 08       		.byte	0x8
 752 0493 0C03     		.2byte	0x30c
 753 0495 E9000000 		.4byte	0xe9
 754 0499 04       		.byte	0x4
 755 049a 08       		.uleb128 0x8
 756 049b 42525200 		.ascii	"BRR\000"
 757 049f 08       		.byte	0x8
 758 04a0 0D03     		.2byte	0x30d
 759 04a2 E9000000 		.4byte	0xe9
 760 04a6 08       		.byte	0x8
 761 04a7 08       		.uleb128 0x8
 762 04a8 43523100 		.ascii	"CR1\000"
 763 04ac 08       		.byte	0x8
 764 04ad 0E03     		.2byte	0x30e
 765 04af E9000000 		.4byte	0xe9
 766 04b3 0C       		.byte	0xc
 767 04b4 08       		.uleb128 0x8
 768 04b5 43523200 		.ascii	"CR2\000"
 769 04b9 08       		.byte	0x8
 770 04ba 0F03     		.2byte	0x30f
 771 04bc E9000000 		.4byte	0xe9
 772 04c0 10       		.byte	0x10
 773 04c1 08       		.uleb128 0x8
 774 04c2 43523300 		.ascii	"CR3\000"
 775 04c6 08       		.byte	0x8
 776 04c7 1003     		.2byte	0x310
 777 04c9 E9000000 		.4byte	0xe9
 778 04cd 14       		.byte	0x14
 779 04ce 09       		.uleb128 0x9
 780 04cf FC000000 		.4byte	.LASF83
 781 04d3 08       		.byte	0x8
 782 04d4 1103     		.2byte	0x311
 783 04d6 E9000000 		.4byte	0xe9
 784 04da 18       		.byte	0x18
 785 04db 00       		.byte	0
 786 04dc 11       		.uleb128 0x11
 787 04dd 3C030000 		.4byte	.LASF84
 788 04e1 08       		.byte	0x8
 789 04e2 1203     		.2byte	0x312
 790 04e4 79040000 		.4byte	0x479
 791 04e8 03       		.uleb128 0x3
 792 04e9 34020000 		.4byte	.LASF85
 793 04ed 09       		.byte	0x9
 794 04ee 65       		.byte	0x65
ARM GAS  /tmp/cc7c10JW.s 			page 15


 795 04ef 3C030000 		.4byte	0x33c
 796 04f3 03       		.uleb128 0x3
 797 04f4 87030000 		.4byte	.LASF86
 798 04f8 09       		.byte	0x9
 799 04f9 6D       		.byte	0x6d
 800 04fa D9000000 		.4byte	0xd9
 801 04fe 06       		.uleb128 0x6
 802 04ff 47060000 		.4byte	.LASF87
 803 0503 04       		.byte	0x4
 804 0504 09       		.byte	0x9
 805 0505 89       		.byte	0x89
 806 0506 17050000 		.4byte	0x517
 807 050a 12       		.uleb128 0x12
 808 050b 72313300 		.ascii	"r13\000"
 809 050f 09       		.byte	0x9
 810 0510 8A       		.byte	0x8a
 811 0511 92050000 		.4byte	0x592
 812 0515 00       		.byte	0
 813 0516 00       		.byte	0
 814 0517 06       		.uleb128 0x6
 815 0518 35000000 		.4byte	.LASF88
 816 051c 24       		.byte	0x24
 817 051d 0A       		.byte	0xa
 818 051e FD       		.byte	0xfd
 819 051f 92050000 		.4byte	0x592
 820 0523 08       		.uleb128 0x8
 821 0524 723400   		.ascii	"r4\000"
 822 0527 0A       		.byte	0xa
 823 0528 1001     		.2byte	0x110
 824 052a E8040000 		.4byte	0x4e8
 825 052e 00       		.byte	0
 826 052f 08       		.uleb128 0x8
 827 0530 723500   		.ascii	"r5\000"
 828 0533 0A       		.byte	0xa
 829 0534 1101     		.2byte	0x111
 830 0536 E8040000 		.4byte	0x4e8
 831 053a 04       		.byte	0x4
 832 053b 08       		.uleb128 0x8
 833 053c 723600   		.ascii	"r6\000"
 834 053f 0A       		.byte	0xa
 835 0540 1201     		.2byte	0x112
 836 0542 E8040000 		.4byte	0x4e8
 837 0546 08       		.byte	0x8
 838 0547 08       		.uleb128 0x8
 839 0548 723700   		.ascii	"r7\000"
 840 054b 0A       		.byte	0xa
 841 054c 1301     		.2byte	0x113
 842 054e E8040000 		.4byte	0x4e8
 843 0552 0C       		.byte	0xc
 844 0553 08       		.uleb128 0x8
 845 0554 723800   		.ascii	"r8\000"
 846 0557 0A       		.byte	0xa
 847 0558 1401     		.2byte	0x114
 848 055a E8040000 		.4byte	0x4e8
 849 055e 10       		.byte	0x10
 850 055f 08       		.uleb128 0x8
 851 0560 723900   		.ascii	"r9\000"
ARM GAS  /tmp/cc7c10JW.s 			page 16


 852 0563 0A       		.byte	0xa
 853 0564 1501     		.2byte	0x115
 854 0566 E8040000 		.4byte	0x4e8
 855 056a 14       		.byte	0x14
 856 056b 08       		.uleb128 0x8
 857 056c 72313000 		.ascii	"r10\000"
 858 0570 0A       		.byte	0xa
 859 0571 1601     		.2byte	0x116
 860 0573 E8040000 		.4byte	0x4e8
 861 0577 18       		.byte	0x18
 862 0578 08       		.uleb128 0x8
 863 0579 72313100 		.ascii	"r11\000"
 864 057d 0A       		.byte	0xa
 865 057e 1701     		.2byte	0x117
 866 0580 E8040000 		.4byte	0x4e8
 867 0584 1C       		.byte	0x1c
 868 0585 08       		.uleb128 0x8
 869 0586 6C7200   		.ascii	"lr\000"
 870 0589 0A       		.byte	0xa
 871 058a 1801     		.2byte	0x118
 872 058c E8040000 		.4byte	0x4e8
 873 0590 20       		.byte	0x20
 874 0591 00       		.byte	0
 875 0592 0A       		.uleb128 0xa
 876 0593 04       		.byte	0x4
 877 0594 17050000 		.4byte	0x517
 878 0598 13       		.uleb128 0x13
 879 0599 04       		.byte	0x4
 880 059a 0B       		.byte	0xb
 881 059b 38       		.byte	0x38
 882 059c AD050000 		.4byte	0x5ad
 883 05a0 07       		.uleb128 0x7
 884 05a1 2F060000 		.4byte	.LASF89
 885 05a5 0B       		.byte	0xb
 886 05a6 3C       		.byte	0x3c
 887 05a7 EE000000 		.4byte	0xee
 888 05ab 00       		.byte	0
 889 05ac 00       		.byte	0
 890 05ad 03       		.uleb128 0x3
 891 05ae 2A040000 		.4byte	.LASF90
 892 05b2 0B       		.byte	0xb
 893 05b3 3D       		.byte	0x3d
 894 05b4 98050000 		.4byte	0x598
 895 05b8 14       		.uleb128 0x14
 896 05b9 04       		.byte	0x4
 897 05ba 07       		.byte	0x7
 898 05bb FA       		.byte	0xfa
 899 05bc 15060000 		.4byte	0x615
 900 05c0 15       		.uleb128 0x15
 901 05c1 14000000 		.4byte	.LASF91
 902 05c5 07       		.byte	0x7
 903 05c6 0101     		.2byte	0x101
 904 05c8 25010000 		.4byte	0x125
 905 05cc 15       		.uleb128 0x15
 906 05cd 73000000 		.4byte	.LASF92
 907 05d1 07       		.byte	0x7
 908 05d2 0801     		.2byte	0x108
ARM GAS  /tmp/cc7c10JW.s 			page 17


 909 05d4 25010000 		.4byte	0x125
 910 05d8 15       		.uleb128 0x15
 911 05d9 D3060000 		.4byte	.LASF93
 912 05dd 07       		.byte	0x7
 913 05de 0F01     		.2byte	0x10f
 914 05e0 3C030000 		.4byte	0x33c
 915 05e4 15       		.uleb128 0x15
 916 05e5 FD030000 		.4byte	.LASF94
 917 05e9 07       		.byte	0x7
 918 05ea 1601     		.2byte	0x116
 919 05ec 15060000 		.4byte	0x615
 920 05f0 15       		.uleb128 0x15
 921 05f1 BB020000 		.4byte	.LASF95
 922 05f5 07       		.byte	0x7
 923 05f6 1E01     		.2byte	0x11e
 924 05f8 40060000 		.4byte	0x640
 925 05fc 15       		.uleb128 0x15
 926 05fd 86050000 		.4byte	.LASF96
 927 0601 07       		.byte	0x7
 928 0602 2701     		.2byte	0x127
 929 0604 77060000 		.4byte	0x677
 930 0608 15       		.uleb128 0x15
 931 0609 20050000 		.4byte	.LASF97
 932 060d 07       		.byte	0x7
 933 060e 2F01     		.2byte	0x12f
 934 0610 30010000 		.4byte	0x130
 935 0614 00       		.byte	0
 936 0615 0A       		.uleb128 0xa
 937 0616 04       		.byte	0x4
 938 0617 54020000 		.4byte	0x254
 939 061b 06       		.uleb128 0x6
 940 061c 5A050000 		.4byte	.LASF98
 941 0620 0C       		.byte	0xc
 942 0621 0C       		.byte	0xc
 943 0622 34       		.byte	0x34
 944 0623 40060000 		.4byte	0x640
 945 0627 07       		.uleb128 0x7
 946 0628 1C020000 		.4byte	.LASF99
 947 062c 0C       		.byte	0xc
 948 062d 35       		.byte	0x35
 949 062e 89020000 		.4byte	0x289
 950 0632 00       		.byte	0
 951 0633 07       		.uleb128 0x7
 952 0634 E8020000 		.4byte	.LASF100
 953 0638 0C       		.byte	0xc
 954 0639 37       		.byte	0x37
 955 063a 46010000 		.4byte	0x146
 956 063e 08       		.byte	0x8
 957 063f 00       		.byte	0
 958 0640 0A       		.uleb128 0xa
 959 0641 04       		.byte	0x4
 960 0642 1B060000 		.4byte	0x61b
 961 0646 06       		.uleb128 0x6
 962 0647 9E060000 		.4byte	.LASF101
 963 064b 10       		.byte	0x10
 964 064c 0D       		.byte	0xd
 965 064d 39       		.byte	0x39
ARM GAS  /tmp/cc7c10JW.s 			page 18


 966 064e 77060000 		.4byte	0x677
 967 0652 07       		.uleb128 0x7
 968 0653 09010000 		.4byte	.LASF102
 969 0657 0D       		.byte	0xd
 970 0658 3A       		.byte	0x3a
 971 0659 89020000 		.4byte	0x289
 972 065d 00       		.byte	0
 973 065e 07       		.uleb128 0x7
 974 065f FB060000 		.4byte	.LASF103
 975 0663 0D       		.byte	0xd
 976 0664 3C       		.byte	0x3c
 977 0665 5F020000 		.4byte	0x25f
 978 0669 08       		.byte	0x8
 979 066a 07       		.uleb128 0x7
 980 066b F5050000 		.4byte	.LASF104
 981 066f 0D       		.byte	0xd
 982 0670 3E       		.byte	0x3e
 983 0671 B5060000 		.4byte	0x6b5
 984 0675 0C       		.byte	0xc
 985 0676 00       		.byte	0
 986 0677 0A       		.uleb128 0xa
 987 0678 04       		.byte	0x4
 988 0679 46060000 		.4byte	0x646
 989 067d 0A       		.uleb128 0xa
 990 067e 04       		.byte	0x4
 991 067f 83060000 		.4byte	0x683
 992 0683 16       		.uleb128 0x16
 993 0684 88060000 		.4byte	0x688
 994 0688 04       		.uleb128 0x4
 995 0689 01       		.byte	0x1
 996 068a 08       		.byte	0x8
 997 068b DC050000 		.4byte	.LASF105
 998 068f 0A       		.uleb128 0xa
 999 0690 04       		.byte	0x4
 1000 0691 3E030000 		.4byte	0x33e
 1001 0695 05       		.uleb128 0x5
 1002 0696 7D060000 		.4byte	0x67d
 1003 069a 17       		.uleb128 0x17
 1004 069b F3040000 		.4byte	0x4f3
 1005 069f AA060000 		.4byte	0x6aa
 1006 06a3 18       		.uleb128 0x18
 1007 06a4 72040000 		.4byte	0x472
 1008 06a8 1A       		.byte	0x1a
 1009 06a9 00       		.byte	0
 1010 06aa 03       		.uleb128 0x3
 1011 06ab 52020000 		.4byte	.LASF106
 1012 06af 0D       		.byte	0xd
 1013 06b0 34       		.byte	0x34
 1014 06b1 46060000 		.4byte	0x646
 1015 06b5 0A       		.uleb128 0xa
 1016 06b6 04       		.byte	0x4
 1017 06b7 AA060000 		.4byte	0x6aa
 1018 06bb 03       		.uleb128 0x3
 1019 06bc 36060000 		.4byte	.LASF107
 1020 06c0 0E       		.byte	0xe
 1021 06c1 34       		.byte	0x34
 1022 06c2 C6060000 		.4byte	0x6c6
ARM GAS  /tmp/cc7c10JW.s 			page 19


 1023 06c6 06       		.uleb128 0x6
 1024 06c7 11070000 		.4byte	.LASF108
 1025 06cb 14       		.byte	0x14
 1026 06cc 0E       		.byte	0xe
 1027 06cd 39       		.byte	0x39
 1028 06ce 0F070000 		.4byte	0x70f
 1029 06d2 07       		.uleb128 0x7
 1030 06d3 28030000 		.4byte	.LASF109
 1031 06d7 0E       		.byte	0xe
 1032 06d8 3A       		.byte	0x3a
 1033 06d9 0F070000 		.4byte	0x70f
 1034 06dd 00       		.byte	0
 1035 06de 07       		.uleb128 0x7
 1036 06df E8040000 		.4byte	.LASF110
 1037 06e3 0E       		.byte	0xe
 1038 06e4 3D       		.byte	0x3d
 1039 06e5 5F020000 		.4byte	0x25f
 1040 06e9 04       		.byte	0x4
 1041 06ea 07       		.uleb128 0x7
 1042 06eb 6E040000 		.4byte	.LASF111
 1043 06ef 0E       		.byte	0xe
 1044 06f0 3F       		.byte	0x3f
 1045 06f1 30010000 		.4byte	0x130
 1046 06f5 08       		.byte	0x8
 1047 06f6 07       		.uleb128 0x7
 1048 06f7 F4040000 		.4byte	.LASF112
 1049 06fb 0E       		.byte	0xe
 1050 06fc 41       		.byte	0x41
 1051 06fd 3B010000 		.4byte	0x13b
 1052 0701 0C       		.byte	0xc
 1053 0702 07       		.uleb128 0x7
 1054 0703 11030000 		.4byte	.LASF113
 1055 0707 0E       		.byte	0xe
 1056 0708 43       		.byte	0x43
 1057 0709 3B010000 		.4byte	0x13b
 1058 070d 10       		.byte	0x10
 1059 070e 00       		.byte	0
 1060 070f 0A       		.uleb128 0xa
 1061 0710 04       		.byte	0x4
 1062 0711 BB060000 		.4byte	0x6bb
 1063 0715 06       		.uleb128 0x6
 1064 0716 BE060000 		.4byte	.LASF114
 1065 071a 04       		.byte	0x4
 1066 071b 0E       		.byte	0xe
 1067 071c 4A       		.byte	0x4a
 1068 071d 2E070000 		.4byte	0x72e
 1069 0721 07       		.uleb128 0x7
 1070 0722 A7060000 		.4byte	.LASF115
 1071 0726 0E       		.byte	0xe
 1072 0727 4B       		.byte	0x4b
 1073 0728 0F070000 		.4byte	0x70f
 1074 072c 00       		.byte	0
 1075 072d 00       		.byte	0
 1076 072e 03       		.uleb128 0x3
 1077 072f 63020000 		.4byte	.LASF116
 1078 0733 0E       		.byte	0xe
 1079 0734 4E       		.byte	0x4e
ARM GAS  /tmp/cc7c10JW.s 			page 20


 1080 0735 15070000 		.4byte	0x715
 1081 0739 03       		.uleb128 0x3
 1082 073a AA000000 		.4byte	.LASF117
 1083 073e 0F       		.byte	0xf
 1084 073f 3F       		.byte	0x3f
 1085 0740 44070000 		.4byte	0x744
 1086 0744 06       		.uleb128 0x6
 1087 0745 5A020000 		.4byte	.LASF118
 1088 0749 24       		.byte	0x24
 1089 074a 0F       		.byte	0xf
 1090 074b 4D       		.byte	0x4d
 1091 074c B1070000 		.4byte	0x7b1
 1092 0750 07       		.uleb128 0x7
 1093 0751 D3000000 		.4byte	.LASF119
 1094 0755 0F       		.byte	0xf
 1095 0756 4E       		.byte	0x4e
 1096 0757 89020000 		.4byte	0x289
 1097 075b 00       		.byte	0
 1098 075c 07       		.uleb128 0x7
 1099 075d 7C050000 		.4byte	.LASF120
 1100 0761 0F       		.byte	0xf
 1101 0762 4F       		.byte	0x4f
 1102 0763 D3070000 		.4byte	0x7d3
 1103 0767 08       		.byte	0x8
 1104 0768 07       		.uleb128 0x7
 1105 0769 4C010000 		.4byte	.LASF121
 1106 076d 0F       		.byte	0xf
 1107 076e 50       		.byte	0x50
 1108 076f D8070000 		.4byte	0x7d8
 1109 0773 0C       		.byte	0xc
 1110 0774 07       		.uleb128 0x7
 1111 0775 98060000 		.4byte	.LASF122
 1112 0779 0F       		.byte	0xf
 1113 077a 51       		.byte	0x51
 1114 077b D8070000 		.4byte	0x7d8
 1115 077f 10       		.byte	0x10
 1116 0780 07       		.uleb128 0x7
 1117 0781 55010000 		.4byte	.LASF123
 1118 0785 0F       		.byte	0xf
 1119 0786 53       		.byte	0x53
 1120 0787 D8070000 		.4byte	0x7d8
 1121 078b 14       		.byte	0x14
 1122 078c 07       		.uleb128 0x7
 1123 078d B4040000 		.4byte	.LASF124
 1124 0791 0F       		.byte	0xf
 1125 0792 54       		.byte	0x54
 1126 0793 D8070000 		.4byte	0x7d8
 1127 0797 18       		.byte	0x18
 1128 0798 07       		.uleb128 0x7
 1129 0799 AF060000 		.4byte	.LASF125
 1130 079d 0F       		.byte	0xf
 1131 079e 55       		.byte	0x55
 1132 079f B1070000 		.4byte	0x7b1
 1133 07a3 1C       		.byte	0x1c
 1134 07a4 07       		.uleb128 0x7
 1135 07a5 5D010000 		.4byte	.LASF126
 1136 07a9 0F       		.byte	0xf
ARM GAS  /tmp/cc7c10JW.s 			page 21


 1137 07aa 56       		.byte	0x56
 1138 07ab 3C030000 		.4byte	0x33c
 1139 07af 20       		.byte	0x20
 1140 07b0 00       		.byte	0
 1141 07b1 03       		.uleb128 0x3
 1142 07b2 7D030000 		.4byte	.LASF127
 1143 07b6 0F       		.byte	0xf
 1144 07b7 42       		.byte	0x42
 1145 07b8 BC070000 		.4byte	0x7bc
 1146 07bc 0A       		.uleb128 0xa
 1147 07bd 04       		.byte	0x4
 1148 07be C2070000 		.4byte	0x7c2
 1149 07c2 0C       		.uleb128 0xc
 1150 07c3 CD070000 		.4byte	0x7cd
 1151 07c7 0D       		.uleb128 0xd
 1152 07c8 CD070000 		.4byte	0x7cd
 1153 07cc 00       		.byte	0
 1154 07cd 0A       		.uleb128 0xa
 1155 07ce 04       		.byte	0x4
 1156 07cf 39070000 		.4byte	0x739
 1157 07d3 05       		.uleb128 0x5
 1158 07d4 2C000000 		.4byte	0x2c
 1159 07d8 0A       		.uleb128 0xa
 1160 07d9 04       		.byte	0x4
 1161 07da AD000000 		.4byte	0xad
 1162 07de 03       		.uleb128 0x3
 1163 07df 98030000 		.4byte	.LASF128
 1164 07e3 0F       		.byte	0xf
 1165 07e4 64       		.byte	0x64
 1166 07e5 39070000 		.4byte	0x739
 1167 07e9 03       		.uleb128 0x3
 1168 07ea AB030000 		.4byte	.LASF129
 1169 07ee 0F       		.byte	0xf
 1170 07ef 71       		.byte	0x71
 1171 07f0 39070000 		.4byte	0x739
 1172 07f4 19       		.uleb128 0x19
 1173 07f5 2C000000 		.4byte	0x2c
 1174 07f9 0D080000 		.4byte	0x80d
 1175 07fd 0D       		.uleb128 0xd
 1176 07fe 3C030000 		.4byte	0x33c
 1177 0802 0D       		.uleb128 0xd
 1178 0803 0D080000 		.4byte	0x80d
 1179 0807 0D       		.uleb128 0xd
 1180 0808 2C000000 		.4byte	0x2c
 1181 080c 00       		.byte	0
 1182 080d 0A       		.uleb128 0xa
 1183 080e 04       		.byte	0x4
 1184 080f 13080000 		.4byte	0x813
 1185 0813 16       		.uleb128 0x16
 1186 0814 AD000000 		.4byte	0xad
 1187 0818 0A       		.uleb128 0xa
 1188 0819 04       		.byte	0x4
 1189 081a F4070000 		.4byte	0x7f4
 1190 081e 19       		.uleb128 0x19
 1191 081f 2C000000 		.4byte	0x2c
 1192 0823 37080000 		.4byte	0x837
 1193 0827 0D       		.uleb128 0xd
ARM GAS  /tmp/cc7c10JW.s 			page 22


 1194 0828 3C030000 		.4byte	0x33c
 1195 082c 0D       		.uleb128 0xd
 1196 082d D8070000 		.4byte	0x7d8
 1197 0831 0D       		.uleb128 0xd
 1198 0832 2C000000 		.4byte	0x2c
 1199 0836 00       		.byte	0
 1200 0837 0A       		.uleb128 0xa
 1201 0838 04       		.byte	0x4
 1202 0839 1E080000 		.4byte	0x81e
 1203 083d 19       		.uleb128 0x19
 1204 083e 25010000 		.4byte	0x125
 1205 0842 51080000 		.4byte	0x851
 1206 0846 0D       		.uleb128 0xd
 1207 0847 3C030000 		.4byte	0x33c
 1208 084b 0D       		.uleb128 0xd
 1209 084c AD000000 		.4byte	0xad
 1210 0850 00       		.byte	0
 1211 0851 0A       		.uleb128 0xa
 1212 0852 04       		.byte	0x4
 1213 0853 3D080000 		.4byte	0x83d
 1214 0857 19       		.uleb128 0x19
 1215 0858 25010000 		.4byte	0x125
 1216 085c 66080000 		.4byte	0x866
 1217 0860 0D       		.uleb128 0xd
 1218 0861 3C030000 		.4byte	0x33c
 1219 0865 00       		.byte	0
 1220 0866 0A       		.uleb128 0xa
 1221 0867 04       		.byte	0x4
 1222 0868 57080000 		.4byte	0x857
 1223 086c 19       		.uleb128 0x19
 1224 086d 25010000 		.4byte	0x125
 1225 0871 85080000 		.4byte	0x885
 1226 0875 0D       		.uleb128 0xd
 1227 0876 3C030000 		.4byte	0x33c
 1228 087a 0D       		.uleb128 0xd
 1229 087b AD000000 		.4byte	0xad
 1230 087f 0D       		.uleb128 0xd
 1231 0880 51010000 		.4byte	0x151
 1232 0884 00       		.byte	0
 1233 0885 0A       		.uleb128 0xa
 1234 0886 04       		.byte	0x4
 1235 0887 6C080000 		.4byte	0x86c
 1236 088b 19       		.uleb128 0x19
 1237 088c 25010000 		.4byte	0x125
 1238 0890 9F080000 		.4byte	0x89f
 1239 0894 0D       		.uleb128 0xd
 1240 0895 3C030000 		.4byte	0x33c
 1241 0899 0D       		.uleb128 0xd
 1242 089a 51010000 		.4byte	0x151
 1243 089e 00       		.byte	0
 1244 089f 0A       		.uleb128 0xa
 1245 08a0 04       		.byte	0x4
 1246 08a1 8B080000 		.4byte	0x88b
 1247 08a5 19       		.uleb128 0x19
 1248 08a6 2C000000 		.4byte	0x2c
 1249 08aa C3080000 		.4byte	0x8c3
 1250 08ae 0D       		.uleb128 0xd
ARM GAS  /tmp/cc7c10JW.s 			page 23


 1251 08af 3C030000 		.4byte	0x33c
 1252 08b3 0D       		.uleb128 0xd
 1253 08b4 0D080000 		.4byte	0x80d
 1254 08b8 0D       		.uleb128 0xd
 1255 08b9 2C000000 		.4byte	0x2c
 1256 08bd 0D       		.uleb128 0xd
 1257 08be 51010000 		.4byte	0x151
 1258 08c2 00       		.byte	0
 1259 08c3 0A       		.uleb128 0xa
 1260 08c4 04       		.byte	0x4
 1261 08c5 A5080000 		.4byte	0x8a5
 1262 08c9 19       		.uleb128 0x19
 1263 08ca 2C000000 		.4byte	0x2c
 1264 08ce E7080000 		.4byte	0x8e7
 1265 08d2 0D       		.uleb128 0xd
 1266 08d3 3C030000 		.4byte	0x33c
 1267 08d7 0D       		.uleb128 0xd
 1268 08d8 D8070000 		.4byte	0x7d8
 1269 08dc 0D       		.uleb128 0xd
 1270 08dd 2C000000 		.4byte	0x2c
 1271 08e1 0D       		.uleb128 0xd
 1272 08e2 51010000 		.4byte	0x151
 1273 08e6 00       		.byte	0
 1274 08e7 0A       		.uleb128 0xa
 1275 08e8 04       		.byte	0x4
 1276 08e9 C9080000 		.4byte	0x8c9
 1277 08ed 04       		.uleb128 0x4
 1278 08ee 01       		.byte	0x1
 1279 08ef 02       		.byte	0x2
 1280 08f0 CC040000 		.4byte	.LASF130
 1281 08f4 13       		.uleb128 0x13
 1282 08f5 04       		.byte	0x4
 1283 08f6 10       		.byte	0x10
 1284 08f7 B7       		.byte	0xb7
 1285 08f8 15090000 		.4byte	0x915
 1286 08fc 12       		.uleb128 0x12
 1287 08fd 73657400 		.ascii	"set\000"
 1288 0901 10       		.byte	0x10
 1289 0902 B8       		.byte	0xb8
 1290 0903 B8000000 		.4byte	0xb8
 1291 0907 00       		.byte	0
 1292 0908 07       		.uleb128 0x7
 1293 0909 F7030000 		.4byte	.LASF131
 1294 090d 10       		.byte	0x10
 1295 090e B9       		.byte	0xb9
 1296 090f B8000000 		.4byte	0xb8
 1297 0913 02       		.byte	0x2
 1298 0914 00       		.byte	0
 1299 0915 14       		.uleb128 0x14
 1300 0916 04       		.byte	0x4
 1301 0917 10       		.byte	0x10
 1302 0918 B5       		.byte	0xb5
 1303 0919 30090000 		.4byte	0x930
 1304 091d 1A       		.uleb128 0x1a
 1305 091e 5700     		.ascii	"W\000"
 1306 0920 10       		.byte	0x10
 1307 0921 B6       		.byte	0xb6
ARM GAS  /tmp/cc7c10JW.s 			page 24


 1308 0922 CE000000 		.4byte	0xce
 1309 0926 1A       		.uleb128 0x1a
 1310 0927 4800     		.ascii	"H\000"
 1311 0929 10       		.byte	0x10
 1312 092a BA       		.byte	0xba
 1313 092b F4080000 		.4byte	0x8f4
 1314 092f 00       		.byte	0
 1315 0930 13       		.uleb128 0x13
 1316 0931 2C       		.byte	0x2c
 1317 0932 10       		.byte	0x10
 1318 0933 AD       		.byte	0xad
 1319 0934 BD090000 		.4byte	0x9bd
 1320 0938 07       		.uleb128 0x7
 1321 0939 50000000 		.4byte	.LASF132
 1322 093d 10       		.byte	0x10
 1323 093e AF       		.byte	0xaf
 1324 093f E9000000 		.4byte	0xe9
 1325 0943 00       		.byte	0
 1326 0944 07       		.uleb128 0x7
 1327 0945 2E000000 		.4byte	.LASF133
 1328 0949 10       		.byte	0x10
 1329 094a B0       		.byte	0xb0
 1330 094b E9000000 		.4byte	0xe9
 1331 094f 04       		.byte	0x4
 1332 0950 07       		.uleb128 0x7
 1333 0951 24020000 		.4byte	.LASF134
 1334 0955 10       		.byte	0x10
 1335 0956 B1       		.byte	0xb1
 1336 0957 E9000000 		.4byte	0xe9
 1337 095b 08       		.byte	0x8
 1338 095c 07       		.uleb128 0x7
 1339 095d 6D000000 		.4byte	.LASF135
 1340 0961 10       		.byte	0x10
 1341 0962 B2       		.byte	0xb2
 1342 0963 E9000000 		.4byte	0xe9
 1343 0967 0C       		.byte	0xc
 1344 0968 12       		.uleb128 0x12
 1345 0969 49445200 		.ascii	"IDR\000"
 1346 096d 10       		.byte	0x10
 1347 096e B3       		.byte	0xb3
 1348 096f E9000000 		.4byte	0xe9
 1349 0973 10       		.byte	0x10
 1350 0974 12       		.uleb128 0x12
 1351 0975 4F445200 		.ascii	"ODR\000"
 1352 0979 10       		.byte	0x10
 1353 097a B4       		.byte	0xb4
 1354 097b E9000000 		.4byte	0xe9
 1355 097f 14       		.byte	0x14
 1356 0980 07       		.uleb128 0x7
 1357 0981 F7000000 		.4byte	.LASF136
 1358 0985 10       		.byte	0x10
 1359 0986 BB       		.byte	0xbb
 1360 0987 BD090000 		.4byte	0x9bd
 1361 098b 18       		.byte	0x18
 1362 098c 07       		.uleb128 0x7
 1363 098d 55050000 		.4byte	.LASF137
 1364 0991 10       		.byte	0x10
ARM GAS  /tmp/cc7c10JW.s 			page 25


 1365 0992 BC       		.byte	0xbc
 1366 0993 E9000000 		.4byte	0xe9
 1367 0997 1C       		.byte	0x1c
 1368 0998 07       		.uleb128 0x7
 1369 0999 88040000 		.4byte	.LASF138
 1370 099d 10       		.byte	0x10
 1371 099e BD       		.byte	0xbd
 1372 099f E9000000 		.4byte	0xe9
 1373 09a3 20       		.byte	0x20
 1374 09a4 07       		.uleb128 0x7
 1375 09a5 83040000 		.4byte	.LASF139
 1376 09a9 10       		.byte	0x10
 1377 09aa BE       		.byte	0xbe
 1378 09ab E9000000 		.4byte	0xe9
 1379 09af 24       		.byte	0x24
 1380 09b0 12       		.uleb128 0x12
 1381 09b1 42525200 		.ascii	"BRR\000"
 1382 09b5 10       		.byte	0x10
 1383 09b6 BF       		.byte	0xbf
 1384 09b7 E9000000 		.4byte	0xe9
 1385 09bb 28       		.byte	0x28
 1386 09bc 00       		.byte	0
 1387 09bd 05       		.uleb128 0x5
 1388 09be 15090000 		.4byte	0x915
 1389 09c2 03       		.uleb128 0x3
 1390 09c3 45020000 		.4byte	.LASF140
 1391 09c7 10       		.byte	0x10
 1392 09c8 C0       		.byte	0xc0
 1393 09c9 30090000 		.4byte	0x930
 1394 09cd 11       		.uleb128 0x11
 1395 09ce 03040000 		.4byte	.LASF141
 1396 09d2 10       		.byte	0x10
 1397 09d3 1A01     		.2byte	0x11a
 1398 09d5 CE000000 		.4byte	0xce
 1399 09d9 1B       		.uleb128 0x1b
 1400 09da 01       		.byte	0x1
 1401 09db 11       		.byte	0x11
 1402 09dc 55       		.byte	0x55
 1403 09dd F4090000 		.4byte	0x9f4
 1404 09e1 1C       		.uleb128 0x1c
 1405 09e2 72050000 		.4byte	.LASF142
 1406 09e6 00       		.sleb128 0
 1407 09e7 1C       		.uleb128 0x1c
 1408 09e8 3D050000 		.4byte	.LASF143
 1409 09ec 01       		.sleb128 1
 1410 09ed 1C       		.uleb128 0x1c
 1411 09ee 68060000 		.4byte	.LASF144
 1412 09f2 02       		.sleb128 2
 1413 09f3 00       		.byte	0
 1414 09f4 03       		.uleb128 0x3
 1415 09f5 8E060000 		.4byte	.LASF145
 1416 09f9 11       		.byte	0x11
 1417 09fa 59       		.byte	0x59
 1418 09fb D9090000 		.4byte	0x9d9
 1419 09ff 03       		.uleb128 0x3
 1420 0a00 AE050000 		.4byte	.LASF146
 1421 0a04 11       		.byte	0x11
ARM GAS  /tmp/cc7c10JW.s 			page 26


 1422 0a05 5E       		.byte	0x5e
 1423 0a06 0A0A0000 		.4byte	0xa0a
 1424 0a0a 06       		.uleb128 0x6
 1425 0a0b AE050000 		.4byte	.LASF146
 1426 0a0f D8       		.byte	0xd8
 1427 0a10 11       		.byte	0x11
 1428 0a11 78       		.byte	0x78
 1429 0a12 750A0000 		.4byte	0xa75
 1430 0a16 12       		.uleb128 0x12
 1431 0a17 766D7400 		.ascii	"vmt\000"
 1432 0a1b 11       		.byte	0x11
 1433 0a1c 7A       		.byte	0x7a
 1434 0a1d E20A0000 		.4byte	0xae2
 1435 0a21 00       		.byte	0
 1436 0a22 07       		.uleb128 0x7
 1437 0a23 EE020000 		.4byte	.LASF147
 1438 0a27 11       		.byte	0x11
 1439 0a28 7B       		.byte	0x7b
 1440 0a29 2E070000 		.4byte	0x72e
 1441 0a2d 04       		.byte	0x4
 1442 0a2e 07       		.uleb128 0x7
 1443 0a2f 23010000 		.4byte	.LASF148
 1444 0a33 11       		.byte	0x11
 1445 0a34 7B       		.byte	0x7b
 1446 0a35 F4090000 		.4byte	0x9f4
 1447 0a39 08       		.byte	0x8
 1448 0a3a 07       		.uleb128 0x7
 1449 0a3b C2020000 		.4byte	.LASF149
 1450 0a3f 11       		.byte	0x11
 1451 0a40 7B       		.byte	0x7b
 1452 0a41 DE070000 		.4byte	0x7de
 1453 0a45 0C       		.byte	0xc
 1454 0a46 07       		.uleb128 0x7
 1455 0a47 21030000 		.4byte	.LASF150
 1456 0a4b 11       		.byte	0x11
 1457 0a4c 7B       		.byte	0x7b
 1458 0a4d E9070000 		.4byte	0x7e9
 1459 0a51 30       		.byte	0x30
 1460 0a52 12       		.uleb128 0x12
 1461 0a53 696200   		.ascii	"ib\000"
 1462 0a56 11       		.byte	0x11
 1463 0a57 7B       		.byte	0x7b
 1464 0a58 ED0A0000 		.4byte	0xaed
 1465 0a5c 54       		.byte	0x54
 1466 0a5d 12       		.uleb128 0x12
 1467 0a5e 6F6200   		.ascii	"ob\000"
 1468 0a61 11       		.byte	0x11
 1469 0a62 7B       		.byte	0x7b
 1470 0a63 ED0A0000 		.4byte	0xaed
 1471 0a67 94       		.byte	0x94
 1472 0a68 07       		.uleb128 0x7
 1473 0a69 87020000 		.4byte	.LASF151
 1474 0a6d 11       		.byte	0x11
 1475 0a6e 7B       		.byte	0x7b
 1476 0a6f FD0A0000 		.4byte	0xafd
 1477 0a73 D4       		.byte	0xd4
 1478 0a74 00       		.byte	0
ARM GAS  /tmp/cc7c10JW.s 			page 27


 1479 0a75 06       		.uleb128 0x6
 1480 0a76 AB020000 		.4byte	.LASF152
 1481 0a7a 20       		.byte	0x20
 1482 0a7b 11       		.byte	0x11
 1483 0a7c 6D       		.byte	0x6d
 1484 0a7d E20A0000 		.4byte	0xae2
 1485 0a81 07       		.uleb128 0x7
 1486 0a82 92030000 		.4byte	.LASF153
 1487 0a86 11       		.byte	0x11
 1488 0a87 6E       		.byte	0x6e
 1489 0a88 18080000 		.4byte	0x818
 1490 0a8c 00       		.byte	0
 1491 0a8d 07       		.uleb128 0x7
 1492 0a8e D7050000 		.4byte	.LASF154
 1493 0a92 11       		.byte	0x11
 1494 0a93 6E       		.byte	0x6e
 1495 0a94 37080000 		.4byte	0x837
 1496 0a98 04       		.byte	0x4
 1497 0a99 12       		.uleb128 0x12
 1498 0a9a 70757400 		.ascii	"put\000"
 1499 0a9e 11       		.byte	0x11
 1500 0a9f 6E       		.byte	0x6e
 1501 0aa0 51080000 		.4byte	0x851
 1502 0aa4 08       		.byte	0x8
 1503 0aa5 12       		.uleb128 0x12
 1504 0aa6 67657400 		.ascii	"get\000"
 1505 0aaa 11       		.byte	0x11
 1506 0aab 6E       		.byte	0x6e
 1507 0aac 66080000 		.4byte	0x866
 1508 0ab0 0C       		.byte	0xc
 1509 0ab1 07       		.uleb128 0x7
 1510 0ab2 A6030000 		.4byte	.LASF155
 1511 0ab6 11       		.byte	0x11
 1512 0ab7 6E       		.byte	0x6e
 1513 0ab8 85080000 		.4byte	0x885
 1514 0abc 10       		.byte	0x10
 1515 0abd 07       		.uleb128 0x7
 1516 0abe E3020000 		.4byte	.LASF156
 1517 0ac2 11       		.byte	0x11
 1518 0ac3 6E       		.byte	0x6e
 1519 0ac4 9F080000 		.4byte	0x89f
 1520 0ac8 14       		.byte	0x14
 1521 0ac9 07       		.uleb128 0x7
 1522 0aca 4A030000 		.4byte	.LASF157
 1523 0ace 11       		.byte	0x11
 1524 0acf 6E       		.byte	0x6e
 1525 0ad0 C3080000 		.4byte	0x8c3
 1526 0ad4 18       		.byte	0x18
 1527 0ad5 07       		.uleb128 0x7
 1528 0ad6 CD000000 		.4byte	.LASF158
 1529 0ada 11       		.byte	0x11
 1530 0adb 6E       		.byte	0x6e
 1531 0adc E7080000 		.4byte	0x8e7
 1532 0ae0 1C       		.byte	0x1c
 1533 0ae1 00       		.byte	0
 1534 0ae2 0A       		.uleb128 0xa
 1535 0ae3 04       		.byte	0x4
ARM GAS  /tmp/cc7c10JW.s 			page 28


 1536 0ae4 E80A0000 		.4byte	0xae8
 1537 0ae8 16       		.uleb128 0x16
 1538 0ae9 750A0000 		.4byte	0xa75
 1539 0aed 17       		.uleb128 0x17
 1540 0aee AD000000 		.4byte	0xad
 1541 0af2 FD0A0000 		.4byte	0xafd
 1542 0af6 18       		.uleb128 0x18
 1543 0af7 72040000 		.4byte	0x472
 1544 0afb 3F       		.byte	0x3f
 1545 0afc 00       		.byte	0
 1546 0afd 0A       		.uleb128 0xa
 1547 0afe 04       		.byte	0x4
 1548 0aff DC040000 		.4byte	0x4dc
 1549 0b03 1D       		.uleb128 0x1d
 1550 0b04 D4020000 		.4byte	.LASF166
 1551 0b08 01       		.byte	0x1
 1552 0b09 0C       		.byte	0xc
 1553 0b0a 00000000 		.4byte	.LFB271
 1554 0b0e 66000000 		.4byte	.LFE271-.LFB271
 1555 0b12 01       		.uleb128 0x1
 1556 0b13 9C       		.byte	0x9c
 1557 0b14 430B0000 		.4byte	0xb43
 1558 0b18 1E       		.uleb128 0x1e
 1559 0b19 3B040000 		.4byte	.LASF159
 1560 0b1d 01       		.byte	0x1
 1561 0b1e 0C       		.byte	0xc
 1562 0b1f D8070000 		.4byte	0x7d8
 1563 0b23 02       		.uleb128 0x2
 1564 0b24 91       		.byte	0x91
 1565 0b25 6C       		.sleb128 -20
 1566 0b26 1F       		.uleb128 0x1f
 1567 0b27 6D736700 		.ascii	"msg\000"
 1568 0b2b 01       		.byte	0x1
 1569 0b2c 0C       		.byte	0xc
 1570 0b2d AD000000 		.4byte	0xad
 1571 0b31 02       		.uleb128 0x2
 1572 0b32 91       		.byte	0x91
 1573 0b33 6B       		.sleb128 -21
 1574 0b34 20       		.uleb128 0x20
 1575 0b35 F4060000 		.4byte	.LASF160
 1576 0b39 01       		.byte	0x1
 1577 0b3a 0E       		.byte	0xe
 1578 0b3b B8000000 		.4byte	0xb8
 1579 0b3f 02       		.uleb128 0x2
 1580 0b40 91       		.byte	0x91
 1581 0b41 76       		.sleb128 -10
 1582 0b42 00       		.byte	0
 1583 0b43 21       		.uleb128 0x21
 1584 0b44 EF060000 		.4byte	.LASF167
 1585 0b48 01       		.byte	0x1
 1586 0b49 19       		.byte	0x19
 1587 0b4a 25000000 		.4byte	0x25
 1588 0b4e 00000000 		.4byte	.LFB272
 1589 0b52 84000000 		.4byte	.LFE272-.LFB272
 1590 0b56 01       		.uleb128 0x1
 1591 0b57 9C       		.byte	0x9c
 1592 0b58 790B0000 		.4byte	0xb79
ARM GAS  /tmp/cc7c10JW.s 			page 29


 1593 0b5c 20       		.uleb128 0x20
 1594 0b5d 18010000 		.4byte	.LASF161
 1595 0b61 01       		.byte	0x1
 1596 0b62 1F       		.byte	0x1f
 1597 0b63 AD000000 		.4byte	0xad
 1598 0b67 02       		.uleb128 0x2
 1599 0b68 91       		.byte	0x91
 1600 0b69 77       		.sleb128 -9
 1601 0b6a 20       		.uleb128 0x20
 1602 0b6b 3B040000 		.4byte	.LASF159
 1603 0b6f 01       		.byte	0x1
 1604 0b70 20       		.byte	0x20
 1605 0b71 790B0000 		.4byte	0xb79
 1606 0b75 02       		.uleb128 0x2
 1607 0b76 91       		.byte	0x91
 1608 0b77 70       		.sleb128 -16
 1609 0b78 00       		.byte	0
 1610 0b79 17       		.uleb128 0x17
 1611 0b7a AD000000 		.4byte	0xad
 1612 0b7e 890B0000 		.4byte	0xb89
 1613 0b82 18       		.uleb128 0x18
 1614 0b83 72040000 		.4byte	0x472
 1615 0b87 06       		.byte	0x6
 1616 0b88 00       		.byte	0
 1617 0b89 22       		.uleb128 0x22
 1618 0b8a 9D000000 		.4byte	.LASF162
 1619 0b8e 13       		.byte	0x13
 1620 0b8f FA06     		.2byte	0x6fa
 1621 0b91 E4000000 		.4byte	0xe4
 1622 0b95 23       		.uleb128 0x23
 1623 0b96 636800   		.ascii	"ch\000"
 1624 0b99 07       		.byte	0x7
 1625 0b9a 0902     		.2byte	0x209
 1626 0b9c 0B040000 		.4byte	0x40b
 1627 0ba0 23       		.uleb128 0x23
 1628 0ba1 53443300 		.ascii	"SD3\000"
 1629 0ba5 12       		.byte	0x12
 1630 0ba6 4801     		.2byte	0x148
 1631 0ba8 FF090000 		.4byte	0x9ff
 1632 0bac 00       		.byte	0
 1633              		.section	.debug_abbrev,"",%progbits
 1634              	.Ldebug_abbrev0:
 1635 0000 01       		.uleb128 0x1
 1636 0001 11       		.uleb128 0x11
 1637 0002 01       		.byte	0x1
 1638 0003 25       		.uleb128 0x25
 1639 0004 0E       		.uleb128 0xe
 1640 0005 13       		.uleb128 0x13
 1641 0006 0B       		.uleb128 0xb
 1642 0007 03       		.uleb128 0x3
 1643 0008 0E       		.uleb128 0xe
 1644 0009 1B       		.uleb128 0x1b
 1645 000a 0E       		.uleb128 0xe
 1646 000b 55       		.uleb128 0x55
 1647 000c 17       		.uleb128 0x17
 1648 000d 11       		.uleb128 0x11
 1649 000e 01       		.uleb128 0x1
ARM GAS  /tmp/cc7c10JW.s 			page 30


 1650 000f 10       		.uleb128 0x10
 1651 0010 17       		.uleb128 0x17
 1652 0011 00       		.byte	0
 1653 0012 00       		.byte	0
 1654 0013 02       		.uleb128 0x2
 1655 0014 24       		.uleb128 0x24
 1656 0015 00       		.byte	0
 1657 0016 0B       		.uleb128 0xb
 1658 0017 0B       		.uleb128 0xb
 1659 0018 3E       		.uleb128 0x3e
 1660 0019 0B       		.uleb128 0xb
 1661 001a 03       		.uleb128 0x3
 1662 001b 08       		.uleb128 0x8
 1663 001c 00       		.byte	0
 1664 001d 00       		.byte	0
 1665 001e 03       		.uleb128 0x3
 1666 001f 16       		.uleb128 0x16
 1667 0020 00       		.byte	0
 1668 0021 03       		.uleb128 0x3
 1669 0022 0E       		.uleb128 0xe
 1670 0023 3A       		.uleb128 0x3a
 1671 0024 0B       		.uleb128 0xb
 1672 0025 3B       		.uleb128 0x3b
 1673 0026 0B       		.uleb128 0xb
 1674 0027 49       		.uleb128 0x49
 1675 0028 13       		.uleb128 0x13
 1676 0029 00       		.byte	0
 1677 002a 00       		.byte	0
 1678 002b 04       		.uleb128 0x4
 1679 002c 24       		.uleb128 0x24
 1680 002d 00       		.byte	0
 1681 002e 0B       		.uleb128 0xb
 1682 002f 0B       		.uleb128 0xb
 1683 0030 3E       		.uleb128 0x3e
 1684 0031 0B       		.uleb128 0xb
 1685 0032 03       		.uleb128 0x3
 1686 0033 0E       		.uleb128 0xe
 1687 0034 00       		.byte	0
 1688 0035 00       		.byte	0
 1689 0036 05       		.uleb128 0x5
 1690 0037 35       		.uleb128 0x35
 1691 0038 00       		.byte	0
 1692 0039 49       		.uleb128 0x49
 1693 003a 13       		.uleb128 0x13
 1694 003b 00       		.byte	0
 1695 003c 00       		.byte	0
 1696 003d 06       		.uleb128 0x6
 1697 003e 13       		.uleb128 0x13
 1698 003f 01       		.byte	0x1
 1699 0040 03       		.uleb128 0x3
 1700 0041 0E       		.uleb128 0xe
 1701 0042 0B       		.uleb128 0xb
 1702 0043 0B       		.uleb128 0xb
 1703 0044 3A       		.uleb128 0x3a
 1704 0045 0B       		.uleb128 0xb
 1705 0046 3B       		.uleb128 0x3b
 1706 0047 0B       		.uleb128 0xb
ARM GAS  /tmp/cc7c10JW.s 			page 31


 1707 0048 01       		.uleb128 0x1
 1708 0049 13       		.uleb128 0x13
 1709 004a 00       		.byte	0
 1710 004b 00       		.byte	0
 1711 004c 07       		.uleb128 0x7
 1712 004d 0D       		.uleb128 0xd
 1713 004e 00       		.byte	0
 1714 004f 03       		.uleb128 0x3
 1715 0050 0E       		.uleb128 0xe
 1716 0051 3A       		.uleb128 0x3a
 1717 0052 0B       		.uleb128 0xb
 1718 0053 3B       		.uleb128 0x3b
 1719 0054 0B       		.uleb128 0xb
 1720 0055 49       		.uleb128 0x49
 1721 0056 13       		.uleb128 0x13
 1722 0057 38       		.uleb128 0x38
 1723 0058 0B       		.uleb128 0xb
 1724 0059 00       		.byte	0
 1725 005a 00       		.byte	0
 1726 005b 08       		.uleb128 0x8
 1727 005c 0D       		.uleb128 0xd
 1728 005d 00       		.byte	0
 1729 005e 03       		.uleb128 0x3
 1730 005f 08       		.uleb128 0x8
 1731 0060 3A       		.uleb128 0x3a
 1732 0061 0B       		.uleb128 0xb
 1733 0062 3B       		.uleb128 0x3b
 1734 0063 05       		.uleb128 0x5
 1735 0064 49       		.uleb128 0x49
 1736 0065 13       		.uleb128 0x13
 1737 0066 38       		.uleb128 0x38
 1738 0067 0B       		.uleb128 0xb
 1739 0068 00       		.byte	0
 1740 0069 00       		.byte	0
 1741 006a 09       		.uleb128 0x9
 1742 006b 0D       		.uleb128 0xd
 1743 006c 00       		.byte	0
 1744 006d 03       		.uleb128 0x3
 1745 006e 0E       		.uleb128 0xe
 1746 006f 3A       		.uleb128 0x3a
 1747 0070 0B       		.uleb128 0xb
 1748 0071 3B       		.uleb128 0x3b
 1749 0072 05       		.uleb128 0x5
 1750 0073 49       		.uleb128 0x49
 1751 0074 13       		.uleb128 0x13
 1752 0075 38       		.uleb128 0x38
 1753 0076 0B       		.uleb128 0xb
 1754 0077 00       		.byte	0
 1755 0078 00       		.byte	0
 1756 0079 0A       		.uleb128 0xa
 1757 007a 0F       		.uleb128 0xf
 1758 007b 00       		.byte	0
 1759 007c 0B       		.uleb128 0xb
 1760 007d 0B       		.uleb128 0xb
 1761 007e 49       		.uleb128 0x49
 1762 007f 13       		.uleb128 0x13
 1763 0080 00       		.byte	0
ARM GAS  /tmp/cc7c10JW.s 			page 32


 1764 0081 00       		.byte	0
 1765 0082 0B       		.uleb128 0xb
 1766 0083 13       		.uleb128 0x13
 1767 0084 01       		.byte	0x1
 1768 0085 03       		.uleb128 0x3
 1769 0086 0E       		.uleb128 0xe
 1770 0087 0B       		.uleb128 0xb
 1771 0088 0B       		.uleb128 0xb
 1772 0089 3A       		.uleb128 0x3a
 1773 008a 0B       		.uleb128 0xb
 1774 008b 3B       		.uleb128 0x3b
 1775 008c 05       		.uleb128 0x5
 1776 008d 01       		.uleb128 0x1
 1777 008e 13       		.uleb128 0x13
 1778 008f 00       		.byte	0
 1779 0090 00       		.byte	0
 1780 0091 0C       		.uleb128 0xc
 1781 0092 15       		.uleb128 0x15
 1782 0093 01       		.byte	0x1
 1783 0094 27       		.uleb128 0x27
 1784 0095 19       		.uleb128 0x19
 1785 0096 01       		.uleb128 0x1
 1786 0097 13       		.uleb128 0x13
 1787 0098 00       		.byte	0
 1788 0099 00       		.byte	0
 1789 009a 0D       		.uleb128 0xd
 1790 009b 05       		.uleb128 0x5
 1791 009c 00       		.byte	0
 1792 009d 49       		.uleb128 0x49
 1793 009e 13       		.uleb128 0x13
 1794 009f 00       		.byte	0
 1795 00a0 00       		.byte	0
 1796 00a1 0E       		.uleb128 0xe
 1797 00a2 0F       		.uleb128 0xf
 1798 00a3 00       		.byte	0
 1799 00a4 0B       		.uleb128 0xb
 1800 00a5 0B       		.uleb128 0xb
 1801 00a6 00       		.byte	0
 1802 00a7 00       		.byte	0
 1803 00a8 0F       		.uleb128 0xf
 1804 00a9 13       		.uleb128 0x13
 1805 00aa 01       		.byte	0x1
 1806 00ab 03       		.uleb128 0x3
 1807 00ac 0E       		.uleb128 0xe
 1808 00ad 0B       		.uleb128 0xb
 1809 00ae 05       		.uleb128 0x5
 1810 00af 3A       		.uleb128 0x3a
 1811 00b0 0B       		.uleb128 0xb
 1812 00b1 3B       		.uleb128 0x3b
 1813 00b2 05       		.uleb128 0x5
 1814 00b3 01       		.uleb128 0x1
 1815 00b4 13       		.uleb128 0x13
 1816 00b5 00       		.byte	0
 1817 00b6 00       		.byte	0
 1818 00b7 10       		.uleb128 0x10
 1819 00b8 13       		.uleb128 0x13
 1820 00b9 01       		.byte	0x1
ARM GAS  /tmp/cc7c10JW.s 			page 33


 1821 00ba 0B       		.uleb128 0xb
 1822 00bb 0B       		.uleb128 0xb
 1823 00bc 3A       		.uleb128 0x3a
 1824 00bd 0B       		.uleb128 0xb
 1825 00be 3B       		.uleb128 0x3b
 1826 00bf 05       		.uleb128 0x5
 1827 00c0 01       		.uleb128 0x1
 1828 00c1 13       		.uleb128 0x13
 1829 00c2 00       		.byte	0
 1830 00c3 00       		.byte	0
 1831 00c4 11       		.uleb128 0x11
 1832 00c5 16       		.uleb128 0x16
 1833 00c6 00       		.byte	0
 1834 00c7 03       		.uleb128 0x3
 1835 00c8 0E       		.uleb128 0xe
 1836 00c9 3A       		.uleb128 0x3a
 1837 00ca 0B       		.uleb128 0xb
 1838 00cb 3B       		.uleb128 0x3b
 1839 00cc 05       		.uleb128 0x5
 1840 00cd 49       		.uleb128 0x49
 1841 00ce 13       		.uleb128 0x13
 1842 00cf 00       		.byte	0
 1843 00d0 00       		.byte	0
 1844 00d1 12       		.uleb128 0x12
 1845 00d2 0D       		.uleb128 0xd
 1846 00d3 00       		.byte	0
 1847 00d4 03       		.uleb128 0x3
 1848 00d5 08       		.uleb128 0x8
 1849 00d6 3A       		.uleb128 0x3a
 1850 00d7 0B       		.uleb128 0xb
 1851 00d8 3B       		.uleb128 0x3b
 1852 00d9 0B       		.uleb128 0xb
 1853 00da 49       		.uleb128 0x49
 1854 00db 13       		.uleb128 0x13
 1855 00dc 38       		.uleb128 0x38
 1856 00dd 0B       		.uleb128 0xb
 1857 00de 00       		.byte	0
 1858 00df 00       		.byte	0
 1859 00e0 13       		.uleb128 0x13
 1860 00e1 13       		.uleb128 0x13
 1861 00e2 01       		.byte	0x1
 1862 00e3 0B       		.uleb128 0xb
 1863 00e4 0B       		.uleb128 0xb
 1864 00e5 3A       		.uleb128 0x3a
 1865 00e6 0B       		.uleb128 0xb
 1866 00e7 3B       		.uleb128 0x3b
 1867 00e8 0B       		.uleb128 0xb
 1868 00e9 01       		.uleb128 0x1
 1869 00ea 13       		.uleb128 0x13
 1870 00eb 00       		.byte	0
 1871 00ec 00       		.byte	0
 1872 00ed 14       		.uleb128 0x14
 1873 00ee 17       		.uleb128 0x17
 1874 00ef 01       		.byte	0x1
 1875 00f0 0B       		.uleb128 0xb
 1876 00f1 0B       		.uleb128 0xb
 1877 00f2 3A       		.uleb128 0x3a
ARM GAS  /tmp/cc7c10JW.s 			page 34


 1878 00f3 0B       		.uleb128 0xb
 1879 00f4 3B       		.uleb128 0x3b
 1880 00f5 0B       		.uleb128 0xb
 1881 00f6 01       		.uleb128 0x1
 1882 00f7 13       		.uleb128 0x13
 1883 00f8 00       		.byte	0
 1884 00f9 00       		.byte	0
 1885 00fa 15       		.uleb128 0x15
 1886 00fb 0D       		.uleb128 0xd
 1887 00fc 00       		.byte	0
 1888 00fd 03       		.uleb128 0x3
 1889 00fe 0E       		.uleb128 0xe
 1890 00ff 3A       		.uleb128 0x3a
 1891 0100 0B       		.uleb128 0xb
 1892 0101 3B       		.uleb128 0x3b
 1893 0102 05       		.uleb128 0x5
 1894 0103 49       		.uleb128 0x49
 1895 0104 13       		.uleb128 0x13
 1896 0105 00       		.byte	0
 1897 0106 00       		.byte	0
 1898 0107 16       		.uleb128 0x16
 1899 0108 26       		.uleb128 0x26
 1900 0109 00       		.byte	0
 1901 010a 49       		.uleb128 0x49
 1902 010b 13       		.uleb128 0x13
 1903 010c 00       		.byte	0
 1904 010d 00       		.byte	0
 1905 010e 17       		.uleb128 0x17
 1906 010f 01       		.uleb128 0x1
 1907 0110 01       		.byte	0x1
 1908 0111 49       		.uleb128 0x49
 1909 0112 13       		.uleb128 0x13
 1910 0113 01       		.uleb128 0x1
 1911 0114 13       		.uleb128 0x13
 1912 0115 00       		.byte	0
 1913 0116 00       		.byte	0
 1914 0117 18       		.uleb128 0x18
 1915 0118 21       		.uleb128 0x21
 1916 0119 00       		.byte	0
 1917 011a 49       		.uleb128 0x49
 1918 011b 13       		.uleb128 0x13
 1919 011c 2F       		.uleb128 0x2f
 1920 011d 0B       		.uleb128 0xb
 1921 011e 00       		.byte	0
 1922 011f 00       		.byte	0
 1923 0120 19       		.uleb128 0x19
 1924 0121 15       		.uleb128 0x15
 1925 0122 01       		.byte	0x1
 1926 0123 27       		.uleb128 0x27
 1927 0124 19       		.uleb128 0x19
 1928 0125 49       		.uleb128 0x49
 1929 0126 13       		.uleb128 0x13
 1930 0127 01       		.uleb128 0x1
 1931 0128 13       		.uleb128 0x13
 1932 0129 00       		.byte	0
 1933 012a 00       		.byte	0
 1934 012b 1A       		.uleb128 0x1a
ARM GAS  /tmp/cc7c10JW.s 			page 35


 1935 012c 0D       		.uleb128 0xd
 1936 012d 00       		.byte	0
 1937 012e 03       		.uleb128 0x3
 1938 012f 08       		.uleb128 0x8
 1939 0130 3A       		.uleb128 0x3a
 1940 0131 0B       		.uleb128 0xb
 1941 0132 3B       		.uleb128 0x3b
 1942 0133 0B       		.uleb128 0xb
 1943 0134 49       		.uleb128 0x49
 1944 0135 13       		.uleb128 0x13
 1945 0136 00       		.byte	0
 1946 0137 00       		.byte	0
 1947 0138 1B       		.uleb128 0x1b
 1948 0139 04       		.uleb128 0x4
 1949 013a 01       		.byte	0x1
 1950 013b 0B       		.uleb128 0xb
 1951 013c 0B       		.uleb128 0xb
 1952 013d 3A       		.uleb128 0x3a
 1953 013e 0B       		.uleb128 0xb
 1954 013f 3B       		.uleb128 0x3b
 1955 0140 0B       		.uleb128 0xb
 1956 0141 01       		.uleb128 0x1
 1957 0142 13       		.uleb128 0x13
 1958 0143 00       		.byte	0
 1959 0144 00       		.byte	0
 1960 0145 1C       		.uleb128 0x1c
 1961 0146 28       		.uleb128 0x28
 1962 0147 00       		.byte	0
 1963 0148 03       		.uleb128 0x3
 1964 0149 0E       		.uleb128 0xe
 1965 014a 1C       		.uleb128 0x1c
 1966 014b 0D       		.uleb128 0xd
 1967 014c 00       		.byte	0
 1968 014d 00       		.byte	0
 1969 014e 1D       		.uleb128 0x1d
 1970 014f 2E       		.uleb128 0x2e
 1971 0150 01       		.byte	0x1
 1972 0151 3F       		.uleb128 0x3f
 1973 0152 19       		.uleb128 0x19
 1974 0153 03       		.uleb128 0x3
 1975 0154 0E       		.uleb128 0xe
 1976 0155 3A       		.uleb128 0x3a
 1977 0156 0B       		.uleb128 0xb
 1978 0157 3B       		.uleb128 0x3b
 1979 0158 0B       		.uleb128 0xb
 1980 0159 27       		.uleb128 0x27
 1981 015a 19       		.uleb128 0x19
 1982 015b 11       		.uleb128 0x11
 1983 015c 01       		.uleb128 0x1
 1984 015d 12       		.uleb128 0x12
 1985 015e 06       		.uleb128 0x6
 1986 015f 40       		.uleb128 0x40
 1987 0160 18       		.uleb128 0x18
 1988 0161 9642     		.uleb128 0x2116
 1989 0163 19       		.uleb128 0x19
 1990 0164 01       		.uleb128 0x1
 1991 0165 13       		.uleb128 0x13
ARM GAS  /tmp/cc7c10JW.s 			page 36


 1992 0166 00       		.byte	0
 1993 0167 00       		.byte	0
 1994 0168 1E       		.uleb128 0x1e
 1995 0169 05       		.uleb128 0x5
 1996 016a 00       		.byte	0
 1997 016b 03       		.uleb128 0x3
 1998 016c 0E       		.uleb128 0xe
 1999 016d 3A       		.uleb128 0x3a
 2000 016e 0B       		.uleb128 0xb
 2001 016f 3B       		.uleb128 0x3b
 2002 0170 0B       		.uleb128 0xb
 2003 0171 49       		.uleb128 0x49
 2004 0172 13       		.uleb128 0x13
 2005 0173 02       		.uleb128 0x2
 2006 0174 18       		.uleb128 0x18
 2007 0175 00       		.byte	0
 2008 0176 00       		.byte	0
 2009 0177 1F       		.uleb128 0x1f
 2010 0178 05       		.uleb128 0x5
 2011 0179 00       		.byte	0
 2012 017a 03       		.uleb128 0x3
 2013 017b 08       		.uleb128 0x8
 2014 017c 3A       		.uleb128 0x3a
 2015 017d 0B       		.uleb128 0xb
 2016 017e 3B       		.uleb128 0x3b
 2017 017f 0B       		.uleb128 0xb
 2018 0180 49       		.uleb128 0x49
 2019 0181 13       		.uleb128 0x13
 2020 0182 02       		.uleb128 0x2
 2021 0183 18       		.uleb128 0x18
 2022 0184 00       		.byte	0
 2023 0185 00       		.byte	0
 2024 0186 20       		.uleb128 0x20
 2025 0187 34       		.uleb128 0x34
 2026 0188 00       		.byte	0
 2027 0189 03       		.uleb128 0x3
 2028 018a 0E       		.uleb128 0xe
 2029 018b 3A       		.uleb128 0x3a
 2030 018c 0B       		.uleb128 0xb
 2031 018d 3B       		.uleb128 0x3b
 2032 018e 0B       		.uleb128 0xb
 2033 018f 49       		.uleb128 0x49
 2034 0190 13       		.uleb128 0x13
 2035 0191 02       		.uleb128 0x2
 2036 0192 18       		.uleb128 0x18
 2037 0193 00       		.byte	0
 2038 0194 00       		.byte	0
 2039 0195 21       		.uleb128 0x21
 2040 0196 2E       		.uleb128 0x2e
 2041 0197 01       		.byte	0x1
 2042 0198 3F       		.uleb128 0x3f
 2043 0199 19       		.uleb128 0x19
 2044 019a 03       		.uleb128 0x3
 2045 019b 0E       		.uleb128 0xe
 2046 019c 3A       		.uleb128 0x3a
 2047 019d 0B       		.uleb128 0xb
 2048 019e 3B       		.uleb128 0x3b
ARM GAS  /tmp/cc7c10JW.s 			page 37


 2049 019f 0B       		.uleb128 0xb
 2050 01a0 27       		.uleb128 0x27
 2051 01a1 19       		.uleb128 0x19
 2052 01a2 49       		.uleb128 0x49
 2053 01a3 13       		.uleb128 0x13
 2054 01a4 11       		.uleb128 0x11
 2055 01a5 01       		.uleb128 0x1
 2056 01a6 12       		.uleb128 0x12
 2057 01a7 06       		.uleb128 0x6
 2058 01a8 40       		.uleb128 0x40
 2059 01a9 18       		.uleb128 0x18
 2060 01aa 9642     		.uleb128 0x2116
 2061 01ac 19       		.uleb128 0x19
 2062 01ad 01       		.uleb128 0x1
 2063 01ae 13       		.uleb128 0x13
 2064 01af 00       		.byte	0
 2065 01b0 00       		.byte	0
 2066 01b1 22       		.uleb128 0x22
 2067 01b2 34       		.uleb128 0x34
 2068 01b3 00       		.byte	0
 2069 01b4 03       		.uleb128 0x3
 2070 01b5 0E       		.uleb128 0xe
 2071 01b6 3A       		.uleb128 0x3a
 2072 01b7 0B       		.uleb128 0xb
 2073 01b8 3B       		.uleb128 0x3b
 2074 01b9 05       		.uleb128 0x5
 2075 01ba 49       		.uleb128 0x49
 2076 01bb 13       		.uleb128 0x13
 2077 01bc 3F       		.uleb128 0x3f
 2078 01bd 19       		.uleb128 0x19
 2079 01be 3C       		.uleb128 0x3c
 2080 01bf 19       		.uleb128 0x19
 2081 01c0 00       		.byte	0
 2082 01c1 00       		.byte	0
 2083 01c2 23       		.uleb128 0x23
 2084 01c3 34       		.uleb128 0x34
 2085 01c4 00       		.byte	0
 2086 01c5 03       		.uleb128 0x3
 2087 01c6 08       		.uleb128 0x8
 2088 01c7 3A       		.uleb128 0x3a
 2089 01c8 0B       		.uleb128 0xb
 2090 01c9 3B       		.uleb128 0x3b
 2091 01ca 05       		.uleb128 0x5
 2092 01cb 49       		.uleb128 0x49
 2093 01cc 13       		.uleb128 0x13
 2094 01cd 3F       		.uleb128 0x3f
 2095 01ce 19       		.uleb128 0x19
 2096 01cf 3C       		.uleb128 0x3c
 2097 01d0 19       		.uleb128 0x19
 2098 01d1 00       		.byte	0
 2099 01d2 00       		.byte	0
 2100 01d3 00       		.byte	0
 2101              		.section	.debug_aranges,"",%progbits
 2102 0000 24000000 		.4byte	0x24
 2103 0004 0200     		.2byte	0x2
 2104 0006 00000000 		.4byte	.Ldebug_info0
 2105 000a 04       		.byte	0x4
ARM GAS  /tmp/cc7c10JW.s 			page 38


 2106 000b 00       		.byte	0
 2107 000c 0000     		.2byte	0
 2108 000e 0000     		.2byte	0
 2109 0010 00000000 		.4byte	.LFB271
 2110 0014 66000000 		.4byte	.LFE271-.LFB271
 2111 0018 00000000 		.4byte	.LFB272
 2112 001c 84000000 		.4byte	.LFE272-.LFB272
 2113 0020 00000000 		.4byte	0
 2114 0024 00000000 		.4byte	0
 2115              		.section	.debug_ranges,"",%progbits
 2116              	.Ldebug_ranges0:
 2117 0000 00000000 		.4byte	.LFB271
 2118 0004 66000000 		.4byte	.LFE271
 2119 0008 00000000 		.4byte	.LFB272
 2120 000c 84000000 		.4byte	.LFE272
 2121 0010 00000000 		.4byte	0
 2122 0014 00000000 		.4byte	0
 2123              		.section	.debug_line,"",%progbits
 2124              	.Ldebug_line0:
 2125 0000 E7020000 		.section	.debug_str,"MS",%progbits,1
 2125      0200AC02 
 2125      00000201 
 2125      FB0E0D00 
 2125      01010101 
 2126              	.LASF54:
 2127 0000 72656164 		.ascii	"ready_list_t\000"
 2127      795F6C69 
 2127      73745F74 
 2127      00
 2128              	.LASF2:
 2129 000d 73697A65 		.ascii	"size_t\000"
 2129      5F7400
 2130              	.LASF91:
 2131 0014 7264796D 		.ascii	"rdymsg\000"
 2131      736700
 2132              	.LASF19:
 2133 001b 75696E74 		.ascii	"uint64_t\000"
 2133      36345F74 
 2133      00
 2134              	.LASF3:
 2135 0024 5F5F7569 		.ascii	"__uint8_t\000"
 2135      6E74385F 
 2135      7400
 2136              	.LASF133:
 2137 002e 4F545950 		.ascii	"OTYPER\000"
 2137      455200
 2138              	.LASF88:
 2139 0035 706F7274 		.ascii	"port_intctx\000"
 2139      5F696E74 
 2139      63747800 
 2140              	.LASF73:
 2141 0041 73797374 		.ascii	"system_debug_t\000"
 2141      656D5F64 
 2141      65627567 
 2141      5F7400
 2142              	.LASF132:
 2143 0050 4D4F4445 		.ascii	"MODER\000"
ARM GAS  /tmp/cc7c10JW.s 			page 39


 2143      5200
 2144              	.LASF14:
 2145 0056 6C6F6E67 		.ascii	"long long unsigned int\000"
 2145      206C6F6E 
 2145      6720756E 
 2145      7369676E 
 2145      65642069 
 2146              	.LASF135:
 2147 006d 50555044 		.ascii	"PUPDR\000"
 2147      5200
 2148              	.LASF92:
 2149 0073 65786974 		.ascii	"exitcode\000"
 2149      636F6465 
 2149      00
 2150              	.LASF80:
 2151 007c 6D61696E 		.ascii	"mainthread\000"
 2151      74687265 
 2151      616400
 2152              	.LASF70:
 2153 0087 76697274 		.ascii	"virtual_timers_list_t\000"
 2153      75616C5F 
 2153      74696D65 
 2153      72735F6C 
 2153      6973745F 
 2154              	.LASF162:
 2155 009d 49544D5F 		.ascii	"ITM_RxBuffer\000"
 2155      52784275 
 2155      66666572 
 2155      00
 2156              	.LASF117:
 2157 00aa 696F5F71 		.ascii	"io_queue_t\000"
 2157      75657565 
 2157      5F7400
 2158              	.LASF53:
 2159 00b5 63685F74 		.ascii	"ch_threads_queue\000"
 2159      68726561 
 2159      64735F71 
 2159      75657565 
 2159      00
 2160              	.LASF33:
 2161 00c6 705F7072 		.ascii	"p_prio\000"
 2161      696F00
 2162              	.LASF158:
 2163 00cd 72656164 		.ascii	"readt\000"
 2163      7400
 2164              	.LASF119:
 2165 00d3 715F7761 		.ascii	"q_waiting\000"
 2165      6974696E 
 2165      6700
 2166              	.LASF12:
 2167 00dd 6C6F6E67 		.ascii	"long long int\000"
 2167      206C6F6E 
 2167      6720696E 
 2167      7400
 2168              	.LASF1:
 2169 00eb 7369676E 		.ascii	"signed char\000"
 2169      65642063 
ARM GAS  /tmp/cc7c10JW.s 			page 40


 2169      68617200 
 2170              	.LASF136:
 2171 00f7 42535252 		.ascii	"BSRR\000"
 2171      00
 2172              	.LASF83:
 2173 00fc 47545052 		.ascii	"GTPR\000"
 2173      00
 2174              	.LASF47:
 2175 0101 705F6D70 		.ascii	"p_mpool\000"
 2175      6F6F6C00 
 2176              	.LASF102:
 2177 0109 6D5F7175 		.ascii	"m_queue\000"
 2177      65756500 
 2178              	.LASF79:
 2179 0111 76746C69 		.ascii	"vtlist\000"
 2179      737400
 2180              	.LASF161:
 2181 0118 706F7274 		.ascii	"portSample\000"
 2181      53616D70 
 2181      6C6500
 2182              	.LASF148:
 2183 0123 73746174 		.ascii	"state\000"
 2183      6500
 2184              	.LASF77:
 2185 0129 63685F73 		.ascii	"ch_system\000"
 2185      79737465 
 2185      6D00
 2186              	.LASF9:
 2187 0133 6C6F6E67 		.ascii	"long int\000"
 2187      20696E74 
 2187      00
 2188              	.LASF22:
 2189 013c 74737461 		.ascii	"tstate_t\000"
 2189      74655F74 
 2189      00
 2190              	.LASF40:
 2191 0145 705F7265 		.ascii	"p_refs\000"
 2191      667300
 2192              	.LASF121:
 2193 014c 715F6275 		.ascii	"q_buffer\000"
 2193      66666572 
 2193      00
 2194              	.LASF123:
 2195 0155 715F7772 		.ascii	"q_wrptr\000"
 2195      70747200 
 2196              	.LASF126:
 2197 015d 715F6C69 		.ascii	"q_link\000"
 2197      6E6B00
 2198              	.LASF163:
 2199 0164 474E5520 		.ascii	"GNU C 4.8.4 20141219 (release) -mcpu=cortex-m4 -mno"
 2199      4320342E 
 2199      382E3420 
 2199      32303134 
 2199      31323139 
 2200 0197 2D746875 		.ascii	"-thumb-interwork -mthumb -ggdb -O0 -fomit-frame-poi"
 2200      6D622D69 
 2200      6E746572 
ARM GAS  /tmp/cc7c10JW.s 			page 41


 2200      776F726B 
 2200      202D6D74 
 2201 01ca 6E746572 		.ascii	"nter -falign-functions=16 -ffunction-sections -fdat"
 2201      202D6661 
 2201      6C69676E 
 2201      2D66756E 
 2201      6374696F 
 2202 01fd 612D7365 		.ascii	"a-sections -fno-common\000"
 2202      6374696F 
 2202      6E73202D 
 2202      666E6F2D 
 2202      636F6D6D 
 2203              	.LASF35:
 2204 0214 705F6E65 		.ascii	"p_newer\000"
 2204      77657200 
 2205              	.LASF99:
 2206 021c 735F7175 		.ascii	"s_queue\000"
 2206      65756500 
 2207              	.LASF134:
 2208 0224 4F535045 		.ascii	"OSPEEDR\000"
 2208      45445200 
 2209              	.LASF59:
 2210 022c 725F6E65 		.ascii	"r_newer\000"
 2210      77657200 
 2211              	.LASF85:
 2212 0234 72656761 		.ascii	"regarm_t\000"
 2212      726D5F74 
 2212      00
 2213              	.LASF66:
 2214 023d 76745F70 		.ascii	"vt_prev\000"
 2214      72657600 
 2215              	.LASF140:
 2216 0245 73746D33 		.ascii	"stm32_gpio_t\000"
 2216      325F6770 
 2216      696F5F74 
 2216      00
 2217              	.LASF106:
 2218 0252 6D757465 		.ascii	"mutex_t\000"
 2218      785F7400 
 2219              	.LASF118:
 2220 025a 696F5F71 		.ascii	"io_queue\000"
 2220      75657565 
 2220      00
 2221              	.LASF116:
 2222 0263 6576656E 		.ascii	"event_source_t\000"
 2222      745F736F 
 2222      75726365 
 2222      5F7400
 2223              	.LASF81:
 2224 0272 69646C65 		.ascii	"idle_thread_wa\000"
 2224      5F746872 
 2224      6561645F 
 2224      776100
 2225              	.LASF28:
 2226 0281 636E745F 		.ascii	"cnt_t\000"
 2226      7400
 2227              	.LASF151:
ARM GAS  /tmp/cc7c10JW.s 			page 42


 2228 0287 75736172 		.ascii	"usart\000"
 2228      7400
 2229              	.LASF0:
 2230 028d 756E7369 		.ascii	"unsigned int\000"
 2230      676E6564 
 2230      20696E74 
 2230      00
 2231              	.LASF65:
 2232 029a 76745F6E 		.ascii	"vt_next\000"
 2232      65787400 
 2233              	.LASF16:
 2234 02a2 75696E74 		.ascii	"uint16_t\000"
 2234      31365F74 
 2234      00
 2235              	.LASF152:
 2236 02ab 53657269 		.ascii	"SerialDriverVMT\000"
 2236      616C4472 
 2236      69766572 
 2236      564D5400 
 2237              	.LASF95:
 2238 02bb 77747365 		.ascii	"wtsemp\000"
 2238      6D7000
 2239              	.LASF149:
 2240 02c2 69717565 		.ascii	"iqueue\000"
 2240      756500
 2241              	.LASF42:
 2242 02c9 705F6D73 		.ascii	"p_msgqueue\000"
 2242      67717565 
 2242      756500
 2243              	.LASF166:
 2244 02d4 70726570 		.ascii	"prepareForSend\000"
 2244      61726546 
 2244      6F725365 
 2244      6E6400
 2245              	.LASF156:
 2246 02e3 67657474 		.ascii	"gett\000"
 2246      00
 2247              	.LASF100:
 2248 02e8 735F636E 		.ascii	"s_cnt\000"
 2248      7400
 2249              	.LASF147:
 2250 02ee 6576656E 		.ascii	"event\000"
 2250      7400
 2251              	.LASF7:
 2252 02f4 73686F72 		.ascii	"short unsigned int\000"
 2252      7420756E 
 2252      7369676E 
 2252      65642069 
 2252      6E7400
 2253              	.LASF50:
 2254 0307 63685F74 		.ascii	"ch_thread\000"
 2254      68726561 
 2254      6400
 2255              	.LASF113:
 2256 0311 656C5F77 		.ascii	"el_wflags\000"
 2256      666C6167 
 2256      7300
ARM GAS  /tmp/cc7c10JW.s 			page 43


 2257              	.LASF25:
 2258 031b 6D73675F 		.ascii	"msg_t\000"
 2258      7400
 2259              	.LASF150:
 2260 0321 6F717565 		.ascii	"oqueue\000"
 2260      756500
 2261              	.LASF109:
 2262 0328 656C5F6E 		.ascii	"el_next\000"
 2262      65787400 
 2263              	.LASF76:
 2264 0330 63685F73 		.ascii	"ch_system_t\000"
 2264      79737465 
 2264      6D5F7400 
 2265              	.LASF84:
 2266 033c 55534152 		.ascii	"USART_TypeDef\000"
 2266      545F5479 
 2266      70654465 
 2266      6600
 2267              	.LASF157:
 2268 034a 77726974 		.ascii	"writet\000"
 2268      657400
 2269              	.LASF21:
 2270 0351 746D6F64 		.ascii	"tmode_t\000"
 2270      655F7400 
 2271              	.LASF55:
 2272 0359 63685F72 		.ascii	"ch_ready_list\000"
 2272      65616479 
 2272      5F6C6973 
 2272      7400
 2273              	.LASF26:
 2274 0367 6576656E 		.ascii	"eventmask_t\000"
 2274      746D6173 
 2274      6B5F7400 
 2275              	.LASF8:
 2276 0373 5F5F696E 		.ascii	"__int32_t\000"
 2276      7433325F 
 2276      7400
 2277              	.LASF127:
 2278 037d 716E6F74 		.ascii	"qnotify_t\000"
 2278      6966795F 
 2278      7400
 2279              	.LASF86:
 2280 0387 73746B61 		.ascii	"stkalign_t\000"
 2280      6C69676E 
 2280      5F7400
 2281              	.LASF153:
 2282 0392 77726974 		.ascii	"write\000"
 2282      6500
 2283              	.LASF128:
 2284 0398 696E7075 		.ascii	"input_queue_t\000"
 2284      745F7175 
 2284      6575655F 
 2284      7400
 2285              	.LASF155:
 2286 03a6 70757474 		.ascii	"putt\000"
 2286      00
 2287              	.LASF129:
ARM GAS  /tmp/cc7c10JW.s 			page 44


 2288 03ab 6F757470 		.ascii	"output_queue_t\000"
 2288      75745F71 
 2288      75657565 
 2288      5F7400
 2289              	.LASF41:
 2290 03ba 705F7761 		.ascii	"p_waiting\000"
 2290      6974696E 
 2290      6700
 2291              	.LASF82:
 2292 03c4 73697A65 		.ascii	"sizetype\000"
 2292      74797065 
 2292      00
 2293              	.LASF48:
 2294 03cd 74687265 		.ascii	"thread_reference_t\000"
 2294      61645F72 
 2294      65666572 
 2294      656E6365 
 2294      5F7400
 2295              	.LASF71:
 2296 03e0 63685F76 		.ascii	"ch_virtual_timers_list\000"
 2296      69727475 
 2296      616C5F74 
 2296      696D6572 
 2296      735F6C69 
 2297              	.LASF131:
 2298 03f7 636C6561 		.ascii	"clear\000"
 2298      7200
 2299              	.LASF94:
 2300 03fd 77747472 		.ascii	"wttrp\000"
 2300      7000
 2301              	.LASF141:
 2302 0403 696F706F 		.ascii	"ioportmask_t\000"
 2302      72746D61 
 2302      736B5F74 
 2302      00
 2303              	.LASF72:
 2304 0410 76745F6C 		.ascii	"vt_lasttime\000"
 2304      61737474 
 2304      696D6500 
 2305              	.LASF36:
 2306 041c 705F6F6C 		.ascii	"p_older\000"
 2306      64657200 
 2307              	.LASF58:
 2308 0424 725F6374 		.ascii	"r_ctx\000"
 2308      7800
 2309              	.LASF90:
 2310 042a 746D5F63 		.ascii	"tm_calibration_t\000"
 2310      616C6962 
 2310      72617469 
 2310      6F6E5F74 
 2310      00
 2311              	.LASF159:
 2312 043b 7061636B 		.ascii	"packet\000"
 2312      657400
 2313              	.LASF164:
 2314 0442 6D61696E 		.ascii	"main.c\000"
 2314      2E6300
ARM GAS  /tmp/cc7c10JW.s 			page 45


 2315              	.LASF60:
 2316 0449 725F6F6C 		.ascii	"r_older\000"
 2316      64657200 
 2317              	.LASF165:
 2318 0451 2F686F6D 		.ascii	"/home/efe/projeler/led-panel\000"
 2318      652F6566 
 2318      652F7072 
 2318      6F6A656C 
 2318      65722F6C 
 2319              	.LASF111:
 2320 046e 656C5F65 		.ascii	"el_events\000"
 2320      76656E74 
 2320      7300
 2321              	.LASF13:
 2322 0478 5F5F7569 		.ascii	"__uint64_t\000"
 2322      6E743634 
 2322      5F7400
 2323              	.LASF139:
 2324 0483 41465248 		.ascii	"AFRH\000"
 2324      00
 2325              	.LASF138:
 2326 0488 4146524C 		.ascii	"AFRL\000"
 2326      00
 2327              	.LASF23:
 2328 048d 74726566 		.ascii	"trefs_t\000"
 2328      735F7400 
 2329              	.LASF63:
 2330 0495 76697274 		.ascii	"virtual_timer_t\000"
 2330      75616C5F 
 2330      74696D65 
 2330      725F7400 
 2331              	.LASF32:
 2332 04a5 705F7072 		.ascii	"p_prev\000"
 2332      657600
 2333              	.LASF24:
 2334 04ac 74707269 		.ascii	"tprio_t\000"
 2334      6F5F7400 
 2335              	.LASF124:
 2336 04b4 715F7264 		.ascii	"q_rdptr\000"
 2336      70747200 
 2337              	.LASF74:
 2338 04bc 63685F73 		.ascii	"ch_system_debug\000"
 2338      79737465 
 2338      6D5F6465 
 2338      62756700 
 2339              	.LASF130:
 2340 04cc 5F426F6F 		.ascii	"_Bool\000"
 2340      6C00
 2341              	.LASF17:
 2342 04d2 696E7433 		.ascii	"int32_t\000"
 2342      325F7400 
 2343              	.LASF4:
 2344 04da 756E7369 		.ascii	"unsigned char\000"
 2344      676E6564 
 2344      20636861 
 2344      7200
 2345              	.LASF110:
ARM GAS  /tmp/cc7c10JW.s 			page 46


 2346 04e8 656C5F6C 		.ascii	"el_listener\000"
 2346      69737465 
 2346      6E657200 
 2347              	.LASF112:
 2348 04f4 656C5F66 		.ascii	"el_flags\000"
 2348      6C616773 
 2348      00
 2349              	.LASF45:
 2350 04fd 705F6D74 		.ascii	"p_mtxlist\000"
 2350      786C6973 
 2350      7400
 2351              	.LASF5:
 2352 0507 73686F72 		.ascii	"short int\000"
 2352      7420696E 
 2352      7400
 2353              	.LASF38:
 2354 0511 705F7374 		.ascii	"p_state\000"
 2354      61746500 
 2355              	.LASF57:
 2356 0519 725F7072 		.ascii	"r_prio\000"
 2356      696F00
 2357              	.LASF97:
 2358 0520 65776D61 		.ascii	"ewmask\000"
 2358      736B00
 2359              	.LASF31:
 2360 0527 705F6E65 		.ascii	"p_next\000"
 2360      787400
 2361              	.LASF39:
 2362 052e 705F666C 		.ascii	"p_flags\000"
 2362      61677300 
 2363              	.LASF37:
 2364 0536 705F6E61 		.ascii	"p_name\000"
 2364      6D6500
 2365              	.LASF143:
 2366 053d 53445F53 		.ascii	"SD_STOP\000"
 2366      544F5000 
 2367              	.LASF52:
 2368 0545 74687265 		.ascii	"threads_queue_t\000"
 2368      6164735F 
 2368      71756575 
 2368      655F7400 
 2369              	.LASF137:
 2370 0555 4C434B52 		.ascii	"LCKR\000"
 2370      00
 2371              	.LASF98:
 2372 055a 63685F73 		.ascii	"ch_semaphore\000"
 2372      656D6170 
 2372      686F7265 
 2372      00
 2373              	.LASF44:
 2374 0567 705F6570 		.ascii	"p_epending\000"
 2374      656E6469 
 2374      6E6700
 2375              	.LASF142:
 2376 0572 53445F55 		.ascii	"SD_UNINIT\000"
 2376      4E494E49 
 2376      5400
ARM GAS  /tmp/cc7c10JW.s 			page 47


 2377              	.LASF120:
 2378 057c 715F636F 		.ascii	"q_counter\000"
 2378      756E7465 
 2378      7200
 2379              	.LASF96:
 2380 0586 77746D74 		.ascii	"wtmtxp\000"
 2380      787000
 2381              	.LASF56:
 2382 058d 725F7175 		.ascii	"r_queue\000"
 2382      65756500 
 2383              	.LASF67:
 2384 0595 76745F64 		.ascii	"vt_delta\000"
 2384      656C7461 
 2384      00
 2385              	.LASF51:
 2386 059e 63685F74 		.ascii	"ch_threads_list\000"
 2386      68726561 
 2386      64735F6C 
 2386      69737400 
 2387              	.LASF146:
 2388 05ae 53657269 		.ascii	"SerialDriver\000"
 2388      616C4472 
 2388      69766572 
 2388      00
 2389              	.LASF11:
 2390 05bb 6C6F6E67 		.ascii	"long unsigned int\000"
 2390      20756E73 
 2390      69676E65 
 2390      6420696E 
 2390      7400
 2391              	.LASF61:
 2392 05cd 725F6375 		.ascii	"r_current\000"
 2392      7272656E 
 2392      7400
 2393              	.LASF154:
 2394 05d7 72656164 		.ascii	"read\000"
 2394      00
 2395              	.LASF105:
 2396 05dc 63686172 		.ascii	"char\000"
 2396      00
 2397              	.LASF6:
 2398 05e1 5F5F7569 		.ascii	"__uint16_t\000"
 2398      6E743136 
 2398      5F7400
 2399              	.LASF30:
 2400 05ec 74687265 		.ascii	"thread_t\000"
 2400      61645F74 
 2400      00
 2401              	.LASF104:
 2402 05f5 6D5F6E65 		.ascii	"m_next\000"
 2402      787400
 2403              	.LASF29:
 2404 05fc 73797374 		.ascii	"systime_t\000"
 2404      696D655F 
 2404      7400
 2405              	.LASF46:
 2406 0606 705F7265 		.ascii	"p_realprio\000"
ARM GAS  /tmp/cc7c10JW.s 			page 48


 2406      616C7072 
 2406      696F00
 2407              	.LASF62:
 2408 0611 76746675 		.ascii	"vtfunc_t\000"
 2408      6E635F74 
 2408      00
 2409              	.LASF10:
 2410 061a 5F5F7569 		.ascii	"__uint32_t\000"
 2410      6E743332 
 2410      5F7400
 2411              	.LASF75:
 2412 0625 70616E69 		.ascii	"panic_msg\000"
 2412      635F6D73 
 2412      6700
 2413              	.LASF89:
 2414 062f 6F666673 		.ascii	"offset\000"
 2414      657400
 2415              	.LASF107:
 2416 0636 6576656E 		.ascii	"event_listener_t\000"
 2416      745F6C69 
 2416      7374656E 
 2416      65725F74 
 2416      00
 2417              	.LASF87:
 2418 0647 636F6E74 		.ascii	"context\000"
 2418      65787400 
 2419              	.LASF64:
 2420 064f 63685F76 		.ascii	"ch_virtual_timer\000"
 2420      69727475 
 2420      616C5F74 
 2420      696D6572 
 2420      00
 2421              	.LASF20:
 2422 0660 7274636E 		.ascii	"rtcnt_t\000"
 2422      745F7400 
 2423              	.LASF144:
 2424 0668 53445F52 		.ascii	"SD_READY\000"
 2424      45414459 
 2424      00
 2425              	.LASF69:
 2426 0671 76745F70 		.ascii	"vt_par\000"
 2426      617200
 2427              	.LASF27:
 2428 0678 6576656E 		.ascii	"eventflags_t\000"
 2428      74666C61 
 2428      67735F74 
 2428      00
 2429              	.LASF18:
 2430 0685 75696E74 		.ascii	"uint32_t\000"
 2430      33325F74 
 2430      00
 2431              	.LASF145:
 2432 068e 73647374 		.ascii	"sdstate_t\000"
 2432      6174655F 
 2432      7400
 2433              	.LASF122:
 2434 0698 715F746F 		.ascii	"q_top\000"
ARM GAS  /tmp/cc7c10JW.s 			page 49


 2434      7000
 2435              	.LASF101:
 2436 069e 63685F6D 		.ascii	"ch_mutex\000"
 2436      75746578 
 2436      00
 2437              	.LASF115:
 2438 06a7 65735F6E 		.ascii	"es_next\000"
 2438      65787400 
 2439              	.LASF125:
 2440 06af 715F6E6F 		.ascii	"q_notify\000"
 2440      74696679 
 2440      00
 2441              	.LASF78:
 2442 06b8 726C6973 		.ascii	"rlist\000"
 2442      7400
 2443              	.LASF114:
 2444 06be 6576656E 		.ascii	"event_source\000"
 2444      745F736F 
 2444      75726365 
 2444      00
 2445              	.LASF15:
 2446 06cb 75696E74 		.ascii	"uint8_t\000"
 2446      385F7400 
 2447              	.LASF93:
 2448 06d3 77746F62 		.ascii	"wtobjp\000"
 2448      6A7000
 2449              	.LASF49:
 2450 06da 74687265 		.ascii	"threads_list_t\000"
 2450      6164735F 
 2450      6C697374 
 2450      5F7400
 2451              	.LASF43:
 2452 06e9 705F6D73 		.ascii	"p_msg\000"
 2452      6700
 2453              	.LASF167:
 2454 06ef 6D61696E 		.ascii	"main\000"
 2454      00
 2455              	.LASF160:
 2456 06f4 63726352 		.ascii	"crcRes\000"
 2456      657300
 2457              	.LASF103:
 2458 06fb 6D5F6F77 		.ascii	"m_owner\000"
 2458      6E657200 
 2459              	.LASF34:
 2460 0703 705F6374 		.ascii	"p_ctx\000"
 2460      7800
 2461              	.LASF68:
 2462 0709 76745F66 		.ascii	"vt_func\000"
 2462      756E6300 
 2463              	.LASF108:
 2464 0711 6576656E 		.ascii	"event_listener\000"
 2464      745F6C69 
 2464      7374656E 
 2464      657200
 2465              		.ident	"GCC: (4.8.4-1+11-1) 4.8.4 20141219 (release)"
ARM GAS  /tmp/cc7c10JW.s 			page 50


DEFINED SYMBOLS
                            *ABS*:0000000000000000 main.c
     /tmp/cc7c10JW.s:19     .text.prepareForSend:0000000000000000 $t
     /tmp/cc7c10JW.s:25     .text.prepareForSend:0000000000000000 prepareForSend
     /tmp/cc7c10JW.s:94     .text.main:0000000000000000 $t
     /tmp/cc7c10JW.s:100    .text.main:0000000000000000 main
     /tmp/cc7c10JW.s:167    .text.main:0000000000000074 $d
                     .debug_frame:0000000000000010 $d
     /tmp/cc7c10JW.s:174    .text.main:0000000000000084 $t

UNDEFINED SYMBOLS
crcFast
halInit
chSysInit
crcInit
_pal_lld_setgroupmode
sdStart
chOQWriteTimeout
chThdSleep
SD3
