ARM GAS  /tmp/cclvC6Hk.s 			page 1


   1              		.syntax unified
   2              		.cpu cortex-m4
   3              		.fpu softvfp
   4              		.eabi_attribute 20, 1
   5              		.eabi_attribute 21, 1
   6              		.eabi_attribute 23, 3
   7              		.eabi_attribute 24, 1
   8              		.eabi_attribute 25, 1
   9              		.eabi_attribute 26, 1
  10              		.eabi_attribute 30, 6
  11              		.eabi_attribute 34, 1
  12              		.eabi_attribute 18, 4
  13              		.thumb
  14              		.file	"nvic.c"
  15              		.text
  16              	.Ltext0:
  17              		.cfi_sections	.debug_frame
  18              		.section	.text.nvicEnableVector,"ax",%progbits
  19              		.align	2
  20              		.p2align 4,,15
  21              		.global	nvicEnableVector
  22              		.thumb
  23              		.thumb_func
  24              		.type	nvicEnableVector, %function
  25              	nvicEnableVector:
  26              	.LFB271:
  27              		.file 1 "/home/efe/ChibiOS/os/hal/ports/common/ARMCMx/nvic.c"
  28              		.loc 1 57 0
  29              		.cfi_startproc
  30              		@ args = 0, pretend = 0, frame = 8
  31              		@ frame_needed = 0, uses_anonymous_args = 0
  32              		@ link register save eliminated.
  33 0000 82B0     		sub	sp, sp, #8
  34              		.cfi_def_cfa_offset 8
  35 0002 0190     		str	r0, [sp, #4]
  36 0004 0091     		str	r1, [sp]
  37              		.loc 1 59 0
  38 0006 1149     		ldr	r1, .L2
  39 0008 009B     		ldr	r3, [sp]
  40 000a DBB2     		uxtb	r3, r3
  41 000c 1B01     		lsls	r3, r3, #4
  42 000e DAB2     		uxtb	r2, r3
  43 0010 019B     		ldr	r3, [sp, #4]
  44 0012 0B44     		add	r3, r3, r1
  45 0014 03F54073 		add	r3, r3, #768
  46 0018 1A70     		strb	r2, [r3]
  47              		.loc 1 60 0
  48 001a 0C4B     		ldr	r3, .L2
  49 001c 019A     		ldr	r2, [sp, #4]
  50 001e 5209     		lsrs	r2, r2, #5
  51 0020 0199     		ldr	r1, [sp, #4]
  52 0022 01F01F01 		and	r1, r1, #31
  53 0026 0120     		movs	r0, #1
  54 0028 00FA01F1 		lsl	r1, r0, r1
  55 002c 6032     		adds	r2, r2, #96
  56 002e 43F82210 		str	r1, [r3, r2, lsl #2]
  57              		.loc 1 61 0
ARM GAS  /tmp/cclvC6Hk.s 			page 2


  58 0032 064B     		ldr	r3, .L2
  59 0034 019A     		ldr	r2, [sp, #4]
  60 0036 5209     		lsrs	r2, r2, #5
  61 0038 0199     		ldr	r1, [sp, #4]
  62 003a 01F01F01 		and	r1, r1, #31
  63 003e 0120     		movs	r0, #1
  64 0040 00FA01F1 		lsl	r1, r0, r1
  65 0044 43F82210 		str	r1, [r3, r2, lsl #2]
  66              		.loc 1 62 0
  67 0048 02B0     		add	sp, sp, #8
  68              		@ sp needed
  69 004a 7047     		bx	lr
  70              	.L3:
  71              		.align	2
  72              	.L2:
  73 004c 00E100E0 		.word	-536813312
  74              		.cfi_endproc
  75              	.LFE271:
  76              		.size	nvicEnableVector, .-nvicEnableVector
  77              		.section	.text.nvicDisableVector,"ax",%progbits
  78              		.align	2
  79              		.p2align 4,,15
  80              		.global	nvicDisableVector
  81              		.thumb
  82              		.thumb_func
  83              		.type	nvicDisableVector, %function
  84              	nvicDisableVector:
  85              	.LFB272:
  86              		.loc 1 69 0
  87              		.cfi_startproc
  88              		@ args = 0, pretend = 0, frame = 8
  89              		@ frame_needed = 0, uses_anonymous_args = 0
  90              		@ link register save eliminated.
  91 0000 82B0     		sub	sp, sp, #8
  92              		.cfi_def_cfa_offset 8
  93 0002 0190     		str	r0, [sp, #4]
  94              		.loc 1 71 0
  95 0004 0A4B     		ldr	r3, .L5
  96 0006 019A     		ldr	r2, [sp, #4]
  97 0008 5209     		lsrs	r2, r2, #5
  98 000a 0199     		ldr	r1, [sp, #4]
  99 000c 01F01F01 		and	r1, r1, #31
 100 0010 0120     		movs	r0, #1
 101 0012 00FA01F1 		lsl	r1, r0, r1
 102 0016 2032     		adds	r2, r2, #32
 103 0018 43F82210 		str	r1, [r3, r2, lsl #2]
 104              		.loc 1 72 0
 105 001c 044A     		ldr	r2, .L5
 106 001e 019B     		ldr	r3, [sp, #4]
 107 0020 1344     		add	r3, r3, r2
 108 0022 03F54073 		add	r3, r3, #768
 109 0026 0022     		movs	r2, #0
 110 0028 1A70     		strb	r2, [r3]
 111              		.loc 1 73 0
 112 002a 02B0     		add	sp, sp, #8
 113              		@ sp needed
 114 002c 7047     		bx	lr
ARM GAS  /tmp/cclvC6Hk.s 			page 3


 115              	.L6:
 116 002e 00BF     		.align	2
 117              	.L5:
 118 0030 00E100E0 		.word	-536813312
 119              		.cfi_endproc
 120              	.LFE272:
 121              		.size	nvicDisableVector, .-nvicDisableVector
 122 0034 AFF30080 		.section	.text.nvicSetSystemHandlerPriority,"ax",%progbits
 122      AFF30080 
 122      AFF30080 
 123              		.align	2
 124              		.p2align 4,,15
 125              		.global	nvicSetSystemHandlerPriority
 126              		.thumb
 127              		.thumb_func
 128              		.type	nvicSetSystemHandlerPriority, %function
 129              	nvicSetSystemHandlerPriority:
 130              	.LFB273:
 131              		.loc 1 81 0
 132              		.cfi_startproc
 133              		@ args = 0, pretend = 0, frame = 8
 134              		@ frame_needed = 0, uses_anonymous_args = 0
 135              		@ link register save eliminated.
 136 0000 82B0     		sub	sp, sp, #8
 137              		.cfi_def_cfa_offset 8
 138 0002 0190     		str	r0, [sp, #4]
 139 0004 0091     		str	r1, [sp]
 140              		.loc 1 88 0
 141 0006 0549     		ldr	r1, .L8
 142 0008 009B     		ldr	r3, [sp]
 143 000a DBB2     		uxtb	r3, r3
 144 000c 1B01     		lsls	r3, r3, #4
 145 000e DAB2     		uxtb	r2, r3
 146 0010 019B     		ldr	r3, [sp, #4]
 147 0012 0B44     		add	r3, r3, r1
 148 0014 1833     		adds	r3, r3, #24
 149 0016 1A70     		strb	r2, [r3]
 150              		.loc 1 90 0
 151 0018 02B0     		add	sp, sp, #8
 152              		@ sp needed
 153 001a 7047     		bx	lr
 154              	.L9:
 155              		.align	2
 156              	.L8:
 157 001c 00ED00E0 		.word	-536810240
 158              		.cfi_endproc
 159              	.LFE273:
 160              		.size	nvicSetSystemHandlerPriority, .-nvicSetSystemHandlerPriority
 161              		.section	.text.nvicClearPending,"ax",%progbits
 162              		.align	2
 163              		.p2align 4,,15
 164              		.global	nvicClearPending
 165              		.thumb
 166              		.thumb_func
 167              		.type	nvicClearPending, %function
 168              	nvicClearPending:
 169              	.LFB274:
ARM GAS  /tmp/cclvC6Hk.s 			page 4


 170              		.loc 1 97 0
 171              		.cfi_startproc
 172              		@ args = 0, pretend = 0, frame = 8
 173              		@ frame_needed = 0, uses_anonymous_args = 0
 174              		@ link register save eliminated.
 175 0000 82B0     		sub	sp, sp, #8
 176              		.cfi_def_cfa_offset 8
 177 0002 0190     		str	r0, [sp, #4]
 178              		.loc 1 99 0
 179 0004 064B     		ldr	r3, .L11
 180 0006 019A     		ldr	r2, [sp, #4]
 181 0008 5209     		lsrs	r2, r2, #5
 182 000a 0199     		ldr	r1, [sp, #4]
 183 000c 01F01F01 		and	r1, r1, #31
 184 0010 0120     		movs	r0, #1
 185 0012 00FA01F1 		lsl	r1, r0, r1
 186 0016 6032     		adds	r2, r2, #96
 187 0018 43F82210 		str	r1, [r3, r2, lsl #2]
 188              		.loc 1 100 0
 189 001c 02B0     		add	sp, sp, #8
 190              		@ sp needed
 191 001e 7047     		bx	lr
 192              	.L12:
 193              		.align	2
 194              	.L11:
 195 0020 00E100E0 		.word	-536813312
 196              		.cfi_endproc
 197              	.LFE274:
 198              		.size	nvicClearPending, .-nvicClearPending
 199 0024 AFF30080 		.text
 199      AFF30080 
 199      AFF30080 
 200              	.Letext0:
 201              		.file 2 "/usr/include/newlib/machine/_default_types.h"
 202              		.file 3 "/usr/include/newlib/stdint.h"
 203              		.file 4 "/home/efe/ChibiOS/os/rt/ports/ARMCMx/compilers/GCC/chtypes.h"
 204              		.file 5 "/home/efe/ChibiOS/os/rt/include/chsystypes.h"
 205              		.file 6 "/home/efe/ChibiOS/os/rt/include/chschd.h"
 206              		.file 7 "/home/efe/ChibiOS/os/ext/CMSIS/include/core_cm4.h"
 207              		.file 8 "/home/efe/ChibiOS/os/rt/ports/ARMCMx/chcore.h"
 208              		.file 9 "/home/efe/ChibiOS/os/rt/ports/ARMCMx/chcore_v7m.h"
 209              		.file 10 "/home/efe/ChibiOS/os/rt/include/chtm.h"
 210              		.file 11 "/home/efe/ChibiOS/os/rt/include/chsem.h"
 211              		.file 12 "/home/efe/ChibiOS/os/rt/include/chmtx.h"
 212              		.section	.debug_info,"",%progbits
 213              	.Ldebug_info0:
 214 0000 C1090000 		.4byte	0x9c1
 215 0004 0400     		.2byte	0x4
 216 0006 00000000 		.4byte	.Ldebug_abbrev0
 217 000a 04       		.byte	0x4
 218 000b 01       		.uleb128 0x1
 219 000c 34010000 		.4byte	.LASF137
 220 0010 01       		.byte	0x1
 221 0011 20020000 		.4byte	.LASF138
 222 0015 00000000 		.4byte	.Ldebug_ranges0+0
 223 0019 00000000 		.4byte	0
 224 001d 00000000 		.4byte	.Ldebug_line0
ARM GAS  /tmp/cclvC6Hk.s 			page 5


 225 0021 02       		.uleb128 0x2
 226 0022 04       		.byte	0x4
 227 0023 05       		.byte	0x5
 228 0024 696E7400 		.ascii	"int\000"
 229 0028 03       		.uleb128 0x3
 230 0029 04       		.byte	0x4
 231 002a 07       		.byte	0x7
 232 002b 71020000 		.4byte	.LASF0
 233 002f 03       		.uleb128 0x3
 234 0030 01       		.byte	0x1
 235 0031 06       		.byte	0x6
 236 0032 E4000000 		.4byte	.LASF1
 237 0036 04       		.uleb128 0x4
 238 0037 37000000 		.4byte	.LASF5
 239 003b 02       		.byte	0x2
 240 003c 1D       		.byte	0x1d
 241 003d 41000000 		.4byte	0x41
 242 0041 03       		.uleb128 0x3
 243 0042 01       		.byte	0x1
 244 0043 08       		.byte	0x8
 245 0044 22040000 		.4byte	.LASF2
 246 0048 03       		.uleb128 0x3
 247 0049 02       		.byte	0x2
 248 004a 05       		.byte	0x5
 249 004b 55040000 		.4byte	.LASF3
 250 004f 03       		.uleb128 0x3
 251 0050 02       		.byte	0x2
 252 0051 07       		.byte	0x7
 253 0052 B1040000 		.4byte	.LASF4
 254 0056 04       		.uleb128 0x4
 255 0057 09030000 		.4byte	.LASF6
 256 005b 02       		.byte	0x2
 257 005c 3F       		.byte	0x3f
 258 005d 61000000 		.4byte	0x61
 259 0061 03       		.uleb128 0x3
 260 0062 04       		.byte	0x4
 261 0063 05       		.byte	0x5
 262 0064 22010000 		.4byte	.LASF7
 263 0068 04       		.uleb128 0x4
 264 0069 77050000 		.4byte	.LASF8
 265 006d 02       		.byte	0x2
 266 006e 41       		.byte	0x41
 267 006f 73000000 		.4byte	0x73
 268 0073 03       		.uleb128 0x3
 269 0074 04       		.byte	0x4
 270 0075 07       		.byte	0x7
 271 0076 28050000 		.4byte	.LASF9
 272 007a 03       		.uleb128 0x3
 273 007b 08       		.byte	0x8
 274 007c 05       		.byte	0x5
 275 007d D6000000 		.4byte	.LASF10
 276 0081 04       		.uleb128 0x4
 277 0082 BA030000 		.4byte	.LASF11
 278 0086 02       		.byte	0x2
 279 0087 5B       		.byte	0x5b
 280 0088 8C000000 		.4byte	0x8c
 281 008c 03       		.uleb128 0x3
ARM GAS  /tmp/cclvC6Hk.s 			page 6


 282 008d 08       		.byte	0x8
 283 008e 07       		.byte	0x7
 284 008f 5C000000 		.4byte	.LASF12
 285 0093 04       		.uleb128 0x4
 286 0094 D5050000 		.4byte	.LASF13
 287 0098 03       		.byte	0x3
 288 0099 2A       		.byte	0x2a
 289 009a 36000000 		.4byte	0x36
 290 009e 04       		.uleb128 0x4
 291 009f 1A040000 		.4byte	.LASF14
 292 00a3 03       		.byte	0x3
 293 00a4 41       		.byte	0x41
 294 00a5 56000000 		.4byte	0x56
 295 00a9 04       		.uleb128 0x4
 296 00aa F7040000 		.4byte	.LASF15
 297 00ae 03       		.byte	0x3
 298 00af 42       		.byte	0x42
 299 00b0 68000000 		.4byte	0x68
 300 00b4 04       		.uleb128 0x4
 301 00b5 2E000000 		.4byte	.LASF16
 302 00b9 03       		.byte	0x3
 303 00ba 4E       		.byte	0x4e
 304 00bb 81000000 		.4byte	0x81
 305 00bf 05       		.uleb128 0x5
 306 00c0 9E000000 		.4byte	0x9e
 307 00c4 05       		.uleb128 0x5
 308 00c5 A9000000 		.4byte	0xa9
 309 00c9 04       		.uleb128 0x4
 310 00ca 9B050000 		.4byte	.LASF17
 311 00ce 04       		.byte	0x4
 312 00cf 45       		.byte	0x45
 313 00d0 A9000000 		.4byte	0xa9
 314 00d4 04       		.uleb128 0x4
 315 00d5 E7020000 		.4byte	.LASF18
 316 00d9 04       		.byte	0x4
 317 00da 48       		.byte	0x48
 318 00db 93000000 		.4byte	0x93
 319 00df 04       		.uleb128 0x4
 320 00e0 2B010000 		.4byte	.LASF19
 321 00e4 04       		.byte	0x4
 322 00e5 49       		.byte	0x49
 323 00e6 93000000 		.4byte	0x93
 324 00ea 04       		.uleb128 0x4
 325 00eb C5030000 		.4byte	.LASF20
 326 00ef 04       		.byte	0x4
 327 00f0 4A       		.byte	0x4a
 328 00f1 93000000 		.4byte	0x93
 329 00f5 04       		.uleb128 0x4
 330 00f6 FC030000 		.4byte	.LASF21
 331 00fa 04       		.byte	0x4
 332 00fb 4C       		.byte	0x4c
 333 00fc A9000000 		.4byte	0xa9
 334 0100 04       		.uleb128 0x4
 335 0101 C4020000 		.4byte	.LASF22
 336 0105 04       		.byte	0x4
 337 0106 4D       		.byte	0x4d
 338 0107 9E000000 		.4byte	0x9e
ARM GAS  /tmp/cclvC6Hk.s 			page 7


 339 010b 04       		.uleb128 0x4
 340 010c FD020000 		.4byte	.LASF23
 341 0110 04       		.byte	0x4
 342 0111 4F       		.byte	0x4f
 343 0112 A9000000 		.4byte	0xa9
 344 0116 04       		.uleb128 0x4
 345 0117 6B020000 		.4byte	.LASF24
 346 011b 04       		.byte	0x4
 347 011c 51       		.byte	0x51
 348 011d 9E000000 		.4byte	0x9e
 349 0121 04       		.uleb128 0x4
 350 0122 59050000 		.4byte	.LASF25
 351 0126 05       		.byte	0x5
 352 0127 33       		.byte	0x33
 353 0128 A9000000 		.4byte	0xa9
 354 012c 04       		.uleb128 0x4
 355 012d 49050000 		.4byte	.LASF26
 356 0131 05       		.byte	0x5
 357 0132 3F       		.byte	0x3f
 358 0133 37010000 		.4byte	0x137
 359 0137 06       		.uleb128 0x6
 360 0138 B5020000 		.4byte	.LASF46
 361 013c 44       		.byte	0x44
 362 013d 06       		.byte	0x6
 363 013e C2       		.byte	0xc2
 364 013f 24020000 		.4byte	0x224
 365 0143 07       		.uleb128 0x7
 366 0144 99040000 		.4byte	.LASF27
 367 0148 06       		.byte	0x6
 368 0149 C3       		.byte	0xc3
 369 014a 2F020000 		.4byte	0x22f
 370 014e 00       		.byte	0
 371 014f 07       		.uleb128 0x7
 372 0150 F5030000 		.4byte	.LASF28
 373 0154 06       		.byte	0x6
 374 0155 C5       		.byte	0xc5
 375 0156 2F020000 		.4byte	0x22f
 376 015a 04       		.byte	0x4
 377 015b 07       		.uleb128 0x7
 378 015c B9000000 		.4byte	.LASF29
 379 0160 06       		.byte	0x6
 380 0161 C7       		.byte	0xc7
 381 0162 F5000000 		.4byte	0xf5
 382 0166 08       		.byte	0x8
 383 0167 07       		.uleb128 0x7
 384 0168 12060000 		.4byte	.LASF30
 385 016c 06       		.byte	0x6
 386 016d C8       		.byte	0xc8
 387 016e 25070000 		.4byte	0x725
 388 0172 0C       		.byte	0xc
 389 0173 07       		.uleb128 0x7
 390 0174 E4010000 		.4byte	.LASF31
 391 0178 06       		.byte	0x6
 392 0179 CA       		.byte	0xca
 393 017a 2F020000 		.4byte	0x22f
 394 017e 10       		.byte	0x10
 395 017f 07       		.uleb128 0x7
ARM GAS  /tmp/cclvC6Hk.s 			page 8


 396 0180 89030000 		.4byte	.LASF32
 397 0184 06       		.byte	0x6
 398 0185 CB       		.byte	0xcb
 399 0186 2F020000 		.4byte	0x22f
 400 018a 14       		.byte	0x14
 401 018b 07       		.uleb128 0x7
 402 018c F2050000 		.4byte	.LASF33
 403 0190 06       		.byte	0x6
 404 0191 D2       		.byte	0xd2
 405 0192 A4080000 		.4byte	0x8a4
 406 0196 18       		.byte	0x18
 407 0197 07       		.uleb128 0x7
 408 0198 43040000 		.4byte	.LASF34
 409 019c 06       		.byte	0x6
 410 019d DD       		.byte	0xdd
 411 019e DF000000 		.4byte	0xdf
 412 01a2 1C       		.byte	0x1c
 413 01a3 07       		.uleb128 0x7
 414 01a4 A0040000 		.4byte	.LASF35
 415 01a8 06       		.byte	0x6
 416 01a9 E1       		.byte	0xe1
 417 01aa D4000000 		.4byte	0xd4
 418 01ae 1D       		.byte	0x1d
 419 01af 07       		.uleb128 0x7
 420 01b0 C3050000 		.4byte	.LASF36
 421 01b4 06       		.byte	0x6
 422 01b5 E6       		.byte	0xe6
 423 01b6 EA000000 		.4byte	0xea
 424 01ba 1E       		.byte	0x1e
 425 01bb 08       		.uleb128 0x8
 426 01bc 705F7500 		.ascii	"p_u\000"
 427 01c0 06       		.byte	0x6
 428 01c1 3101     		.2byte	0x131
 429 01c3 DF070000 		.4byte	0x7df
 430 01c7 20       		.byte	0x20
 431 01c8 09       		.uleb128 0x9
 432 01c9 36030000 		.4byte	.LASF37
 433 01cd 06       		.byte	0x6
 434 01ce 3601     		.2byte	0x136
 435 01d0 35020000 		.4byte	0x235
 436 01d4 24       		.byte	0x24
 437 01d5 09       		.uleb128 0x9
 438 01d6 9F020000 		.4byte	.LASF38
 439 01da 06       		.byte	0x6
 440 01db 3C01     		.2byte	0x13c
 441 01dd 59020000 		.4byte	0x259
 442 01e1 28       		.byte	0x28
 443 01e2 09       		.uleb128 0x9
 444 01e3 F9050000 		.4byte	.LASF39
 445 01e7 06       		.byte	0x6
 446 01e8 4001     		.2byte	0x140
 447 01ea 00010000 		.4byte	0x100
 448 01ee 30       		.byte	0x30
 449 01ef 09       		.uleb128 0x9
 450 01f0 E2040000 		.4byte	.LASF40
 451 01f4 06       		.byte	0x6
 452 01f5 4601     		.2byte	0x146
ARM GAS  /tmp/cclvC6Hk.s 			page 9


 453 01f7 0B010000 		.4byte	0x10b
 454 01fb 34       		.byte	0x34
 455 01fc 09       		.uleb128 0x9
 456 01fd 4B040000 		.4byte	.LASF41
 457 0201 06       		.byte	0x6
 458 0202 4D01     		.2byte	0x14d
 459 0204 9E080000 		.4byte	0x89e
 460 0208 38       		.byte	0x38
 461 0209 09       		.uleb128 0x9
 462 020a 63050000 		.4byte	.LASF42
 463 020e 06       		.byte	0x6
 464 020f 5101     		.2byte	0x151
 465 0211 F5000000 		.4byte	0xf5
 466 0215 3C       		.byte	0x3c
 467 0216 09       		.uleb128 0x9
 468 0217 F0000000 		.4byte	.LASF43
 469 021b 06       		.byte	0x6
 470 021c 5801     		.2byte	0x158
 471 021e 0C030000 		.4byte	0x30c
 472 0222 40       		.byte	0x40
 473 0223 00       		.byte	0
 474 0224 04       		.uleb128 0x4
 475 0225 49030000 		.4byte	.LASF44
 476 0229 05       		.byte	0x5
 477 022a 44       		.byte	0x44
 478 022b 2F020000 		.4byte	0x22f
 479 022f 0A       		.uleb128 0xa
 480 0230 04       		.byte	0x4
 481 0231 2C010000 		.4byte	0x12c
 482 0235 04       		.uleb128 0x4
 483 0236 00000000 		.4byte	.LASF45
 484 023a 05       		.byte	0x5
 485 023b 49       		.byte	0x49
 486 023c 40020000 		.4byte	0x240
 487 0240 06       		.uleb128 0x6
 488 0241 18050000 		.4byte	.LASF47
 489 0245 04       		.byte	0x4
 490 0246 06       		.byte	0x6
 491 0247 B0       		.byte	0xb0
 492 0248 59020000 		.4byte	0x259
 493 024c 07       		.uleb128 0x7
 494 024d 99040000 		.4byte	.LASF27
 495 0251 06       		.byte	0x6
 496 0252 B1       		.byte	0xb1
 497 0253 2F020000 		.4byte	0x22f
 498 0257 00       		.byte	0
 499 0258 00       		.byte	0
 500 0259 04       		.uleb128 0x4
 501 025a AA050000 		.4byte	.LASF48
 502 025e 05       		.byte	0x5
 503 025f 50       		.byte	0x50
 504 0260 64020000 		.4byte	0x264
 505 0264 06       		.uleb128 0x6
 506 0265 A3000000 		.4byte	.LASF49
 507 0269 08       		.byte	0x8
 508 026a 06       		.byte	0x6
 509 026b B7       		.byte	0xb7
ARM GAS  /tmp/cclvC6Hk.s 			page 10


 510 026c 89020000 		.4byte	0x289
 511 0270 07       		.uleb128 0x7
 512 0271 99040000 		.4byte	.LASF27
 513 0275 06       		.byte	0x6
 514 0276 B8       		.byte	0xb8
 515 0277 2F020000 		.4byte	0x22f
 516 027b 00       		.byte	0
 517 027c 07       		.uleb128 0x7
 518 027d F5030000 		.4byte	.LASF28
 519 0281 06       		.byte	0x6
 520 0282 B9       		.byte	0xb9
 521 0283 2F020000 		.4byte	0x22f
 522 0287 04       		.byte	0x4
 523 0288 00       		.byte	0
 524 0289 04       		.uleb128 0x4
 525 028a 14000000 		.4byte	.LASF50
 526 028e 05       		.byte	0x5
 527 028f 57       		.byte	0x57
 528 0290 94020000 		.4byte	0x294
 529 0294 0B       		.uleb128 0xb
 530 0295 EF020000 		.4byte	.LASF51
 531 0299 1C       		.byte	0x1c
 532 029a 06       		.byte	0x6
 533 029b 9001     		.2byte	0x190
 534 029d F0020000 		.4byte	0x2f0
 535 02a1 09       		.uleb128 0x9
 536 02a2 07050000 		.4byte	.LASF52
 537 02a6 06       		.byte	0x6
 538 02a7 9101     		.2byte	0x191
 539 02a9 59020000 		.4byte	0x259
 540 02ad 00       		.byte	0
 541 02ae 09       		.uleb128 0x9
 542 02af 8B040000 		.4byte	.LASF53
 543 02b3 06       		.byte	0x6
 544 02b4 9201     		.2byte	0x192
 545 02b6 F5000000 		.4byte	0xf5
 546 02ba 08       		.byte	0x8
 547 02bb 09       		.uleb128 0x9
 548 02bc 91030000 		.4byte	.LASF54
 549 02c0 06       		.byte	0x6
 550 02c1 9401     		.2byte	0x194
 551 02c3 25070000 		.4byte	0x725
 552 02c7 0C       		.byte	0xc
 553 02c8 09       		.uleb128 0x9
 554 02c9 FE010000 		.4byte	.LASF55
 555 02cd 06       		.byte	0x6
 556 02ce 9701     		.2byte	0x197
 557 02d0 2F020000 		.4byte	0x22f
 558 02d4 10       		.byte	0x10
 559 02d5 09       		.uleb128 0x9
 560 02d6 B2030000 		.4byte	.LASF56
 561 02da 06       		.byte	0x6
 562 02db 9801     		.2byte	0x198
 563 02dd 2F020000 		.4byte	0x22f
 564 02e1 14       		.byte	0x14
 565 02e2 09       		.uleb128 0x9
 566 02e3 3A050000 		.4byte	.LASF57
ARM GAS  /tmp/cclvC6Hk.s 			page 11


 567 02e7 06       		.byte	0x6
 568 02e8 9B01     		.2byte	0x19b
 569 02ea 2F020000 		.4byte	0x22f
 570 02ee 18       		.byte	0x18
 571 02ef 00       		.byte	0
 572 02f0 04       		.uleb128 0x4
 573 02f1 6E050000 		.4byte	.LASF58
 574 02f5 05       		.byte	0x5
 575 02f6 5C       		.byte	0x5c
 576 02f7 FB020000 		.4byte	0x2fb
 577 02fb 0A       		.uleb128 0xa
 578 02fc 04       		.byte	0x4
 579 02fd 01030000 		.4byte	0x301
 580 0301 0C       		.uleb128 0xc
 581 0302 0C030000 		.4byte	0x30c
 582 0306 0D       		.uleb128 0xd
 583 0307 0C030000 		.4byte	0x30c
 584 030b 00       		.byte	0
 585 030c 0E       		.uleb128 0xe
 586 030d 04       		.byte	0x4
 587 030e 04       		.uleb128 0x4
 588 030f 26030000 		.4byte	.LASF59
 589 0313 05       		.byte	0x5
 590 0314 61       		.byte	0x61
 591 0315 19030000 		.4byte	0x319
 592 0319 0B       		.uleb128 0xb
 593 031a C4040000 		.4byte	.LASF60
 594 031e 14       		.byte	0x14
 595 031f 06       		.byte	0x6
 596 0320 6B01     		.2byte	0x16b
 597 0322 68030000 		.4byte	0x368
 598 0326 09       		.uleb128 0x9
 599 0327 7E020000 		.4byte	.LASF61
 600 032b 06       		.byte	0x6
 601 032c 6C01     		.2byte	0x16c
 602 032e B6080000 		.4byte	0x8b6
 603 0332 00       		.byte	0
 604 0333 09       		.uleb128 0x9
 605 0334 0F020000 		.4byte	.LASF62
 606 0338 06       		.byte	0x6
 607 0339 6D01     		.2byte	0x16d
 608 033b B6080000 		.4byte	0x8b6
 609 033f 04       		.byte	0x4
 610 0340 09       		.uleb128 0x9
 611 0341 0F050000 		.4byte	.LASF63
 612 0345 06       		.byte	0x6
 613 0346 6E01     		.2byte	0x16e
 614 0348 21010000 		.4byte	0x121
 615 034c 08       		.byte	0x8
 616 034d 09       		.uleb128 0x9
 617 034e 18060000 		.4byte	.LASF64
 618 0352 06       		.byte	0x6
 619 0353 6F01     		.2byte	0x16f
 620 0355 F0020000 		.4byte	0x2f0
 621 0359 0C       		.byte	0xc
 622 035a 09       		.uleb128 0x9
 623 035b A3050000 		.4byte	.LASF65
ARM GAS  /tmp/cclvC6Hk.s 			page 12


 624 035f 06       		.byte	0x6
 625 0360 7101     		.2byte	0x171
 626 0362 0C030000 		.4byte	0x30c
 627 0366 10       		.byte	0x10
 628 0367 00       		.byte	0
 629 0368 04       		.uleb128 0x4
 630 0369 87000000 		.4byte	.LASF66
 631 036d 05       		.byte	0x5
 632 036e 66       		.byte	0x66
 633 036f 73030000 		.4byte	0x373
 634 0373 0B       		.uleb128 0xb
 635 0374 5C030000 		.4byte	.LASF67
 636 0378 10       		.byte	0x10
 637 0379 06       		.byte	0x6
 638 037a 7B01     		.2byte	0x17b
 639 037c B5030000 		.4byte	0x3b5
 640 0380 09       		.uleb128 0x9
 641 0381 7E020000 		.4byte	.LASF61
 642 0385 06       		.byte	0x6
 643 0386 7C01     		.2byte	0x17c
 644 0388 B6080000 		.4byte	0x8b6
 645 038c 00       		.byte	0
 646 038d 09       		.uleb128 0x9
 647 038e 0F020000 		.4byte	.LASF62
 648 0392 06       		.byte	0x6
 649 0393 7E01     		.2byte	0x17e
 650 0395 B6080000 		.4byte	0x8b6
 651 0399 04       		.byte	0x4
 652 039a 09       		.uleb128 0x9
 653 039b 0F050000 		.4byte	.LASF63
 654 039f 06       		.byte	0x6
 655 03a0 8001     		.2byte	0x180
 656 03a2 21010000 		.4byte	0x121
 657 03a6 08       		.byte	0x8
 658 03a7 09       		.uleb128 0x9
 659 03a8 7D030000 		.4byte	.LASF68
 660 03ac 06       		.byte	0x6
 661 03ad 8801     		.2byte	0x188
 662 03af 21010000 		.4byte	0x121
 663 03b3 0C       		.byte	0xc
 664 03b4 00       		.byte	0
 665 03b5 04       		.uleb128 0x4
 666 03b6 4D000000 		.4byte	.LASF69
 667 03ba 05       		.byte	0x5
 668 03bb 6B       		.byte	0x6b
 669 03bc C0030000 		.4byte	0x3c0
 670 03c0 0B       		.uleb128 0xb
 671 03c1 04040000 		.4byte	.LASF70
 672 03c5 04       		.byte	0x4
 673 03c6 06       		.byte	0x6
 674 03c7 A201     		.2byte	0x1a2
 675 03c9 DB030000 		.4byte	0x3db
 676 03cd 09       		.uleb128 0x9
 677 03ce 82050000 		.4byte	.LASF71
 678 03d2 06       		.byte	0x6
 679 03d3 AA01     		.2byte	0x1aa
 680 03d5 BC080000 		.4byte	0x8bc
ARM GAS  /tmp/cclvC6Hk.s 			page 13


 681 03d9 00       		.byte	0
 682 03da 00       		.byte	0
 683 03db 04       		.uleb128 0x4
 684 03dc DB020000 		.4byte	.LASF72
 685 03e0 05       		.byte	0x5
 686 03e1 70       		.byte	0x70
 687 03e2 E6030000 		.4byte	0x3e6
 688 03e6 0F       		.uleb128 0xf
 689 03e7 18010000 		.4byte	.LASF73
 690 03eb 5001     		.2byte	0x150
 691 03ed 06       		.byte	0x6
 692 03ee C201     		.2byte	0x1c2
 693 03f0 42040000 		.4byte	0x442
 694 03f4 09       		.uleb128 0x9
 695 03f5 CF050000 		.4byte	.LASF74
 696 03f9 06       		.byte	0x6
 697 03fa C601     		.2byte	0x1c6
 698 03fc 89020000 		.4byte	0x289
 699 0400 00       		.byte	0
 700 0401 09       		.uleb128 0x9
 701 0402 11010000 		.4byte	.LASF75
 702 0406 06       		.byte	0x6
 703 0407 CA01     		.2byte	0x1ca
 704 0409 68030000 		.4byte	0x368
 705 040d 1C       		.byte	0x1c
 706 040e 08       		.uleb128 0x8
 707 040f 64626700 		.ascii	"dbg\000"
 708 0413 06       		.byte	0x6
 709 0414 CE01     		.2byte	0x1ce
 710 0416 B5030000 		.4byte	0x3b5
 711 041a 2C       		.byte	0x2c
 712 041b 09       		.uleb128 0x9
 713 041c 7C000000 		.4byte	.LASF76
 714 0420 06       		.byte	0x6
 715 0421 D201     		.2byte	0x1d2
 716 0423 2C010000 		.4byte	0x12c
 717 0427 30       		.byte	0x30
 718 0428 08       		.uleb128 0x8
 719 0429 746D00   		.ascii	"tm\000"
 720 042c 06       		.byte	0x6
 721 042d D701     		.2byte	0x1d7
 722 042f D4070000 		.4byte	0x7d4
 723 0433 74       		.byte	0x74
 724 0434 09       		.uleb128 0x9
 725 0435 5C020000 		.4byte	.LASF77
 726 0439 06       		.byte	0x6
 727 043a E301     		.2byte	0x1e3
 728 043c C1080000 		.4byte	0x8c1
 729 0440 78       		.byte	0x78
 730 0441 00       		.byte	0
 731 0442 10       		.uleb128 0x10
 732 0443 040E     		.2byte	0xe04
 733 0445 07       		.byte	0x7
 734 0446 A001     		.2byte	0x1a0
 735 0448 FE040000 		.4byte	0x4fe
 736 044c 09       		.uleb128 0x9
 737 044d 5F040000 		.4byte	.LASF78
ARM GAS  /tmp/cclvC6Hk.s 			page 14


 738 0451 07       		.byte	0x7
 739 0452 A201     		.2byte	0x1a2
 740 0454 15050000 		.4byte	0x515
 741 0458 00       		.byte	0
 742 0459 09       		.uleb128 0x9
 743 045a CD030000 		.4byte	.LASF79
 744 045e 07       		.byte	0x7
 745 045f A301     		.2byte	0x1a3
 746 0461 1A050000 		.4byte	0x51a
 747 0465 20       		.byte	0x20
 748 0466 09       		.uleb128 0x9
 749 0467 A8030000 		.4byte	.LASF80
 750 046b 07       		.byte	0x7
 751 046c A401     		.2byte	0x1a4
 752 046e 2A050000 		.4byte	0x52a
 753 0472 80       		.byte	0x80
 754 0473 09       		.uleb128 0x9
 755 0474 DD050000 		.4byte	.LASF81
 756 0478 07       		.byte	0x7
 757 0479 A501     		.2byte	0x1a5
 758 047b 1A050000 		.4byte	0x51a
 759 047f A0       		.byte	0xa0
 760 0480 11       		.uleb128 0x11
 761 0481 B4000000 		.4byte	.LASF82
 762 0485 07       		.byte	0x7
 763 0486 A601     		.2byte	0x1a6
 764 0488 2F050000 		.4byte	0x52f
 765 048c 0001     		.2byte	0x100
 766 048e 11       		.uleb128 0x11
 767 048f D7030000 		.4byte	.LASF83
 768 0493 07       		.byte	0x7
 769 0494 A701     		.2byte	0x1a7
 770 0496 1A050000 		.4byte	0x51a
 771 049a 2001     		.2byte	0x120
 772 049c 11       		.uleb128 0x11
 773 049d 0F000000 		.4byte	.LASF84
 774 04a1 07       		.byte	0x7
 775 04a2 A801     		.2byte	0x1a8
 776 04a4 34050000 		.4byte	0x534
 777 04a8 8001     		.2byte	0x180
 778 04aa 11       		.uleb128 0x11
 779 04ab E1030000 		.4byte	.LASF85
 780 04af 07       		.byte	0x7
 781 04b0 A901     		.2byte	0x1a9
 782 04b2 1A050000 		.4byte	0x51a
 783 04b6 A001     		.2byte	0x1a0
 784 04b8 11       		.uleb128 0x11
 785 04b9 78030000 		.4byte	.LASF86
 786 04bd 07       		.byte	0x7
 787 04be AA01     		.2byte	0x1aa
 788 04c0 39050000 		.4byte	0x539
 789 04c4 0002     		.2byte	0x200
 790 04c6 11       		.uleb128 0x11
 791 04c7 EB030000 		.4byte	.LASF87
 792 04cb 07       		.byte	0x7
 793 04cc AB01     		.2byte	0x1ab
 794 04ce 3E050000 		.4byte	0x53e
ARM GAS  /tmp/cclvC6Hk.s 			page 15


 795 04d2 2002     		.2byte	0x220
 796 04d4 12       		.uleb128 0x12
 797 04d5 495000   		.ascii	"IP\000"
 798 04d8 07       		.byte	0x7
 799 04d9 AC01     		.2byte	0x1ac
 800 04db 5E050000 		.4byte	0x55e
 801 04df 0003     		.2byte	0x300
 802 04e1 11       		.uleb128 0x11
 803 04e2 ED040000 		.4byte	.LASF88
 804 04e6 07       		.byte	0x7
 805 04e7 AD01     		.2byte	0x1ad
 806 04e9 63050000 		.4byte	0x563
 807 04ed F003     		.2byte	0x3f0
 808 04ef 11       		.uleb128 0x11
 809 04f0 E6050000 		.4byte	.LASF89
 810 04f4 07       		.byte	0x7
 811 04f5 AE01     		.2byte	0x1ae
 812 04f7 C4000000 		.4byte	0xc4
 813 04fb 000E     		.2byte	0xe00
 814 04fd 00       		.byte	0
 815 04fe 13       		.uleb128 0x13
 816 04ff A9000000 		.4byte	0xa9
 817 0503 0E050000 		.4byte	0x50e
 818 0507 14       		.uleb128 0x14
 819 0508 0E050000 		.4byte	0x50e
 820 050c 07       		.byte	0x7
 821 050d 00       		.byte	0
 822 050e 03       		.uleb128 0x3
 823 050f 04       		.byte	0x4
 824 0510 07       		.byte	0x7
 825 0511 40030000 		.4byte	.LASF90
 826 0515 05       		.uleb128 0x5
 827 0516 FE040000 		.4byte	0x4fe
 828 051a 13       		.uleb128 0x13
 829 051b A9000000 		.4byte	0xa9
 830 051f 2A050000 		.4byte	0x52a
 831 0523 14       		.uleb128 0x14
 832 0524 0E050000 		.4byte	0x50e
 833 0528 17       		.byte	0x17
 834 0529 00       		.byte	0
 835 052a 05       		.uleb128 0x5
 836 052b FE040000 		.4byte	0x4fe
 837 052f 05       		.uleb128 0x5
 838 0530 FE040000 		.4byte	0x4fe
 839 0534 05       		.uleb128 0x5
 840 0535 FE040000 		.4byte	0x4fe
 841 0539 05       		.uleb128 0x5
 842 053a FE040000 		.4byte	0x4fe
 843 053e 13       		.uleb128 0x13
 844 053f A9000000 		.4byte	0xa9
 845 0543 4E050000 		.4byte	0x54e
 846 0547 14       		.uleb128 0x14
 847 0548 0E050000 		.4byte	0x50e
 848 054c 37       		.byte	0x37
 849 054d 00       		.byte	0
 850 054e 13       		.uleb128 0x13
 851 054f 93000000 		.4byte	0x93
ARM GAS  /tmp/cclvC6Hk.s 			page 16


 852 0553 5E050000 		.4byte	0x55e
 853 0557 14       		.uleb128 0x14
 854 0558 0E050000 		.4byte	0x50e
 855 055c EF       		.byte	0xef
 856 055d 00       		.byte	0
 857 055e 05       		.uleb128 0x5
 858 055f 4E050000 		.4byte	0x54e
 859 0563 13       		.uleb128 0x13
 860 0564 A9000000 		.4byte	0xa9
 861 0568 74050000 		.4byte	0x574
 862 056c 15       		.uleb128 0x15
 863 056d 0E050000 		.4byte	0x50e
 864 0571 8302     		.2byte	0x283
 865 0573 00       		.byte	0
 866 0574 16       		.uleb128 0x16
 867 0575 64040000 		.4byte	.LASF91
 868 0579 07       		.byte	0x7
 869 057a AF01     		.2byte	0x1af
 870 057c 42040000 		.4byte	0x442
 871 0580 17       		.uleb128 0x17
 872 0581 8C       		.byte	0x8c
 873 0582 07       		.byte	0x7
 874 0583 C001     		.2byte	0x1c0
 875 0585 9B060000 		.4byte	0x69b
 876 0589 09       		.uleb128 0x9
 877 058a 9D000000 		.4byte	.LASF92
 878 058e 07       		.byte	0x7
 879 058f C201     		.2byte	0x1c2
 880 0591 9B060000 		.4byte	0x69b
 881 0595 00       		.byte	0
 882 0596 09       		.uleb128 0x9
 883 0597 BF020000 		.4byte	.LASF93
 884 059b 07       		.byte	0x7
 885 059c C301     		.2byte	0x1c3
 886 059e C4000000 		.4byte	0xc4
 887 05a2 04       		.byte	0x4
 888 05a3 09       		.uleb128 0x9
 889 05a4 AA020000 		.4byte	.LASF94
 890 05a8 07       		.byte	0x7
 891 05a9 C401     		.2byte	0x1c4
 892 05ab C4000000 		.4byte	0xc4
 893 05af 08       		.byte	0x8
 894 05b0 09       		.uleb128 0x9
 895 05b1 CA020000 		.4byte	.LASF95
 896 05b5 07       		.byte	0x7
 897 05b6 C501     		.2byte	0x1c5
 898 05b8 C4000000 		.4byte	0xc4
 899 05bc 0C       		.byte	0xc
 900 05bd 08       		.uleb128 0x8
 901 05be 53435200 		.ascii	"SCR\000"
 902 05c2 07       		.byte	0x7
 903 05c3 C601     		.2byte	0x1c6
 904 05c5 C4000000 		.4byte	0xc4
 905 05c9 10       		.byte	0x10
 906 05ca 08       		.uleb128 0x8
 907 05cb 43435200 		.ascii	"CCR\000"
 908 05cf 07       		.byte	0x7
ARM GAS  /tmp/cclvC6Hk.s 			page 17


 909 05d0 C701     		.2byte	0x1c7
 910 05d2 C4000000 		.4byte	0xc4
 911 05d6 14       		.byte	0x14
 912 05d7 08       		.uleb128 0x8
 913 05d8 53485000 		.ascii	"SHP\000"
 914 05dc 07       		.byte	0x7
 915 05dd C801     		.2byte	0x1c8
 916 05df B0060000 		.4byte	0x6b0
 917 05e3 18       		.byte	0x18
 918 05e4 09       		.uleb128 0x9
 919 05e5 30040000 		.4byte	.LASF96
 920 05e9 07       		.byte	0x7
 921 05ea C901     		.2byte	0x1c9
 922 05ec C4000000 		.4byte	0xc4
 923 05f0 24       		.byte	0x24
 924 05f1 09       		.uleb128 0x9
 925 05f2 73030000 		.4byte	.LASF97
 926 05f6 07       		.byte	0x7
 927 05f7 CA01     		.2byte	0x1ca
 928 05f9 C4000000 		.4byte	0xc4
 929 05fd 28       		.byte	0x28
 930 05fe 09       		.uleb128 0x9
 931 05ff 05060000 		.4byte	.LASF98
 932 0603 07       		.byte	0x7
 933 0604 CB01     		.2byte	0x1cb
 934 0606 C4000000 		.4byte	0xc4
 935 060a 2C       		.byte	0x2c
 936 060b 09       		.uleb128 0x9
 937 060c D0020000 		.4byte	.LASF99
 938 0610 07       		.byte	0x7
 939 0611 CC01     		.2byte	0x1cc
 940 0613 C4000000 		.4byte	0xc4
 941 0617 30       		.byte	0x30
 942 0618 09       		.uleb128 0x9
 943 0619 D5020000 		.4byte	.LASF100
 944 061d 07       		.byte	0x7
 945 061e CD01     		.2byte	0x1cd
 946 0620 C4000000 		.4byte	0xc4
 947 0624 34       		.byte	0x34
 948 0625 09       		.uleb128 0x9
 949 0626 F4010000 		.4byte	.LASF101
 950 062a 07       		.byte	0x7
 951 062b CE01     		.2byte	0x1ce
 952 062d C4000000 		.4byte	0xc4
 953 0631 38       		.byte	0x38
 954 0632 09       		.uleb128 0x9
 955 0633 F9010000 		.4byte	.LASF102
 956 0637 07       		.byte	0x7
 957 0638 CF01     		.2byte	0x1cf
 958 063a C4000000 		.4byte	0xc4
 959 063e 3C       		.byte	0x3c
 960 063f 08       		.uleb128 0x8
 961 0640 50465200 		.ascii	"PFR\000"
 962 0644 07       		.byte	0x7
 963 0645 D001     		.2byte	0x1d0
 964 0647 C5060000 		.4byte	0x6c5
 965 064b 40       		.byte	0x40
ARM GAS  /tmp/cclvC6Hk.s 			page 18


 966 064c 08       		.uleb128 0x8
 967 064d 44465200 		.ascii	"DFR\000"
 968 0651 07       		.byte	0x7
 969 0652 D101     		.2byte	0x1d1
 970 0654 9B060000 		.4byte	0x69b
 971 0658 48       		.byte	0x48
 972 0659 08       		.uleb128 0x8
 973 065a 41445200 		.ascii	"ADR\000"
 974 065e 07       		.byte	0x7
 975 065f D201     		.2byte	0x1d2
 976 0661 9B060000 		.4byte	0x69b
 977 0665 4C       		.byte	0x4c
 978 0666 09       		.uleb128 0x9
 979 0667 CA050000 		.4byte	.LASF103
 980 066b 07       		.byte	0x7
 981 066c D301     		.2byte	0x1d3
 982 066e DF060000 		.4byte	0x6df
 983 0672 50       		.byte	0x50
 984 0673 09       		.uleb128 0x9
 985 0674 D1000000 		.4byte	.LASF104
 986 0678 07       		.byte	0x7
 987 0679 D401     		.2byte	0x1d4
 988 067b F9060000 		.4byte	0x6f9
 989 067f 60       		.byte	0x60
 990 0680 09       		.uleb128 0x9
 991 0681 CD030000 		.4byte	.LASF79
 992 0685 07       		.byte	0x7
 993 0686 D501     		.2byte	0x1d5
 994 0688 E9060000 		.4byte	0x6e9
 995 068c 74       		.byte	0x74
 996 068d 09       		.uleb128 0x9
 997 068e FF050000 		.4byte	.LASF105
 998 0692 07       		.byte	0x7
 999 0693 D601     		.2byte	0x1d6
 1000 0695 C4000000 		.4byte	0xc4
 1001 0699 88       		.byte	0x88
 1002 069a 00       		.byte	0
 1003 069b 18       		.uleb128 0x18
 1004 069c C4000000 		.4byte	0xc4
 1005 06a0 13       		.uleb128 0x13
 1006 06a1 93000000 		.4byte	0x93
 1007 06a5 B0060000 		.4byte	0x6b0
 1008 06a9 14       		.uleb128 0x14
 1009 06aa 0E050000 		.4byte	0x50e
 1010 06ae 0B       		.byte	0xb
 1011 06af 00       		.byte	0
 1012 06b0 05       		.uleb128 0x5
 1013 06b1 A0060000 		.4byte	0x6a0
 1014 06b5 13       		.uleb128 0x13
 1015 06b6 A9000000 		.4byte	0xa9
 1016 06ba C5060000 		.4byte	0x6c5
 1017 06be 14       		.uleb128 0x14
 1018 06bf 0E050000 		.4byte	0x50e
 1019 06c3 01       		.byte	0x1
 1020 06c4 00       		.byte	0
 1021 06c5 18       		.uleb128 0x18
 1022 06c6 CA060000 		.4byte	0x6ca
ARM GAS  /tmp/cclvC6Hk.s 			page 19


 1023 06ca 05       		.uleb128 0x5
 1024 06cb B5060000 		.4byte	0x6b5
 1025 06cf 13       		.uleb128 0x13
 1026 06d0 A9000000 		.4byte	0xa9
 1027 06d4 DF060000 		.4byte	0x6df
 1028 06d8 14       		.uleb128 0x14
 1029 06d9 0E050000 		.4byte	0x50e
 1030 06dd 03       		.byte	0x3
 1031 06de 00       		.byte	0
 1032 06df 18       		.uleb128 0x18
 1033 06e0 E4060000 		.4byte	0x6e4
 1034 06e4 05       		.uleb128 0x5
 1035 06e5 CF060000 		.4byte	0x6cf
 1036 06e9 13       		.uleb128 0x13
 1037 06ea A9000000 		.4byte	0xa9
 1038 06ee F9060000 		.4byte	0x6f9
 1039 06f2 14       		.uleb128 0x14
 1040 06f3 0E050000 		.4byte	0x50e
 1041 06f7 04       		.byte	0x4
 1042 06f8 00       		.byte	0
 1043 06f9 18       		.uleb128 0x18
 1044 06fa FE060000 		.4byte	0x6fe
 1045 06fe 05       		.uleb128 0x5
 1046 06ff E9060000 		.4byte	0x6e9
 1047 0703 16       		.uleb128 0x16
 1048 0704 17020000 		.4byte	.LASF106
 1049 0708 07       		.byte	0x7
 1050 0709 D701     		.2byte	0x1d7
 1051 070b 80050000 		.4byte	0x580
 1052 070f 04       		.uleb128 0x4
 1053 0710 06020000 		.4byte	.LASF107
 1054 0714 08       		.byte	0x8
 1055 0715 65       		.byte	0x65
 1056 0716 0C030000 		.4byte	0x30c
 1057 071a 04       		.uleb128 0x4
 1058 071b 13030000 		.4byte	.LASF108
 1059 071f 08       		.byte	0x8
 1060 0720 6D       		.byte	0x6d
 1061 0721 B4000000 		.4byte	0xb4
 1062 0725 06       		.uleb128 0x6
 1063 0726 93050000 		.4byte	.LASF109
 1064 072a 04       		.byte	0x4
 1065 072b 08       		.byte	0x8
 1066 072c 89       		.byte	0x89
 1067 072d 3E070000 		.4byte	0x73e
 1068 0731 19       		.uleb128 0x19
 1069 0732 72313300 		.ascii	"r13\000"
 1070 0736 08       		.byte	0x8
 1071 0737 8A       		.byte	0x8a
 1072 0738 B9070000 		.4byte	0x7b9
 1073 073c 00       		.byte	0
 1074 073d 00       		.byte	0
 1075 073e 06       		.uleb128 0x6
 1076 073f 41000000 		.4byte	.LASF110
 1077 0743 24       		.byte	0x24
 1078 0744 09       		.byte	0x9
 1079 0745 FD       		.byte	0xfd
ARM GAS  /tmp/cclvC6Hk.s 			page 20


 1080 0746 B9070000 		.4byte	0x7b9
 1081 074a 08       		.uleb128 0x8
 1082 074b 723400   		.ascii	"r4\000"
 1083 074e 09       		.byte	0x9
 1084 074f 1001     		.2byte	0x110
 1085 0751 0F070000 		.4byte	0x70f
 1086 0755 00       		.byte	0
 1087 0756 08       		.uleb128 0x8
 1088 0757 723500   		.ascii	"r5\000"
 1089 075a 09       		.byte	0x9
 1090 075b 1101     		.2byte	0x111
 1091 075d 0F070000 		.4byte	0x70f
 1092 0761 04       		.byte	0x4
 1093 0762 08       		.uleb128 0x8
 1094 0763 723600   		.ascii	"r6\000"
 1095 0766 09       		.byte	0x9
 1096 0767 1201     		.2byte	0x112
 1097 0769 0F070000 		.4byte	0x70f
 1098 076d 08       		.byte	0x8
 1099 076e 08       		.uleb128 0x8
 1100 076f 723700   		.ascii	"r7\000"
 1101 0772 09       		.byte	0x9
 1102 0773 1301     		.2byte	0x113
 1103 0775 0F070000 		.4byte	0x70f
 1104 0779 0C       		.byte	0xc
 1105 077a 08       		.uleb128 0x8
 1106 077b 723800   		.ascii	"r8\000"
 1107 077e 09       		.byte	0x9
 1108 077f 1401     		.2byte	0x114
 1109 0781 0F070000 		.4byte	0x70f
 1110 0785 10       		.byte	0x10
 1111 0786 08       		.uleb128 0x8
 1112 0787 723900   		.ascii	"r9\000"
 1113 078a 09       		.byte	0x9
 1114 078b 1501     		.2byte	0x115
 1115 078d 0F070000 		.4byte	0x70f
 1116 0791 14       		.byte	0x14
 1117 0792 08       		.uleb128 0x8
 1118 0793 72313000 		.ascii	"r10\000"
 1119 0797 09       		.byte	0x9
 1120 0798 1601     		.2byte	0x116
 1121 079a 0F070000 		.4byte	0x70f
 1122 079e 18       		.byte	0x18
 1123 079f 08       		.uleb128 0x8
 1124 07a0 72313100 		.ascii	"r11\000"
 1125 07a4 09       		.byte	0x9
 1126 07a5 1701     		.2byte	0x117
 1127 07a7 0F070000 		.4byte	0x70f
 1128 07ab 1C       		.byte	0x1c
 1129 07ac 08       		.uleb128 0x8
 1130 07ad 6C7200   		.ascii	"lr\000"
 1131 07b0 09       		.byte	0x9
 1132 07b1 1801     		.2byte	0x118
 1133 07b3 0F070000 		.4byte	0x70f
 1134 07b7 20       		.byte	0x20
 1135 07b8 00       		.byte	0
 1136 07b9 0A       		.uleb128 0xa
ARM GAS  /tmp/cclvC6Hk.s 			page 21


 1137 07ba 04       		.byte	0x4
 1138 07bb 3E070000 		.4byte	0x73e
 1139 07bf 1A       		.uleb128 0x1a
 1140 07c0 04       		.byte	0x4
 1141 07c1 0A       		.byte	0xa
 1142 07c2 38       		.byte	0x38
 1143 07c3 D4070000 		.4byte	0x7d4
 1144 07c7 07       		.uleb128 0x7
 1145 07c8 8C050000 		.4byte	.LASF111
 1146 07cc 0A       		.byte	0xa
 1147 07cd 3C       		.byte	0x3c
 1148 07ce C9000000 		.4byte	0xc9
 1149 07d2 00       		.byte	0
 1150 07d3 00       		.byte	0
 1151 07d4 04       		.uleb128 0x4
 1152 07d5 97030000 		.4byte	.LASF112
 1153 07d9 0A       		.byte	0xa
 1154 07da 3D       		.byte	0x3d
 1155 07db BF070000 		.4byte	0x7bf
 1156 07df 1B       		.uleb128 0x1b
 1157 07e0 04       		.byte	0x4
 1158 07e1 06       		.byte	0x6
 1159 07e2 FA       		.byte	0xfa
 1160 07e3 3C080000 		.4byte	0x83c
 1161 07e7 1C       		.uleb128 0x1c
 1162 07e8 27000000 		.4byte	.LASF113
 1163 07ec 06       		.byte	0x6
 1164 07ed 0101     		.2byte	0x101
 1165 07ef 00010000 		.4byte	0x100
 1166 07f3 1C       		.uleb128 0x1c
 1167 07f4 73000000 		.4byte	.LASF114
 1168 07f8 06       		.byte	0x6
 1169 07f9 0801     		.2byte	0x108
 1170 07fb 00010000 		.4byte	0x100
 1171 07ff 1C       		.uleb128 0x1c
 1172 0800 EB050000 		.4byte	.LASF115
 1173 0804 06       		.byte	0x6
 1174 0805 0F01     		.2byte	0x10f
 1175 0807 0C030000 		.4byte	0x30c
 1176 080b 1C       		.uleb128 0x1c
 1177 080c 21000000 		.4byte	.LASF116
 1178 0810 06       		.byte	0x6
 1179 0811 1601     		.2byte	0x116
 1180 0813 3C080000 		.4byte	0x83c
 1181 0817 1C       		.uleb128 0x1c
 1182 0818 98020000 		.4byte	.LASF117
 1183 081c 06       		.byte	0x6
 1184 081d 1E01     		.2byte	0x11e
 1185 081f 67080000 		.4byte	0x867
 1186 0823 1C       		.uleb128 0x1c
 1187 0824 00050000 		.4byte	.LASF118
 1188 0828 06       		.byte	0x6
 1189 0829 2701     		.2byte	0x127
 1190 082b 9E080000 		.4byte	0x89e
 1191 082f 1C       		.uleb128 0x1c
 1192 0830 92040000 		.4byte	.LASF119
 1193 0834 06       		.byte	0x6
ARM GAS  /tmp/cclvC6Hk.s 			page 22


 1194 0835 2F01     		.2byte	0x12f
 1195 0837 0B010000 		.4byte	0x10b
 1196 083b 00       		.byte	0
 1197 083c 0A       		.uleb128 0xa
 1198 083d 04       		.byte	0x4
 1199 083e 24020000 		.4byte	0x224
 1200 0842 06       		.uleb128 0x6
 1201 0843 D5040000 		.4byte	.LASF120
 1202 0847 0C       		.byte	0xc
 1203 0848 0B       		.byte	0xb
 1204 0849 34       		.byte	0x34
 1205 084a 67080000 		.4byte	0x867
 1206 084e 07       		.uleb128 0x7
 1207 084f EC010000 		.4byte	.LASF121
 1208 0853 0B       		.byte	0xb
 1209 0854 35       		.byte	0x35
 1210 0855 59020000 		.4byte	0x259
 1211 0859 00       		.byte	0
 1212 085a 07       		.uleb128 0x7
 1213 085b AF020000 		.4byte	.LASF122
 1214 085f 0B       		.byte	0xb
 1215 0860 37       		.byte	0x37
 1216 0861 16010000 		.4byte	0x116
 1217 0865 08       		.byte	0x8
 1218 0866 00       		.byte	0
 1219 0867 0A       		.uleb128 0xa
 1220 0868 04       		.byte	0x4
 1221 0869 42080000 		.4byte	0x842
 1222 086d 06       		.uleb128 0x6
 1223 086e BA050000 		.4byte	.LASF123
 1224 0872 10       		.byte	0x10
 1225 0873 0C       		.byte	0xc
 1226 0874 39       		.byte	0x39
 1227 0875 9E080000 		.4byte	0x89e
 1228 0879 07       		.uleb128 0x7
 1229 087a F8000000 		.4byte	.LASF124
 1230 087e 0C       		.byte	0xc
 1231 087f 3A       		.byte	0x3a
 1232 0880 59020000 		.4byte	0x259
 1233 0884 00       		.byte	0
 1234 0885 07       		.uleb128 0x7
 1235 0886 0A060000 		.4byte	.LASF125
 1236 088a 0C       		.byte	0xc
 1237 088b 3C       		.byte	0x3c
 1238 088c 2F020000 		.4byte	0x22f
 1239 0890 08       		.byte	0x8
 1240 0891 07       		.uleb128 0x7
 1241 0892 52050000 		.4byte	.LASF126
 1242 0896 0C       		.byte	0xc
 1243 0897 3E       		.byte	0x3e
 1244 0898 DC080000 		.4byte	0x8dc
 1245 089c 0C       		.byte	0xc
 1246 089d 00       		.byte	0
 1247 089e 0A       		.uleb128 0xa
 1248 089f 04       		.byte	0x4
 1249 08a0 6D080000 		.4byte	0x86d
 1250 08a4 0A       		.uleb128 0xa
ARM GAS  /tmp/cclvC6Hk.s 			page 23


 1251 08a5 04       		.byte	0x4
 1252 08a6 AA080000 		.4byte	0x8aa
 1253 08aa 18       		.uleb128 0x18
 1254 08ab AF080000 		.4byte	0x8af
 1255 08af 03       		.uleb128 0x3
 1256 08b0 01       		.byte	0x1
 1257 08b1 08       		.byte	0x8
 1258 08b2 44050000 		.4byte	.LASF127
 1259 08b6 0A       		.uleb128 0xa
 1260 08b7 04       		.byte	0x4
 1261 08b8 0E030000 		.4byte	0x30e
 1262 08bc 05       		.uleb128 0x5
 1263 08bd A4080000 		.4byte	0x8a4
 1264 08c1 13       		.uleb128 0x13
 1265 08c2 1A070000 		.4byte	0x71a
 1266 08c6 D1080000 		.4byte	0x8d1
 1267 08ca 14       		.uleb128 0x14
 1268 08cb 0E050000 		.4byte	0x50e
 1269 08cf 1A       		.byte	0x1a
 1270 08d0 00       		.byte	0
 1271 08d1 04       		.uleb128 0x4
 1272 08d2 54020000 		.4byte	.LASF128
 1273 08d6 0C       		.byte	0xc
 1274 08d7 34       		.byte	0x34
 1275 08d8 6D080000 		.4byte	0x86d
 1276 08dc 0A       		.uleb128 0xa
 1277 08dd 04       		.byte	0x4
 1278 08de D1080000 		.4byte	0x8d1
 1279 08e2 03       		.uleb128 0x3
 1280 08e3 01       		.byte	0x1
 1281 08e4 02       		.byte	0x2
 1282 08e5 14040000 		.4byte	.LASF129
 1283 08e9 1D       		.uleb128 0x1d
 1284 08ea C0000000 		.4byte	.LASF131
 1285 08ee 01       		.byte	0x1
 1286 08ef 39       		.byte	0x39
 1287 08f0 00000000 		.4byte	.LFB271
 1288 08f4 50000000 		.4byte	.LFE271-.LFB271
 1289 08f8 01       		.uleb128 0x1
 1290 08f9 9C       		.byte	0x9c
 1291 08fa 19090000 		.4byte	0x919
 1292 08fe 1E       		.uleb128 0x1e
 1293 08ff 6E00     		.ascii	"n\000"
 1294 0901 01       		.byte	0x1
 1295 0902 39       		.byte	0x39
 1296 0903 A9000000 		.4byte	0xa9
 1297 0907 02       		.uleb128 0x2
 1298 0908 91       		.byte	0x91
 1299 0909 7C       		.sleb128 -4
 1300 090a 1F       		.uleb128 0x1f
 1301 090b AD030000 		.4byte	.LASF130
 1302 090f 01       		.byte	0x1
 1303 0910 39       		.byte	0x39
 1304 0911 A9000000 		.4byte	0xa9
 1305 0915 02       		.uleb128 0x2
 1306 0916 91       		.byte	0x91
 1307 0917 78       		.sleb128 -8
ARM GAS  /tmp/cclvC6Hk.s 			page 24


 1308 0918 00       		.byte	0
 1309 0919 1D       		.uleb128 0x1d
 1310 091a 86020000 		.4byte	.LASF132
 1311 091e 01       		.byte	0x1
 1312 091f 45       		.byte	0x45
 1313 0920 00000000 		.4byte	.LFB272
 1314 0924 34000000 		.4byte	.LFE272-.LFB272
 1315 0928 01       		.uleb128 0x1
 1316 0929 9C       		.byte	0x9c
 1317 092a 3B090000 		.4byte	0x93b
 1318 092e 1E       		.uleb128 0x1e
 1319 092f 6E00     		.ascii	"n\000"
 1320 0931 01       		.byte	0x1
 1321 0932 45       		.byte	0x45
 1322 0933 A9000000 		.4byte	0xa9
 1323 0937 02       		.uleb128 0x2
 1324 0938 91       		.byte	0x91
 1325 0939 7C       		.sleb128 -4
 1326 093a 00       		.byte	0
 1327 093b 1D       		.uleb128 0x1d
 1328 093c 6E040000 		.4byte	.LASF133
 1329 0940 01       		.byte	0x1
 1330 0941 51       		.byte	0x51
 1331 0942 00000000 		.4byte	.LFB273
 1332 0946 20000000 		.4byte	.LFE273-.LFB273
 1333 094a 01       		.uleb128 0x1
 1334 094b 9C       		.byte	0x9c
 1335 094c 76090000 		.4byte	0x976
 1336 0950 1F       		.uleb128 0x1f
 1337 0951 1E030000 		.4byte	.LASF134
 1338 0955 01       		.byte	0x1
 1339 0956 51       		.byte	0x51
 1340 0957 A9000000 		.4byte	0xa9
 1341 095b 02       		.uleb128 0x2
 1342 095c 91       		.byte	0x91
 1343 095d 7C       		.sleb128 -4
 1344 095e 1F       		.uleb128 0x1f
 1345 095f AD030000 		.4byte	.LASF130
 1346 0963 01       		.byte	0x1
 1347 0964 51       		.byte	0x51
 1348 0965 A9000000 		.4byte	0xa9
 1349 0969 02       		.uleb128 0x2
 1350 096a 91       		.byte	0x91
 1351 096b 78       		.sleb128 -8
 1352 096c 20       		.uleb128 0x20
 1353 096d A8040000 		.4byte	.LASF139
 1354 0971 86090000 		.4byte	0x986
 1355 0975 00       		.byte	0
 1356 0976 13       		.uleb128 0x13
 1357 0977 AF080000 		.4byte	0x8af
 1358 097b 86090000 		.4byte	0x986
 1359 097f 14       		.uleb128 0x14
 1360 0980 0E050000 		.4byte	0x50e
 1361 0984 1C       		.byte	0x1c
 1362 0985 00       		.byte	0
 1363 0986 18       		.uleb128 0x18
 1364 0987 76090000 		.4byte	0x976
ARM GAS  /tmp/cclvC6Hk.s 			page 25


 1365 098b 1D       		.uleb128 0x1d
 1366 098c 00010000 		.4byte	.LASF135
 1367 0990 01       		.byte	0x1
 1368 0991 61       		.byte	0x61
 1369 0992 00000000 		.4byte	.LFB274
 1370 0996 24000000 		.4byte	.LFE274-.LFB274
 1371 099a 01       		.uleb128 0x1
 1372 099b 9C       		.byte	0x9c
 1373 099c AD090000 		.4byte	0x9ad
 1374 09a0 1E       		.uleb128 0x1e
 1375 09a1 6E00     		.ascii	"n\000"
 1376 09a3 01       		.byte	0x1
 1377 09a4 61       		.byte	0x61
 1378 09a5 A9000000 		.4byte	0xa9
 1379 09a9 02       		.uleb128 0x2
 1380 09aa 91       		.byte	0x91
 1381 09ab 7C       		.sleb128 -4
 1382 09ac 00       		.byte	0
 1383 09ad 21       		.uleb128 0x21
 1384 09ae 36040000 		.4byte	.LASF136
 1385 09b2 07       		.byte	0x7
 1386 09b3 FA06     		.2byte	0x6fa
 1387 09b5 BF000000 		.4byte	0xbf
 1388 09b9 22       		.uleb128 0x22
 1389 09ba 636800   		.ascii	"ch\000"
 1390 09bd 06       		.byte	0x6
 1391 09be 0902     		.2byte	0x209
 1392 09c0 DB030000 		.4byte	0x3db
 1393 09c4 00       		.byte	0
 1394              		.section	.debug_abbrev,"",%progbits
 1395              	.Ldebug_abbrev0:
 1396 0000 01       		.uleb128 0x1
 1397 0001 11       		.uleb128 0x11
 1398 0002 01       		.byte	0x1
 1399 0003 25       		.uleb128 0x25
 1400 0004 0E       		.uleb128 0xe
 1401 0005 13       		.uleb128 0x13
 1402 0006 0B       		.uleb128 0xb
 1403 0007 03       		.uleb128 0x3
 1404 0008 0E       		.uleb128 0xe
 1405 0009 55       		.uleb128 0x55
 1406 000a 17       		.uleb128 0x17
 1407 000b 11       		.uleb128 0x11
 1408 000c 01       		.uleb128 0x1
 1409 000d 10       		.uleb128 0x10
 1410 000e 17       		.uleb128 0x17
 1411 000f 00       		.byte	0
 1412 0010 00       		.byte	0
 1413 0011 02       		.uleb128 0x2
 1414 0012 24       		.uleb128 0x24
 1415 0013 00       		.byte	0
 1416 0014 0B       		.uleb128 0xb
 1417 0015 0B       		.uleb128 0xb
 1418 0016 3E       		.uleb128 0x3e
 1419 0017 0B       		.uleb128 0xb
 1420 0018 03       		.uleb128 0x3
 1421 0019 08       		.uleb128 0x8
ARM GAS  /tmp/cclvC6Hk.s 			page 26


 1422 001a 00       		.byte	0
 1423 001b 00       		.byte	0
 1424 001c 03       		.uleb128 0x3
 1425 001d 24       		.uleb128 0x24
 1426 001e 00       		.byte	0
 1427 001f 0B       		.uleb128 0xb
 1428 0020 0B       		.uleb128 0xb
 1429 0021 3E       		.uleb128 0x3e
 1430 0022 0B       		.uleb128 0xb
 1431 0023 03       		.uleb128 0x3
 1432 0024 0E       		.uleb128 0xe
 1433 0025 00       		.byte	0
 1434 0026 00       		.byte	0
 1435 0027 04       		.uleb128 0x4
 1436 0028 16       		.uleb128 0x16
 1437 0029 00       		.byte	0
 1438 002a 03       		.uleb128 0x3
 1439 002b 0E       		.uleb128 0xe
 1440 002c 3A       		.uleb128 0x3a
 1441 002d 0B       		.uleb128 0xb
 1442 002e 3B       		.uleb128 0x3b
 1443 002f 0B       		.uleb128 0xb
 1444 0030 49       		.uleb128 0x49
 1445 0031 13       		.uleb128 0x13
 1446 0032 00       		.byte	0
 1447 0033 00       		.byte	0
 1448 0034 05       		.uleb128 0x5
 1449 0035 35       		.uleb128 0x35
 1450 0036 00       		.byte	0
 1451 0037 49       		.uleb128 0x49
 1452 0038 13       		.uleb128 0x13
 1453 0039 00       		.byte	0
 1454 003a 00       		.byte	0
 1455 003b 06       		.uleb128 0x6
 1456 003c 13       		.uleb128 0x13
 1457 003d 01       		.byte	0x1
 1458 003e 03       		.uleb128 0x3
 1459 003f 0E       		.uleb128 0xe
 1460 0040 0B       		.uleb128 0xb
 1461 0041 0B       		.uleb128 0xb
 1462 0042 3A       		.uleb128 0x3a
 1463 0043 0B       		.uleb128 0xb
 1464 0044 3B       		.uleb128 0x3b
 1465 0045 0B       		.uleb128 0xb
 1466 0046 01       		.uleb128 0x1
 1467 0047 13       		.uleb128 0x13
 1468 0048 00       		.byte	0
 1469 0049 00       		.byte	0
 1470 004a 07       		.uleb128 0x7
 1471 004b 0D       		.uleb128 0xd
 1472 004c 00       		.byte	0
 1473 004d 03       		.uleb128 0x3
 1474 004e 0E       		.uleb128 0xe
 1475 004f 3A       		.uleb128 0x3a
 1476 0050 0B       		.uleb128 0xb
 1477 0051 3B       		.uleb128 0x3b
 1478 0052 0B       		.uleb128 0xb
ARM GAS  /tmp/cclvC6Hk.s 			page 27


 1479 0053 49       		.uleb128 0x49
 1480 0054 13       		.uleb128 0x13
 1481 0055 38       		.uleb128 0x38
 1482 0056 0B       		.uleb128 0xb
 1483 0057 00       		.byte	0
 1484 0058 00       		.byte	0
 1485 0059 08       		.uleb128 0x8
 1486 005a 0D       		.uleb128 0xd
 1487 005b 00       		.byte	0
 1488 005c 03       		.uleb128 0x3
 1489 005d 08       		.uleb128 0x8
 1490 005e 3A       		.uleb128 0x3a
 1491 005f 0B       		.uleb128 0xb
 1492 0060 3B       		.uleb128 0x3b
 1493 0061 05       		.uleb128 0x5
 1494 0062 49       		.uleb128 0x49
 1495 0063 13       		.uleb128 0x13
 1496 0064 38       		.uleb128 0x38
 1497 0065 0B       		.uleb128 0xb
 1498 0066 00       		.byte	0
 1499 0067 00       		.byte	0
 1500 0068 09       		.uleb128 0x9
 1501 0069 0D       		.uleb128 0xd
 1502 006a 00       		.byte	0
 1503 006b 03       		.uleb128 0x3
 1504 006c 0E       		.uleb128 0xe
 1505 006d 3A       		.uleb128 0x3a
 1506 006e 0B       		.uleb128 0xb
 1507 006f 3B       		.uleb128 0x3b
 1508 0070 05       		.uleb128 0x5
 1509 0071 49       		.uleb128 0x49
 1510 0072 13       		.uleb128 0x13
 1511 0073 38       		.uleb128 0x38
 1512 0074 0B       		.uleb128 0xb
 1513 0075 00       		.byte	0
 1514 0076 00       		.byte	0
 1515 0077 0A       		.uleb128 0xa
 1516 0078 0F       		.uleb128 0xf
 1517 0079 00       		.byte	0
 1518 007a 0B       		.uleb128 0xb
 1519 007b 0B       		.uleb128 0xb
 1520 007c 49       		.uleb128 0x49
 1521 007d 13       		.uleb128 0x13
 1522 007e 00       		.byte	0
 1523 007f 00       		.byte	0
 1524 0080 0B       		.uleb128 0xb
 1525 0081 13       		.uleb128 0x13
 1526 0082 01       		.byte	0x1
 1527 0083 03       		.uleb128 0x3
 1528 0084 0E       		.uleb128 0xe
 1529 0085 0B       		.uleb128 0xb
 1530 0086 0B       		.uleb128 0xb
 1531 0087 3A       		.uleb128 0x3a
 1532 0088 0B       		.uleb128 0xb
 1533 0089 3B       		.uleb128 0x3b
 1534 008a 05       		.uleb128 0x5
 1535 008b 01       		.uleb128 0x1
ARM GAS  /tmp/cclvC6Hk.s 			page 28


 1536 008c 13       		.uleb128 0x13
 1537 008d 00       		.byte	0
 1538 008e 00       		.byte	0
 1539 008f 0C       		.uleb128 0xc
 1540 0090 15       		.uleb128 0x15
 1541 0091 01       		.byte	0x1
 1542 0092 27       		.uleb128 0x27
 1543 0093 19       		.uleb128 0x19
 1544 0094 01       		.uleb128 0x1
 1545 0095 13       		.uleb128 0x13
 1546 0096 00       		.byte	0
 1547 0097 00       		.byte	0
 1548 0098 0D       		.uleb128 0xd
 1549 0099 05       		.uleb128 0x5
 1550 009a 00       		.byte	0
 1551 009b 49       		.uleb128 0x49
 1552 009c 13       		.uleb128 0x13
 1553 009d 00       		.byte	0
 1554 009e 00       		.byte	0
 1555 009f 0E       		.uleb128 0xe
 1556 00a0 0F       		.uleb128 0xf
 1557 00a1 00       		.byte	0
 1558 00a2 0B       		.uleb128 0xb
 1559 00a3 0B       		.uleb128 0xb
 1560 00a4 00       		.byte	0
 1561 00a5 00       		.byte	0
 1562 00a6 0F       		.uleb128 0xf
 1563 00a7 13       		.uleb128 0x13
 1564 00a8 01       		.byte	0x1
 1565 00a9 03       		.uleb128 0x3
 1566 00aa 0E       		.uleb128 0xe
 1567 00ab 0B       		.uleb128 0xb
 1568 00ac 05       		.uleb128 0x5
 1569 00ad 3A       		.uleb128 0x3a
 1570 00ae 0B       		.uleb128 0xb
 1571 00af 3B       		.uleb128 0x3b
 1572 00b0 05       		.uleb128 0x5
 1573 00b1 01       		.uleb128 0x1
 1574 00b2 13       		.uleb128 0x13
 1575 00b3 00       		.byte	0
 1576 00b4 00       		.byte	0
 1577 00b5 10       		.uleb128 0x10
 1578 00b6 13       		.uleb128 0x13
 1579 00b7 01       		.byte	0x1
 1580 00b8 0B       		.uleb128 0xb
 1581 00b9 05       		.uleb128 0x5
 1582 00ba 3A       		.uleb128 0x3a
 1583 00bb 0B       		.uleb128 0xb
 1584 00bc 3B       		.uleb128 0x3b
 1585 00bd 05       		.uleb128 0x5
 1586 00be 01       		.uleb128 0x1
 1587 00bf 13       		.uleb128 0x13
 1588 00c0 00       		.byte	0
 1589 00c1 00       		.byte	0
 1590 00c2 11       		.uleb128 0x11
 1591 00c3 0D       		.uleb128 0xd
 1592 00c4 00       		.byte	0
ARM GAS  /tmp/cclvC6Hk.s 			page 29


 1593 00c5 03       		.uleb128 0x3
 1594 00c6 0E       		.uleb128 0xe
 1595 00c7 3A       		.uleb128 0x3a
 1596 00c8 0B       		.uleb128 0xb
 1597 00c9 3B       		.uleb128 0x3b
 1598 00ca 05       		.uleb128 0x5
 1599 00cb 49       		.uleb128 0x49
 1600 00cc 13       		.uleb128 0x13
 1601 00cd 38       		.uleb128 0x38
 1602 00ce 05       		.uleb128 0x5
 1603 00cf 00       		.byte	0
 1604 00d0 00       		.byte	0
 1605 00d1 12       		.uleb128 0x12
 1606 00d2 0D       		.uleb128 0xd
 1607 00d3 00       		.byte	0
 1608 00d4 03       		.uleb128 0x3
 1609 00d5 08       		.uleb128 0x8
 1610 00d6 3A       		.uleb128 0x3a
 1611 00d7 0B       		.uleb128 0xb
 1612 00d8 3B       		.uleb128 0x3b
 1613 00d9 05       		.uleb128 0x5
 1614 00da 49       		.uleb128 0x49
 1615 00db 13       		.uleb128 0x13
 1616 00dc 38       		.uleb128 0x38
 1617 00dd 05       		.uleb128 0x5
 1618 00de 00       		.byte	0
 1619 00df 00       		.byte	0
 1620 00e0 13       		.uleb128 0x13
 1621 00e1 01       		.uleb128 0x1
 1622 00e2 01       		.byte	0x1
 1623 00e3 49       		.uleb128 0x49
 1624 00e4 13       		.uleb128 0x13
 1625 00e5 01       		.uleb128 0x1
 1626 00e6 13       		.uleb128 0x13
 1627 00e7 00       		.byte	0
 1628 00e8 00       		.byte	0
 1629 00e9 14       		.uleb128 0x14
 1630 00ea 21       		.uleb128 0x21
 1631 00eb 00       		.byte	0
 1632 00ec 49       		.uleb128 0x49
 1633 00ed 13       		.uleb128 0x13
 1634 00ee 2F       		.uleb128 0x2f
 1635 00ef 0B       		.uleb128 0xb
 1636 00f0 00       		.byte	0
 1637 00f1 00       		.byte	0
 1638 00f2 15       		.uleb128 0x15
 1639 00f3 21       		.uleb128 0x21
 1640 00f4 00       		.byte	0
 1641 00f5 49       		.uleb128 0x49
 1642 00f6 13       		.uleb128 0x13
 1643 00f7 2F       		.uleb128 0x2f
 1644 00f8 05       		.uleb128 0x5
 1645 00f9 00       		.byte	0
 1646 00fa 00       		.byte	0
 1647 00fb 16       		.uleb128 0x16
 1648 00fc 16       		.uleb128 0x16
 1649 00fd 00       		.byte	0
ARM GAS  /tmp/cclvC6Hk.s 			page 30


 1650 00fe 03       		.uleb128 0x3
 1651 00ff 0E       		.uleb128 0xe
 1652 0100 3A       		.uleb128 0x3a
 1653 0101 0B       		.uleb128 0xb
 1654 0102 3B       		.uleb128 0x3b
 1655 0103 05       		.uleb128 0x5
 1656 0104 49       		.uleb128 0x49
 1657 0105 13       		.uleb128 0x13
 1658 0106 00       		.byte	0
 1659 0107 00       		.byte	0
 1660 0108 17       		.uleb128 0x17
 1661 0109 13       		.uleb128 0x13
 1662 010a 01       		.byte	0x1
 1663 010b 0B       		.uleb128 0xb
 1664 010c 0B       		.uleb128 0xb
 1665 010d 3A       		.uleb128 0x3a
 1666 010e 0B       		.uleb128 0xb
 1667 010f 3B       		.uleb128 0x3b
 1668 0110 05       		.uleb128 0x5
 1669 0111 01       		.uleb128 0x1
 1670 0112 13       		.uleb128 0x13
 1671 0113 00       		.byte	0
 1672 0114 00       		.byte	0
 1673 0115 18       		.uleb128 0x18
 1674 0116 26       		.uleb128 0x26
 1675 0117 00       		.byte	0
 1676 0118 49       		.uleb128 0x49
 1677 0119 13       		.uleb128 0x13
 1678 011a 00       		.byte	0
 1679 011b 00       		.byte	0
 1680 011c 19       		.uleb128 0x19
 1681 011d 0D       		.uleb128 0xd
 1682 011e 00       		.byte	0
 1683 011f 03       		.uleb128 0x3
 1684 0120 08       		.uleb128 0x8
 1685 0121 3A       		.uleb128 0x3a
 1686 0122 0B       		.uleb128 0xb
 1687 0123 3B       		.uleb128 0x3b
 1688 0124 0B       		.uleb128 0xb
 1689 0125 49       		.uleb128 0x49
 1690 0126 13       		.uleb128 0x13
 1691 0127 38       		.uleb128 0x38
 1692 0128 0B       		.uleb128 0xb
 1693 0129 00       		.byte	0
 1694 012a 00       		.byte	0
 1695 012b 1A       		.uleb128 0x1a
 1696 012c 13       		.uleb128 0x13
 1697 012d 01       		.byte	0x1
 1698 012e 0B       		.uleb128 0xb
 1699 012f 0B       		.uleb128 0xb
 1700 0130 3A       		.uleb128 0x3a
 1701 0131 0B       		.uleb128 0xb
 1702 0132 3B       		.uleb128 0x3b
 1703 0133 0B       		.uleb128 0xb
 1704 0134 01       		.uleb128 0x1
 1705 0135 13       		.uleb128 0x13
 1706 0136 00       		.byte	0
ARM GAS  /tmp/cclvC6Hk.s 			page 31


 1707 0137 00       		.byte	0
 1708 0138 1B       		.uleb128 0x1b
 1709 0139 17       		.uleb128 0x17
 1710 013a 01       		.byte	0x1
 1711 013b 0B       		.uleb128 0xb
 1712 013c 0B       		.uleb128 0xb
 1713 013d 3A       		.uleb128 0x3a
 1714 013e 0B       		.uleb128 0xb
 1715 013f 3B       		.uleb128 0x3b
 1716 0140 0B       		.uleb128 0xb
 1717 0141 01       		.uleb128 0x1
 1718 0142 13       		.uleb128 0x13
 1719 0143 00       		.byte	0
 1720 0144 00       		.byte	0
 1721 0145 1C       		.uleb128 0x1c
 1722 0146 0D       		.uleb128 0xd
 1723 0147 00       		.byte	0
 1724 0148 03       		.uleb128 0x3
 1725 0149 0E       		.uleb128 0xe
 1726 014a 3A       		.uleb128 0x3a
 1727 014b 0B       		.uleb128 0xb
 1728 014c 3B       		.uleb128 0x3b
 1729 014d 05       		.uleb128 0x5
 1730 014e 49       		.uleb128 0x49
 1731 014f 13       		.uleb128 0x13
 1732 0150 00       		.byte	0
 1733 0151 00       		.byte	0
 1734 0152 1D       		.uleb128 0x1d
 1735 0153 2E       		.uleb128 0x2e
 1736 0154 01       		.byte	0x1
 1737 0155 3F       		.uleb128 0x3f
 1738 0156 19       		.uleb128 0x19
 1739 0157 03       		.uleb128 0x3
 1740 0158 0E       		.uleb128 0xe
 1741 0159 3A       		.uleb128 0x3a
 1742 015a 0B       		.uleb128 0xb
 1743 015b 3B       		.uleb128 0x3b
 1744 015c 0B       		.uleb128 0xb
 1745 015d 27       		.uleb128 0x27
 1746 015e 19       		.uleb128 0x19
 1747 015f 11       		.uleb128 0x11
 1748 0160 01       		.uleb128 0x1
 1749 0161 12       		.uleb128 0x12
 1750 0162 06       		.uleb128 0x6
 1751 0163 40       		.uleb128 0x40
 1752 0164 18       		.uleb128 0x18
 1753 0165 9742     		.uleb128 0x2117
 1754 0167 19       		.uleb128 0x19
 1755 0168 01       		.uleb128 0x1
 1756 0169 13       		.uleb128 0x13
 1757 016a 00       		.byte	0
 1758 016b 00       		.byte	0
 1759 016c 1E       		.uleb128 0x1e
 1760 016d 05       		.uleb128 0x5
 1761 016e 00       		.byte	0
 1762 016f 03       		.uleb128 0x3
 1763 0170 08       		.uleb128 0x8
ARM GAS  /tmp/cclvC6Hk.s 			page 32


 1764 0171 3A       		.uleb128 0x3a
 1765 0172 0B       		.uleb128 0xb
 1766 0173 3B       		.uleb128 0x3b
 1767 0174 0B       		.uleb128 0xb
 1768 0175 49       		.uleb128 0x49
 1769 0176 13       		.uleb128 0x13
 1770 0177 02       		.uleb128 0x2
 1771 0178 18       		.uleb128 0x18
 1772 0179 00       		.byte	0
 1773 017a 00       		.byte	0
 1774 017b 1F       		.uleb128 0x1f
 1775 017c 05       		.uleb128 0x5
 1776 017d 00       		.byte	0
 1777 017e 03       		.uleb128 0x3
 1778 017f 0E       		.uleb128 0xe
 1779 0180 3A       		.uleb128 0x3a
 1780 0181 0B       		.uleb128 0xb
 1781 0182 3B       		.uleb128 0x3b
 1782 0183 0B       		.uleb128 0xb
 1783 0184 49       		.uleb128 0x49
 1784 0185 13       		.uleb128 0x13
 1785 0186 02       		.uleb128 0x2
 1786 0187 18       		.uleb128 0x18
 1787 0188 00       		.byte	0
 1788 0189 00       		.byte	0
 1789 018a 20       		.uleb128 0x20
 1790 018b 34       		.uleb128 0x34
 1791 018c 00       		.byte	0
 1792 018d 03       		.uleb128 0x3
 1793 018e 0E       		.uleb128 0xe
 1794 018f 49       		.uleb128 0x49
 1795 0190 13       		.uleb128 0x13
 1796 0191 34       		.uleb128 0x34
 1797 0192 19       		.uleb128 0x19
 1798 0193 00       		.byte	0
 1799 0194 00       		.byte	0
 1800 0195 21       		.uleb128 0x21
 1801 0196 34       		.uleb128 0x34
 1802 0197 00       		.byte	0
 1803 0198 03       		.uleb128 0x3
 1804 0199 0E       		.uleb128 0xe
 1805 019a 3A       		.uleb128 0x3a
 1806 019b 0B       		.uleb128 0xb
 1807 019c 3B       		.uleb128 0x3b
 1808 019d 05       		.uleb128 0x5
 1809 019e 49       		.uleb128 0x49
 1810 019f 13       		.uleb128 0x13
 1811 01a0 3F       		.uleb128 0x3f
 1812 01a1 19       		.uleb128 0x19
 1813 01a2 3C       		.uleb128 0x3c
 1814 01a3 19       		.uleb128 0x19
 1815 01a4 00       		.byte	0
 1816 01a5 00       		.byte	0
 1817 01a6 22       		.uleb128 0x22
 1818 01a7 34       		.uleb128 0x34
 1819 01a8 00       		.byte	0
 1820 01a9 03       		.uleb128 0x3
ARM GAS  /tmp/cclvC6Hk.s 			page 33


 1821 01aa 08       		.uleb128 0x8
 1822 01ab 3A       		.uleb128 0x3a
 1823 01ac 0B       		.uleb128 0xb
 1824 01ad 3B       		.uleb128 0x3b
 1825 01ae 05       		.uleb128 0x5
 1826 01af 49       		.uleb128 0x49
 1827 01b0 13       		.uleb128 0x13
 1828 01b1 3F       		.uleb128 0x3f
 1829 01b2 19       		.uleb128 0x19
 1830 01b3 3C       		.uleb128 0x3c
 1831 01b4 19       		.uleb128 0x19
 1832 01b5 00       		.byte	0
 1833 01b6 00       		.byte	0
 1834 01b7 00       		.byte	0
 1835              		.section	.debug_aranges,"",%progbits
 1836 0000 34000000 		.4byte	0x34
 1837 0004 0200     		.2byte	0x2
 1838 0006 00000000 		.4byte	.Ldebug_info0
 1839 000a 04       		.byte	0x4
 1840 000b 00       		.byte	0
 1841 000c 0000     		.2byte	0
 1842 000e 0000     		.2byte	0
 1843 0010 00000000 		.4byte	.LFB271
 1844 0014 50000000 		.4byte	.LFE271-.LFB271
 1845 0018 00000000 		.4byte	.LFB272
 1846 001c 34000000 		.4byte	.LFE272-.LFB272
 1847 0020 00000000 		.4byte	.LFB273
 1848 0024 20000000 		.4byte	.LFE273-.LFB273
 1849 0028 00000000 		.4byte	.LFB274
 1850 002c 24000000 		.4byte	.LFE274-.LFB274
 1851 0030 00000000 		.4byte	0
 1852 0034 00000000 		.4byte	0
 1853              		.section	.debug_ranges,"",%progbits
 1854              	.Ldebug_ranges0:
 1855 0000 00000000 		.4byte	.LFB271
 1856 0004 50000000 		.4byte	.LFE271
 1857 0008 00000000 		.4byte	.LFB272
 1858 000c 34000000 		.4byte	.LFE272
 1859 0010 00000000 		.4byte	.LFB273
 1860 0014 20000000 		.4byte	.LFE273
 1861 0018 00000000 		.4byte	.LFB274
 1862 001c 24000000 		.4byte	.LFE274
 1863 0020 00000000 		.4byte	0
 1864 0024 00000000 		.4byte	0
 1865              		.section	.debug_line,"",%progbits
 1866              	.Ldebug_line0:
 1867 0000 FC010000 		.section	.debug_str,"MS",%progbits,1
 1867      0200AC01 
 1867      00000201 
 1867      FB0E0D00 
 1867      01010101 
 1868              	.LASF45:
 1869 0000 74687265 		.ascii	"threads_list_t\000"
 1869      6164735F 
 1869      6C697374 
 1869      5F7400
 1870              	.LASF84:
ARM GAS  /tmp/cclvC6Hk.s 			page 34


 1871 000f 49435052 		.ascii	"ICPR\000"
 1871      00
 1872              	.LASF50:
 1873 0014 72656164 		.ascii	"ready_list_t\000"
 1873      795F6C69 
 1873      73745F74 
 1873      00
 1874              	.LASF116:
 1875 0021 77747472 		.ascii	"wttrp\000"
 1875      7000
 1876              	.LASF113:
 1877 0027 7264796D 		.ascii	"rdymsg\000"
 1877      736700
 1878              	.LASF16:
 1879 002e 75696E74 		.ascii	"uint64_t\000"
 1879      36345F74 
 1879      00
 1880              	.LASF5:
 1881 0037 5F5F7569 		.ascii	"__uint8_t\000"
 1881      6E74385F 
 1881      7400
 1882              	.LASF110:
 1883 0041 706F7274 		.ascii	"port_intctx\000"
 1883      5F696E74 
 1883      63747800 
 1884              	.LASF69:
 1885 004d 73797374 		.ascii	"system_debug_t\000"
 1885      656D5F64 
 1885      65627567 
 1885      5F7400
 1886              	.LASF12:
 1887 005c 6C6F6E67 		.ascii	"long long unsigned int\000"
 1887      206C6F6E 
 1887      6720756E 
 1887      7369676E 
 1887      65642069 
 1888              	.LASF114:
 1889 0073 65786974 		.ascii	"exitcode\000"
 1889      636F6465 
 1889      00
 1890              	.LASF76:
 1891 007c 6D61696E 		.ascii	"mainthread\000"
 1891      74687265 
 1891      616400
 1892              	.LASF66:
 1893 0087 76697274 		.ascii	"virtual_timers_list_t\000"
 1893      75616C5F 
 1893      74696D65 
 1893      72735F6C 
 1893      6973745F 
 1894              	.LASF92:
 1895 009d 43505549 		.ascii	"CPUID\000"
 1895      4400
 1896              	.LASF49:
 1897 00a3 63685F74 		.ascii	"ch_threads_queue\000"
 1897      68726561 
 1897      64735F71 
ARM GAS  /tmp/cclvC6Hk.s 			page 35


 1897      75657565 
 1897      00
 1898              	.LASF82:
 1899 00b4 49535052 		.ascii	"ISPR\000"
 1899      00
 1900              	.LASF29:
 1901 00b9 705F7072 		.ascii	"p_prio\000"
 1901      696F00
 1902              	.LASF131:
 1903 00c0 6E766963 		.ascii	"nvicEnableVector\000"
 1903      456E6162 
 1903      6C655665 
 1903      63746F72 
 1903      00
 1904              	.LASF104:
 1905 00d1 49534152 		.ascii	"ISAR\000"
 1905      00
 1906              	.LASF10:
 1907 00d6 6C6F6E67 		.ascii	"long long int\000"
 1907      206C6F6E 
 1907      6720696E 
 1907      7400
 1908              	.LASF1:
 1909 00e4 7369676E 		.ascii	"signed char\000"
 1909      65642063 
 1909      68617200 
 1910              	.LASF43:
 1911 00f0 705F6D70 		.ascii	"p_mpool\000"
 1911      6F6F6C00 
 1912              	.LASF124:
 1913 00f8 6D5F7175 		.ascii	"m_queue\000"
 1913      65756500 
 1914              	.LASF135:
 1915 0100 6E766963 		.ascii	"nvicClearPending\000"
 1915      436C6561 
 1915      7250656E 
 1915      64696E67 
 1915      00
 1916              	.LASF75:
 1917 0111 76746C69 		.ascii	"vtlist\000"
 1917      737400
 1918              	.LASF73:
 1919 0118 63685F73 		.ascii	"ch_system\000"
 1919      79737465 
 1919      6D00
 1920              	.LASF7:
 1921 0122 6C6F6E67 		.ascii	"long int\000"
 1921      20696E74 
 1921      00
 1922              	.LASF19:
 1923 012b 74737461 		.ascii	"tstate_t\000"
 1923      74655F74 
 1923      00
 1924              	.LASF137:
 1925 0134 474E5520 		.ascii	"GNU C 4.8.4 20141219 (release) -mcpu=cortex-m4 -mno"
 1925      4320342E 
 1925      382E3420 
ARM GAS  /tmp/cclvC6Hk.s 			page 36


 1925      32303134 
 1925      31323139 
 1926 0167 2D746875 		.ascii	"-thumb-interwork -mthumb -ggdb -O0 -fomit-frame-poi"
 1926      6D622D69 
 1926      6E746572 
 1926      776F726B 
 1926      202D6D74 
 1927 019a 6E746572 		.ascii	"nter -falign-functions=16 -ffunction-sections -fdat"
 1927      202D6661 
 1927      6C69676E 
 1927      2D66756E 
 1927      6374696F 
 1928 01cd 612D7365 		.ascii	"a-sections -fno-common\000"
 1928      6374696F 
 1928      6E73202D 
 1928      666E6F2D 
 1928      636F6D6D 
 1929              	.LASF31:
 1930 01e4 705F6E65 		.ascii	"p_newer\000"
 1930      77657200 
 1931              	.LASF121:
 1932 01ec 735F7175 		.ascii	"s_queue\000"
 1932      65756500 
 1933              	.LASF101:
 1934 01f4 42464152 		.ascii	"BFAR\000"
 1934      00
 1935              	.LASF102:
 1936 01f9 41465352 		.ascii	"AFSR\000"
 1936      00
 1937              	.LASF55:
 1938 01fe 725F6E65 		.ascii	"r_newer\000"
 1938      77657200 
 1939              	.LASF107:
 1940 0206 72656761 		.ascii	"regarm_t\000"
 1940      726D5F74 
 1940      00
 1941              	.LASF62:
 1942 020f 76745F70 		.ascii	"vt_prev\000"
 1942      72657600 
 1943              	.LASF106:
 1944 0217 5343425F 		.ascii	"SCB_Type\000"
 1944      54797065 
 1944      00
 1945              	.LASF138:
 1946 0220 2F686F6D 		.ascii	"/home/efe/ChibiOS/os/hal/ports/common/ARMCMx/nvic.c"
 1946      652F6566 
 1946      652F4368 
 1946      6962694F 
 1946      532F6F73 
 1947 0253 00       		.ascii	"\000"
 1948              	.LASF128:
 1949 0254 6D757465 		.ascii	"mutex_t\000"
 1949      785F7400 
 1950              	.LASF77:
 1951 025c 69646C65 		.ascii	"idle_thread_wa\000"
 1951      5F746872 
 1951      6561645F 
ARM GAS  /tmp/cclvC6Hk.s 			page 37


 1951      776100
 1952              	.LASF24:
 1953 026b 636E745F 		.ascii	"cnt_t\000"
 1953      7400
 1954              	.LASF0:
 1955 0271 756E7369 		.ascii	"unsigned int\000"
 1955      676E6564 
 1955      20696E74 
 1955      00
 1956              	.LASF61:
 1957 027e 76745F6E 		.ascii	"vt_next\000"
 1957      65787400 
 1958              	.LASF132:
 1959 0286 6E766963 		.ascii	"nvicDisableVector\000"
 1959      44697361 
 1959      626C6556 
 1959      6563746F 
 1959      7200
 1960              	.LASF117:
 1961 0298 77747365 		.ascii	"wtsemp\000"
 1961      6D7000
 1962              	.LASF38:
 1963 029f 705F6D73 		.ascii	"p_msgqueue\000"
 1963      67717565 
 1963      756500
 1964              	.LASF94:
 1965 02aa 56544F52 		.ascii	"VTOR\000"
 1965      00
 1966              	.LASF122:
 1967 02af 735F636E 		.ascii	"s_cnt\000"
 1967      7400
 1968              	.LASF46:
 1969 02b5 63685F74 		.ascii	"ch_thread\000"
 1969      68726561 
 1969      6400
 1970              	.LASF93:
 1971 02bf 49435352 		.ascii	"ICSR\000"
 1971      00
 1972              	.LASF22:
 1973 02c4 6D73675F 		.ascii	"msg_t\000"
 1973      7400
 1974              	.LASF95:
 1975 02ca 41495243 		.ascii	"AIRCR\000"
 1975      5200
 1976              	.LASF99:
 1977 02d0 44465352 		.ascii	"DFSR\000"
 1977      00
 1978              	.LASF100:
 1979 02d5 4D4D4641 		.ascii	"MMFAR\000"
 1979      5200
 1980              	.LASF72:
 1981 02db 63685F73 		.ascii	"ch_system_t\000"
 1981      79737465 
 1981      6D5F7400 
 1982              	.LASF18:
 1983 02e7 746D6F64 		.ascii	"tmode_t\000"
 1983      655F7400 
ARM GAS  /tmp/cclvC6Hk.s 			page 38


 1984              	.LASF51:
 1985 02ef 63685F72 		.ascii	"ch_ready_list\000"
 1985      65616479 
 1985      5F6C6973 
 1985      7400
 1986              	.LASF23:
 1987 02fd 6576656E 		.ascii	"eventmask_t\000"
 1987      746D6173 
 1987      6B5F7400 
 1988              	.LASF6:
 1989 0309 5F5F696E 		.ascii	"__int32_t\000"
 1989      7433325F 
 1989      7400
 1990              	.LASF108:
 1991 0313 73746B61 		.ascii	"stkalign_t\000"
 1991      6C69676E 
 1991      5F7400
 1992              	.LASF134:
 1993 031e 68616E64 		.ascii	"handler\000"
 1993      6C657200 
 1994              	.LASF59:
 1995 0326 76697274 		.ascii	"virtual_timer_t\000"
 1995      75616C5F 
 1995      74696D65 
 1995      725F7400 
 1996              	.LASF37:
 1997 0336 705F7761 		.ascii	"p_waiting\000"
 1997      6974696E 
 1997      6700
 1998              	.LASF90:
 1999 0340 73697A65 		.ascii	"sizetype\000"
 1999      74797065 
 1999      00
 2000              	.LASF44:
 2001 0349 74687265 		.ascii	"thread_reference_t\000"
 2001      61645F72 
 2001      65666572 
 2001      656E6365 
 2001      5F7400
 2002              	.LASF67:
 2003 035c 63685F76 		.ascii	"ch_virtual_timers_list\000"
 2003      69727475 
 2003      616C5F74 
 2003      696D6572 
 2003      735F6C69 
 2004              	.LASF97:
 2005 0373 43465352 		.ascii	"CFSR\000"
 2005      00
 2006              	.LASF86:
 2007 0378 49414252 		.ascii	"IABR\000"
 2007      00
 2008              	.LASF68:
 2009 037d 76745F6C 		.ascii	"vt_lasttime\000"
 2009      61737474 
 2009      696D6500 
 2010              	.LASF32:
 2011 0389 705F6F6C 		.ascii	"p_older\000"
ARM GAS  /tmp/cclvC6Hk.s 			page 39


 2011      64657200 
 2012              	.LASF54:
 2013 0391 725F6374 		.ascii	"r_ctx\000"
 2013      7800
 2014              	.LASF112:
 2015 0397 746D5F63 		.ascii	"tm_calibration_t\000"
 2015      616C6962 
 2015      72617469 
 2015      6F6E5F74 
 2015      00
 2016              	.LASF80:
 2017 03a8 49434552 		.ascii	"ICER\000"
 2017      00
 2018              	.LASF130:
 2019 03ad 7072696F 		.ascii	"prio\000"
 2019      00
 2020              	.LASF56:
 2021 03b2 725F6F6C 		.ascii	"r_older\000"
 2021      64657200 
 2022              	.LASF11:
 2023 03ba 5F5F7569 		.ascii	"__uint64_t\000"
 2023      6E743634 
 2023      5F7400
 2024              	.LASF20:
 2025 03c5 74726566 		.ascii	"trefs_t\000"
 2025      735F7400 
 2026              	.LASF79:
 2027 03cd 52455345 		.ascii	"RESERVED0\000"
 2027      52564544 
 2027      3000
 2028              	.LASF83:
 2029 03d7 52455345 		.ascii	"RESERVED2\000"
 2029      52564544 
 2029      3200
 2030              	.LASF85:
 2031 03e1 52455345 		.ascii	"RESERVED3\000"
 2031      52564544 
 2031      3300
 2032              	.LASF87:
 2033 03eb 52455345 		.ascii	"RESERVED4\000"
 2033      52564544 
 2033      3400
 2034              	.LASF28:
 2035 03f5 705F7072 		.ascii	"p_prev\000"
 2035      657600
 2036              	.LASF21:
 2037 03fc 74707269 		.ascii	"tprio_t\000"
 2037      6F5F7400 
 2038              	.LASF70:
 2039 0404 63685F73 		.ascii	"ch_system_debug\000"
 2039      79737465 
 2039      6D5F6465 
 2039      62756700 
 2040              	.LASF129:
 2041 0414 5F426F6F 		.ascii	"_Bool\000"
 2041      6C00
 2042              	.LASF14:
ARM GAS  /tmp/cclvC6Hk.s 			page 40


 2043 041a 696E7433 		.ascii	"int32_t\000"
 2043      325F7400 
 2044              	.LASF2:
 2045 0422 756E7369 		.ascii	"unsigned char\000"
 2045      676E6564 
 2045      20636861 
 2045      7200
 2046              	.LASF96:
 2047 0430 53484353 		.ascii	"SHCSR\000"
 2047      5200
 2048              	.LASF136:
 2049 0436 49544D5F 		.ascii	"ITM_RxBuffer\000"
 2049      52784275 
 2049      66666572 
 2049      00
 2050              	.LASF34:
 2051 0443 705F7374 		.ascii	"p_state\000"
 2051      61746500 
 2052              	.LASF41:
 2053 044b 705F6D74 		.ascii	"p_mtxlist\000"
 2053      786C6973 
 2053      7400
 2054              	.LASF3:
 2055 0455 73686F72 		.ascii	"short int\000"
 2055      7420696E 
 2055      7400
 2056              	.LASF78:
 2057 045f 49534552 		.ascii	"ISER\000"
 2057      00
 2058              	.LASF91:
 2059 0464 4E564943 		.ascii	"NVIC_Type\000"
 2059      5F547970 
 2059      6500
 2060              	.LASF133:
 2061 046e 6E766963 		.ascii	"nvicSetSystemHandlerPriority\000"
 2061      53657453 
 2061      79737465 
 2061      6D48616E 
 2061      646C6572 
 2062              	.LASF53:
 2063 048b 725F7072 		.ascii	"r_prio\000"
 2063      696F00
 2064              	.LASF119:
 2065 0492 65776D61 		.ascii	"ewmask\000"
 2065      736B00
 2066              	.LASF27:
 2067 0499 705F6E65 		.ascii	"p_next\000"
 2067      787400
 2068              	.LASF35:
 2069 04a0 705F666C 		.ascii	"p_flags\000"
 2069      61677300 
 2070              	.LASF139:
 2071 04a8 5F5F6675 		.ascii	"__func__\000"
 2071      6E635F5F 
 2071      00
 2072              	.LASF4:
 2073 04b1 73686F72 		.ascii	"short unsigned int\000"
ARM GAS  /tmp/cclvC6Hk.s 			page 41


 2073      7420756E 
 2073      7369676E 
 2073      65642069 
 2073      6E7400
 2074              	.LASF60:
 2075 04c4 63685F76 		.ascii	"ch_virtual_timer\000"
 2075      69727475 
 2075      616C5F74 
 2075      696D6572 
 2075      00
 2076              	.LASF120:
 2077 04d5 63685F73 		.ascii	"ch_semaphore\000"
 2077      656D6170 
 2077      686F7265 
 2077      00
 2078              	.LASF40:
 2079 04e2 705F6570 		.ascii	"p_epending\000"
 2079      656E6469 
 2079      6E6700
 2080              	.LASF88:
 2081 04ed 52455345 		.ascii	"RESERVED5\000"
 2081      52564544 
 2081      3500
 2082              	.LASF15:
 2083 04f7 75696E74 		.ascii	"uint32_t\000"
 2083      33325F74 
 2083      00
 2084              	.LASF118:
 2085 0500 77746D74 		.ascii	"wtmtxp\000"
 2085      787000
 2086              	.LASF52:
 2087 0507 725F7175 		.ascii	"r_queue\000"
 2087      65756500 
 2088              	.LASF63:
 2089 050f 76745F64 		.ascii	"vt_delta\000"
 2089      656C7461 
 2089      00
 2090              	.LASF47:
 2091 0518 63685F74 		.ascii	"ch_threads_list\000"
 2091      68726561 
 2091      64735F6C 
 2091      69737400 
 2092              	.LASF9:
 2093 0528 6C6F6E67 		.ascii	"long unsigned int\000"
 2093      20756E73 
 2093      69676E65 
 2093      6420696E 
 2093      7400
 2094              	.LASF57:
 2095 053a 725F6375 		.ascii	"r_current\000"
 2095      7272656E 
 2095      7400
 2096              	.LASF127:
 2097 0544 63686172 		.ascii	"char\000"
 2097      00
 2098              	.LASF26:
 2099 0549 74687265 		.ascii	"thread_t\000"
ARM GAS  /tmp/cclvC6Hk.s 			page 42


 2099      61645F74 
 2099      00
 2100              	.LASF126:
 2101 0552 6D5F6E65 		.ascii	"m_next\000"
 2101      787400
 2102              	.LASF25:
 2103 0559 73797374 		.ascii	"systime_t\000"
 2103      696D655F 
 2103      7400
 2104              	.LASF42:
 2105 0563 705F7265 		.ascii	"p_realprio\000"
 2105      616C7072 
 2105      696F00
 2106              	.LASF58:
 2107 056e 76746675 		.ascii	"vtfunc_t\000"
 2107      6E635F74 
 2107      00
 2108              	.LASF8:
 2109 0577 5F5F7569 		.ascii	"__uint32_t\000"
 2109      6E743332 
 2109      5F7400
 2110              	.LASF71:
 2111 0582 70616E69 		.ascii	"panic_msg\000"
 2111      635F6D73 
 2111      6700
 2112              	.LASF111:
 2113 058c 6F666673 		.ascii	"offset\000"
 2113      657400
 2114              	.LASF109:
 2115 0593 636F6E74 		.ascii	"context\000"
 2115      65787400 
 2116              	.LASF17:
 2117 059b 7274636E 		.ascii	"rtcnt_t\000"
 2117      745F7400 
 2118              	.LASF65:
 2119 05a3 76745F70 		.ascii	"vt_par\000"
 2119      617200
 2120              	.LASF48:
 2121 05aa 74687265 		.ascii	"threads_queue_t\000"
 2121      6164735F 
 2121      71756575 
 2121      655F7400 
 2122              	.LASF123:
 2123 05ba 63685F6D 		.ascii	"ch_mutex\000"
 2123      75746578 
 2123      00
 2124              	.LASF36:
 2125 05c3 705F7265 		.ascii	"p_refs\000"
 2125      667300
 2126              	.LASF103:
 2127 05ca 4D4D4652 		.ascii	"MMFR\000"
 2127      00
 2128              	.LASF74:
 2129 05cf 726C6973 		.ascii	"rlist\000"
 2129      7400
 2130              	.LASF13:
 2131 05d5 75696E74 		.ascii	"uint8_t\000"
ARM GAS  /tmp/cclvC6Hk.s 			page 43


 2131      385F7400 
 2132              	.LASF81:
 2133 05dd 52534552 		.ascii	"RSERVED1\000"
 2133      56454431 
 2133      00
 2134              	.LASF89:
 2135 05e6 53544952 		.ascii	"STIR\000"
 2135      00
 2136              	.LASF115:
 2137 05eb 77746F62 		.ascii	"wtobjp\000"
 2137      6A7000
 2138              	.LASF33:
 2139 05f2 705F6E61 		.ascii	"p_name\000"
 2139      6D6500
 2140              	.LASF39:
 2141 05f9 705F6D73 		.ascii	"p_msg\000"
 2141      6700
 2142              	.LASF105:
 2143 05ff 43504143 		.ascii	"CPACR\000"
 2143      5200
 2144              	.LASF98:
 2145 0605 48465352 		.ascii	"HFSR\000"
 2145      00
 2146              	.LASF125:
 2147 060a 6D5F6F77 		.ascii	"m_owner\000"
 2147      6E657200 
 2148              	.LASF30:
 2149 0612 705F6374 		.ascii	"p_ctx\000"
 2149      7800
 2150              	.LASF64:
 2151 0618 76745F66 		.ascii	"vt_func\000"
 2151      756E6300 
 2152              		.ident	"GCC: (4.8.4-1+11-1) 4.8.4 20141219 (release)"
ARM GAS  /tmp/cclvC6Hk.s 			page 44


DEFINED SYMBOLS
                            *ABS*:0000000000000000 nvic.c
     /tmp/cclvC6Hk.s:19     .text.nvicEnableVector:0000000000000000 $t
     /tmp/cclvC6Hk.s:25     .text.nvicEnableVector:0000000000000000 nvicEnableVector
     /tmp/cclvC6Hk.s:73     .text.nvicEnableVector:000000000000004c $d
     /tmp/cclvC6Hk.s:78     .text.nvicDisableVector:0000000000000000 $t
     /tmp/cclvC6Hk.s:84     .text.nvicDisableVector:0000000000000000 nvicDisableVector
     /tmp/cclvC6Hk.s:118    .text.nvicDisableVector:0000000000000030 $d
     /tmp/cclvC6Hk.s:123    .text.nvicSetSystemHandlerPriority:0000000000000000 $t
     /tmp/cclvC6Hk.s:129    .text.nvicSetSystemHandlerPriority:0000000000000000 nvicSetSystemHandlerPriority
     /tmp/cclvC6Hk.s:157    .text.nvicSetSystemHandlerPriority:000000000000001c $d
     /tmp/cclvC6Hk.s:162    .text.nvicClearPending:0000000000000000 $t
     /tmp/cclvC6Hk.s:168    .text.nvicClearPending:0000000000000000 nvicClearPending
     /tmp/cclvC6Hk.s:195    .text.nvicClearPending:0000000000000020 $d
                     .debug_frame:0000000000000010 $d
     /tmp/cclvC6Hk.s:122    .text.nvicDisableVector:0000000000000034 $t
     /tmp/cclvC6Hk.s:199    .text.nvicClearPending:0000000000000024 $t

NO UNDEFINED SYMBOLS
