ARM GAS  /tmp/cc2DvVpS.s 			page 1


   1              		.cpu cortex-m0
   2              		.fpu softvfp
   3              		.eabi_attribute 20, 1
   4              		.eabi_attribute 21, 1
   5              		.eabi_attribute 23, 3
   6              		.eabi_attribute 24, 1
   7              		.eabi_attribute 25, 1
   8              		.eabi_attribute 26, 1
   9              		.eabi_attribute 30, 6
  10              		.eabi_attribute 34, 0
  11              		.eabi_attribute 18, 4
  12              		.code	16
  13              		.file	"osal.c"
  14              		.text
  15              	.Ltext0:
  16              		.section	.gnu.lto_.inline.997b70cdd0d1c40,"",%progbits
  17 0000 789C6362 		.ascii	"x\234cb`b\300\006\020\242\000\000\272\000\007"
  17      6062C006 
  17      10A20000 
  17      BA0007
  18              		.text
  19              		.section	.gnu.lto_.symbol_nodes.997b70cdd0d1c40,"",%progbits
  20 0000 789C6362 		.ascii	"x\234cb`\002B\030\000\000\000V\000\007"
  20      60024218 
  20      00000056 
  20      0007
  21              		.text
  22              		.section	.gnu.lto_.refs.997b70cdd0d1c40,"",%progbits
  23 0000 789C6362 		.ascii	"x\234cb`b`d\200\002\000\000F\000\006"
  23      60626064 
  23      80020000 
  23      460006
  24              		.text
  25              		.section	.gnu.lto_.decls.997b70cdd0d1c40,"",%progbits
  26 0000 789C6362 		.ascii	"x\234cb`bPa``\370\017\004@\212\201\021\212\355\030\010"
  26      60625061 
  26      6060F80F 
  26      04408A81 
  26      118AED18 
  27 0015 0000CE1B 		.ascii	"\000\000\316\033\004e"
  27      0465
  28              		.text
  29              		.section	.gnu.lto_.symtab.997b70cdd0d1c40,"",%progbits
  30              		.text
  31              		.section	.gnu.lto_.opts,"",%progbits
  32 0000 272D6D63 		.ascii	"'-mcpu=cortex-m0' '-mno-thumb-interwork' '-mthumb' "
  32      70753D63 
  32      6F727465 
  32      782D6D30 
  32      2720272D 
  33 0033 272D6767 		.ascii	"'-ggdb' '-O0' '-fomit-frame-pointer' '-falign-funct"
  33      64622720 
  33      272D4F30 
  33      2720272D 
  33      666F6D69 
  34 0066 696F6E73 		.ascii	"ions=16' '-ffunction-sections' '-fdata-sections' '-"
  34      3D313627 
ARM GAS  /tmp/cc2DvVpS.s 			page 2


  34      20272D66 
  34      66756E63 
  34      74696F6E 
  35 0099 666E6F2D 		.ascii	"fno-common' '-flto'\000"
  35      636F6D6D 
  35      6F6E2720 
  35      272D666C 
  35      746F2700 
  36              		.text
  37              		.cfi_sections	.debug_frame
  38              	.Letext0:
  39              		.file 1 "/usr/include/newlib/machine/_default_types.h"
  40              		.file 2 "/usr/include/newlib/stdint.h"
  41              		.file 3 "/home/efe/ChibiOS/os/rt/ports/ARMCMx/compilers/GCC/chtypes.h"
  42              		.file 4 "/home/efe/ChibiOS/os/rt/include/chsystypes.h"
  43              		.file 5 "/home/efe/ChibiOS/os/rt/include/chschd.h"
  44              		.file 6 "/home/efe/ChibiOS/os/rt/ports/ARMCMx/chcore.h"
  45              		.file 7 "/home/efe/ChibiOS/os/rt/ports/ARMCMx/chcore_v6m.h"
  46              		.file 8 "/home/efe/ChibiOS/os/rt/include/chsem.h"
  47              		.file 9 "/home/efe/ChibiOS/os/rt/include/chmtx.h"
  48              		.section	.debug_info,"",%progbits
  49              	.Ldebug_info0:
  50 0000 86050000 		.4byte	0x586
  51 0004 0400     		.2byte	0x4
  52 0006 00000000 		.4byte	.Ldebug_abbrev0
  53 000a 04       		.byte	0x4
  54 000b 01       		.uleb128 0x1
  55 000c 26020000 		.4byte	.LASF92
  56 0010 01       		.byte	0x1
  57 0011 DB000000 		.4byte	.LASF93
  58 0015 00000000 		.4byte	.Ldebug_line0
  59 0019 02       		.uleb128 0x2
  60 001a 04       		.byte	0x4
  61 001b 05       		.byte	0x5
  62 001c 696E7400 		.ascii	"int\000"
  63 0020 03       		.uleb128 0x3
  64 0021 04       		.byte	0x4
  65 0022 07       		.byte	0x7
  66 0023 FC010000 		.4byte	.LASF0
  67 0027 03       		.uleb128 0x3
  68 0028 01       		.byte	0x1
  69 0029 06       		.byte	0x6
  70 002a C8010000 		.4byte	.LASF1
  71 002e 04       		.uleb128 0x4
  72 002f 88010000 		.4byte	.LASF4
  73 0033 01       		.byte	0x1
  74 0034 1D       		.byte	0x1d
  75 0035 39000000 		.4byte	0x39
  76 0039 03       		.uleb128 0x3
  77 003a 01       		.byte	0x1
  78 003b 08       		.byte	0x8
  79 003c BA010000 		.4byte	.LASF2
  80 0040 03       		.uleb128 0x3
  81 0041 02       		.byte	0x2
  82 0042 05       		.byte	0x5
  83 0043 45000000 		.4byte	.LASF3
  84 0047 04       		.uleb128 0x4
ARM GAS  /tmp/cc2DvVpS.s 			page 3


  85 0048 7D000000 		.4byte	.LASF5
  86 004c 01       		.byte	0x1
  87 004d 2B       		.byte	0x2b
  88 004e 52000000 		.4byte	0x52
  89 0052 03       		.uleb128 0x3
  90 0053 02       		.byte	0x2
  91 0054 07       		.byte	0x7
  92 0055 49030000 		.4byte	.LASF6
  93 0059 04       		.uleb128 0x4
  94 005a D2030000 		.4byte	.LASF7
  95 005e 01       		.byte	0x1
  96 005f 3F       		.byte	0x3f
  97 0060 64000000 		.4byte	0x64
  98 0064 03       		.uleb128 0x3
  99 0065 04       		.byte	0x4
 100 0066 05       		.byte	0x5
 101 0067 5D010000 		.4byte	.LASF8
 102 006b 04       		.uleb128 0x4
 103 006c AD030000 		.4byte	.LASF9
 104 0070 01       		.byte	0x1
 105 0071 41       		.byte	0x41
 106 0072 76000000 		.4byte	0x76
 107 0076 03       		.uleb128 0x3
 108 0077 04       		.byte	0x4
 109 0078 07       		.byte	0x7
 110 0079 91030000 		.4byte	.LASF10
 111 007d 03       		.uleb128 0x3
 112 007e 08       		.byte	0x8
 113 007f 05       		.byte	0x5
 114 0080 29010000 		.4byte	.LASF11
 115 0084 04       		.uleb128 0x4
 116 0085 66030000 		.4byte	.LASF12
 117 0089 01       		.byte	0x1
 118 008a 5B       		.byte	0x5b
 119 008b 8F000000 		.4byte	0x8f
 120 008f 03       		.uleb128 0x3
 121 0090 08       		.byte	0x8
 122 0091 07       		.byte	0x7
 123 0092 DC010000 		.4byte	.LASF13
 124 0096 04       		.uleb128 0x4
 125 0097 C2000000 		.4byte	.LASF14
 126 009b 02       		.byte	0x2
 127 009c 2A       		.byte	0x2a
 128 009d 2E000000 		.4byte	0x2e
 129 00a1 04       		.uleb128 0x4
 130 00a2 09020000 		.4byte	.LASF15
 131 00a6 02       		.byte	0x2
 132 00a7 36       		.byte	0x36
 133 00a8 47000000 		.4byte	0x47
 134 00ac 04       		.uleb128 0x4
 135 00ad 03010000 		.4byte	.LASF16
 136 00b1 02       		.byte	0x2
 137 00b2 41       		.byte	0x41
 138 00b3 59000000 		.4byte	0x59
 139 00b7 04       		.uleb128 0x4
 140 00b8 F3010000 		.4byte	.LASF17
 141 00bc 02       		.byte	0x2
ARM GAS  /tmp/cc2DvVpS.s 			page 4


 142 00bd 42       		.byte	0x42
 143 00be 6B000000 		.4byte	0x6b
 144 00c2 04       		.uleb128 0x4
 145 00c3 31000000 		.4byte	.LASF18
 146 00c7 02       		.byte	0x2
 147 00c8 4E       		.byte	0x4e
 148 00c9 84000000 		.4byte	0x84
 149 00cd 04       		.uleb128 0x4
 150 00ce 21010000 		.4byte	.LASF19
 151 00d2 03       		.byte	0x3
 152 00d3 3C       		.byte	0x3c
 153 00d4 96000000 		.4byte	0x96
 154 00d8 04       		.uleb128 0x4
 155 00d9 FE030000 		.4byte	.LASF20
 156 00dd 03       		.byte	0x3
 157 00de 3D       		.byte	0x3d
 158 00df 96000000 		.4byte	0x96
 159 00e3 04       		.uleb128 0x4
 160 00e4 3E010000 		.4byte	.LASF21
 161 00e8 03       		.byte	0x3
 162 00e9 40       		.byte	0x40
 163 00ea B7000000 		.4byte	0xb7
 164 00ee 04       		.uleb128 0x4
 165 00ef 72040000 		.4byte	.LASF22
 166 00f3 03       		.byte	0x3
 167 00f4 41       		.byte	0x41
 168 00f5 AC000000 		.4byte	0xac
 169 00f9 04       		.uleb128 0x4
 170 00fa 43030000 		.4byte	.LASF23
 171 00fe 03       		.byte	0x3
 172 00ff 45       		.byte	0x45
 173 0100 AC000000 		.4byte	0xac
 174 0104 04       		.uleb128 0x4
 175 0105 06030000 		.4byte	.LASF24
 176 0109 04       		.byte	0x4
 177 010a 35       		.byte	0x35
 178 010b A1000000 		.4byte	0xa1
 179 010f 04       		.uleb128 0x4
 180 0110 00000000 		.4byte	.LASF25
 181 0114 04       		.byte	0x4
 182 0115 3F       		.byte	0x3f
 183 0116 1A010000 		.4byte	0x11a
 184 011a 05       		.uleb128 0x5
 185 011b 0B010000 		.4byte	.LASF40
 186 011f 30       		.byte	0x30
 187 0120 05       		.byte	0x5
 188 0121 C2       		.byte	0xc2
 189 0122 C7010000 		.4byte	0x1c7
 190 0126 06       		.uleb128 0x6
 191 0127 CB030000 		.4byte	.LASF26
 192 012b 05       		.byte	0x5
 193 012c C3       		.byte	0xc3
 194 012d D2010000 		.4byte	0x1d2
 195 0131 00       		.byte	0
 196 0132 06       		.uleb128 0x6
 197 0133 67000000 		.4byte	.LASF27
 198 0137 05       		.byte	0x5
ARM GAS  /tmp/cc2DvVpS.s 			page 5


 199 0138 C5       		.byte	0xc5
 200 0139 D2010000 		.4byte	0x1d2
 201 013d 04       		.byte	0x4
 202 013e 06       		.uleb128 0x6
 203 013f 88000000 		.4byte	.LASF28
 204 0143 05       		.byte	0x5
 205 0144 C7       		.byte	0xc7
 206 0145 E3000000 		.4byte	0xe3
 207 0149 08       		.byte	0x8
 208 014a 06       		.uleb128 0x6
 209 014b 5D040000 		.4byte	.LASF29
 210 014f 05       		.byte	0x5
 211 0150 C8       		.byte	0xc8
 212 0151 F6030000 		.4byte	0x3f6
 213 0155 0C       		.byte	0xc
 214 0156 06       		.uleb128 0x6
 215 0157 D4010000 		.4byte	.LASF30
 216 015b 05       		.byte	0x5
 217 015c CA       		.byte	0xca
 218 015d D2010000 		.4byte	0x1d2
 219 0161 10       		.byte	0x10
 220 0162 06       		.uleb128 0x6
 221 0163 24040000 		.4byte	.LASF31
 222 0167 05       		.byte	0x5
 223 0168 CB       		.byte	0xcb
 224 0169 D2010000 		.4byte	0x1d2
 225 016d 14       		.byte	0x14
 226 016e 06       		.uleb128 0x6
 227 016f 37010000 		.4byte	.LASF32
 228 0173 05       		.byte	0x5
 229 0174 D2       		.byte	0xd2
 230 0175 40050000 		.4byte	0x540
 231 0179 18       		.byte	0x18
 232 017a 06       		.uleb128 0x6
 233 017b 34030000 		.4byte	.LASF33
 234 017f 05       		.byte	0x5
 235 0180 DD       		.byte	0xdd
 236 0181 D8000000 		.4byte	0xd8
 237 0185 1C       		.byte	0x1c
 238 0186 06       		.uleb128 0x6
 239 0187 EA020000 		.4byte	.LASF34
 240 018b 05       		.byte	0x5
 241 018c E1       		.byte	0xe1
 242 018d CD000000 		.4byte	0xcd
 243 0191 1D       		.byte	0x1d
 244 0192 07       		.uleb128 0x7
 245 0193 705F7500 		.ascii	"p_u\000"
 246 0197 05       		.byte	0x5
 247 0198 3101     		.2byte	0x131
 248 019a 87040000 		.4byte	0x487
 249 019e 20       		.byte	0x20
 250 019f 08       		.uleb128 0x8
 251 01a0 5C030000 		.4byte	.LASF35
 252 01a4 05       		.byte	0x5
 253 01a5 3601     		.2byte	0x136
 254 01a7 D8010000 		.4byte	0x1d8
 255 01ab 24       		.byte	0x24
ARM GAS  /tmp/cc2DvVpS.s 			page 6


 256 01ac 08       		.uleb128 0x8
 257 01ad 71030000 		.4byte	.LASF36
 258 01b1 05       		.byte	0x5
 259 01b2 4D01     		.2byte	0x14d
 260 01b4 3A050000 		.4byte	0x53a
 261 01b8 28       		.byte	0x28
 262 01b9 08       		.uleb128 0x8
 263 01ba FB020000 		.4byte	.LASF37
 264 01be 05       		.byte	0x5
 265 01bf 5101     		.2byte	0x151
 266 01c1 E3000000 		.4byte	0xe3
 267 01c5 2C       		.byte	0x2c
 268 01c6 00       		.byte	0
 269 01c7 04       		.uleb128 0x4
 270 01c8 DC030000 		.4byte	.LASF38
 271 01cc 04       		.byte	0x4
 272 01cd 44       		.byte	0x44
 273 01ce D2010000 		.4byte	0x1d2
 274 01d2 09       		.uleb128 0x9
 275 01d3 04       		.byte	0x4
 276 01d4 0F010000 		.4byte	0x10f
 277 01d8 04       		.uleb128 0x4
 278 01d9 88040000 		.4byte	.LASF39
 279 01dd 04       		.byte	0x4
 280 01de 49       		.byte	0x49
 281 01df E3010000 		.4byte	0x1e3
 282 01e3 05       		.uleb128 0x5
 283 01e4 8F000000 		.4byte	.LASF41
 284 01e8 04       		.byte	0x4
 285 01e9 05       		.byte	0x5
 286 01ea B0       		.byte	0xb0
 287 01eb FC010000 		.4byte	0x1fc
 288 01ef 06       		.uleb128 0x6
 289 01f0 CB030000 		.4byte	.LASF26
 290 01f4 05       		.byte	0x5
 291 01f5 B1       		.byte	0xb1
 292 01f6 D2010000 		.4byte	0x1d2
 293 01fa 00       		.byte	0
 294 01fb 00       		.byte	0
 295 01fc 04       		.uleb128 0x4
 296 01fd 11000000 		.4byte	.LASF42
 297 0201 04       		.byte	0x4
 298 0202 50       		.byte	0x50
 299 0203 07020000 		.4byte	0x207
 300 0207 05       		.uleb128 0x5
 301 0208 CA000000 		.4byte	.LASF43
 302 020c 08       		.byte	0x8
 303 020d 05       		.byte	0x5
 304 020e B7       		.byte	0xb7
 305 020f 2C020000 		.4byte	0x22c
 306 0213 06       		.uleb128 0x6
 307 0214 CB030000 		.4byte	.LASF26
 308 0218 05       		.byte	0x5
 309 0219 B8       		.byte	0xb8
 310 021a D2010000 		.4byte	0x1d2
 311 021e 00       		.byte	0
 312 021f 06       		.uleb128 0x6
ARM GAS  /tmp/cc2DvVpS.s 			page 7


 313 0220 67000000 		.4byte	.LASF27
 314 0224 05       		.byte	0x5
 315 0225 B9       		.byte	0xb9
 316 0226 D2010000 		.4byte	0x1d2
 317 022a 04       		.byte	0x4
 318 022b 00       		.byte	0
 319 022c 04       		.uleb128 0x4
 320 022d 2C040000 		.4byte	.LASF44
 321 0231 04       		.byte	0x4
 322 0232 57       		.byte	0x57
 323 0233 37020000 		.4byte	0x237
 324 0237 0A       		.uleb128 0xa
 325 0238 4F040000 		.4byte	.LASF45
 326 023c 1C       		.byte	0x1c
 327 023d 05       		.byte	0x5
 328 023e 9001     		.2byte	0x190
 329 0240 93020000 		.4byte	0x293
 330 0244 08       		.uleb128 0x8
 331 0245 4F000000 		.4byte	.LASF46
 332 0249 05       		.byte	0x5
 333 024a 9101     		.2byte	0x191
 334 024c FC010000 		.4byte	0x1fc
 335 0250 00       		.byte	0
 336 0251 08       		.uleb128 0x8
 337 0252 3C030000 		.4byte	.LASF47
 338 0256 05       		.byte	0x5
 339 0257 9201     		.2byte	0x192
 340 0259 E3000000 		.4byte	0xe3
 341 025d 08       		.byte	0x8
 342 025e 08       		.uleb128 0x8
 343 025f DC020000 		.4byte	.LASF48
 344 0263 05       		.byte	0x5
 345 0264 9401     		.2byte	0x194
 346 0266 F6030000 		.4byte	0x3f6
 347 026a 0C       		.byte	0xc
 348 026b 08       		.uleb128 0x8
 349 026c E2020000 		.4byte	.LASF49
 350 0270 05       		.byte	0x5
 351 0271 9701     		.2byte	0x197
 352 0273 D2010000 		.4byte	0x1d2
 353 0277 10       		.byte	0x10
 354 0278 08       		.uleb128 0x8
 355 0279 09000000 		.4byte	.LASF50
 356 027d 05       		.byte	0x5
 357 027e 9801     		.2byte	0x198
 358 0280 D2010000 		.4byte	0x1d2
 359 0284 14       		.byte	0x14
 360 0285 08       		.uleb128 0x8
 361 0286 A2010000 		.4byte	.LASF51
 362 028a 05       		.byte	0x5
 363 028b 9B01     		.2byte	0x19b
 364 028d D2010000 		.4byte	0x1d2
 365 0291 18       		.byte	0x18
 366 0292 00       		.byte	0
 367 0293 04       		.uleb128 0x4
 368 0294 1B040000 		.4byte	.LASF52
 369 0298 04       		.byte	0x4
ARM GAS  /tmp/cc2DvVpS.s 			page 8


 370 0299 5C       		.byte	0x5c
 371 029a 9E020000 		.4byte	0x29e
 372 029e 09       		.uleb128 0x9
 373 029f 04       		.byte	0x4
 374 02a0 A4020000 		.4byte	0x2a4
 375 02a4 0B       		.uleb128 0xb
 376 02a5 AF020000 		.4byte	0x2af
 377 02a9 0C       		.uleb128 0xc
 378 02aa AF020000 		.4byte	0x2af
 379 02ae 00       		.byte	0
 380 02af 0D       		.uleb128 0xd
 381 02b0 04       		.byte	0x4
 382 02b1 04       		.uleb128 0x4
 383 02b2 70010000 		.4byte	.LASF53
 384 02b6 04       		.byte	0x4
 385 02b7 61       		.byte	0x61
 386 02b8 BC020000 		.4byte	0x2bc
 387 02bc 0A       		.uleb128 0xa
 388 02bd 23030000 		.4byte	.LASF54
 389 02c1 14       		.byte	0x14
 390 02c2 05       		.byte	0x5
 391 02c3 6B01     		.2byte	0x16b
 392 02c5 0B030000 		.4byte	0x30b
 393 02c9 08       		.uleb128 0x8
 394 02ca 12020000 		.4byte	.LASF55
 395 02ce 05       		.byte	0x5
 396 02cf 6C01     		.2byte	0x16c
 397 02d1 52050000 		.4byte	0x552
 398 02d5 00       		.byte	0
 399 02d6 08       		.uleb128 0x8
 400 02d7 9A010000 		.4byte	.LASF56
 401 02db 05       		.byte	0x5
 402 02dc 6D01     		.2byte	0x16d
 403 02de 52050000 		.4byte	0x552
 404 02e2 04       		.byte	0x4
 405 02e3 08       		.uleb128 0x8
 406 02e4 F2020000 		.4byte	.LASF57
 407 02e8 05       		.byte	0x5
 408 02e9 6E01     		.2byte	0x16e
 409 02eb 04010000 		.4byte	0x104
 410 02ef 08       		.byte	0x8
 411 02f0 08       		.uleb128 0x8
 412 02f1 F6030000 		.4byte	.LASF58
 413 02f5 05       		.byte	0x5
 414 02f6 6F01     		.2byte	0x16f
 415 02f8 93020000 		.4byte	0x293
 416 02fc 0C       		.byte	0xc
 417 02fd 08       		.uleb128 0x8
 418 02fe A6000000 		.4byte	.LASF59
 419 0302 05       		.byte	0x5
 420 0303 7101     		.2byte	0x171
 421 0305 AF020000 		.4byte	0x2af
 422 0309 10       		.byte	0x10
 423 030a 00       		.byte	0
 424 030b 04       		.uleb128 0x4
 425 030c 39040000 		.4byte	.LASF60
 426 0310 04       		.byte	0x4
ARM GAS  /tmp/cc2DvVpS.s 			page 9


 427 0311 66       		.byte	0x66
 428 0312 16030000 		.4byte	0x316
 429 0316 0A       		.uleb128 0xa
 430 0317 46010000 		.4byte	.LASF61
 431 031b 0C       		.byte	0xc
 432 031c 05       		.byte	0x5
 433 031d 7B01     		.2byte	0x17b
 434 031f 58030000 		.4byte	0x358
 435 0323 08       		.uleb128 0x8
 436 0324 12020000 		.4byte	.LASF55
 437 0328 05       		.byte	0x5
 438 0329 7C01     		.2byte	0x17c
 439 032b 52050000 		.4byte	0x552
 440 032f 00       		.byte	0
 441 0330 08       		.uleb128 0x8
 442 0331 9A010000 		.4byte	.LASF56
 443 0335 05       		.byte	0x5
 444 0336 7E01     		.2byte	0x17e
 445 0338 52050000 		.4byte	0x552
 446 033c 04       		.byte	0x4
 447 033d 08       		.uleb128 0x8
 448 033e F2020000 		.4byte	.LASF57
 449 0342 05       		.byte	0x5
 450 0343 8001     		.2byte	0x180
 451 0345 04010000 		.4byte	0x104
 452 0349 08       		.byte	0x8
 453 034a 08       		.uleb128 0x8
 454 034b 15010000 		.4byte	.LASF62
 455 034f 05       		.byte	0x5
 456 0350 8801     		.2byte	0x188
 457 0352 04010000 		.4byte	0x104
 458 0356 0A       		.byte	0xa
 459 0357 00       		.byte	0
 460 0358 04       		.uleb128 0x4
 461 0359 6E000000 		.4byte	.LASF63
 462 035d 04       		.byte	0x4
 463 035e 6B       		.byte	0x6b
 464 035f 63030000 		.4byte	0x363
 465 0363 0A       		.uleb128 0xa
 466 0364 21000000 		.4byte	.LASF64
 467 0368 04       		.byte	0x4
 468 0369 05       		.byte	0x5
 469 036a A201     		.2byte	0x1a2
 470 036c 7E030000 		.4byte	0x37e
 471 0370 08       		.uleb128 0x8
 472 0371 A3030000 		.4byte	.LASF65
 473 0375 05       		.byte	0x5
 474 0376 AA01     		.2byte	0x1aa
 475 0378 58050000 		.4byte	0x558
 476 037c 00       		.byte	0
 477 037d 00       		.byte	0
 478 037e 04       		.uleb128 0x4
 479 037f AD000000 		.4byte	.LASF66
 480 0383 04       		.byte	0x4
 481 0384 70       		.byte	0x70
 482 0385 89030000 		.4byte	0x389
 483 0389 0E       		.uleb128 0xe
ARM GAS  /tmp/cc2DvVpS.s 			page 10


 484 038a 66010000 		.4byte	.LASF67
 485 038e 2801     		.2byte	0x128
 486 0390 05       		.byte	0x5
 487 0391 C201     		.2byte	0x1c2
 488 0393 D9030000 		.4byte	0x3d9
 489 0397 08       		.uleb128 0x8
 490 0398 10030000 		.4byte	.LASF68
 491 039c 05       		.byte	0x5
 492 039d C601     		.2byte	0x1c6
 493 039f 2C020000 		.4byte	0x22c
 494 03a3 00       		.byte	0
 495 03a4 08       		.uleb128 0x8
 496 03a5 9F000000 		.4byte	.LASF69
 497 03a9 05       		.byte	0x5
 498 03aa CA01     		.2byte	0x1ca
 499 03ac 0B030000 		.4byte	0x30b
 500 03b0 1C       		.byte	0x1c
 501 03b1 07       		.uleb128 0x7
 502 03b2 64626700 		.ascii	"dbg\000"
 503 03b6 05       		.byte	0x5
 504 03b7 CE01     		.2byte	0x1ce
 505 03b9 58030000 		.4byte	0x358
 506 03bd 28       		.byte	0x28
 507 03be 08       		.uleb128 0x8
 508 03bf 3A000000 		.4byte	.LASF70
 509 03c3 05       		.byte	0x5
 510 03c4 D201     		.2byte	0x1d2
 511 03c6 0F010000 		.4byte	0x10f
 512 03ca 2C       		.byte	0x2c
 513 03cb 08       		.uleb128 0x8
 514 03cc 7B030000 		.4byte	.LASF71
 515 03d0 05       		.byte	0x5
 516 03d1 E301     		.2byte	0x1e3
 517 03d3 5D050000 		.4byte	0x55d
 518 03d7 60       		.byte	0x60
 519 03d8 00       		.byte	0
 520 03d9 03       		.uleb128 0x3
 521 03da 04       		.byte	0x4
 522 03db 07       		.byte	0x7
 523 03dc 5E000000 		.4byte	.LASF72
 524 03e0 04       		.uleb128 0x4
 525 03e1 B9000000 		.4byte	.LASF73
 526 03e5 06       		.byte	0x6
 527 03e6 65       		.byte	0x65
 528 03e7 AF020000 		.4byte	0x2af
 529 03eb 04       		.uleb128 0x4
 530 03ec 07040000 		.4byte	.LASF74
 531 03f0 06       		.byte	0x6
 532 03f1 6D       		.byte	0x6d
 533 03f2 C2000000 		.4byte	0xc2
 534 03f6 05       		.uleb128 0x5
 535 03f7 92010000 		.4byte	.LASF75
 536 03fb 04       		.byte	0x4
 537 03fc 06       		.byte	0x6
 538 03fd 89       		.byte	0x89
 539 03fe 0F040000 		.4byte	0x40f
 540 0402 0F       		.uleb128 0xf
ARM GAS  /tmp/cc2DvVpS.s 			page 11


 541 0403 72313300 		.ascii	"r13\000"
 542 0407 06       		.byte	0x6
 543 0408 8A       		.byte	0x8a
 544 0409 81040000 		.4byte	0x481
 545 040d 00       		.byte	0
 546 040e 00       		.byte	0
 547 040f 05       		.uleb128 0x5
 548 0410 1A020000 		.4byte	.LASF76
 549 0414 24       		.byte	0x24
 550 0415 07       		.byte	0x7
 551 0416 A4       		.byte	0xa4
 552 0417 81040000 		.4byte	0x481
 553 041b 0F       		.uleb128 0xf
 554 041c 723800   		.ascii	"r8\000"
 555 041f 07       		.byte	0x7
 556 0420 A5       		.byte	0xa5
 557 0421 E0030000 		.4byte	0x3e0
 558 0425 00       		.byte	0
 559 0426 0F       		.uleb128 0xf
 560 0427 723900   		.ascii	"r9\000"
 561 042a 07       		.byte	0x7
 562 042b A6       		.byte	0xa6
 563 042c E0030000 		.4byte	0x3e0
 564 0430 04       		.byte	0x4
 565 0431 0F       		.uleb128 0xf
 566 0432 72313000 		.ascii	"r10\000"
 567 0436 07       		.byte	0x7
 568 0437 A7       		.byte	0xa7
 569 0438 E0030000 		.4byte	0x3e0
 570 043c 08       		.byte	0x8
 571 043d 0F       		.uleb128 0xf
 572 043e 72313100 		.ascii	"r11\000"
 573 0442 07       		.byte	0x7
 574 0443 A8       		.byte	0xa8
 575 0444 E0030000 		.4byte	0x3e0
 576 0448 0C       		.byte	0xc
 577 0449 0F       		.uleb128 0xf
 578 044a 723400   		.ascii	"r4\000"
 579 044d 07       		.byte	0x7
 580 044e A9       		.byte	0xa9
 581 044f E0030000 		.4byte	0x3e0
 582 0453 10       		.byte	0x10
 583 0454 0F       		.uleb128 0xf
 584 0455 723500   		.ascii	"r5\000"
 585 0458 07       		.byte	0x7
 586 0459 AA       		.byte	0xaa
 587 045a E0030000 		.4byte	0x3e0
 588 045e 14       		.byte	0x14
 589 045f 0F       		.uleb128 0xf
 590 0460 723600   		.ascii	"r6\000"
 591 0463 07       		.byte	0x7
 592 0464 AB       		.byte	0xab
 593 0465 E0030000 		.4byte	0x3e0
 594 0469 18       		.byte	0x18
 595 046a 0F       		.uleb128 0xf
 596 046b 723700   		.ascii	"r7\000"
 597 046e 07       		.byte	0x7
ARM GAS  /tmp/cc2DvVpS.s 			page 12


 598 046f AC       		.byte	0xac
 599 0470 E0030000 		.4byte	0x3e0
 600 0474 1C       		.byte	0x1c
 601 0475 0F       		.uleb128 0xf
 602 0476 6C7200   		.ascii	"lr\000"
 603 0479 07       		.byte	0x7
 604 047a AD       		.byte	0xad
 605 047b E0030000 		.4byte	0x3e0
 606 047f 20       		.byte	0x20
 607 0480 00       		.byte	0
 608 0481 09       		.uleb128 0x9
 609 0482 04       		.byte	0x4
 610 0483 0F040000 		.4byte	0x40f
 611 0487 10       		.uleb128 0x10
 612 0488 04       		.byte	0x4
 613 0489 05       		.byte	0x5
 614 048a FA       		.byte	0xfa
 615 048b D8040000 		.4byte	0x4d8
 616 048f 11       		.uleb128 0x11
 617 0490 6B040000 		.4byte	.LASF77
 618 0494 05       		.byte	0x5
 619 0495 0101     		.2byte	0x101
 620 0497 EE000000 		.4byte	0xee
 621 049b 11       		.uleb128 0x11
 622 049c 12040000 		.4byte	.LASF78
 623 04a0 05       		.byte	0x5
 624 04a1 0801     		.2byte	0x108
 625 04a3 EE000000 		.4byte	0xee
 626 04a7 11       		.uleb128 0x11
 627 04a8 EF030000 		.4byte	.LASF79
 628 04ac 05       		.byte	0x5
 629 04ad 0F01     		.2byte	0x10f
 630 04af AF020000 		.4byte	0x2af
 631 04b3 11       		.uleb128 0x11
 632 04b4 B8030000 		.4byte	.LASF80
 633 04b8 05       		.byte	0x5
 634 04b9 1601     		.2byte	0x116
 635 04bb D8040000 		.4byte	0x4d8
 636 04bf 11       		.uleb128 0x11
 637 04c0 8A030000 		.4byte	.LASF81
 638 04c4 05       		.byte	0x5
 639 04c5 1E01     		.2byte	0x11e
 640 04c7 03050000 		.4byte	0x503
 641 04cb 11       		.uleb128 0x11
 642 04cc 81040000 		.4byte	.LASF82
 643 04d0 05       		.byte	0x5
 644 04d1 2701     		.2byte	0x127
 645 04d3 3A050000 		.4byte	0x53a
 646 04d7 00       		.byte	0
 647 04d8 09       		.uleb128 0x9
 648 04d9 04       		.byte	0x4
 649 04da C7010000 		.4byte	0x1c7
 650 04de 05       		.uleb128 0x5
 651 04df BE030000 		.4byte	.LASF83
 652 04e3 0C       		.byte	0xc
 653 04e4 08       		.byte	0x8
 654 04e5 34       		.byte	0x34
ARM GAS  /tmp/cc2DvVpS.s 			page 13


 655 04e6 03050000 		.4byte	0x503
 656 04ea 06       		.uleb128 0x6
 657 04eb 1B030000 		.4byte	.LASF84
 658 04ef 08       		.byte	0x8
 659 04f0 35       		.byte	0x35
 660 04f1 FC010000 		.4byte	0x1fc
 661 04f5 00       		.byte	0
 662 04f6 06       		.uleb128 0x6
 663 04f7 B4010000 		.4byte	.LASF85
 664 04fb 08       		.byte	0x8
 665 04fc 37       		.byte	0x37
 666 04fd F9000000 		.4byte	0xf9
 667 0501 08       		.byte	0x8
 668 0502 00       		.byte	0
 669 0503 09       		.uleb128 0x9
 670 0504 04       		.byte	0x4
 671 0505 DE040000 		.4byte	0x4de
 672 0509 05       		.uleb128 0x5
 673 050a 78040000 		.4byte	.LASF86
 674 050e 10       		.byte	0x10
 675 050f 09       		.byte	0x9
 676 0510 39       		.byte	0x39
 677 0511 3A050000 		.4byte	0x53a
 678 0515 06       		.uleb128 0x6
 679 0516 80010000 		.4byte	.LASF87
 680 051a 09       		.byte	0x9
 681 051b 3A       		.byte	0x3a
 682 051c FC010000 		.4byte	0x1fc
 683 0520 00       		.byte	0
 684 0521 06       		.uleb128 0x6
 685 0522 63040000 		.4byte	.LASF88
 686 0526 09       		.byte	0x9
 687 0527 3C       		.byte	0x3c
 688 0528 D2010000 		.4byte	0x1d2
 689 052c 08       		.byte	0x8
 690 052d 06       		.uleb128 0x6
 691 052e 57000000 		.4byte	.LASF89
 692 0532 09       		.byte	0x9
 693 0533 3E       		.byte	0x3e
 694 0534 78050000 		.4byte	0x578
 695 0538 0C       		.byte	0xc
 696 0539 00       		.byte	0
 697 053a 09       		.uleb128 0x9
 698 053b 04       		.byte	0x4
 699 053c 09050000 		.4byte	0x509
 700 0540 09       		.uleb128 0x9
 701 0541 04       		.byte	0x4
 702 0542 46050000 		.4byte	0x546
 703 0546 12       		.uleb128 0x12
 704 0547 4B050000 		.4byte	0x54b
 705 054b 03       		.uleb128 0x3
 706 054c 01       		.byte	0x1
 707 054d 08       		.byte	0x8
 708 054e 16030000 		.4byte	.LASF90
 709 0552 09       		.uleb128 0x9
 710 0553 04       		.byte	0x4
 711 0554 B1020000 		.4byte	0x2b1
ARM GAS  /tmp/cc2DvVpS.s 			page 14


 712 0558 13       		.uleb128 0x13
 713 0559 40050000 		.4byte	0x540
 714 055d 14       		.uleb128 0x14
 715 055e EB030000 		.4byte	0x3eb
 716 0562 6D050000 		.4byte	0x56d
 717 0566 15       		.uleb128 0x15
 718 0567 D9030000 		.4byte	0x3d9
 719 056b 18       		.byte	0x18
 720 056c 00       		.byte	0
 721 056d 04       		.uleb128 0x4
 722 056e AC010000 		.4byte	.LASF91
 723 0572 09       		.byte	0x9
 724 0573 34       		.byte	0x34
 725 0574 09050000 		.4byte	0x509
 726 0578 09       		.uleb128 0x9
 727 0579 04       		.byte	0x4
 728 057a 6D050000 		.4byte	0x56d
 729 057e 16       		.uleb128 0x16
 730 057f 636800   		.ascii	"ch\000"
 731 0582 05       		.byte	0x5
 732 0583 0902     		.2byte	0x209
 733 0585 7E030000 		.4byte	0x37e
 734 0589 00       		.byte	0
 735              		.section	.debug_abbrev,"",%progbits
 736              	.Ldebug_abbrev0:
 737 0000 01       		.uleb128 0x1
 738 0001 11       		.uleb128 0x11
 739 0002 01       		.byte	0x1
 740 0003 25       		.uleb128 0x25
 741 0004 0E       		.uleb128 0xe
 742 0005 13       		.uleb128 0x13
 743 0006 0B       		.uleb128 0xb
 744 0007 03       		.uleb128 0x3
 745 0008 0E       		.uleb128 0xe
 746 0009 10       		.uleb128 0x10
 747 000a 17       		.uleb128 0x17
 748 000b 00       		.byte	0
 749 000c 00       		.byte	0
 750 000d 02       		.uleb128 0x2
 751 000e 24       		.uleb128 0x24
 752 000f 00       		.byte	0
 753 0010 0B       		.uleb128 0xb
 754 0011 0B       		.uleb128 0xb
 755 0012 3E       		.uleb128 0x3e
 756 0013 0B       		.uleb128 0xb
 757 0014 03       		.uleb128 0x3
 758 0015 08       		.uleb128 0x8
 759 0016 00       		.byte	0
 760 0017 00       		.byte	0
 761 0018 03       		.uleb128 0x3
 762 0019 24       		.uleb128 0x24
 763 001a 00       		.byte	0
 764 001b 0B       		.uleb128 0xb
 765 001c 0B       		.uleb128 0xb
 766 001d 3E       		.uleb128 0x3e
 767 001e 0B       		.uleb128 0xb
 768 001f 03       		.uleb128 0x3
ARM GAS  /tmp/cc2DvVpS.s 			page 15


 769 0020 0E       		.uleb128 0xe
 770 0021 00       		.byte	0
 771 0022 00       		.byte	0
 772 0023 04       		.uleb128 0x4
 773 0024 16       		.uleb128 0x16
 774 0025 00       		.byte	0
 775 0026 03       		.uleb128 0x3
 776 0027 0E       		.uleb128 0xe
 777 0028 3A       		.uleb128 0x3a
 778 0029 0B       		.uleb128 0xb
 779 002a 3B       		.uleb128 0x3b
 780 002b 0B       		.uleb128 0xb
 781 002c 49       		.uleb128 0x49
 782 002d 13       		.uleb128 0x13
 783 002e 00       		.byte	0
 784 002f 00       		.byte	0
 785 0030 05       		.uleb128 0x5
 786 0031 13       		.uleb128 0x13
 787 0032 01       		.byte	0x1
 788 0033 03       		.uleb128 0x3
 789 0034 0E       		.uleb128 0xe
 790 0035 0B       		.uleb128 0xb
 791 0036 0B       		.uleb128 0xb
 792 0037 3A       		.uleb128 0x3a
 793 0038 0B       		.uleb128 0xb
 794 0039 3B       		.uleb128 0x3b
 795 003a 0B       		.uleb128 0xb
 796 003b 01       		.uleb128 0x1
 797 003c 13       		.uleb128 0x13
 798 003d 00       		.byte	0
 799 003e 00       		.byte	0
 800 003f 06       		.uleb128 0x6
 801 0040 0D       		.uleb128 0xd
 802 0041 00       		.byte	0
 803 0042 03       		.uleb128 0x3
 804 0043 0E       		.uleb128 0xe
 805 0044 3A       		.uleb128 0x3a
 806 0045 0B       		.uleb128 0xb
 807 0046 3B       		.uleb128 0x3b
 808 0047 0B       		.uleb128 0xb
 809 0048 49       		.uleb128 0x49
 810 0049 13       		.uleb128 0x13
 811 004a 38       		.uleb128 0x38
 812 004b 0B       		.uleb128 0xb
 813 004c 00       		.byte	0
 814 004d 00       		.byte	0
 815 004e 07       		.uleb128 0x7
 816 004f 0D       		.uleb128 0xd
 817 0050 00       		.byte	0
 818 0051 03       		.uleb128 0x3
 819 0052 08       		.uleb128 0x8
 820 0053 3A       		.uleb128 0x3a
 821 0054 0B       		.uleb128 0xb
 822 0055 3B       		.uleb128 0x3b
 823 0056 05       		.uleb128 0x5
 824 0057 49       		.uleb128 0x49
 825 0058 13       		.uleb128 0x13
ARM GAS  /tmp/cc2DvVpS.s 			page 16


 826 0059 38       		.uleb128 0x38
 827 005a 0B       		.uleb128 0xb
 828 005b 00       		.byte	0
 829 005c 00       		.byte	0
 830 005d 08       		.uleb128 0x8
 831 005e 0D       		.uleb128 0xd
 832 005f 00       		.byte	0
 833 0060 03       		.uleb128 0x3
 834 0061 0E       		.uleb128 0xe
 835 0062 3A       		.uleb128 0x3a
 836 0063 0B       		.uleb128 0xb
 837 0064 3B       		.uleb128 0x3b
 838 0065 05       		.uleb128 0x5
 839 0066 49       		.uleb128 0x49
 840 0067 13       		.uleb128 0x13
 841 0068 38       		.uleb128 0x38
 842 0069 0B       		.uleb128 0xb
 843 006a 00       		.byte	0
 844 006b 00       		.byte	0
 845 006c 09       		.uleb128 0x9
 846 006d 0F       		.uleb128 0xf
 847 006e 00       		.byte	0
 848 006f 0B       		.uleb128 0xb
 849 0070 0B       		.uleb128 0xb
 850 0071 49       		.uleb128 0x49
 851 0072 13       		.uleb128 0x13
 852 0073 00       		.byte	0
 853 0074 00       		.byte	0
 854 0075 0A       		.uleb128 0xa
 855 0076 13       		.uleb128 0x13
 856 0077 01       		.byte	0x1
 857 0078 03       		.uleb128 0x3
 858 0079 0E       		.uleb128 0xe
 859 007a 0B       		.uleb128 0xb
 860 007b 0B       		.uleb128 0xb
 861 007c 3A       		.uleb128 0x3a
 862 007d 0B       		.uleb128 0xb
 863 007e 3B       		.uleb128 0x3b
 864 007f 05       		.uleb128 0x5
 865 0080 01       		.uleb128 0x1
 866 0081 13       		.uleb128 0x13
 867 0082 00       		.byte	0
 868 0083 00       		.byte	0
 869 0084 0B       		.uleb128 0xb
 870 0085 15       		.uleb128 0x15
 871 0086 01       		.byte	0x1
 872 0087 27       		.uleb128 0x27
 873 0088 19       		.uleb128 0x19
 874 0089 01       		.uleb128 0x1
 875 008a 13       		.uleb128 0x13
 876 008b 00       		.byte	0
 877 008c 00       		.byte	0
 878 008d 0C       		.uleb128 0xc
 879 008e 05       		.uleb128 0x5
 880 008f 00       		.byte	0
 881 0090 49       		.uleb128 0x49
 882 0091 13       		.uleb128 0x13
ARM GAS  /tmp/cc2DvVpS.s 			page 17


 883 0092 00       		.byte	0
 884 0093 00       		.byte	0
 885 0094 0D       		.uleb128 0xd
 886 0095 0F       		.uleb128 0xf
 887 0096 00       		.byte	0
 888 0097 0B       		.uleb128 0xb
 889 0098 0B       		.uleb128 0xb
 890 0099 00       		.byte	0
 891 009a 00       		.byte	0
 892 009b 0E       		.uleb128 0xe
 893 009c 13       		.uleb128 0x13
 894 009d 01       		.byte	0x1
 895 009e 03       		.uleb128 0x3
 896 009f 0E       		.uleb128 0xe
 897 00a0 0B       		.uleb128 0xb
 898 00a1 05       		.uleb128 0x5
 899 00a2 3A       		.uleb128 0x3a
 900 00a3 0B       		.uleb128 0xb
 901 00a4 3B       		.uleb128 0x3b
 902 00a5 05       		.uleb128 0x5
 903 00a6 01       		.uleb128 0x1
 904 00a7 13       		.uleb128 0x13
 905 00a8 00       		.byte	0
 906 00a9 00       		.byte	0
 907 00aa 0F       		.uleb128 0xf
 908 00ab 0D       		.uleb128 0xd
 909 00ac 00       		.byte	0
 910 00ad 03       		.uleb128 0x3
 911 00ae 08       		.uleb128 0x8
 912 00af 3A       		.uleb128 0x3a
 913 00b0 0B       		.uleb128 0xb
 914 00b1 3B       		.uleb128 0x3b
 915 00b2 0B       		.uleb128 0xb
 916 00b3 49       		.uleb128 0x49
 917 00b4 13       		.uleb128 0x13
 918 00b5 38       		.uleb128 0x38
 919 00b6 0B       		.uleb128 0xb
 920 00b7 00       		.byte	0
 921 00b8 00       		.byte	0
 922 00b9 10       		.uleb128 0x10
 923 00ba 17       		.uleb128 0x17
 924 00bb 01       		.byte	0x1
 925 00bc 0B       		.uleb128 0xb
 926 00bd 0B       		.uleb128 0xb
 927 00be 3A       		.uleb128 0x3a
 928 00bf 0B       		.uleb128 0xb
 929 00c0 3B       		.uleb128 0x3b
 930 00c1 0B       		.uleb128 0xb
 931 00c2 01       		.uleb128 0x1
 932 00c3 13       		.uleb128 0x13
 933 00c4 00       		.byte	0
 934 00c5 00       		.byte	0
 935 00c6 11       		.uleb128 0x11
 936 00c7 0D       		.uleb128 0xd
 937 00c8 00       		.byte	0
 938 00c9 03       		.uleb128 0x3
 939 00ca 0E       		.uleb128 0xe
ARM GAS  /tmp/cc2DvVpS.s 			page 18


 940 00cb 3A       		.uleb128 0x3a
 941 00cc 0B       		.uleb128 0xb
 942 00cd 3B       		.uleb128 0x3b
 943 00ce 05       		.uleb128 0x5
 944 00cf 49       		.uleb128 0x49
 945 00d0 13       		.uleb128 0x13
 946 00d1 00       		.byte	0
 947 00d2 00       		.byte	0
 948 00d3 12       		.uleb128 0x12
 949 00d4 26       		.uleb128 0x26
 950 00d5 00       		.byte	0
 951 00d6 49       		.uleb128 0x49
 952 00d7 13       		.uleb128 0x13
 953 00d8 00       		.byte	0
 954 00d9 00       		.byte	0
 955 00da 13       		.uleb128 0x13
 956 00db 35       		.uleb128 0x35
 957 00dc 00       		.byte	0
 958 00dd 49       		.uleb128 0x49
 959 00de 13       		.uleb128 0x13
 960 00df 00       		.byte	0
 961 00e0 00       		.byte	0
 962 00e1 14       		.uleb128 0x14
 963 00e2 01       		.uleb128 0x1
 964 00e3 01       		.byte	0x1
 965 00e4 49       		.uleb128 0x49
 966 00e5 13       		.uleb128 0x13
 967 00e6 01       		.uleb128 0x1
 968 00e7 13       		.uleb128 0x13
 969 00e8 00       		.byte	0
 970 00e9 00       		.byte	0
 971 00ea 15       		.uleb128 0x15
 972 00eb 21       		.uleb128 0x21
 973 00ec 00       		.byte	0
 974 00ed 49       		.uleb128 0x49
 975 00ee 13       		.uleb128 0x13
 976 00ef 2F       		.uleb128 0x2f
 977 00f0 0B       		.uleb128 0xb
 978 00f1 00       		.byte	0
 979 00f2 00       		.byte	0
 980 00f3 16       		.uleb128 0x16
 981 00f4 34       		.uleb128 0x34
 982 00f5 00       		.byte	0
 983 00f6 03       		.uleb128 0x3
 984 00f7 08       		.uleb128 0x8
 985 00f8 3A       		.uleb128 0x3a
 986 00f9 0B       		.uleb128 0xb
 987 00fa 3B       		.uleb128 0x3b
 988 00fb 05       		.uleb128 0x5
 989 00fc 49       		.uleb128 0x49
 990 00fd 13       		.uleb128 0x13
 991 00fe 3F       		.uleb128 0x3f
 992 00ff 19       		.uleb128 0x19
 993 0100 3C       		.uleb128 0x3c
 994 0101 19       		.uleb128 0x19
 995 0102 00       		.byte	0
 996 0103 00       		.byte	0
ARM GAS  /tmp/cc2DvVpS.s 			page 19


 997 0104 00       		.byte	0
 998              		.section	.debug_aranges,"",%progbits
 999 0000 14000000 		.4byte	0x14
 1000 0004 0200     		.2byte	0x2
 1001 0006 00000000 		.4byte	.Ldebug_info0
 1002 000a 04       		.byte	0x4
 1003 000b 00       		.byte	0
 1004 000c 0000     		.2byte	0
 1005 000e 0000     		.2byte	0
 1006 0010 00000000 		.4byte	0
 1007 0014 00000000 		.4byte	0
 1008              		.section	.debug_line,"",%progbits
 1009              	.Ldebug_line0:
 1010 0000 3C010000 		.section	.debug_str,"MS",%progbits,1
 1010      02003601 
 1010      00000201 
 1010      FB0E0D00 
 1010      01010101 
 1011              	.LASF25:
 1012 0000 74687265 		.ascii	"thread_t\000"
 1012      61645F74 
 1012      00
 1013              	.LASF50:
 1014 0009 725F6F6C 		.ascii	"r_older\000"
 1014      64657200 
 1015              	.LASF42:
 1016 0011 74687265 		.ascii	"threads_queue_t\000"
 1016      6164735F 
 1016      71756575 
 1016      655F7400 
 1017              	.LASF64:
 1018 0021 63685F73 		.ascii	"ch_system_debug\000"
 1018      79737465 
 1018      6D5F6465 
 1018      62756700 
 1019              	.LASF18:
 1020 0031 75696E74 		.ascii	"uint64_t\000"
 1020      36345F74 
 1020      00
 1021              	.LASF70:
 1022 003a 6D61696E 		.ascii	"mainthread\000"
 1022      74687265 
 1022      616400
 1023              	.LASF3:
 1024 0045 73686F72 		.ascii	"short int\000"
 1024      7420696E 
 1024      7400
 1025              	.LASF46:
 1026 004f 725F7175 		.ascii	"r_queue\000"
 1026      65756500 
 1027              	.LASF89:
 1028 0057 6D5F6E65 		.ascii	"m_next\000"
 1028      787400
 1029              	.LASF72:
 1030 005e 73697A65 		.ascii	"sizetype\000"
 1030      74797065 
 1030      00
ARM GAS  /tmp/cc2DvVpS.s 			page 20


 1031              	.LASF27:
 1032 0067 705F7072 		.ascii	"p_prev\000"
 1032      657600
 1033              	.LASF63:
 1034 006e 73797374 		.ascii	"system_debug_t\000"
 1034      656D5F64 
 1034      65627567 
 1034      5F7400
 1035              	.LASF5:
 1036 007d 5F5F7569 		.ascii	"__uint16_t\000"
 1036      6E743136 
 1036      5F7400
 1037              	.LASF28:
 1038 0088 705F7072 		.ascii	"p_prio\000"
 1038      696F00
 1039              	.LASF41:
 1040 008f 63685F74 		.ascii	"ch_threads_list\000"
 1040      68726561 
 1040      64735F6C 
 1040      69737400 
 1041              	.LASF69:
 1042 009f 76746C69 		.ascii	"vtlist\000"
 1042      737400
 1043              	.LASF59:
 1044 00a6 76745F70 		.ascii	"vt_par\000"
 1044      617200
 1045              	.LASF66:
 1046 00ad 63685F73 		.ascii	"ch_system_t\000"
 1046      79737465 
 1046      6D5F7400 
 1047              	.LASF73:
 1048 00b9 72656761 		.ascii	"regarm_t\000"
 1048      726D5F74 
 1048      00
 1049              	.LASF14:
 1050 00c2 75696E74 		.ascii	"uint8_t\000"
 1050      385F7400 
 1051              	.LASF43:
 1052 00ca 63685F74 		.ascii	"ch_threads_queue\000"
 1052      68726561 
 1052      64735F71 
 1052      75657565 
 1052      00
 1053              	.LASF93:
 1054 00db 2F686F6D 		.ascii	"/home/efe/ChibiOS/os/hal/osal/rt/osal.c\000"
 1054      652F6566 
 1054      652F4368 
 1054      6962694F 
 1054      532F6F73 
 1055              	.LASF16:
 1056 0103 696E7433 		.ascii	"int32_t\000"
 1056      325F7400 
 1057              	.LASF40:
 1058 010b 63685F74 		.ascii	"ch_thread\000"
 1058      68726561 
 1058      6400
 1059              	.LASF62:
ARM GAS  /tmp/cc2DvVpS.s 			page 21


 1060 0115 76745F6C 		.ascii	"vt_lasttime\000"
 1060      61737474 
 1060      696D6500 
 1061              	.LASF19:
 1062 0121 746D6F64 		.ascii	"tmode_t\000"
 1062      655F7400 
 1063              	.LASF11:
 1064 0129 6C6F6E67 		.ascii	"long long int\000"
 1064      206C6F6E 
 1064      6720696E 
 1064      7400
 1065              	.LASF32:
 1066 0137 705F6E61 		.ascii	"p_name\000"
 1066      6D6500
 1067              	.LASF21:
 1068 013e 74707269 		.ascii	"tprio_t\000"
 1068      6F5F7400 
 1069              	.LASF61:
 1070 0146 63685F76 		.ascii	"ch_virtual_timers_list\000"
 1070      69727475 
 1070      616C5F74 
 1070      696D6572 
 1070      735F6C69 
 1071              	.LASF8:
 1072 015d 6C6F6E67 		.ascii	"long int\000"
 1072      20696E74 
 1072      00
 1073              	.LASF67:
 1074 0166 63685F73 		.ascii	"ch_system\000"
 1074      79737465 
 1074      6D00
 1075              	.LASF53:
 1076 0170 76697274 		.ascii	"virtual_timer_t\000"
 1076      75616C5F 
 1076      74696D65 
 1076      725F7400 
 1077              	.LASF87:
 1078 0180 6D5F7175 		.ascii	"m_queue\000"
 1078      65756500 
 1079              	.LASF4:
 1080 0188 5F5F7569 		.ascii	"__uint8_t\000"
 1080      6E74385F 
 1080      7400
 1081              	.LASF75:
 1082 0192 636F6E74 		.ascii	"context\000"
 1082      65787400 
 1083              	.LASF56:
 1084 019a 76745F70 		.ascii	"vt_prev\000"
 1084      72657600 
 1085              	.LASF51:
 1086 01a2 725F6375 		.ascii	"r_current\000"
 1086      7272656E 
 1086      7400
 1087              	.LASF91:
 1088 01ac 6D757465 		.ascii	"mutex_t\000"
 1088      785F7400 
 1089              	.LASF85:
ARM GAS  /tmp/cc2DvVpS.s 			page 22


 1090 01b4 735F636E 		.ascii	"s_cnt\000"
 1090      7400
 1091              	.LASF2:
 1092 01ba 756E7369 		.ascii	"unsigned char\000"
 1092      676E6564 
 1092      20636861 
 1092      7200
 1093              	.LASF1:
 1094 01c8 7369676E 		.ascii	"signed char\000"
 1094      65642063 
 1094      68617200 
 1095              	.LASF30:
 1096 01d4 705F6E65 		.ascii	"p_newer\000"
 1096      77657200 
 1097              	.LASF13:
 1098 01dc 6C6F6E67 		.ascii	"long long unsigned int\000"
 1098      206C6F6E 
 1098      6720756E 
 1098      7369676E 
 1098      65642069 
 1099              	.LASF17:
 1100 01f3 75696E74 		.ascii	"uint32_t\000"
 1100      33325F74 
 1100      00
 1101              	.LASF0:
 1102 01fc 756E7369 		.ascii	"unsigned int\000"
 1102      676E6564 
 1102      20696E74 
 1102      00
 1103              	.LASF15:
 1104 0209 75696E74 		.ascii	"uint16_t\000"
 1104      31365F74 
 1104      00
 1105              	.LASF55:
 1106 0212 76745F6E 		.ascii	"vt_next\000"
 1106      65787400 
 1107              	.LASF76:
 1108 021a 706F7274 		.ascii	"port_intctx\000"
 1108      5F696E74 
 1108      63747800 
 1109              	.LASF92:
 1110 0226 474E5520 		.ascii	"GNU C 4.8.4 20141219 (release) -mcpu=cortex-m0 -mno"
 1110      4320342E 
 1110      382E3420 
 1110      32303134 
 1110      31323139 
 1111 0259 2D746875 		.ascii	"-thumb-interwork -mthumb -ggdb -O0 -fomit-frame-poi"
 1111      6D622D69 
 1111      6E746572 
 1111      776F726B 
 1111      202D6D74 
 1112 028c 6E746572 		.ascii	"nter -falign-functions=16 -ffunction-sections -fdat"
 1112      202D6661 
 1112      6C69676E 
 1112      2D66756E 
 1112      6374696F 
 1113 02bf 612D7365 		.ascii	"a-sections -fno-common -flto\000"
ARM GAS  /tmp/cc2DvVpS.s 			page 23


 1113      6374696F 
 1113      6E73202D 
 1113      666E6F2D 
 1113      636F6D6D 
 1114              	.LASF48:
 1115 02dc 725F6374 		.ascii	"r_ctx\000"
 1115      7800
 1116              	.LASF49:
 1117 02e2 725F6E65 		.ascii	"r_newer\000"
 1117      77657200 
 1118              	.LASF34:
 1119 02ea 705F666C 		.ascii	"p_flags\000"
 1119      61677300 
 1120              	.LASF57:
 1121 02f2 76745F64 		.ascii	"vt_delta\000"
 1121      656C7461 
 1121      00
 1122              	.LASF37:
 1123 02fb 705F7265 		.ascii	"p_realprio\000"
 1123      616C7072 
 1123      696F00
 1124              	.LASF24:
 1125 0306 73797374 		.ascii	"systime_t\000"
 1125      696D655F 
 1125      7400
 1126              	.LASF68:
 1127 0310 726C6973 		.ascii	"rlist\000"
 1127      7400
 1128              	.LASF90:
 1129 0316 63686172 		.ascii	"char\000"
 1129      00
 1130              	.LASF84:
 1131 031b 735F7175 		.ascii	"s_queue\000"
 1131      65756500 
 1132              	.LASF54:
 1133 0323 63685F76 		.ascii	"ch_virtual_timer\000"
 1133      69727475 
 1133      616C5F74 
 1133      696D6572 
 1133      00
 1134              	.LASF33:
 1135 0334 705F7374 		.ascii	"p_state\000"
 1135      61746500 
 1136              	.LASF47:
 1137 033c 725F7072 		.ascii	"r_prio\000"
 1137      696F00
 1138              	.LASF23:
 1139 0343 636E745F 		.ascii	"cnt_t\000"
 1139      7400
 1140              	.LASF6:
 1141 0349 73686F72 		.ascii	"short unsigned int\000"
 1141      7420756E 
 1141      7369676E 
 1141      65642069 
 1141      6E7400
 1142              	.LASF35:
 1143 035c 705F7761 		.ascii	"p_waiting\000"
ARM GAS  /tmp/cc2DvVpS.s 			page 24


 1143      6974696E 
 1143      6700
 1144              	.LASF12:
 1145 0366 5F5F7569 		.ascii	"__uint64_t\000"
 1145      6E743634 
 1145      5F7400
 1146              	.LASF36:
 1147 0371 705F6D74 		.ascii	"p_mtxlist\000"
 1147      786C6973 
 1147      7400
 1148              	.LASF71:
 1149 037b 69646C65 		.ascii	"idle_thread_wa\000"
 1149      5F746872 
 1149      6561645F 
 1149      776100
 1150              	.LASF81:
 1151 038a 77747365 		.ascii	"wtsemp\000"
 1151      6D7000
 1152              	.LASF10:
 1153 0391 6C6F6E67 		.ascii	"long unsigned int\000"
 1153      20756E73 
 1153      69676E65 
 1153      6420696E 
 1153      7400
 1154              	.LASF65:
 1155 03a3 70616E69 		.ascii	"panic_msg\000"
 1155      635F6D73 
 1155      6700
 1156              	.LASF9:
 1157 03ad 5F5F7569 		.ascii	"__uint32_t\000"
 1157      6E743332 
 1157      5F7400
 1158              	.LASF80:
 1159 03b8 77747472 		.ascii	"wttrp\000"
 1159      7000
 1160              	.LASF83:
 1161 03be 63685F73 		.ascii	"ch_semaphore\000"
 1161      656D6170 
 1161      686F7265 
 1161      00
 1162              	.LASF26:
 1163 03cb 705F6E65 		.ascii	"p_next\000"
 1163      787400
 1164              	.LASF7:
 1165 03d2 5F5F696E 		.ascii	"__int32_t\000"
 1165      7433325F 
 1165      7400
 1166              	.LASF38:
 1167 03dc 74687265 		.ascii	"thread_reference_t\000"
 1167      61645F72 
 1167      65666572 
 1167      656E6365 
 1167      5F7400
 1168              	.LASF79:
 1169 03ef 77746F62 		.ascii	"wtobjp\000"
 1169      6A7000
 1170              	.LASF58:
ARM GAS  /tmp/cc2DvVpS.s 			page 25


 1171 03f6 76745F66 		.ascii	"vt_func\000"
 1171      756E6300 
 1172              	.LASF20:
 1173 03fe 74737461 		.ascii	"tstate_t\000"
 1173      74655F74 
 1173      00
 1174              	.LASF74:
 1175 0407 73746B61 		.ascii	"stkalign_t\000"
 1175      6C69676E 
 1175      5F7400
 1176              	.LASF78:
 1177 0412 65786974 		.ascii	"exitcode\000"
 1177      636F6465 
 1177      00
 1178              	.LASF52:
 1179 041b 76746675 		.ascii	"vtfunc_t\000"
 1179      6E635F74 
 1179      00
 1180              	.LASF31:
 1181 0424 705F6F6C 		.ascii	"p_older\000"
 1181      64657200 
 1182              	.LASF44:
 1183 042c 72656164 		.ascii	"ready_list_t\000"
 1183      795F6C69 
 1183      73745F74 
 1183      00
 1184              	.LASF60:
 1185 0439 76697274 		.ascii	"virtual_timers_list_t\000"
 1185      75616C5F 
 1185      74696D65 
 1185      72735F6C 
 1185      6973745F 
 1186              	.LASF45:
 1187 044f 63685F72 		.ascii	"ch_ready_list\000"
 1187      65616479 
 1187      5F6C6973 
 1187      7400
 1188              	.LASF29:
 1189 045d 705F6374 		.ascii	"p_ctx\000"
 1189      7800
 1190              	.LASF88:
 1191 0463 6D5F6F77 		.ascii	"m_owner\000"
 1191      6E657200 
 1192              	.LASF77:
 1193 046b 7264796D 		.ascii	"rdymsg\000"
 1193      736700
 1194              	.LASF22:
 1195 0472 6D73675F 		.ascii	"msg_t\000"
 1195      7400
 1196              	.LASF86:
 1197 0478 63685F6D 		.ascii	"ch_mutex\000"
 1197      75746578 
 1197      00
 1198              	.LASF82:
 1199 0481 77746D74 		.ascii	"wtmtxp\000"
 1199      787000
 1200              	.LASF39:
ARM GAS  /tmp/cc2DvVpS.s 			page 26


 1201 0488 74687265 		.ascii	"threads_list_t\000"
 1201      6164735F 
 1201      6C697374 
 1201      5F7400
 1202              		.comm	__gnu_lto_v1,1,1
 1203              		.ident	"GCC: (4.8.4-1+11-1) 4.8.4 20141219 (release)"
ARM GAS  /tmp/cc2DvVpS.s 			page 27


DEFINED SYMBOLS
                            *ABS*:0000000000000000 osal.c
                            *COM*:0000000000000001 __gnu_lto_v1

NO UNDEFINED SYMBOLS
