ARM GAS  /tmp/ccsRl9iA.s 			page 1


   1              		.syntax unified
   2              		.cpu cortex-m4
   3              		.fpu softvfp
   4              		.eabi_attribute 20, 1
   5              		.eabi_attribute 21, 1
   6              		.eabi_attribute 23, 3
   7              		.eabi_attribute 24, 1
   8              		.eabi_attribute 25, 1
   9              		.eabi_attribute 26, 1
  10              		.eabi_attribute 30, 6
  11              		.eabi_attribute 34, 1
  12              		.eabi_attribute 18, 4
  13              		.thumb
  14              		.file	"st_lld.c"
  15              		.text
  16              	.Ltext0:
  17              		.cfi_sections	.debug_frame
  18              		.section	.text.port_lock,"ax",%progbits
  19              		.align	2
  20              		.p2align 4,,15
  21              		.thumb
  22              		.thumb_func
  23              		.type	port_lock, %function
  24              	port_lock:
  25              	.LFB127:
  26              		.file 1 "/home/efe/ChibiOS/os/rt/ports/ARMCMx/chcore_v7m.h"
  27              		.loc 1 456 0
  28              		.cfi_startproc
  29              		@ args = 0, pretend = 0, frame = 8
  30              		@ frame_needed = 0, uses_anonymous_args = 0
  31              		@ link register save eliminated.
  32 0000 82B0     		sub	sp, sp, #8
  33              		.cfi_def_cfa_offset 8
  34 0002 2023     		movs	r3, #32
  35 0004 0193     		str	r3, [sp, #4]
  36              	.LBB6:
  37              	.LBB7:
  38              		.file 2 "/home/efe/ChibiOS/os/ext/CMSIS/include/core_cmFunc.h"
  39              		.loc 2 548 0
  40 0006 019B     		ldr	r3, [sp, #4]
  41              	@ 548 "/home/efe/ChibiOS/os/ext/CMSIS/include/core_cmFunc.h" 1
  42 0008 83F31188 		MSR basepri, r3
  43              	@ 0 "" 2
  44              		.thumb
  45              	.LBE7:
  46              	.LBE6:
  47              		.loc 1 463 0
  48 000c 02B0     		add	sp, sp, #8
  49              		@ sp needed
  50 000e 7047     		bx	lr
  51              		.cfi_endproc
  52              	.LFE127:
  53              		.size	port_lock, .-port_lock
  54              		.section	.text.port_unlock,"ax",%progbits
  55              		.align	2
  56              		.p2align 4,,15
  57              		.thumb
ARM GAS  /tmp/ccsRl9iA.s 			page 2


  58              		.thumb_func
  59              		.type	port_unlock, %function
  60              	port_unlock:
  61              	.LFB128:
  62              		.loc 1 470 0
  63              		.cfi_startproc
  64              		@ args = 0, pretend = 0, frame = 8
  65              		@ frame_needed = 0, uses_anonymous_args = 0
  66              		@ link register save eliminated.
  67 0000 82B0     		sub	sp, sp, #8
  68              		.cfi_def_cfa_offset 8
  69 0002 0023     		movs	r3, #0
  70 0004 0193     		str	r3, [sp, #4]
  71              	.LBB8:
  72              	.LBB9:
  73              		.loc 2 548 0
  74 0006 019B     		ldr	r3, [sp, #4]
  75              	@ 548 "/home/efe/ChibiOS/os/ext/CMSIS/include/core_cmFunc.h" 1
  76 0008 83F31188 		MSR basepri, r3
  77              	@ 0 "" 2
  78              		.thumb
  79              	.LBE9:
  80              	.LBE8:
  81              		.loc 1 477 0
  82 000c 02B0     		add	sp, sp, #8
  83              		@ sp needed
  84 000e 7047     		bx	lr
  85              		.cfi_endproc
  86              	.LFE128:
  87              		.size	port_unlock, .-port_unlock
  88              		.section	.text.port_lock_from_isr,"ax",%progbits
  89              		.align	2
  90              		.p2align 4,,15
  91              		.thumb
  92              		.thumb_func
  93              		.type	port_lock_from_isr, %function
  94              	port_lock_from_isr:
  95              	.LFB129:
  96              		.loc 1 485 0
  97              		.cfi_startproc
  98              		@ args = 0, pretend = 0, frame = 0
  99              		@ frame_needed = 0, uses_anonymous_args = 0
 100 0000 08B5     		push	{r3, lr}
 101              		.cfi_def_cfa_offset 8
 102              		.cfi_offset 3, -8
 103              		.cfi_offset 14, -4
 104              		.loc 1 487 0
 105 0002 FFF7FEFF 		bl	port_lock
 106              		.loc 1 488 0
 107 0006 08BD     		pop	{r3, pc}
 108              		.cfi_endproc
 109              	.LFE129:
 110              		.size	port_lock_from_isr, .-port_lock_from_isr
 111 0008 AFF30080 		.section	.text.port_unlock_from_isr,"ax",%progbits
 111      AFF30080 
 112              		.align	2
 113              		.p2align 4,,15
ARM GAS  /tmp/ccsRl9iA.s 			page 3


 114              		.thumb
 115              		.thumb_func
 116              		.type	port_unlock_from_isr, %function
 117              	port_unlock_from_isr:
 118              	.LFB130:
 119              		.loc 1 496 0
 120              		.cfi_startproc
 121              		@ args = 0, pretend = 0, frame = 0
 122              		@ frame_needed = 0, uses_anonymous_args = 0
 123 0000 08B5     		push	{r3, lr}
 124              		.cfi_def_cfa_offset 8
 125              		.cfi_offset 3, -8
 126              		.cfi_offset 14, -4
 127              		.loc 1 498 0
 128 0002 FFF7FEFF 		bl	port_unlock
 129              		.loc 1 499 0
 130 0006 08BD     		pop	{r3, pc}
 131              		.cfi_endproc
 132              	.LFE130:
 133              		.size	port_unlock_from_isr, .-port_unlock_from_isr
 134 0008 AFF30080 		.section	.text.chSysLockFromISR,"ax",%progbits
 134      AFF30080 
 135              		.align	2
 136              		.p2align 4,,15
 137              		.thumb
 138              		.thumb_func
 139              		.type	chSysLockFromISR, %function
 140              	chSysLockFromISR:
 141              	.LFB169:
 142              		.file 3 "/home/efe/ChibiOS/os/rt/include/chsys.h"
 143              		.loc 3 386 0
 144              		.cfi_startproc
 145              		@ args = 0, pretend = 0, frame = 0
 146              		@ frame_needed = 0, uses_anonymous_args = 0
 147 0000 08B5     		push	{r3, lr}
 148              		.cfi_def_cfa_offset 8
 149              		.cfi_offset 3, -8
 150              		.cfi_offset 14, -4
 151              		.loc 3 388 0
 152 0002 FFF7FEFF 		bl	port_lock_from_isr
 153              		.loc 3 391 0
 154 0006 08BD     		pop	{r3, pc}
 155              		.cfi_endproc
 156              	.LFE169:
 157              		.size	chSysLockFromISR, .-chSysLockFromISR
 158 0008 AFF30080 		.section	.text.chSysUnlockFromISR,"ax",%progbits
 158      AFF30080 
 159              		.align	2
 160              		.p2align 4,,15
 161              		.thumb
 162              		.thumb_func
 163              		.type	chSysUnlockFromISR, %function
 164              	chSysUnlockFromISR:
 165              	.LFB170:
 166              		.loc 3 406 0
 167              		.cfi_startproc
 168              		@ args = 0, pretend = 0, frame = 0
ARM GAS  /tmp/ccsRl9iA.s 			page 4


 169              		@ frame_needed = 0, uses_anonymous_args = 0
 170 0000 08B5     		push	{r3, lr}
 171              		.cfi_def_cfa_offset 8
 172              		.cfi_offset 3, -8
 173              		.cfi_offset 14, -4
 174              		.loc 3 410 0
 175 0002 FFF7FEFF 		bl	port_unlock_from_isr
 176              		.loc 3 411 0
 177 0006 08BD     		pop	{r3, pc}
 178              		.cfi_endproc
 179              	.LFE170:
 180              		.size	chSysUnlockFromISR, .-chSysUnlockFromISR
 181 0008 AFF30080 		.section	.text.osalSysLockFromISR,"ax",%progbits
 181      AFF30080 
 182              		.align	2
 183              		.p2align 4,,15
 184              		.thumb
 185              		.thumb_func
 186              		.type	osalSysLockFromISR, %function
 187              	osalSysLockFromISR:
 188              	.LFB246:
 189              		.file 4 "/home/efe/ChibiOS/os/hal/osal/rt/osal.h"
 190              		.loc 4 513 0
 191              		.cfi_startproc
 192              		@ args = 0, pretend = 0, frame = 0
 193              		@ frame_needed = 0, uses_anonymous_args = 0
 194 0000 08B5     		push	{r3, lr}
 195              		.cfi_def_cfa_offset 8
 196              		.cfi_offset 3, -8
 197              		.cfi_offset 14, -4
 198              		.loc 4 515 0
 199 0002 FFF7FEFF 		bl	chSysLockFromISR
 200              		.loc 4 516 0
 201 0006 08BD     		pop	{r3, pc}
 202              		.cfi_endproc
 203              	.LFE246:
 204              		.size	osalSysLockFromISR, .-osalSysLockFromISR
 205 0008 AFF30080 		.section	.text.osalSysUnlockFromISR,"ax",%progbits
 205      AFF30080 
 206              		.align	2
 207              		.p2align 4,,15
 208              		.thumb
 209              		.thumb_func
 210              		.type	osalSysUnlockFromISR, %function
 211              	osalSysUnlockFromISR:
 212              	.LFB247:
 213              		.loc 4 524 0
 214              		.cfi_startproc
 215              		@ args = 0, pretend = 0, frame = 0
 216              		@ frame_needed = 0, uses_anonymous_args = 0
 217 0000 08B5     		push	{r3, lr}
 218              		.cfi_def_cfa_offset 8
 219              		.cfi_offset 3, -8
 220              		.cfi_offset 14, -4
 221              		.loc 4 526 0
 222 0002 FFF7FEFF 		bl	chSysUnlockFromISR
 223              		.loc 4 527 0
ARM GAS  /tmp/ccsRl9iA.s 			page 5


 224 0006 08BD     		pop	{r3, pc}
 225              		.cfi_endproc
 226              	.LFE247:
 227              		.size	osalSysUnlockFromISR, .-osalSysUnlockFromISR
 228 0008 AFF30080 		.section	.text.osalOsTimerHandlerI,"ax",%progbits
 228      AFF30080 
 229              		.align	2
 230              		.p2align 4,,15
 231              		.thumb
 232              		.thumb_func
 233              		.type	osalOsTimerHandlerI, %function
 234              	osalOsTimerHandlerI:
 235              	.LFB251:
 236              		.loc 4 583 0
 237              		.cfi_startproc
 238              		@ args = 0, pretend = 0, frame = 0
 239              		@ frame_needed = 0, uses_anonymous_args = 0
 240 0000 08B5     		push	{r3, lr}
 241              		.cfi_def_cfa_offset 8
 242              		.cfi_offset 3, -8
 243              		.cfi_offset 14, -4
 244              		.loc 4 585 0
 245 0002 FFF7FEFF 		bl	chSysTimerHandlerI
 246              		.loc 4 586 0
 247 0006 08BD     		pop	{r3, pc}
 248              		.cfi_endproc
 249              	.LFE251:
 250              		.size	osalOsTimerHandlerI, .-osalOsTimerHandlerI
 251 0008 AFF30080 		.section	.text.VectorB0,"ax",%progbits
 251      AFF30080 
 252              		.align	2
 253              		.p2align 4,,15
 254              		.global	VectorB0
 255              		.thumb
 256              		.thumb_func
 257              		.type	VectorB0, %function
 258              	VectorB0:
 259              	.LFB271:
 260              		.file 5 "/home/efe/ChibiOS/os/hal/ports/STM32/LLD/TIMv1/st_lld.c"
 261              		.loc 5 231 0
 262              		.cfi_startproc
 263              		@ args = 0, pretend = 0, frame = 0
 264              		@ frame_needed = 0, uses_anonymous_args = 0
 265 0000 08B5     		push	{r3, lr}
 266              		.cfi_def_cfa_offset 8
 267              		.cfi_offset 3, -8
 268              		.cfi_offset 14, -4
 269              		.loc 5 238 0
 270 0002 4FF08043 		mov	r3, #1073741824
 271 0006 1B69     		ldr	r3, [r3, #16]
 272 0008 03F00203 		and	r3, r3, #2
 273 000c 002B     		cmp	r3, #0
 274 000e 09D0     		beq	.L11
 275              		.loc 5 239 0
 276 0010 4FF08043 		mov	r3, #1073741824
 277 0014 0022     		movs	r2, #0
 278 0016 1A61     		str	r2, [r3, #16]
ARM GAS  /tmp/ccsRl9iA.s 			page 6


 279              		.loc 5 241 0
 280 0018 FFF7FEFF 		bl	osalSysLockFromISR
 281              		.loc 5 242 0
 282 001c FFF7FEFF 		bl	osalOsTimerHandlerI
 283              		.loc 5 243 0
 284 0020 FFF7FEFF 		bl	osalSysUnlockFromISR
 285              	.L11:
 286              		.loc 5 246 0
 287 0024 FFF7FEFF 		bl	_port_irq_epilogue
 288              		.loc 5 247 0
 289 0028 08BD     		pop	{r3, pc}
 290              		.cfi_endproc
 291              	.LFE271:
 292              		.size	VectorB0, .-VectorB0
 293 002a 00BFAFF3 		.section	.text.st_lld_init,"ax",%progbits
 293      0080
 294              		.align	2
 295              		.p2align 4,,15
 296              		.global	st_lld_init
 297              		.thumb
 298              		.thumb_func
 299              		.type	st_lld_init, %function
 300              	st_lld_init:
 301              	.LFB272:
 302              		.loc 5 259 0
 303              		.cfi_startproc
 304              		@ args = 0, pretend = 0, frame = 0
 305              		@ frame_needed = 0, uses_anonymous_args = 0
 306 0000 08B5     		push	{r3, lr}
 307              		.cfi_def_cfa_offset 8
 308              		.cfi_offset 3, -8
 309              		.cfi_offset 14, -4
 310              		.loc 5 265 0
 311 0002 194B     		ldr	r3, .L13
 312 0004 184A     		ldr	r2, .L13
 313 0006 126C     		ldr	r2, [r2, #64]
 314 0008 42F00102 		orr	r2, r2, #1
 315 000c 1A64     		str	r2, [r3, #64]
 316              		.loc 5 268 0
 317 000e 174B     		ldr	r3, .L13+4
 318 0010 164A     		ldr	r2, .L13+4
 319 0012 9268     		ldr	r2, [r2, #8]
 320 0014 42F00102 		orr	r2, r2, #1
 321 0018 9A60     		str	r2, [r3, #8]
 322              		.loc 5 271 0
 323 001a 4FF08043 		mov	r3, #1073741824
 324 001e 42F2CF02 		movw	r2, #8399
 325 0022 9A62     		str	r2, [r3, #40]
 326              		.loc 5 272 0
 327 0024 4FF08043 		mov	r3, #1073741824
 328 0028 4FF0FF32 		mov	r2, #-1
 329 002c DA62     		str	r2, [r3, #44]
 330              		.loc 5 273 0
 331 002e 4FF08043 		mov	r3, #1073741824
 332 0032 0022     		movs	r2, #0
 333 0034 9A61     		str	r2, [r3, #24]
 334              		.loc 5 274 0
ARM GAS  /tmp/ccsRl9iA.s 			page 7


 335 0036 4FF08043 		mov	r3, #1073741824
 336 003a 0022     		movs	r2, #0
 337 003c 5A63     		str	r2, [r3, #52]
 338              		.loc 5 275 0
 339 003e 4FF08043 		mov	r3, #1073741824
 340 0042 0022     		movs	r2, #0
 341 0044 DA60     		str	r2, [r3, #12]
 342              		.loc 5 276 0
 343 0046 4FF08043 		mov	r3, #1073741824
 344 004a 0022     		movs	r2, #0
 345 004c 5A60     		str	r2, [r3, #4]
 346              		.loc 5 277 0
 347 004e 4FF08043 		mov	r3, #1073741824
 348 0052 0122     		movs	r2, #1
 349 0054 5A61     		str	r2, [r3, #20]
 350              		.loc 5 278 0
 351 0056 4FF08043 		mov	r3, #1073741824
 352 005a 0122     		movs	r2, #1
 353 005c 1A60     		str	r2, [r3]
 354              		.loc 5 281 0
 355 005e 1C20     		movs	r0, #28
 356 0060 0821     		movs	r1, #8
 357 0062 FFF7FEFF 		bl	nvicEnableVector
 358              		.loc 5 296 0
 359 0066 08BD     		pop	{r3, pc}
 360              	.L14:
 361              		.align	2
 362              	.L13:
 363 0068 00380240 		.word	1073887232
 364 006c 002004E0 		.word	-536600576
 365              		.cfi_endproc
 366              	.LFE272:
 367              		.size	st_lld_init, .-st_lld_init
 368              		.text
 369              	.Letext0:
 370              		.file 6 "/usr/include/newlib/machine/_default_types.h"
 371              		.file 7 "/usr/include/newlib/stdint.h"
 372              		.file 8 "/home/efe/ChibiOS/os/rt/ports/ARMCMx/compilers/GCC/chtypes.h"
 373              		.file 9 "/home/efe/ChibiOS/os/rt/include/chsystypes.h"
 374              		.file 10 "/home/efe/ChibiOS/os/rt/include/chschd.h"
 375              		.file 11 "/home/efe/ChibiOS/os/ext/CMSIS/ST/stm32f407xx.h"
 376              		.file 12 "/home/efe/ChibiOS/os/rt/ports/ARMCMx/chcore.h"
 377              		.file 13 "/home/efe/ChibiOS/os/hal/ports/STM32/LLD/TIMv1/stm32_tim.h"
 378              		.file 14 "/home/efe/ChibiOS/os/rt/include/chtm.h"
 379              		.file 15 "/home/efe/ChibiOS/os/rt/include/chsem.h"
 380              		.file 16 "/home/efe/ChibiOS/os/rt/include/chmtx.h"
 381              		.file 17 "/home/efe/ChibiOS/os/ext/CMSIS/include/core_cm4.h"
 382              		.section	.debug_info,"",%progbits
 383              	.Ldebug_info0:
 384 0000 780A0000 		.4byte	0xa78
 385 0004 0400     		.2byte	0x4
 386 0006 00000000 		.4byte	.Ldebug_abbrev0
 387 000a 04       		.byte	0x4
 388 000b 01       		.uleb128 0x1
 389 000c 6D010000 		.4byte	.LASF156
 390 0010 01       		.byte	0x1
 391 0011 4C050000 		.4byte	.LASF157
ARM GAS  /tmp/ccsRl9iA.s 			page 8


 392 0015 00000000 		.4byte	.Ldebug_ranges0+0
 393 0019 00000000 		.4byte	0
 394 001d 00000000 		.4byte	.Ldebug_line0
 395 0021 02       		.uleb128 0x2
 396 0022 04       		.byte	0x4
 397 0023 05       		.byte	0x5
 398 0024 696E7400 		.ascii	"int\000"
 399 0028 03       		.uleb128 0x3
 400 0029 04       		.byte	0x4
 401 002a 07       		.byte	0x7
 402 002b 9E020000 		.4byte	.LASF0
 403 002f 03       		.uleb128 0x3
 404 0030 01       		.byte	0x1
 405 0031 06       		.byte	0x6
 406 0032 F9000000 		.4byte	.LASF1
 407 0036 04       		.uleb128 0x4
 408 0037 28000000 		.4byte	.LASF5
 409 003b 06       		.byte	0x6
 410 003c 1D       		.byte	0x1d
 411 003d 41000000 		.4byte	0x41
 412 0041 03       		.uleb128 0x3
 413 0042 01       		.byte	0x1
 414 0043 08       		.byte	0x8
 415 0044 BB040000 		.4byte	.LASF2
 416 0048 03       		.uleb128 0x3
 417 0049 02       		.byte	0x2
 418 004a 05       		.byte	0x5
 419 004b E0040000 		.4byte	.LASF3
 420 004f 03       		.uleb128 0x3
 421 0050 02       		.byte	0x2
 422 0051 07       		.byte	0x7
 423 0052 2D020000 		.4byte	.LASF4
 424 0056 04       		.uleb128 0x4
 425 0057 3E030000 		.4byte	.LASF6
 426 005b 06       		.byte	0x6
 427 005c 3F       		.byte	0x3f
 428 005d 61000000 		.4byte	0x61
 429 0061 03       		.uleb128 0x3
 430 0062 04       		.byte	0x4
 431 0063 05       		.byte	0x5
 432 0064 35010000 		.4byte	.LASF7
 433 0068 04       		.uleb128 0x4
 434 0069 27060000 		.4byte	.LASF8
 435 006d 06       		.byte	0x6
 436 006e 41       		.byte	0x41
 437 006f 73000000 		.4byte	0x73
 438 0073 03       		.uleb128 0x3
 439 0074 04       		.byte	0x4
 440 0075 07       		.byte	0x7
 441 0076 BF050000 		.4byte	.LASF9
 442 007a 03       		.uleb128 0x3
 443 007b 08       		.byte	0x8
 444 007c 05       		.byte	0x5
 445 007d 5F010000 		.4byte	.LASF10
 446 0081 04       		.uleb128 0x4
 447 0082 25040000 		.4byte	.LASF11
 448 0086 06       		.byte	0x6
ARM GAS  /tmp/ccsRl9iA.s 			page 9


 449 0087 5B       		.byte	0x5b
 450 0088 8C000000 		.4byte	0x8c
 451 008c 03       		.uleb128 0x3
 452 008d 08       		.byte	0x8
 453 008e 07       		.byte	0x7
 454 008f 57000000 		.4byte	.LASF12
 455 0093 04       		.uleb128 0x4
 456 0094 D0060000 		.4byte	.LASF13
 457 0098 07       		.byte	0x7
 458 0099 2A       		.byte	0x2a
 459 009a 36000000 		.4byte	0x36
 460 009e 04       		.uleb128 0x4
 461 009f B3040000 		.4byte	.LASF14
 462 00a3 07       		.byte	0x7
 463 00a4 41       		.byte	0x41
 464 00a5 56000000 		.4byte	0x56
 465 00a9 04       		.uleb128 0x4
 466 00aa 8E050000 		.4byte	.LASF15
 467 00ae 07       		.byte	0x7
 468 00af 42       		.byte	0x42
 469 00b0 68000000 		.4byte	0x68
 470 00b4 04       		.uleb128 0x4
 471 00b5 1F000000 		.4byte	.LASF16
 472 00b9 07       		.byte	0x7
 473 00ba 4E       		.byte	0x4e
 474 00bb 81000000 		.4byte	0x81
 475 00bf 05       		.uleb128 0x5
 476 00c0 9E000000 		.4byte	0x9e
 477 00c4 05       		.uleb128 0x5
 478 00c5 A9000000 		.4byte	0xa9
 479 00c9 04       		.uleb128 0x4
 480 00ca 7A060000 		.4byte	.LASF17
 481 00ce 08       		.byte	0x8
 482 00cf 45       		.byte	0x45
 483 00d0 A9000000 		.4byte	0xa9
 484 00d4 04       		.uleb128 0x4
 485 00d5 FD060000 		.4byte	.LASF18
 486 00d9 08       		.byte	0x8
 487 00da 48       		.byte	0x48
 488 00db 93000000 		.4byte	0x93
 489 00df 04       		.uleb128 0x4
 490 00e0 51010000 		.4byte	.LASF19
 491 00e4 08       		.byte	0x8
 492 00e5 49       		.byte	0x49
 493 00e6 93000000 		.4byte	0x93
 494 00ea 04       		.uleb128 0x4
 495 00eb 37040000 		.4byte	.LASF20
 496 00ef 08       		.byte	0x8
 497 00f0 4A       		.byte	0x4a
 498 00f1 93000000 		.4byte	0x93
 499 00f5 04       		.uleb128 0x4
 500 00f6 82040000 		.4byte	.LASF21
 501 00fa 08       		.byte	0x8
 502 00fb 4C       		.byte	0x4c
 503 00fc A9000000 		.4byte	0xa9
 504 0100 04       		.uleb128 0x4
 505 0101 F1020000 		.4byte	.LASF22
ARM GAS  /tmp/ccsRl9iA.s 			page 10


 506 0105 08       		.byte	0x8
 507 0106 4D       		.byte	0x4d
 508 0107 9E000000 		.4byte	0x9e
 509 010b 04       		.uleb128 0x4
 510 010c 32030000 		.4byte	.LASF23
 511 0110 08       		.byte	0x8
 512 0111 4F       		.byte	0x4f
 513 0112 A9000000 		.4byte	0xa9
 514 0116 04       		.uleb128 0x4
 515 0117 98020000 		.4byte	.LASF24
 516 011b 08       		.byte	0x8
 517 011c 51       		.byte	0x51
 518 011d 9E000000 		.4byte	0x9e
 519 0121 04       		.uleb128 0x4
 520 0122 09060000 		.4byte	.LASF25
 521 0126 09       		.byte	0x9
 522 0127 33       		.byte	0x33
 523 0128 A9000000 		.4byte	0xa9
 524 012c 04       		.uleb128 0x4
 525 012d F9050000 		.4byte	.LASF26
 526 0131 09       		.byte	0x9
 527 0132 3F       		.byte	0x3f
 528 0133 37010000 		.4byte	0x137
 529 0137 06       		.uleb128 0x6
 530 0138 DC020000 		.4byte	.LASF46
 531 013c 44       		.byte	0x44
 532 013d 0A       		.byte	0xa
 533 013e C2       		.byte	0xc2
 534 013f 24020000 		.4byte	0x224
 535 0143 07       		.uleb128 0x7
 536 0144 C3030000 		.4byte	.LASF27
 537 0148 0A       		.byte	0xa
 538 0149 C3       		.byte	0xc3
 539 014a 2F020000 		.4byte	0x22f
 540 014e 00       		.byte	0
 541 014f 07       		.uleb128 0x7
 542 0150 71040000 		.4byte	.LASF28
 543 0154 0A       		.byte	0xa
 544 0155 C5       		.byte	0xc5
 545 0156 2F020000 		.4byte	0x22f
 546 015a 04       		.byte	0x4
 547 015b 07       		.uleb128 0x7
 548 015c E0000000 		.4byte	.LASF29
 549 0160 0A       		.byte	0xa
 550 0161 C7       		.byte	0xc7
 551 0162 F5000000 		.4byte	0xf5
 552 0166 08       		.byte	0x8
 553 0167 07       		.uleb128 0x7
 554 0168 1B070000 		.4byte	.LASF30
 555 016c 0A       		.byte	0xa
 556 016d C8       		.byte	0xc8
 557 016e 63060000 		.4byte	0x663
 558 0172 0C       		.byte	0xc
 559 0173 07       		.uleb128 0x7
 560 0174 1D020000 		.4byte	.LASF31
 561 0178 0A       		.byte	0xa
 562 0179 CA       		.byte	0xca
ARM GAS  /tmp/ccsRl9iA.s 			page 11


 563 017a 2F020000 		.4byte	0x22f
 564 017e 10       		.byte	0x10
 565 017f 07       		.uleb128 0x7
 566 0180 E9030000 		.4byte	.LASF32
 567 0184 0A       		.byte	0xa
 568 0185 CB       		.byte	0xcb
 569 0186 2F020000 		.4byte	0x22f
 570 018a 14       		.byte	0x14
 571 018b 07       		.uleb128 0x7
 572 018c E9060000 		.4byte	.LASF33
 573 0190 0A       		.byte	0xa
 574 0191 D2       		.byte	0xd2
 575 0192 04090000 		.4byte	0x904
 576 0196 18       		.byte	0x18
 577 0197 07       		.uleb128 0x7
 578 0198 EA040000 		.4byte	.LASF34
 579 019c 0A       		.byte	0xa
 580 019d DD       		.byte	0xdd
 581 019e DF000000 		.4byte	0xdf
 582 01a2 1C       		.byte	0x1c
 583 01a3 07       		.uleb128 0x7
 584 01a4 0A050000 		.4byte	.LASF35
 585 01a8 0A       		.byte	0xa
 586 01a9 E1       		.byte	0xe1
 587 01aa D4000000 		.4byte	0xd4
 588 01ae 1D       		.byte	0x1d
 589 01af 07       		.uleb128 0x7
 590 01b0 BE060000 		.4byte	.LASF36
 591 01b4 0A       		.byte	0xa
 592 01b5 E6       		.byte	0xe6
 593 01b6 EA000000 		.4byte	0xea
 594 01ba 1E       		.byte	0x1e
 595 01bb 08       		.uleb128 0x8
 596 01bc 705F7500 		.ascii	"p_u\000"
 597 01c0 0A       		.byte	0xa
 598 01c1 3101     		.2byte	0x131
 599 01c3 3F080000 		.4byte	0x83f
 600 01c7 20       		.byte	0x20
 601 01c8 09       		.uleb128 0x9
 602 01c9 86030000 		.4byte	.LASF37
 603 01cd 0A       		.byte	0xa
 604 01ce 3601     		.2byte	0x136
 605 01d0 35020000 		.4byte	0x235
 606 01d4 24       		.byte	0x24
 607 01d5 09       		.uleb128 0x9
 608 01d6 BA020000 		.4byte	.LASF38
 609 01da 0A       		.byte	0xa
 610 01db 3C01     		.2byte	0x13c
 611 01dd 59020000 		.4byte	0x259
 612 01e1 28       		.byte	0x28
 613 01e2 09       		.uleb128 0x9
 614 01e3 0D070000 		.4byte	.LASF39
 615 01e7 0A       		.byte	0xa
 616 01e8 4001     		.2byte	0x140
 617 01ea 00010000 		.4byte	0x100
 618 01ee 30       		.byte	0x30
 619 01ef 09       		.uleb128 0x9
ARM GAS  /tmp/ccsRl9iA.s 			page 12


 620 01f0 CA030000 		.4byte	.LASF40
 621 01f4 0A       		.byte	0xa
 622 01f5 4601     		.2byte	0x146
 623 01f7 0B010000 		.4byte	0x10b
 624 01fb 34       		.byte	0x34
 625 01fc 09       		.uleb128 0x9
 626 01fd D6040000 		.4byte	.LASF41
 627 0201 0A       		.byte	0xa
 628 0202 4D01     		.2byte	0x14d
 629 0204 FE080000 		.4byte	0x8fe
 630 0208 38       		.byte	0x38
 631 0209 09       		.uleb128 0x9
 632 020a 13060000 		.4byte	.LASF42
 633 020e 0A       		.byte	0xa
 634 020f 5101     		.2byte	0x151
 635 0211 F5000000 		.4byte	0xf5
 636 0215 3C       		.byte	0x3c
 637 0216 09       		.uleb128 0x9
 638 0217 48020000 		.4byte	.LASF43
 639 021b 0A       		.byte	0xa
 640 021c 5801     		.2byte	0x158
 641 021e 0C030000 		.4byte	0x30c
 642 0222 40       		.byte	0x40
 643 0223 00       		.byte	0
 644 0224 04       		.uleb128 0x4
 645 0225 99030000 		.4byte	.LASF44
 646 0229 09       		.byte	0x9
 647 022a 44       		.byte	0x44
 648 022b 2F020000 		.4byte	0x22f
 649 022f 0A       		.uleb128 0xa
 650 0230 04       		.byte	0x4
 651 0231 2C010000 		.4byte	0x12c
 652 0235 04       		.uleb128 0x4
 653 0236 67030000 		.4byte	.LASF45
 654 023a 09       		.byte	0x9
 655 023b 49       		.byte	0x49
 656 023c 40020000 		.4byte	0x240
 657 0240 06       		.uleb128 0x6
 658 0241 AF050000 		.4byte	.LASF47
 659 0245 04       		.byte	0x4
 660 0246 0A       		.byte	0xa
 661 0247 B0       		.byte	0xb0
 662 0248 59020000 		.4byte	0x259
 663 024c 07       		.uleb128 0x7
 664 024d C3030000 		.4byte	.LASF27
 665 0251 0A       		.byte	0xa
 666 0252 B1       		.byte	0xb1
 667 0253 2F020000 		.4byte	0x22f
 668 0257 00       		.byte	0
 669 0258 00       		.byte	0
 670 0259 04       		.uleb128 0x4
 671 025a A2060000 		.4byte	.LASF48
 672 025e 09       		.byte	0x9
 673 025f 50       		.byte	0x50
 674 0260 64020000 		.4byte	0x264
 675 0264 06       		.uleb128 0x6
 676 0265 C5000000 		.4byte	.LASF49
ARM GAS  /tmp/ccsRl9iA.s 			page 13


 677 0269 08       		.byte	0x8
 678 026a 0A       		.byte	0xa
 679 026b B7       		.byte	0xb7
 680 026c 89020000 		.4byte	0x289
 681 0270 07       		.uleb128 0x7
 682 0271 C3030000 		.4byte	.LASF27
 683 0275 0A       		.byte	0xa
 684 0276 B8       		.byte	0xb8
 685 0277 2F020000 		.4byte	0x22f
 686 027b 00       		.byte	0
 687 027c 07       		.uleb128 0x7
 688 027d 71040000 		.4byte	.LASF28
 689 0281 0A       		.byte	0xa
 690 0282 B9       		.byte	0xb9
 691 0283 2F020000 		.4byte	0x22f
 692 0287 04       		.byte	0x4
 693 0288 00       		.byte	0
 694 0289 04       		.uleb128 0x4
 695 028a 00000000 		.4byte	.LASF50
 696 028e 09       		.byte	0x9
 697 028f 57       		.byte	0x57
 698 0290 94020000 		.4byte	0x294
 699 0294 0B       		.uleb128 0xb
 700 0295 24030000 		.4byte	.LASF51
 701 0299 1C       		.byte	0x1c
 702 029a 0A       		.byte	0xa
 703 029b 9001     		.2byte	0x190
 704 029d F0020000 		.4byte	0x2f0
 705 02a1 09       		.uleb128 0x9
 706 02a2 9E050000 		.4byte	.LASF52
 707 02a6 0A       		.byte	0xa
 708 02a7 9101     		.2byte	0x191
 709 02a9 59020000 		.4byte	0x259
 710 02ad 00       		.byte	0
 711 02ae 09       		.uleb128 0x9
 712 02af FC040000 		.4byte	.LASF53
 713 02b3 0A       		.byte	0xa
 714 02b4 9201     		.2byte	0x192
 715 02b6 F5000000 		.4byte	0xf5
 716 02ba 08       		.byte	0x8
 717 02bb 09       		.uleb128 0x9
 718 02bc F1030000 		.4byte	.LASF54
 719 02c0 0A       		.byte	0xa
 720 02c1 9401     		.2byte	0x194
 721 02c3 63060000 		.4byte	0x663
 722 02c7 0C       		.byte	0xc
 723 02c8 09       		.uleb128 0x9
 724 02c9 40020000 		.4byte	.LASF55
 725 02cd 0A       		.byte	0xa
 726 02ce 9701     		.2byte	0x197
 727 02d0 2F020000 		.4byte	0x22f
 728 02d4 10       		.byte	0x10
 729 02d5 09       		.uleb128 0x9
 730 02d6 72060000 		.4byte	.LASF56
 731 02da 0A       		.byte	0xa
 732 02db 9801     		.2byte	0x198
 733 02dd 2F020000 		.4byte	0x22f
ARM GAS  /tmp/ccsRl9iA.s 			page 14


 734 02e1 14       		.byte	0x14
 735 02e2 09       		.uleb128 0x9
 736 02e3 12040000 		.4byte	.LASF57
 737 02e7 0A       		.byte	0xa
 738 02e8 9B01     		.2byte	0x19b
 739 02ea 2F020000 		.4byte	0x22f
 740 02ee 18       		.byte	0x18
 741 02ef 00       		.byte	0
 742 02f0 04       		.uleb128 0x4
 743 02f1 1E060000 		.4byte	.LASF58
 744 02f5 09       		.byte	0x9
 745 02f6 5C       		.byte	0x5c
 746 02f7 FB020000 		.4byte	0x2fb
 747 02fb 0A       		.uleb128 0xa
 748 02fc 04       		.byte	0x4
 749 02fd 01030000 		.4byte	0x301
 750 0301 0C       		.uleb128 0xc
 751 0302 0C030000 		.4byte	0x30c
 752 0306 0D       		.uleb128 0xd
 753 0307 0C030000 		.4byte	0x30c
 754 030b 00       		.byte	0
 755 030c 0E       		.uleb128 0xe
 756 030d 04       		.byte	0x4
 757 030e 04       		.uleb128 0x4
 758 030f 76030000 		.4byte	.LASF59
 759 0313 09       		.byte	0x9
 760 0314 61       		.byte	0x61
 761 0315 19030000 		.4byte	0x319
 762 0319 0B       		.uleb128 0xb
 763 031a 1A050000 		.4byte	.LASF60
 764 031e 14       		.byte	0x14
 765 031f 0A       		.byte	0xa
 766 0320 6B01     		.2byte	0x16b
 767 0322 68030000 		.4byte	0x368
 768 0326 09       		.uleb128 0x9
 769 0327 AB020000 		.4byte	.LASF61
 770 032b 0A       		.byte	0xa
 771 032c 6C01     		.2byte	0x16c
 772 032e 16090000 		.4byte	0x916
 773 0332 00       		.byte	0
 774 0333 09       		.uleb128 0x9
 775 0334 59020000 		.4byte	.LASF62
 776 0338 0A       		.byte	0xa
 777 0339 6D01     		.2byte	0x16d
 778 033b 16090000 		.4byte	0x916
 779 033f 04       		.byte	0x4
 780 0340 09       		.uleb128 0x9
 781 0341 A6050000 		.4byte	.LASF63
 782 0345 0A       		.byte	0xa
 783 0346 6E01     		.2byte	0x16e
 784 0348 21010000 		.4byte	0x121
 785 034c 08       		.byte	0x8
 786 034d 09       		.uleb128 0x9
 787 034e 21070000 		.4byte	.LASF64
 788 0352 0A       		.byte	0xa
 789 0353 6F01     		.2byte	0x16f
 790 0355 F0020000 		.4byte	0x2f0
ARM GAS  /tmp/ccsRl9iA.s 			page 15


 791 0359 0C       		.byte	0xc
 792 035a 09       		.uleb128 0x9
 793 035b 95060000 		.4byte	.LASF65
 794 035f 0A       		.byte	0xa
 795 0360 7101     		.2byte	0x171
 796 0362 0C030000 		.4byte	0x30c
 797 0366 10       		.byte	0x10
 798 0367 00       		.byte	0
 799 0368 04       		.uleb128 0x4
 800 0369 89000000 		.4byte	.LASF66
 801 036d 09       		.byte	0x9
 802 036e 66       		.byte	0x66
 803 036f 73030000 		.4byte	0x373
 804 0373 0B       		.uleb128 0xb
 805 0374 AC030000 		.4byte	.LASF67
 806 0378 10       		.byte	0x10
 807 0379 0A       		.byte	0xa
 808 037a 7B01     		.2byte	0x17b
 809 037c B5030000 		.4byte	0x3b5
 810 0380 09       		.uleb128 0x9
 811 0381 AB020000 		.4byte	.LASF61
 812 0385 0A       		.byte	0xa
 813 0386 7C01     		.2byte	0x17c
 814 0388 16090000 		.4byte	0x916
 815 038c 00       		.byte	0
 816 038d 09       		.uleb128 0x9
 817 038e 59020000 		.4byte	.LASF62
 818 0392 0A       		.byte	0xa
 819 0393 7E01     		.2byte	0x17e
 820 0395 16090000 		.4byte	0x916
 821 0399 04       		.byte	0x4
 822 039a 09       		.uleb128 0x9
 823 039b A6050000 		.4byte	.LASF63
 824 039f 0A       		.byte	0xa
 825 03a0 8001     		.2byte	0x180
 826 03a2 21010000 		.4byte	0x121
 827 03a6 08       		.byte	0x8
 828 03a7 09       		.uleb128 0x9
 829 03a8 DD030000 		.4byte	.LASF68
 830 03ac 0A       		.byte	0xa
 831 03ad 8801     		.2byte	0x188
 832 03af 21010000 		.4byte	0x121
 833 03b3 0C       		.byte	0xc
 834 03b4 00       		.byte	0
 835 03b5 04       		.uleb128 0x4
 836 03b6 3E000000 		.4byte	.LASF69
 837 03ba 09       		.byte	0x9
 838 03bb 6B       		.byte	0x6b
 839 03bc C0030000 		.4byte	0x3c0
 840 03c0 0B       		.uleb128 0xb
 841 03c1 9D040000 		.4byte	.LASF70
 842 03c5 04       		.byte	0x4
 843 03c6 0A       		.byte	0xa
 844 03c7 A201     		.2byte	0x1a2
 845 03c9 DB030000 		.4byte	0x3db
 846 03cd 09       		.uleb128 0x9
 847 03ce 40060000 		.4byte	.LASF71
ARM GAS  /tmp/ccsRl9iA.s 			page 16


 848 03d2 0A       		.byte	0xa
 849 03d3 AA01     		.2byte	0x1aa
 850 03d5 1C090000 		.4byte	0x91c
 851 03d9 00       		.byte	0
 852 03da 00       		.byte	0
 853 03db 04       		.uleb128 0x4
 854 03dc 07030000 		.4byte	.LASF72
 855 03e0 09       		.byte	0x9
 856 03e1 70       		.byte	0x70
 857 03e2 E6030000 		.4byte	0x3e6
 858 03e6 0F       		.uleb128 0xf
 859 03e7 2B010000 		.4byte	.LASF73
 860 03eb 5001     		.2byte	0x150
 861 03ed 0A       		.byte	0xa
 862 03ee C201     		.2byte	0x1c2
 863 03f0 42040000 		.4byte	0x442
 864 03f4 09       		.uleb128 0x9
 865 03f5 CA060000 		.4byte	.LASF74
 866 03f9 0A       		.byte	0xa
 867 03fa C601     		.2byte	0x1c6
 868 03fc 89020000 		.4byte	0x289
 869 0400 00       		.byte	0
 870 0401 09       		.uleb128 0x9
 871 0402 61020000 		.4byte	.LASF75
 872 0406 0A       		.byte	0xa
 873 0407 CA01     		.2byte	0x1ca
 874 0409 68030000 		.4byte	0x368
 875 040d 1C       		.byte	0x1c
 876 040e 08       		.uleb128 0x8
 877 040f 64626700 		.ascii	"dbg\000"
 878 0413 0A       		.byte	0xa
 879 0414 CE01     		.2byte	0x1ce
 880 0416 B5030000 		.4byte	0x3b5
 881 041a 2C       		.byte	0x2c
 882 041b 09       		.uleb128 0x9
 883 041c 7E000000 		.4byte	.LASF76
 884 0420 0A       		.byte	0xa
 885 0421 D201     		.2byte	0x1d2
 886 0423 2C010000 		.4byte	0x12c
 887 0427 30       		.byte	0x30
 888 0428 08       		.uleb128 0x8
 889 0429 746D00   		.ascii	"tm\000"
 890 042c 0A       		.byte	0xa
 891 042d D701     		.2byte	0x1d7
 892 042f 34080000 		.4byte	0x834
 893 0433 74       		.byte	0x74
 894 0434 09       		.uleb128 0x9
 895 0435 89020000 		.4byte	.LASF77
 896 0439 0A       		.byte	0xa
 897 043a E301     		.2byte	0x1e3
 898 043c 21090000 		.4byte	0x921
 899 0440 78       		.byte	0x78
 900 0441 00       		.byte	0
 901 0442 03       		.uleb128 0x3
 902 0443 04       		.byte	0x4
 903 0444 07       		.byte	0x7
 904 0445 90030000 		.4byte	.LASF78
ARM GAS  /tmp/ccsRl9iA.s 			page 17


 905 0449 10       		.uleb128 0x10
 906 044a A9000000 		.4byte	0xa9
 907 044e 59040000 		.4byte	0x459
 908 0452 11       		.uleb128 0x11
 909 0453 42040000 		.4byte	0x442
 910 0457 01       		.byte	0x1
 911 0458 00       		.byte	0
 912 0459 10       		.uleb128 0x10
 913 045a A9000000 		.4byte	0xa9
 914 045e 69040000 		.4byte	0x469
 915 0462 11       		.uleb128 0x11
 916 0463 42040000 		.4byte	0x442
 917 0467 03       		.byte	0x3
 918 0468 00       		.byte	0
 919 0469 12       		.uleb128 0x12
 920 046a 10       		.byte	0x10
 921 046b 0B       		.byte	0xb
 922 046c 4C01     		.2byte	0x14c
 923 046e A6040000 		.4byte	0x4a6
 924 0472 09       		.uleb128 0x9
 925 0473 6E000000 		.4byte	.LASF79
 926 0477 0B       		.byte	0xb
 927 0478 4E01     		.2byte	0x14e
 928 047a C4000000 		.4byte	0xc4
 929 047e 00       		.byte	0
 930 047f 08       		.uleb128 0x8
 931 0480 435200   		.ascii	"CR\000"
 932 0483 0B       		.byte	0xb
 933 0484 4F01     		.2byte	0x14f
 934 0486 C4000000 		.4byte	0xc4
 935 048a 04       		.byte	0x4
 936 048b 09       		.uleb128 0x9
 937 048c 30040000 		.4byte	.LASF80
 938 0490 0B       		.byte	0xb
 939 0491 5001     		.2byte	0x150
 940 0493 C4000000 		.4byte	0xc4
 941 0497 08       		.byte	0x8
 942 0498 09       		.uleb128 0x9
 943 0499 00030000 		.4byte	.LASF81
 944 049d 0B       		.byte	0xb
 945 049e 5101     		.2byte	0x151
 946 04a0 C4000000 		.4byte	0xc4
 947 04a4 0C       		.byte	0xc
 948 04a5 00       		.byte	0
 949 04a6 13       		.uleb128 0x13
 950 04a7 3D050000 		.4byte	.LASF82
 951 04ab 0B       		.byte	0xb
 952 04ac 5201     		.2byte	0x152
 953 04ae 69040000 		.4byte	0x469
 954 04b2 12       		.uleb128 0x12
 955 04b3 88       		.byte	0x88
 956 04b4 0B       		.byte	0xb
 957 04b5 6702     		.2byte	0x267
 958 04b7 41060000 		.4byte	0x641
 959 04bb 08       		.uleb128 0x8
 960 04bc 435200   		.ascii	"CR\000"
 961 04bf 0B       		.byte	0xb
ARM GAS  /tmp/ccsRl9iA.s 			page 18


 962 04c0 6902     		.2byte	0x269
 963 04c2 C4000000 		.4byte	0xc4
 964 04c6 00       		.byte	0
 965 04c7 09       		.uleb128 0x9
 966 04c8 25020000 		.4byte	.LASF83
 967 04cc 0B       		.byte	0xb
 968 04cd 6A02     		.2byte	0x26a
 969 04cf C4000000 		.4byte	0xc4
 970 04d3 04       		.byte	0x4
 971 04d4 09       		.uleb128 0x9
 972 04d5 F8060000 		.4byte	.LASF84
 973 04d9 0B       		.byte	0xb
 974 04da 6B02     		.2byte	0x26b
 975 04dc C4000000 		.4byte	0xc4
 976 04e0 08       		.byte	0x8
 977 04e1 08       		.uleb128 0x8
 978 04e2 43495200 		.ascii	"CIR\000"
 979 04e6 0B       		.byte	0xb
 980 04e7 6C02     		.2byte	0x26c
 981 04e9 C4000000 		.4byte	0xc4
 982 04ed 0C       		.byte	0xc
 983 04ee 09       		.uleb128 0x9
 984 04ef 05010000 		.4byte	.LASF85
 985 04f3 0B       		.byte	0xb
 986 04f4 6D02     		.2byte	0x26d
 987 04f6 C4000000 		.4byte	0xc4
 988 04fa 10       		.byte	0x10
 989 04fb 09       		.uleb128 0x9
 990 04fc DB050000 		.4byte	.LASF86
 991 0500 0B       		.byte	0xb
 992 0501 6E02     		.2byte	0x26e
 993 0503 C4000000 		.4byte	0xc4
 994 0507 14       		.byte	0x14
 995 0508 09       		.uleb128 0x9
 996 0509 F7020000 		.4byte	.LASF87
 997 050d 0B       		.byte	0xb
 998 050e 6F02     		.2byte	0x26f
 999 0510 C4000000 		.4byte	0xc4
 1000 0514 18       		.byte	0x18
 1001 0515 09       		.uleb128 0x9
 1002 0516 3F040000 		.4byte	.LASF88
 1003 051a 0B       		.byte	0xb
 1004 051b 7002     		.2byte	0x270
 1005 051d A9000000 		.4byte	0xa9
 1006 0521 1C       		.byte	0x1c
 1007 0522 09       		.uleb128 0x9
 1008 0523 1C040000 		.4byte	.LASF89
 1009 0527 0B       		.byte	0xb
 1010 0528 7102     		.2byte	0x271
 1011 052a C4000000 		.4byte	0xc4
 1012 052e 20       		.byte	0x20
 1013 052f 09       		.uleb128 0x9
 1014 0530 3E010000 		.4byte	.LASF90
 1015 0534 0B       		.byte	0xb
 1016 0535 7202     		.2byte	0x272
 1017 0537 C4000000 		.4byte	0xc4
 1018 053b 24       		.byte	0x24
ARM GAS  /tmp/ccsRl9iA.s 			page 19


 1019 053c 09       		.uleb128 0x9
 1020 053d 49040000 		.4byte	.LASF91
 1021 0541 0B       		.byte	0xb
 1022 0542 7302     		.2byte	0x273
 1023 0544 49040000 		.4byte	0x449
 1024 0548 28       		.byte	0x28
 1025 0549 09       		.uleb128 0x9
 1026 054a F0060000 		.4byte	.LASF92
 1027 054e 0B       		.byte	0xb
 1028 054f 7402     		.2byte	0x274
 1029 0551 C4000000 		.4byte	0xc4
 1030 0555 30       		.byte	0x30
 1031 0556 09       		.uleb128 0x9
 1032 0557 62060000 		.4byte	.LASF93
 1033 055b 0B       		.byte	0xb
 1034 055c 7502     		.2byte	0x275
 1035 055e C4000000 		.4byte	0xc4
 1036 0562 34       		.byte	0x34
 1037 0563 09       		.uleb128 0x9
 1038 0564 D5030000 		.4byte	.LASF94
 1039 0568 0B       		.byte	0xb
 1040 0569 7602     		.2byte	0x276
 1041 056b C4000000 		.4byte	0xc4
 1042 056f 38       		.byte	0x38
 1043 0570 09       		.uleb128 0x9
 1044 0571 53040000 		.4byte	.LASF95
 1045 0575 0B       		.byte	0xb
 1046 0576 7702     		.2byte	0x277
 1047 0578 A9000000 		.4byte	0xa9
 1048 057c 3C       		.byte	0x3c
 1049 057d 09       		.uleb128 0x9
 1050 057e 51060000 		.4byte	.LASF96
 1051 0582 0B       		.byte	0xb
 1052 0583 7802     		.2byte	0x278
 1053 0585 C4000000 		.4byte	0xc4
 1054 0589 40       		.byte	0x40
 1055 058a 09       		.uleb128 0x9
 1056 058b 12050000 		.4byte	.LASF97
 1057 058f 0B       		.byte	0xb
 1058 0590 7902     		.2byte	0x279
 1059 0592 C4000000 		.4byte	0xc4
 1060 0596 44       		.byte	0x44
 1061 0597 09       		.uleb128 0x9
 1062 0598 5D040000 		.4byte	.LASF98
 1063 059c 0B       		.byte	0xb
 1064 059d 7A02     		.2byte	0x27a
 1065 059f 49040000 		.4byte	0x449
 1066 05a3 48       		.byte	0x48
 1067 05a4 09       		.uleb128 0x9
 1068 05a5 D6000000 		.4byte	.LASF99
 1069 05a9 0B       		.byte	0xb
 1070 05aa 7B02     		.2byte	0x27b
 1071 05ac C4000000 		.4byte	0xc4
 1072 05b0 50       		.byte	0x50
 1073 05b1 09       		.uleb128 0x9
 1074 05b2 F7030000 		.4byte	.LASF100
 1075 05b6 0B       		.byte	0xb
ARM GAS  /tmp/ccsRl9iA.s 			page 20


 1076 05b7 7C02     		.2byte	0x27c
 1077 05b9 C4000000 		.4byte	0xc4
 1078 05bd 54       		.byte	0x54
 1079 05be 09       		.uleb128 0x9
 1080 05bf F2040000 		.4byte	.LASF101
 1081 05c3 0B       		.byte	0xb
 1082 05c4 7D02     		.2byte	0x27d
 1083 05c6 C4000000 		.4byte	0xc4
 1084 05ca 58       		.byte	0x58
 1085 05cb 09       		.uleb128 0x9
 1086 05cc 67040000 		.4byte	.LASF102
 1087 05d0 0B       		.byte	0xb
 1088 05d1 7E02     		.2byte	0x27e
 1089 05d3 A9000000 		.4byte	0xa9
 1090 05d7 5C       		.byte	0x5c
 1091 05d8 09       		.uleb128 0x9
 1092 05d9 47010000 		.4byte	.LASF103
 1093 05dd 0B       		.byte	0xb
 1094 05de 7F02     		.2byte	0x27f
 1095 05e0 C4000000 		.4byte	0xc4
 1096 05e4 60       		.byte	0x60
 1097 05e5 09       		.uleb128 0x9
 1098 05e6 1A030000 		.4byte	.LASF104
 1099 05ea 0B       		.byte	0xb
 1100 05eb 8002     		.2byte	0x280
 1101 05ed C4000000 		.4byte	0xc4
 1102 05f1 64       		.byte	0x64
 1103 05f2 09       		.uleb128 0x9
 1104 05f3 84050000 		.4byte	.LASF105
 1105 05f7 0B       		.byte	0xb
 1106 05f8 8102     		.2byte	0x281
 1107 05fa 49040000 		.4byte	0x449
 1108 05fe 68       		.byte	0x68
 1109 05ff 09       		.uleb128 0x9
 1110 0600 C5060000 		.4byte	.LASF106
 1111 0604 0B       		.byte	0xb
 1112 0605 8202     		.2byte	0x282
 1113 0607 C4000000 		.4byte	0xc4
 1114 060b 70       		.byte	0x70
 1115 060c 08       		.uleb128 0x8
 1116 060d 43535200 		.ascii	"CSR\000"
 1117 0611 0B       		.byte	0xb
 1118 0612 8302     		.2byte	0x283
 1119 0614 C4000000 		.4byte	0xc4
 1120 0618 74       		.byte	0x74
 1121 0619 09       		.uleb128 0x9
 1122 061a 78040000 		.4byte	.LASF107
 1123 061e 0B       		.byte	0xb
 1124 061f 8402     		.2byte	0x284
 1125 0621 49040000 		.4byte	0x449
 1126 0625 78       		.byte	0x78
 1127 0626 09       		.uleb128 0x9
 1128 0627 9C060000 		.4byte	.LASF108
 1129 062b 0B       		.byte	0xb
 1130 062c 8502     		.2byte	0x285
 1131 062e C4000000 		.4byte	0xc4
 1132 0632 80       		.byte	0x80
ARM GAS  /tmp/ccsRl9iA.s 			page 21


 1133 0633 09       		.uleb128 0x9
 1134 0634 E6020000 		.4byte	.LASF109
 1135 0638 0B       		.byte	0xb
 1136 0639 8602     		.2byte	0x286
 1137 063b C4000000 		.4byte	0xc4
 1138 063f 84       		.byte	0x84
 1139 0640 00       		.byte	0
 1140 0641 13       		.uleb128 0x13
 1141 0642 C5020000 		.4byte	.LASF110
 1142 0646 0B       		.byte	0xb
 1143 0647 8802     		.2byte	0x288
 1144 0649 B2040000 		.4byte	0x4b2
 1145 064d 04       		.uleb128 0x4
 1146 064e 50020000 		.4byte	.LASF111
 1147 0652 0C       		.byte	0xc
 1148 0653 65       		.byte	0x65
 1149 0654 0C030000 		.4byte	0x30c
 1150 0658 04       		.uleb128 0x4
 1151 0659 48030000 		.4byte	.LASF112
 1152 065d 0C       		.byte	0xc
 1153 065e 6D       		.byte	0x6d
 1154 065f B4000000 		.4byte	0xb4
 1155 0663 06       		.uleb128 0x6
 1156 0664 6A060000 		.4byte	.LASF113
 1157 0668 04       		.byte	0x4
 1158 0669 0C       		.byte	0xc
 1159 066a 89       		.byte	0x89
 1160 066b 7C060000 		.4byte	0x67c
 1161 066f 14       		.uleb128 0x14
 1162 0670 72313300 		.ascii	"r13\000"
 1163 0674 0C       		.byte	0xc
 1164 0675 8A       		.byte	0x8a
 1165 0676 F7060000 		.4byte	0x6f7
 1166 067a 00       		.byte	0
 1167 067b 00       		.byte	0
 1168 067c 06       		.uleb128 0x6
 1169 067d 32000000 		.4byte	.LASF114
 1170 0681 24       		.byte	0x24
 1171 0682 01       		.byte	0x1
 1172 0683 FD       		.byte	0xfd
 1173 0684 F7060000 		.4byte	0x6f7
 1174 0688 08       		.uleb128 0x8
 1175 0689 723400   		.ascii	"r4\000"
 1176 068c 01       		.byte	0x1
 1177 068d 1001     		.2byte	0x110
 1178 068f 4D060000 		.4byte	0x64d
 1179 0693 00       		.byte	0
 1180 0694 08       		.uleb128 0x8
 1181 0695 723500   		.ascii	"r5\000"
 1182 0698 01       		.byte	0x1
 1183 0699 1101     		.2byte	0x111
 1184 069b 4D060000 		.4byte	0x64d
 1185 069f 04       		.byte	0x4
 1186 06a0 08       		.uleb128 0x8
 1187 06a1 723600   		.ascii	"r6\000"
 1188 06a4 01       		.byte	0x1
 1189 06a5 1201     		.2byte	0x112
ARM GAS  /tmp/ccsRl9iA.s 			page 22


 1190 06a7 4D060000 		.4byte	0x64d
 1191 06ab 08       		.byte	0x8
 1192 06ac 08       		.uleb128 0x8
 1193 06ad 723700   		.ascii	"r7\000"
 1194 06b0 01       		.byte	0x1
 1195 06b1 1301     		.2byte	0x113
 1196 06b3 4D060000 		.4byte	0x64d
 1197 06b7 0C       		.byte	0xc
 1198 06b8 08       		.uleb128 0x8
 1199 06b9 723800   		.ascii	"r8\000"
 1200 06bc 01       		.byte	0x1
 1201 06bd 1401     		.2byte	0x114
 1202 06bf 4D060000 		.4byte	0x64d
 1203 06c3 10       		.byte	0x10
 1204 06c4 08       		.uleb128 0x8
 1205 06c5 723900   		.ascii	"r9\000"
 1206 06c8 01       		.byte	0x1
 1207 06c9 1501     		.2byte	0x115
 1208 06cb 4D060000 		.4byte	0x64d
 1209 06cf 14       		.byte	0x14
 1210 06d0 08       		.uleb128 0x8
 1211 06d1 72313000 		.ascii	"r10\000"
 1212 06d5 01       		.byte	0x1
 1213 06d6 1601     		.2byte	0x116
 1214 06d8 4D060000 		.4byte	0x64d
 1215 06dc 18       		.byte	0x18
 1216 06dd 08       		.uleb128 0x8
 1217 06de 72313100 		.ascii	"r11\000"
 1218 06e2 01       		.byte	0x1
 1219 06e3 1701     		.2byte	0x117
 1220 06e5 4D060000 		.4byte	0x64d
 1221 06e9 1C       		.byte	0x1c
 1222 06ea 08       		.uleb128 0x8
 1223 06eb 6C7200   		.ascii	"lr\000"
 1224 06ee 01       		.byte	0x1
 1225 06ef 1801     		.2byte	0x118
 1226 06f1 4D060000 		.4byte	0x64d
 1227 06f5 20       		.byte	0x20
 1228 06f6 00       		.byte	0
 1229 06f7 0A       		.uleb128 0xa
 1230 06f8 04       		.byte	0x4
 1231 06f9 7C060000 		.4byte	0x67c
 1232 06fd 12       		.uleb128 0x12
 1233 06fe 60       		.byte	0x60
 1234 06ff 0D       		.byte	0xd
 1235 0700 A101     		.2byte	0x1a1
 1236 0702 09080000 		.4byte	0x809
 1237 0706 08       		.uleb128 0x8
 1238 0707 43523100 		.ascii	"CR1\000"
 1239 070b 0D       		.byte	0xd
 1240 070c A201     		.2byte	0x1a2
 1241 070e C4000000 		.4byte	0xc4
 1242 0712 00       		.byte	0
 1243 0713 08       		.uleb128 0x8
 1244 0714 43523200 		.ascii	"CR2\000"
 1245 0718 0D       		.byte	0xd
 1246 0719 A301     		.2byte	0x1a3
ARM GAS  /tmp/ccsRl9iA.s 			page 23


 1247 071b C4000000 		.4byte	0xc4
 1248 071f 04       		.byte	0x4
 1249 0720 09       		.uleb128 0x9
 1250 0721 D7020000 		.4byte	.LASF115
 1251 0725 0D       		.byte	0xd
 1252 0726 A401     		.2byte	0x1a4
 1253 0728 C4000000 		.4byte	0xc4
 1254 072c 08       		.byte	0x8
 1255 072d 09       		.uleb128 0x9
 1256 072e 0D000000 		.4byte	.LASF116
 1257 0732 0D       		.byte	0xd
 1258 0733 A501     		.2byte	0x1a5
 1259 0735 C4000000 		.4byte	0xc4
 1260 0739 0C       		.byte	0xc
 1261 073a 08       		.uleb128 0x8
 1262 073b 535200   		.ascii	"SR\000"
 1263 073e 0D       		.byte	0xd
 1264 073f A601     		.2byte	0x1a6
 1265 0741 C4000000 		.4byte	0xc4
 1266 0745 10       		.byte	0x10
 1267 0746 08       		.uleb128 0x8
 1268 0747 45475200 		.ascii	"EGR\000"
 1269 074b 0D       		.byte	0xd
 1270 074c A701     		.2byte	0x1a7
 1271 074e C4000000 		.4byte	0xc4
 1272 0752 14       		.byte	0x14
 1273 0753 09       		.uleb128 0x9
 1274 0754 E7000000 		.4byte	.LASF117
 1275 0758 0D       		.byte	0xd
 1276 0759 A801     		.2byte	0x1a8
 1277 075b C4000000 		.4byte	0xc4
 1278 075f 18       		.byte	0x18
 1279 0760 09       		.uleb128 0x9
 1280 0761 ED000000 		.4byte	.LASF118
 1281 0765 0D       		.byte	0xd
 1282 0766 A901     		.2byte	0x1a9
 1283 0768 C4000000 		.4byte	0xc4
 1284 076c 1C       		.byte	0x1c
 1285 076d 09       		.uleb128 0x9
 1286 076e 5A010000 		.4byte	.LASF119
 1287 0772 0D       		.byte	0xd
 1288 0773 AA01     		.2byte	0x1aa
 1289 0775 C4000000 		.4byte	0xc4
 1290 0779 20       		.byte	0x20
 1291 077a 08       		.uleb128 0x8
 1292 077b 434E5400 		.ascii	"CNT\000"
 1293 077f 0D       		.byte	0xd
 1294 0780 AB01     		.2byte	0x1ab
 1295 0782 C4000000 		.4byte	0xc4
 1296 0786 24       		.byte	0x24
 1297 0787 08       		.uleb128 0x8
 1298 0788 50534300 		.ascii	"PSC\000"
 1299 078c 0D       		.byte	0xd
 1300 078d AC01     		.2byte	0x1ac
 1301 078f C4000000 		.4byte	0xc4
 1302 0793 28       		.byte	0x28
 1303 0794 08       		.uleb128 0x8
ARM GAS  /tmp/ccsRl9iA.s 			page 24


 1304 0795 41525200 		.ascii	"ARR\000"
 1305 0799 0D       		.byte	0xd
 1306 079a AD01     		.2byte	0x1ad
 1307 079c C4000000 		.4byte	0xc4
 1308 07a0 2C       		.byte	0x2c
 1309 07a1 08       		.uleb128 0x8
 1310 07a2 52435200 		.ascii	"RCR\000"
 1311 07a6 0D       		.byte	0xd
 1312 07a7 AE01     		.2byte	0x1ae
 1313 07a9 C4000000 		.4byte	0xc4
 1314 07ad 30       		.byte	0x30
 1315 07ae 08       		.uleb128 0x8
 1316 07af 43435200 		.ascii	"CCR\000"
 1317 07b3 0D       		.byte	0xd
 1318 07b4 AF01     		.2byte	0x1af
 1319 07b6 09080000 		.4byte	0x809
 1320 07ba 34       		.byte	0x34
 1321 07bb 09       		.uleb128 0x9
 1322 07bc C0000000 		.4byte	.LASF120
 1323 07c0 0D       		.byte	0xd
 1324 07c1 B001     		.2byte	0x1b0
 1325 07c3 C4000000 		.4byte	0xc4
 1326 07c7 44       		.byte	0x44
 1327 07c8 08       		.uleb128 0x8
 1328 07c9 44435200 		.ascii	"DCR\000"
 1329 07cd 0D       		.byte	0xd
 1330 07ce B101     		.2byte	0x1b1
 1331 07d0 C4000000 		.4byte	0xc4
 1332 07d4 48       		.byte	0x48
 1333 07d5 09       		.uleb128 0x9
 1334 07d6 D6050000 		.4byte	.LASF121
 1335 07da 0D       		.byte	0xd
 1336 07db B201     		.2byte	0x1b2
 1337 07dd C4000000 		.4byte	0xc4
 1338 07e1 4C       		.byte	0x4c
 1339 07e2 08       		.uleb128 0x8
 1340 07e3 4F5200   		.ascii	"OR\000"
 1341 07e6 0D       		.byte	0xd
 1342 07e7 B301     		.2byte	0x1b3
 1343 07e9 C4000000 		.4byte	0xc4
 1344 07ed 50       		.byte	0x50
 1345 07ee 09       		.uleb128 0x9
 1346 07ef F3000000 		.4byte	.LASF122
 1347 07f3 0D       		.byte	0xd
 1348 07f4 B401     		.2byte	0x1b4
 1349 07f6 C4000000 		.4byte	0xc4
 1350 07fa 54       		.byte	0x54
 1351 07fb 09       		.uleb128 0x9
 1352 07fc 38050000 		.4byte	.LASF123
 1353 0800 0D       		.byte	0xd
 1354 0801 B501     		.2byte	0x1b5
 1355 0803 0E080000 		.4byte	0x80e
 1356 0807 58       		.byte	0x58
 1357 0808 00       		.byte	0
 1358 0809 05       		.uleb128 0x5
 1359 080a 59040000 		.4byte	0x459
 1360 080e 05       		.uleb128 0x5
ARM GAS  /tmp/ccsRl9iA.s 			page 25


 1361 080f 49040000 		.4byte	0x449
 1362 0813 13       		.uleb128 0x13
 1363 0814 B2060000 		.4byte	.LASF124
 1364 0818 0D       		.byte	0xd
 1365 0819 B601     		.2byte	0x1b6
 1366 081b FD060000 		.4byte	0x6fd
 1367 081f 15       		.uleb128 0x15
 1368 0820 04       		.byte	0x4
 1369 0821 0E       		.byte	0xe
 1370 0822 38       		.byte	0x38
 1371 0823 34080000 		.4byte	0x834
 1372 0827 07       		.uleb128 0x7
 1373 0828 4A060000 		.4byte	.LASF125
 1374 082c 0E       		.byte	0xe
 1375 082d 3C       		.byte	0x3c
 1376 082e C9000000 		.4byte	0xc9
 1377 0832 00       		.byte	0
 1378 0833 00       		.byte	0
 1379 0834 04       		.uleb128 0x4
 1380 0835 01040000 		.4byte	.LASF126
 1381 0839 0E       		.byte	0xe
 1382 083a 3D       		.byte	0x3d
 1383 083b 1F080000 		.4byte	0x81f
 1384 083f 16       		.uleb128 0x16
 1385 0840 04       		.byte	0x4
 1386 0841 0A       		.byte	0xa
 1387 0842 FA       		.byte	0xfa
 1388 0843 9C080000 		.4byte	0x89c
 1389 0847 17       		.uleb128 0x17
 1390 0848 18000000 		.4byte	.LASF127
 1391 084c 0A       		.byte	0xa
 1392 084d 0101     		.2byte	0x101
 1393 084f 00010000 		.4byte	0x100
 1394 0853 17       		.uleb128 0x17
 1395 0854 75000000 		.4byte	.LASF128
 1396 0858 0A       		.byte	0xa
 1397 0859 0801     		.2byte	0x108
 1398 085b 00010000 		.4byte	0x100
 1399 085f 17       		.uleb128 0x17
 1400 0860 13030000 		.4byte	.LASF129
 1401 0864 0A       		.byte	0xa
 1402 0865 0F01     		.2byte	0x10f
 1403 0867 0C030000 		.4byte	0x30c
 1404 086b 17       		.uleb128 0x17
 1405 086c 12000000 		.4byte	.LASF130
 1406 0870 0A       		.byte	0xa
 1407 0871 1601     		.2byte	0x116
 1408 0873 9C080000 		.4byte	0x89c
 1409 0877 17       		.uleb128 0x17
 1410 0878 B3020000 		.4byte	.LASF131
 1411 087c 0A       		.byte	0xa
 1412 087d 1E01     		.2byte	0x11e
 1413 087f C7080000 		.4byte	0x8c7
 1414 0883 17       		.uleb128 0x17
 1415 0884 97050000 		.4byte	.LASF132
 1416 0888 0A       		.byte	0xa
 1417 0889 2701     		.2byte	0x127
ARM GAS  /tmp/ccsRl9iA.s 			page 26


 1418 088b FE080000 		.4byte	0x8fe
 1419 088f 17       		.uleb128 0x17
 1420 0890 03050000 		.4byte	.LASF133
 1421 0894 0A       		.byte	0xa
 1422 0895 2F01     		.2byte	0x12f
 1423 0897 0B010000 		.4byte	0x10b
 1424 089b 00       		.byte	0
 1425 089c 0A       		.uleb128 0xa
 1426 089d 04       		.byte	0x4
 1427 089e 24020000 		.4byte	0x224
 1428 08a2 06       		.uleb128 0x6
 1429 08a3 2B050000 		.4byte	.LASF134
 1430 08a7 0C       		.byte	0xc
 1431 08a8 0F       		.byte	0xf
 1432 08a9 34       		.byte	0x34
 1433 08aa C7080000 		.4byte	0x8c7
 1434 08ae 07       		.uleb128 0x7
 1435 08af 05070000 		.4byte	.LASF135
 1436 08b3 0F       		.byte	0xf
 1437 08b4 35       		.byte	0x35
 1438 08b5 59020000 		.4byte	0x259
 1439 08b9 00       		.byte	0
 1440 08ba 07       		.uleb128 0x7
 1441 08bb D1020000 		.4byte	.LASF136
 1442 08bf 0F       		.byte	0xf
 1443 08c0 37       		.byte	0x37
 1444 08c1 16010000 		.4byte	0x116
 1445 08c5 08       		.byte	0x8
 1446 08c6 00       		.byte	0
 1447 08c7 0A       		.uleb128 0xa
 1448 08c8 04       		.byte	0x4
 1449 08c9 A2080000 		.4byte	0x8a2
 1450 08cd 06       		.uleb128 0x6
 1451 08ce 59060000 		.4byte	.LASF137
 1452 08d2 10       		.byte	0x10
 1453 08d3 10       		.byte	0x10
 1454 08d4 39       		.byte	0x39
 1455 08d5 FE080000 		.4byte	0x8fe
 1456 08d9 07       		.uleb128 0x7
 1457 08da 0E010000 		.4byte	.LASF138
 1458 08de 10       		.byte	0x10
 1459 08df 3A       		.byte	0x3a
 1460 08e0 59020000 		.4byte	0x259
 1461 08e4 00       		.byte	0
 1462 08e5 07       		.uleb128 0x7
 1463 08e6 13070000 		.4byte	.LASF139
 1464 08ea 10       		.byte	0x10
 1465 08eb 3C       		.byte	0x3c
 1466 08ec 2F020000 		.4byte	0x22f
 1467 08f0 08       		.byte	0x8
 1468 08f1 07       		.uleb128 0x7
 1469 08f2 02060000 		.4byte	.LASF140
 1470 08f6 10       		.byte	0x10
 1471 08f7 3E       		.byte	0x3e
 1472 08f8 3C090000 		.4byte	0x93c
 1473 08fc 0C       		.byte	0xc
 1474 08fd 00       		.byte	0
ARM GAS  /tmp/ccsRl9iA.s 			page 27


 1475 08fe 0A       		.uleb128 0xa
 1476 08ff 04       		.byte	0x4
 1477 0900 CD080000 		.4byte	0x8cd
 1478 0904 0A       		.uleb128 0xa
 1479 0905 04       		.byte	0x4
 1480 0906 0A090000 		.4byte	0x90a
 1481 090a 18       		.uleb128 0x18
 1482 090b 0F090000 		.4byte	0x90f
 1483 090f 03       		.uleb128 0x3
 1484 0910 01       		.byte	0x1
 1485 0911 08       		.byte	0x8
 1486 0912 D1050000 		.4byte	.LASF141
 1487 0916 0A       		.uleb128 0xa
 1488 0917 04       		.byte	0x4
 1489 0918 0E030000 		.4byte	0x30e
 1490 091c 05       		.uleb128 0x5
 1491 091d 04090000 		.4byte	0x904
 1492 0921 10       		.uleb128 0x10
 1493 0922 58060000 		.4byte	0x658
 1494 0926 31090000 		.4byte	0x931
 1495 092a 11       		.uleb128 0x11
 1496 092b 42040000 		.4byte	0x442
 1497 092f 1A       		.byte	0x1a
 1498 0930 00       		.byte	0
 1499 0931 04       		.uleb128 0x4
 1500 0932 7B020000 		.4byte	.LASF142
 1501 0936 10       		.byte	0x10
 1502 0937 34       		.byte	0x34
 1503 0938 CD080000 		.4byte	0x8cd
 1504 093c 0A       		.uleb128 0xa
 1505 093d 04       		.byte	0x4
 1506 093e 31090000 		.4byte	0x931
 1507 0942 03       		.uleb128 0x3
 1508 0943 01       		.byte	0x1
 1509 0944 02       		.byte	0x2
 1510 0945 AD040000 		.4byte	.LASF143
 1511 0949 19       		.uleb128 0x19
 1512 094a 32060000 		.4byte	.LASF158
 1513 094e 02       		.byte	0x2
 1514 094f 2202     		.2byte	0x222
 1515 0951 03       		.byte	0x3
 1516 0952 63090000 		.4byte	0x963
 1517 0956 1A       		.uleb128 0x1a
 1518 0957 83020000 		.4byte	.LASF159
 1519 095b 02       		.byte	0x2
 1520 095c 2202     		.2byte	0x222
 1521 095e A9000000 		.4byte	0xa9
 1522 0962 00       		.byte	0
 1523 0963 1B       		.uleb128 0x1b
 1524 0964 4D000000 		.4byte	.LASF144
 1525 0968 01       		.byte	0x1
 1526 0969 C801     		.2byte	0x1c8
 1527 096b 00000000 		.4byte	.LFB127
 1528 096f 10000000 		.4byte	.LFE127-.LFB127
 1529 0973 01       		.uleb128 0x1
 1530 0974 9C       		.byte	0x9c
 1531 0975 93090000 		.4byte	0x993
ARM GAS  /tmp/ccsRl9iA.s 			page 28


 1532 0979 1C       		.uleb128 0x1c
 1533 097a 49090000 		.4byte	0x949
 1534 097e 06000000 		.4byte	.LBB6
 1535 0982 06000000 		.4byte	.LBE6-.LBB6
 1536 0986 01       		.byte	0x1
 1537 0987 CB01     		.2byte	0x1cb
 1538 0989 1D       		.uleb128 0x1d
 1539 098a 56090000 		.4byte	0x956
 1540 098e 02       		.uleb128 0x2
 1541 098f 91       		.byte	0x91
 1542 0990 7C       		.sleb128 -4
 1543 0991 00       		.byte	0
 1544 0992 00       		.byte	0
 1545 0993 1B       		.uleb128 0x1b
 1546 0994 1F010000 		.4byte	.LASF145
 1547 0998 01       		.byte	0x1
 1548 0999 D601     		.2byte	0x1d6
 1549 099b 00000000 		.4byte	.LFB128
 1550 099f 10000000 		.4byte	.LFE128-.LFB128
 1551 09a3 01       		.uleb128 0x1
 1552 09a4 9C       		.byte	0x9c
 1553 09a5 C3090000 		.4byte	0x9c3
 1554 09a9 1C       		.uleb128 0x1c
 1555 09aa 49090000 		.4byte	0x949
 1556 09ae 06000000 		.4byte	.LBB8
 1557 09b2 06000000 		.4byte	.LBE8-.LBB8
 1558 09b6 01       		.byte	0x1
 1559 09b7 D901     		.2byte	0x1d9
 1560 09b9 1D       		.uleb128 0x1d
 1561 09ba 56090000 		.4byte	0x956
 1562 09be 02       		.uleb128 0x2
 1563 09bf 91       		.byte	0x91
 1564 09c0 7C       		.sleb128 -4
 1565 09c1 00       		.byte	0
 1566 09c2 00       		.byte	0
 1567 09c3 1E       		.uleb128 0x1e
 1568 09c4 82060000 		.4byte	.LASF146
 1569 09c8 01       		.byte	0x1
 1570 09c9 E501     		.2byte	0x1e5
 1571 09cb 00000000 		.4byte	.LFB129
 1572 09cf 08000000 		.4byte	.LFE129-.LFB129
 1573 09d3 01       		.uleb128 0x1
 1574 09d4 9C       		.byte	0x9c
 1575 09d5 1E       		.uleb128 0x1e
 1576 09d6 E4050000 		.4byte	.LASF147
 1577 09da 01       		.byte	0x1
 1578 09db F001     		.2byte	0x1f0
 1579 09dd 00000000 		.4byte	.LFB130
 1580 09e1 08000000 		.4byte	.LFE130-.LFB130
 1581 09e5 01       		.uleb128 0x1
 1582 09e6 9C       		.byte	0x9c
 1583 09e7 1E       		.uleb128 0x1e
 1584 09e8 D8060000 		.4byte	.LASF148
 1585 09ec 03       		.byte	0x3
 1586 09ed 8201     		.2byte	0x182
 1587 09ef 00000000 		.4byte	.LFB169
 1588 09f3 08000000 		.4byte	.LFE169-.LFB169
ARM GAS  /tmp/ccsRl9iA.s 			page 29


 1589 09f7 01       		.uleb128 0x1
 1590 09f8 9C       		.byte	0x9c
 1591 09f9 1E       		.uleb128 0x1e
 1592 09fa 8A040000 		.4byte	.LASF149
 1593 09fe 03       		.byte	0x3
 1594 09ff 9601     		.2byte	0x196
 1595 0a01 00000000 		.4byte	.LFB170
 1596 0a05 08000000 		.4byte	.LFE170-.LFB170
 1597 0a09 01       		.uleb128 0x1
 1598 0a0a 9C       		.byte	0x9c
 1599 0a0b 1E       		.uleb128 0x1e
 1600 0a0c 68020000 		.4byte	.LASF150
 1601 0a10 04       		.byte	0x4
 1602 0a11 0102     		.2byte	0x201
 1603 0a13 00000000 		.4byte	.LFB246
 1604 0a17 08000000 		.4byte	.LFE246-.LFB246
 1605 0a1b 01       		.uleb128 0x1
 1606 0a1c 9C       		.byte	0x9c
 1607 0a1d 1E       		.uleb128 0x1e
 1608 0a1e 9F000000 		.4byte	.LASF151
 1609 0a22 04       		.byte	0x4
 1610 0a23 0C02     		.2byte	0x20c
 1611 0a25 00000000 		.4byte	.LFB247
 1612 0a29 08000000 		.4byte	.LFE247-.LFB247
 1613 0a2d 01       		.uleb128 0x1
 1614 0a2e 9C       		.byte	0x9c
 1615 0a2f 1E       		.uleb128 0x1e
 1616 0a30 53030000 		.4byte	.LASF152
 1617 0a34 04       		.byte	0x4
 1618 0a35 4702     		.2byte	0x247
 1619 0a37 00000000 		.4byte	.LFB251
 1620 0a3b 08000000 		.4byte	.LFE251-.LFB251
 1621 0a3f 01       		.uleb128 0x1
 1622 0a40 9C       		.byte	0x9c
 1623 0a41 1F       		.uleb128 0x1f
 1624 0a42 16010000 		.4byte	.LASF153
 1625 0a46 05       		.byte	0x5
 1626 0a47 E7       		.byte	0xe7
 1627 0a48 00000000 		.4byte	.LFB271
 1628 0a4c 2A000000 		.4byte	.LFE271-.LFB271
 1629 0a50 01       		.uleb128 0x1
 1630 0a51 9C       		.byte	0x9c
 1631 0a52 20       		.uleb128 0x20
 1632 0a53 B4000000 		.4byte	.LASF154
 1633 0a57 05       		.byte	0x5
 1634 0a58 0301     		.2byte	0x103
 1635 0a5a 00000000 		.4byte	.LFB272
 1636 0a5e 70000000 		.4byte	.LFE272-.LFB272
 1637 0a62 01       		.uleb128 0x1
 1638 0a63 9C       		.byte	0x9c
 1639 0a64 21       		.uleb128 0x21
 1640 0a65 C9040000 		.4byte	.LASF155
 1641 0a69 11       		.byte	0x11
 1642 0a6a FA06     		.2byte	0x6fa
 1643 0a6c BF000000 		.4byte	0xbf
 1644 0a70 22       		.uleb128 0x22
 1645 0a71 636800   		.ascii	"ch\000"
ARM GAS  /tmp/ccsRl9iA.s 			page 30


 1646 0a74 0A       		.byte	0xa
 1647 0a75 0902     		.2byte	0x209
 1648 0a77 DB030000 		.4byte	0x3db
 1649 0a7b 00       		.byte	0
 1650              		.section	.debug_abbrev,"",%progbits
 1651              	.Ldebug_abbrev0:
 1652 0000 01       		.uleb128 0x1
 1653 0001 11       		.uleb128 0x11
 1654 0002 01       		.byte	0x1
 1655 0003 25       		.uleb128 0x25
 1656 0004 0E       		.uleb128 0xe
 1657 0005 13       		.uleb128 0x13
 1658 0006 0B       		.uleb128 0xb
 1659 0007 03       		.uleb128 0x3
 1660 0008 0E       		.uleb128 0xe
 1661 0009 55       		.uleb128 0x55
 1662 000a 17       		.uleb128 0x17
 1663 000b 11       		.uleb128 0x11
 1664 000c 01       		.uleb128 0x1
 1665 000d 10       		.uleb128 0x10
 1666 000e 17       		.uleb128 0x17
 1667 000f 00       		.byte	0
 1668 0010 00       		.byte	0
 1669 0011 02       		.uleb128 0x2
 1670 0012 24       		.uleb128 0x24
 1671 0013 00       		.byte	0
 1672 0014 0B       		.uleb128 0xb
 1673 0015 0B       		.uleb128 0xb
 1674 0016 3E       		.uleb128 0x3e
 1675 0017 0B       		.uleb128 0xb
 1676 0018 03       		.uleb128 0x3
 1677 0019 08       		.uleb128 0x8
 1678 001a 00       		.byte	0
 1679 001b 00       		.byte	0
 1680 001c 03       		.uleb128 0x3
 1681 001d 24       		.uleb128 0x24
 1682 001e 00       		.byte	0
 1683 001f 0B       		.uleb128 0xb
 1684 0020 0B       		.uleb128 0xb
 1685 0021 3E       		.uleb128 0x3e
 1686 0022 0B       		.uleb128 0xb
 1687 0023 03       		.uleb128 0x3
 1688 0024 0E       		.uleb128 0xe
 1689 0025 00       		.byte	0
 1690 0026 00       		.byte	0
 1691 0027 04       		.uleb128 0x4
 1692 0028 16       		.uleb128 0x16
 1693 0029 00       		.byte	0
 1694 002a 03       		.uleb128 0x3
 1695 002b 0E       		.uleb128 0xe
 1696 002c 3A       		.uleb128 0x3a
 1697 002d 0B       		.uleb128 0xb
 1698 002e 3B       		.uleb128 0x3b
 1699 002f 0B       		.uleb128 0xb
 1700 0030 49       		.uleb128 0x49
 1701 0031 13       		.uleb128 0x13
 1702 0032 00       		.byte	0
ARM GAS  /tmp/ccsRl9iA.s 			page 31


 1703 0033 00       		.byte	0
 1704 0034 05       		.uleb128 0x5
 1705 0035 35       		.uleb128 0x35
 1706 0036 00       		.byte	0
 1707 0037 49       		.uleb128 0x49
 1708 0038 13       		.uleb128 0x13
 1709 0039 00       		.byte	0
 1710 003a 00       		.byte	0
 1711 003b 06       		.uleb128 0x6
 1712 003c 13       		.uleb128 0x13
 1713 003d 01       		.byte	0x1
 1714 003e 03       		.uleb128 0x3
 1715 003f 0E       		.uleb128 0xe
 1716 0040 0B       		.uleb128 0xb
 1717 0041 0B       		.uleb128 0xb
 1718 0042 3A       		.uleb128 0x3a
 1719 0043 0B       		.uleb128 0xb
 1720 0044 3B       		.uleb128 0x3b
 1721 0045 0B       		.uleb128 0xb
 1722 0046 01       		.uleb128 0x1
 1723 0047 13       		.uleb128 0x13
 1724 0048 00       		.byte	0
 1725 0049 00       		.byte	0
 1726 004a 07       		.uleb128 0x7
 1727 004b 0D       		.uleb128 0xd
 1728 004c 00       		.byte	0
 1729 004d 03       		.uleb128 0x3
 1730 004e 0E       		.uleb128 0xe
 1731 004f 3A       		.uleb128 0x3a
 1732 0050 0B       		.uleb128 0xb
 1733 0051 3B       		.uleb128 0x3b
 1734 0052 0B       		.uleb128 0xb
 1735 0053 49       		.uleb128 0x49
 1736 0054 13       		.uleb128 0x13
 1737 0055 38       		.uleb128 0x38
 1738 0056 0B       		.uleb128 0xb
 1739 0057 00       		.byte	0
 1740 0058 00       		.byte	0
 1741 0059 08       		.uleb128 0x8
 1742 005a 0D       		.uleb128 0xd
 1743 005b 00       		.byte	0
 1744 005c 03       		.uleb128 0x3
 1745 005d 08       		.uleb128 0x8
 1746 005e 3A       		.uleb128 0x3a
 1747 005f 0B       		.uleb128 0xb
 1748 0060 3B       		.uleb128 0x3b
 1749 0061 05       		.uleb128 0x5
 1750 0062 49       		.uleb128 0x49
 1751 0063 13       		.uleb128 0x13
 1752 0064 38       		.uleb128 0x38
 1753 0065 0B       		.uleb128 0xb
 1754 0066 00       		.byte	0
 1755 0067 00       		.byte	0
 1756 0068 09       		.uleb128 0x9
 1757 0069 0D       		.uleb128 0xd
 1758 006a 00       		.byte	0
 1759 006b 03       		.uleb128 0x3
ARM GAS  /tmp/ccsRl9iA.s 			page 32


 1760 006c 0E       		.uleb128 0xe
 1761 006d 3A       		.uleb128 0x3a
 1762 006e 0B       		.uleb128 0xb
 1763 006f 3B       		.uleb128 0x3b
 1764 0070 05       		.uleb128 0x5
 1765 0071 49       		.uleb128 0x49
 1766 0072 13       		.uleb128 0x13
 1767 0073 38       		.uleb128 0x38
 1768 0074 0B       		.uleb128 0xb
 1769 0075 00       		.byte	0
 1770 0076 00       		.byte	0
 1771 0077 0A       		.uleb128 0xa
 1772 0078 0F       		.uleb128 0xf
 1773 0079 00       		.byte	0
 1774 007a 0B       		.uleb128 0xb
 1775 007b 0B       		.uleb128 0xb
 1776 007c 49       		.uleb128 0x49
 1777 007d 13       		.uleb128 0x13
 1778 007e 00       		.byte	0
 1779 007f 00       		.byte	0
 1780 0080 0B       		.uleb128 0xb
 1781 0081 13       		.uleb128 0x13
 1782 0082 01       		.byte	0x1
 1783 0083 03       		.uleb128 0x3
 1784 0084 0E       		.uleb128 0xe
 1785 0085 0B       		.uleb128 0xb
 1786 0086 0B       		.uleb128 0xb
 1787 0087 3A       		.uleb128 0x3a
 1788 0088 0B       		.uleb128 0xb
 1789 0089 3B       		.uleb128 0x3b
 1790 008a 05       		.uleb128 0x5
 1791 008b 01       		.uleb128 0x1
 1792 008c 13       		.uleb128 0x13
 1793 008d 00       		.byte	0
 1794 008e 00       		.byte	0
 1795 008f 0C       		.uleb128 0xc
 1796 0090 15       		.uleb128 0x15
 1797 0091 01       		.byte	0x1
 1798 0092 27       		.uleb128 0x27
 1799 0093 19       		.uleb128 0x19
 1800 0094 01       		.uleb128 0x1
 1801 0095 13       		.uleb128 0x13
 1802 0096 00       		.byte	0
 1803 0097 00       		.byte	0
 1804 0098 0D       		.uleb128 0xd
 1805 0099 05       		.uleb128 0x5
 1806 009a 00       		.byte	0
 1807 009b 49       		.uleb128 0x49
 1808 009c 13       		.uleb128 0x13
 1809 009d 00       		.byte	0
 1810 009e 00       		.byte	0
 1811 009f 0E       		.uleb128 0xe
 1812 00a0 0F       		.uleb128 0xf
 1813 00a1 00       		.byte	0
 1814 00a2 0B       		.uleb128 0xb
 1815 00a3 0B       		.uleb128 0xb
 1816 00a4 00       		.byte	0
ARM GAS  /tmp/ccsRl9iA.s 			page 33


 1817 00a5 00       		.byte	0
 1818 00a6 0F       		.uleb128 0xf
 1819 00a7 13       		.uleb128 0x13
 1820 00a8 01       		.byte	0x1
 1821 00a9 03       		.uleb128 0x3
 1822 00aa 0E       		.uleb128 0xe
 1823 00ab 0B       		.uleb128 0xb
 1824 00ac 05       		.uleb128 0x5
 1825 00ad 3A       		.uleb128 0x3a
 1826 00ae 0B       		.uleb128 0xb
 1827 00af 3B       		.uleb128 0x3b
 1828 00b0 05       		.uleb128 0x5
 1829 00b1 01       		.uleb128 0x1
 1830 00b2 13       		.uleb128 0x13
 1831 00b3 00       		.byte	0
 1832 00b4 00       		.byte	0
 1833 00b5 10       		.uleb128 0x10
 1834 00b6 01       		.uleb128 0x1
 1835 00b7 01       		.byte	0x1
 1836 00b8 49       		.uleb128 0x49
 1837 00b9 13       		.uleb128 0x13
 1838 00ba 01       		.uleb128 0x1
 1839 00bb 13       		.uleb128 0x13
 1840 00bc 00       		.byte	0
 1841 00bd 00       		.byte	0
 1842 00be 11       		.uleb128 0x11
 1843 00bf 21       		.uleb128 0x21
 1844 00c0 00       		.byte	0
 1845 00c1 49       		.uleb128 0x49
 1846 00c2 13       		.uleb128 0x13
 1847 00c3 2F       		.uleb128 0x2f
 1848 00c4 0B       		.uleb128 0xb
 1849 00c5 00       		.byte	0
 1850 00c6 00       		.byte	0
 1851 00c7 12       		.uleb128 0x12
 1852 00c8 13       		.uleb128 0x13
 1853 00c9 01       		.byte	0x1
 1854 00ca 0B       		.uleb128 0xb
 1855 00cb 0B       		.uleb128 0xb
 1856 00cc 3A       		.uleb128 0x3a
 1857 00cd 0B       		.uleb128 0xb
 1858 00ce 3B       		.uleb128 0x3b
 1859 00cf 05       		.uleb128 0x5
 1860 00d0 01       		.uleb128 0x1
 1861 00d1 13       		.uleb128 0x13
 1862 00d2 00       		.byte	0
 1863 00d3 00       		.byte	0
 1864 00d4 13       		.uleb128 0x13
 1865 00d5 16       		.uleb128 0x16
 1866 00d6 00       		.byte	0
 1867 00d7 03       		.uleb128 0x3
 1868 00d8 0E       		.uleb128 0xe
 1869 00d9 3A       		.uleb128 0x3a
 1870 00da 0B       		.uleb128 0xb
 1871 00db 3B       		.uleb128 0x3b
 1872 00dc 05       		.uleb128 0x5
 1873 00dd 49       		.uleb128 0x49
ARM GAS  /tmp/ccsRl9iA.s 			page 34


 1874 00de 13       		.uleb128 0x13
 1875 00df 00       		.byte	0
 1876 00e0 00       		.byte	0
 1877 00e1 14       		.uleb128 0x14
 1878 00e2 0D       		.uleb128 0xd
 1879 00e3 00       		.byte	0
 1880 00e4 03       		.uleb128 0x3
 1881 00e5 08       		.uleb128 0x8
 1882 00e6 3A       		.uleb128 0x3a
 1883 00e7 0B       		.uleb128 0xb
 1884 00e8 3B       		.uleb128 0x3b
 1885 00e9 0B       		.uleb128 0xb
 1886 00ea 49       		.uleb128 0x49
 1887 00eb 13       		.uleb128 0x13
 1888 00ec 38       		.uleb128 0x38
 1889 00ed 0B       		.uleb128 0xb
 1890 00ee 00       		.byte	0
 1891 00ef 00       		.byte	0
 1892 00f0 15       		.uleb128 0x15
 1893 00f1 13       		.uleb128 0x13
 1894 00f2 01       		.byte	0x1
 1895 00f3 0B       		.uleb128 0xb
 1896 00f4 0B       		.uleb128 0xb
 1897 00f5 3A       		.uleb128 0x3a
 1898 00f6 0B       		.uleb128 0xb
 1899 00f7 3B       		.uleb128 0x3b
 1900 00f8 0B       		.uleb128 0xb
 1901 00f9 01       		.uleb128 0x1
 1902 00fa 13       		.uleb128 0x13
 1903 00fb 00       		.byte	0
 1904 00fc 00       		.byte	0
 1905 00fd 16       		.uleb128 0x16
 1906 00fe 17       		.uleb128 0x17
 1907 00ff 01       		.byte	0x1
 1908 0100 0B       		.uleb128 0xb
 1909 0101 0B       		.uleb128 0xb
 1910 0102 3A       		.uleb128 0x3a
 1911 0103 0B       		.uleb128 0xb
 1912 0104 3B       		.uleb128 0x3b
 1913 0105 0B       		.uleb128 0xb
 1914 0106 01       		.uleb128 0x1
 1915 0107 13       		.uleb128 0x13
 1916 0108 00       		.byte	0
 1917 0109 00       		.byte	0
 1918 010a 17       		.uleb128 0x17
 1919 010b 0D       		.uleb128 0xd
 1920 010c 00       		.byte	0
 1921 010d 03       		.uleb128 0x3
 1922 010e 0E       		.uleb128 0xe
 1923 010f 3A       		.uleb128 0x3a
 1924 0110 0B       		.uleb128 0xb
 1925 0111 3B       		.uleb128 0x3b
 1926 0112 05       		.uleb128 0x5
 1927 0113 49       		.uleb128 0x49
 1928 0114 13       		.uleb128 0x13
 1929 0115 00       		.byte	0
 1930 0116 00       		.byte	0
ARM GAS  /tmp/ccsRl9iA.s 			page 35


 1931 0117 18       		.uleb128 0x18
 1932 0118 26       		.uleb128 0x26
 1933 0119 00       		.byte	0
 1934 011a 49       		.uleb128 0x49
 1935 011b 13       		.uleb128 0x13
 1936 011c 00       		.byte	0
 1937 011d 00       		.byte	0
 1938 011e 19       		.uleb128 0x19
 1939 011f 2E       		.uleb128 0x2e
 1940 0120 01       		.byte	0x1
 1941 0121 03       		.uleb128 0x3
 1942 0122 0E       		.uleb128 0xe
 1943 0123 3A       		.uleb128 0x3a
 1944 0124 0B       		.uleb128 0xb
 1945 0125 3B       		.uleb128 0x3b
 1946 0126 05       		.uleb128 0x5
 1947 0127 27       		.uleb128 0x27
 1948 0128 19       		.uleb128 0x19
 1949 0129 20       		.uleb128 0x20
 1950 012a 0B       		.uleb128 0xb
 1951 012b 01       		.uleb128 0x1
 1952 012c 13       		.uleb128 0x13
 1953 012d 00       		.byte	0
 1954 012e 00       		.byte	0
 1955 012f 1A       		.uleb128 0x1a
 1956 0130 05       		.uleb128 0x5
 1957 0131 00       		.byte	0
 1958 0132 03       		.uleb128 0x3
 1959 0133 0E       		.uleb128 0xe
 1960 0134 3A       		.uleb128 0x3a
 1961 0135 0B       		.uleb128 0xb
 1962 0136 3B       		.uleb128 0x3b
 1963 0137 05       		.uleb128 0x5
 1964 0138 49       		.uleb128 0x49
 1965 0139 13       		.uleb128 0x13
 1966 013a 00       		.byte	0
 1967 013b 00       		.byte	0
 1968 013c 1B       		.uleb128 0x1b
 1969 013d 2E       		.uleb128 0x2e
 1970 013e 01       		.byte	0x1
 1971 013f 03       		.uleb128 0x3
 1972 0140 0E       		.uleb128 0xe
 1973 0141 3A       		.uleb128 0x3a
 1974 0142 0B       		.uleb128 0xb
 1975 0143 3B       		.uleb128 0x3b
 1976 0144 05       		.uleb128 0x5
 1977 0145 27       		.uleb128 0x27
 1978 0146 19       		.uleb128 0x19
 1979 0147 11       		.uleb128 0x11
 1980 0148 01       		.uleb128 0x1
 1981 0149 12       		.uleb128 0x12
 1982 014a 06       		.uleb128 0x6
 1983 014b 40       		.uleb128 0x40
 1984 014c 18       		.uleb128 0x18
 1985 014d 9742     		.uleb128 0x2117
 1986 014f 19       		.uleb128 0x19
 1987 0150 01       		.uleb128 0x1
ARM GAS  /tmp/ccsRl9iA.s 			page 36


 1988 0151 13       		.uleb128 0x13
 1989 0152 00       		.byte	0
 1990 0153 00       		.byte	0
 1991 0154 1C       		.uleb128 0x1c
 1992 0155 1D       		.uleb128 0x1d
 1993 0156 01       		.byte	0x1
 1994 0157 31       		.uleb128 0x31
 1995 0158 13       		.uleb128 0x13
 1996 0159 11       		.uleb128 0x11
 1997 015a 01       		.uleb128 0x1
 1998 015b 12       		.uleb128 0x12
 1999 015c 06       		.uleb128 0x6
 2000 015d 58       		.uleb128 0x58
 2001 015e 0B       		.uleb128 0xb
 2002 015f 59       		.uleb128 0x59
 2003 0160 05       		.uleb128 0x5
 2004 0161 00       		.byte	0
 2005 0162 00       		.byte	0
 2006 0163 1D       		.uleb128 0x1d
 2007 0164 05       		.uleb128 0x5
 2008 0165 00       		.byte	0
 2009 0166 31       		.uleb128 0x31
 2010 0167 13       		.uleb128 0x13
 2011 0168 02       		.uleb128 0x2
 2012 0169 18       		.uleb128 0x18
 2013 016a 00       		.byte	0
 2014 016b 00       		.byte	0
 2015 016c 1E       		.uleb128 0x1e
 2016 016d 2E       		.uleb128 0x2e
 2017 016e 00       		.byte	0
 2018 016f 03       		.uleb128 0x3
 2019 0170 0E       		.uleb128 0xe
 2020 0171 3A       		.uleb128 0x3a
 2021 0172 0B       		.uleb128 0xb
 2022 0173 3B       		.uleb128 0x3b
 2023 0174 05       		.uleb128 0x5
 2024 0175 27       		.uleb128 0x27
 2025 0176 19       		.uleb128 0x19
 2026 0177 11       		.uleb128 0x11
 2027 0178 01       		.uleb128 0x1
 2028 0179 12       		.uleb128 0x12
 2029 017a 06       		.uleb128 0x6
 2030 017b 40       		.uleb128 0x40
 2031 017c 18       		.uleb128 0x18
 2032 017d 9642     		.uleb128 0x2116
 2033 017f 19       		.uleb128 0x19
 2034 0180 00       		.byte	0
 2035 0181 00       		.byte	0
 2036 0182 1F       		.uleb128 0x1f
 2037 0183 2E       		.uleb128 0x2e
 2038 0184 00       		.byte	0
 2039 0185 3F       		.uleb128 0x3f
 2040 0186 19       		.uleb128 0x19
 2041 0187 03       		.uleb128 0x3
 2042 0188 0E       		.uleb128 0xe
 2043 0189 3A       		.uleb128 0x3a
 2044 018a 0B       		.uleb128 0xb
ARM GAS  /tmp/ccsRl9iA.s 			page 37


 2045 018b 3B       		.uleb128 0x3b
 2046 018c 0B       		.uleb128 0xb
 2047 018d 27       		.uleb128 0x27
 2048 018e 19       		.uleb128 0x19
 2049 018f 11       		.uleb128 0x11
 2050 0190 01       		.uleb128 0x1
 2051 0191 12       		.uleb128 0x12
 2052 0192 06       		.uleb128 0x6
 2053 0193 40       		.uleb128 0x40
 2054 0194 18       		.uleb128 0x18
 2055 0195 9642     		.uleb128 0x2116
 2056 0197 19       		.uleb128 0x19
 2057 0198 00       		.byte	0
 2058 0199 00       		.byte	0
 2059 019a 20       		.uleb128 0x20
 2060 019b 2E       		.uleb128 0x2e
 2061 019c 00       		.byte	0
 2062 019d 3F       		.uleb128 0x3f
 2063 019e 19       		.uleb128 0x19
 2064 019f 03       		.uleb128 0x3
 2065 01a0 0E       		.uleb128 0xe
 2066 01a1 3A       		.uleb128 0x3a
 2067 01a2 0B       		.uleb128 0xb
 2068 01a3 3B       		.uleb128 0x3b
 2069 01a4 05       		.uleb128 0x5
 2070 01a5 27       		.uleb128 0x27
 2071 01a6 19       		.uleb128 0x19
 2072 01a7 11       		.uleb128 0x11
 2073 01a8 01       		.uleb128 0x1
 2074 01a9 12       		.uleb128 0x12
 2075 01aa 06       		.uleb128 0x6
 2076 01ab 40       		.uleb128 0x40
 2077 01ac 18       		.uleb128 0x18
 2078 01ad 9642     		.uleb128 0x2116
 2079 01af 19       		.uleb128 0x19
 2080 01b0 00       		.byte	0
 2081 01b1 00       		.byte	0
 2082 01b2 21       		.uleb128 0x21
 2083 01b3 34       		.uleb128 0x34
 2084 01b4 00       		.byte	0
 2085 01b5 03       		.uleb128 0x3
 2086 01b6 0E       		.uleb128 0xe
 2087 01b7 3A       		.uleb128 0x3a
 2088 01b8 0B       		.uleb128 0xb
 2089 01b9 3B       		.uleb128 0x3b
 2090 01ba 05       		.uleb128 0x5
 2091 01bb 49       		.uleb128 0x49
 2092 01bc 13       		.uleb128 0x13
 2093 01bd 3F       		.uleb128 0x3f
 2094 01be 19       		.uleb128 0x19
 2095 01bf 3C       		.uleb128 0x3c
 2096 01c0 19       		.uleb128 0x19
 2097 01c1 00       		.byte	0
 2098 01c2 00       		.byte	0
 2099 01c3 22       		.uleb128 0x22
 2100 01c4 34       		.uleb128 0x34
 2101 01c5 00       		.byte	0
ARM GAS  /tmp/ccsRl9iA.s 			page 38


 2102 01c6 03       		.uleb128 0x3
 2103 01c7 08       		.uleb128 0x8
 2104 01c8 3A       		.uleb128 0x3a
 2105 01c9 0B       		.uleb128 0xb
 2106 01ca 3B       		.uleb128 0x3b
 2107 01cb 05       		.uleb128 0x5
 2108 01cc 49       		.uleb128 0x49
 2109 01cd 13       		.uleb128 0x13
 2110 01ce 3F       		.uleb128 0x3f
 2111 01cf 19       		.uleb128 0x19
 2112 01d0 3C       		.uleb128 0x3c
 2113 01d1 19       		.uleb128 0x19
 2114 01d2 00       		.byte	0
 2115 01d3 00       		.byte	0
 2116 01d4 00       		.byte	0
 2117              		.section	.debug_aranges,"",%progbits
 2118 0000 6C000000 		.4byte	0x6c
 2119 0004 0200     		.2byte	0x2
 2120 0006 00000000 		.4byte	.Ldebug_info0
 2121 000a 04       		.byte	0x4
 2122 000b 00       		.byte	0
 2123 000c 0000     		.2byte	0
 2124 000e 0000     		.2byte	0
 2125 0010 00000000 		.4byte	.LFB127
 2126 0014 10000000 		.4byte	.LFE127-.LFB127
 2127 0018 00000000 		.4byte	.LFB128
 2128 001c 10000000 		.4byte	.LFE128-.LFB128
 2129 0020 00000000 		.4byte	.LFB129
 2130 0024 08000000 		.4byte	.LFE129-.LFB129
 2131 0028 00000000 		.4byte	.LFB130
 2132 002c 08000000 		.4byte	.LFE130-.LFB130
 2133 0030 00000000 		.4byte	.LFB169
 2134 0034 08000000 		.4byte	.LFE169-.LFB169
 2135 0038 00000000 		.4byte	.LFB170
 2136 003c 08000000 		.4byte	.LFE170-.LFB170
 2137 0040 00000000 		.4byte	.LFB246
 2138 0044 08000000 		.4byte	.LFE246-.LFB246
 2139 0048 00000000 		.4byte	.LFB247
 2140 004c 08000000 		.4byte	.LFE247-.LFB247
 2141 0050 00000000 		.4byte	.LFB251
 2142 0054 08000000 		.4byte	.LFE251-.LFB251
 2143 0058 00000000 		.4byte	.LFB271
 2144 005c 2A000000 		.4byte	.LFE271-.LFB271
 2145 0060 00000000 		.4byte	.LFB272
 2146 0064 70000000 		.4byte	.LFE272-.LFB272
 2147 0068 00000000 		.4byte	0
 2148 006c 00000000 		.4byte	0
 2149              		.section	.debug_ranges,"",%progbits
 2150              	.Ldebug_ranges0:
 2151 0000 00000000 		.4byte	.LFB127
 2152 0004 10000000 		.4byte	.LFE127
 2153 0008 00000000 		.4byte	.LFB128
 2154 000c 10000000 		.4byte	.LFE128
 2155 0010 00000000 		.4byte	.LFB129
 2156 0014 08000000 		.4byte	.LFE129
 2157 0018 00000000 		.4byte	.LFB130
 2158 001c 08000000 		.4byte	.LFE130
ARM GAS  /tmp/ccsRl9iA.s 			page 39


 2159 0020 00000000 		.4byte	.LFB169
 2160 0024 08000000 		.4byte	.LFE169
 2161 0028 00000000 		.4byte	.LFB170
 2162 002c 08000000 		.4byte	.LFE170
 2163 0030 00000000 		.4byte	.LFB246
 2164 0034 08000000 		.4byte	.LFE246
 2165 0038 00000000 		.4byte	.LFB247
 2166 003c 08000000 		.4byte	.LFE247
 2167 0040 00000000 		.4byte	.LFB251
 2168 0044 08000000 		.4byte	.LFE251
 2169 0048 00000000 		.4byte	.LFB271
 2170 004c 2A000000 		.4byte	.LFE271
 2171 0050 00000000 		.4byte	.LFB272
 2172 0054 70000000 		.4byte	.LFE272
 2173 0058 00000000 		.4byte	0
 2174 005c 00000000 		.4byte	0
 2175              		.section	.debug_line,"",%progbits
 2176              	.Ldebug_line0:
 2177 0000 38030000 		.section	.debug_str,"MS",%progbits,1
 2177      02003902 
 2177      00000201 
 2177      FB0E0D00 
 2177      01010101 
 2178              	.LASF50:
 2179 0000 72656164 		.ascii	"ready_list_t\000"
 2179      795F6C69 
 2179      73745F74 
 2179      00
 2180              	.LASF116:
 2181 000d 44494552 		.ascii	"DIER\000"
 2181      00
 2182              	.LASF130:
 2183 0012 77747472 		.ascii	"wttrp\000"
 2183      7000
 2184              	.LASF127:
 2185 0018 7264796D 		.ascii	"rdymsg\000"
 2185      736700
 2186              	.LASF16:
 2187 001f 75696E74 		.ascii	"uint64_t\000"
 2187      36345F74 
 2187      00
 2188              	.LASF5:
 2189 0028 5F5F7569 		.ascii	"__uint8_t\000"
 2189      6E74385F 
 2189      7400
 2190              	.LASF114:
 2191 0032 706F7274 		.ascii	"port_intctx\000"
 2191      5F696E74 
 2191      63747800 
 2192              	.LASF69:
 2193 003e 73797374 		.ascii	"system_debug_t\000"
 2193      656D5F64 
 2193      65627567 
 2193      5F7400
 2194              	.LASF144:
 2195 004d 706F7274 		.ascii	"port_lock\000"
 2195      5F6C6F63 
ARM GAS  /tmp/ccsRl9iA.s 			page 40


 2195      6B00
 2196              	.LASF12:
 2197 0057 6C6F6E67 		.ascii	"long long unsigned int\000"
 2197      206C6F6E 
 2197      6720756E 
 2197      7369676E 
 2197      65642069 
 2198              	.LASF79:
 2199 006e 4944434F 		.ascii	"IDCODE\000"
 2199      444500
 2200              	.LASF128:
 2201 0075 65786974 		.ascii	"exitcode\000"
 2201      636F6465 
 2201      00
 2202              	.LASF76:
 2203 007e 6D61696E 		.ascii	"mainthread\000"
 2203      74687265 
 2203      616400
 2204              	.LASF66:
 2205 0089 76697274 		.ascii	"virtual_timers_list_t\000"
 2205      75616C5F 
 2205      74696D65 
 2205      72735F6C 
 2205      6973745F 
 2206              	.LASF151:
 2207 009f 6F73616C 		.ascii	"osalSysUnlockFromISR\000"
 2207      53797355 
 2207      6E6C6F63 
 2207      6B46726F 
 2207      6D495352 
 2208              	.LASF154:
 2209 00b4 73745F6C 		.ascii	"st_lld_init\000"
 2209      6C645F69 
 2209      6E697400 
 2210              	.LASF120:
 2211 00c0 42445452 		.ascii	"BDTR\000"
 2211      00
 2212              	.LASF49:
 2213 00c5 63685F74 		.ascii	"ch_threads_queue\000"
 2213      68726561 
 2213      64735F71 
 2213      75657565 
 2213      00
 2214              	.LASF99:
 2215 00d6 41484231 		.ascii	"AHB1LPENR\000"
 2215      4C50454E 
 2215      5200
 2216              	.LASF29:
 2217 00e0 705F7072 		.ascii	"p_prio\000"
 2217      696F00
 2218              	.LASF117:
 2219 00e7 43434D52 		.ascii	"CCMR1\000"
 2219      3100
 2220              	.LASF118:
 2221 00ed 43434D52 		.ascii	"CCMR2\000"
 2221      3200
 2222              	.LASF122:
ARM GAS  /tmp/ccsRl9iA.s 			page 41


 2223 00f3 43434D52 		.ascii	"CCMR3\000"
 2223      3300
 2224              	.LASF1:
 2225 00f9 7369676E 		.ascii	"signed char\000"
 2225      65642063 
 2225      68617200 
 2226              	.LASF85:
 2227 0105 41484231 		.ascii	"AHB1RSTR\000"
 2227      52535452 
 2227      00
 2228              	.LASF138:
 2229 010e 6D5F7175 		.ascii	"m_queue\000"
 2229      65756500 
 2230              	.LASF153:
 2231 0116 56656374 		.ascii	"VectorB0\000"
 2231      6F724230 
 2231      00
 2232              	.LASF145:
 2233 011f 706F7274 		.ascii	"port_unlock\000"
 2233      5F756E6C 
 2233      6F636B00 
 2234              	.LASF73:
 2235 012b 63685F73 		.ascii	"ch_system\000"
 2235      79737465 
 2235      6D00
 2236              	.LASF7:
 2237 0135 6C6F6E67 		.ascii	"long int\000"
 2237      20696E74 
 2237      00
 2238              	.LASF90:
 2239 013e 41504232 		.ascii	"APB2RSTR\000"
 2239      52535452 
 2239      00
 2240              	.LASF103:
 2241 0147 41504231 		.ascii	"APB1LPENR\000"
 2241      4C50454E 
 2241      5200
 2242              	.LASF19:
 2243 0151 74737461 		.ascii	"tstate_t\000"
 2243      74655F74 
 2243      00
 2244              	.LASF119:
 2245 015a 43434552 		.ascii	"CCER\000"
 2245      00
 2246              	.LASF10:
 2247 015f 6C6F6E67 		.ascii	"long long int\000"
 2247      206C6F6E 
 2247      6720696E 
 2247      7400
 2248              	.LASF156:
 2249 016d 474E5520 		.ascii	"GNU C 4.8.4 20141219 (release) -mcpu=cortex-m4 -mno"
 2249      4320342E 
 2249      382E3420 
 2249      32303134 
 2249      31323139 
 2250 01a0 2D746875 		.ascii	"-thumb-interwork -mthumb -ggdb -O0 -fomit-frame-poi"
 2250      6D622D69 
ARM GAS  /tmp/ccsRl9iA.s 			page 42


 2250      6E746572 
 2250      776F726B 
 2250      202D6D74 
 2251 01d3 6E746572 		.ascii	"nter -falign-functions=16 -ffunction-sections -fdat"
 2251      202D6661 
 2251      6C69676E 
 2251      2D66756E 
 2251      6374696F 
 2252 0206 612D7365 		.ascii	"a-sections -fno-common\000"
 2252      6374696F 
 2252      6E73202D 
 2252      666E6F2D 
 2252      636F6D6D 
 2253              	.LASF31:
 2254 021d 705F6E65 		.ascii	"p_newer\000"
 2254      77657200 
 2255              	.LASF83:
 2256 0225 504C4C43 		.ascii	"PLLCFGR\000"
 2256      46475200 
 2257              	.LASF4:
 2258 022d 73686F72 		.ascii	"short unsigned int\000"
 2258      7420756E 
 2258      7369676E 
 2258      65642069 
 2258      6E7400
 2259              	.LASF55:
 2260 0240 725F6E65 		.ascii	"r_newer\000"
 2260      77657200 
 2261              	.LASF43:
 2262 0248 705F6D70 		.ascii	"p_mpool\000"
 2262      6F6F6C00 
 2263              	.LASF111:
 2264 0250 72656761 		.ascii	"regarm_t\000"
 2264      726D5F74 
 2264      00
 2265              	.LASF62:
 2266 0259 76745F70 		.ascii	"vt_prev\000"
 2266      72657600 
 2267              	.LASF75:
 2268 0261 76746C69 		.ascii	"vtlist\000"
 2268      737400
 2269              	.LASF150:
 2270 0268 6F73616C 		.ascii	"osalSysLockFromISR\000"
 2270      5379734C 
 2270      6F636B46 
 2270      726F6D49 
 2270      535200
 2271              	.LASF142:
 2272 027b 6D757465 		.ascii	"mutex_t\000"
 2272      785F7400 
 2273              	.LASF159:
 2274 0283 76616C75 		.ascii	"value\000"
 2274      6500
 2275              	.LASF77:
 2276 0289 69646C65 		.ascii	"idle_thread_wa\000"
 2276      5F746872 
 2276      6561645F 
ARM GAS  /tmp/ccsRl9iA.s 			page 43


 2276      776100
 2277              	.LASF24:
 2278 0298 636E745F 		.ascii	"cnt_t\000"
 2278      7400
 2279              	.LASF0:
 2280 029e 756E7369 		.ascii	"unsigned int\000"
 2280      676E6564 
 2280      20696E74 
 2280      00
 2281              	.LASF61:
 2282 02ab 76745F6E 		.ascii	"vt_next\000"
 2282      65787400 
 2283              	.LASF131:
 2284 02b3 77747365 		.ascii	"wtsemp\000"
 2284      6D7000
 2285              	.LASF38:
 2286 02ba 705F6D73 		.ascii	"p_msgqueue\000"
 2286      67717565 
 2286      756500
 2287              	.LASF110:
 2288 02c5 5243435F 		.ascii	"RCC_TypeDef\000"
 2288      54797065 
 2288      44656600 
 2289              	.LASF136:
 2290 02d1 735F636E 		.ascii	"s_cnt\000"
 2290      7400
 2291              	.LASF115:
 2292 02d7 534D4352 		.ascii	"SMCR\000"
 2292      00
 2293              	.LASF46:
 2294 02dc 63685F74 		.ascii	"ch_thread\000"
 2294      68726561 
 2294      6400
 2295              	.LASF109:
 2296 02e6 504C4C49 		.ascii	"PLLI2SCFGR\000"
 2296      32534346 
 2296      475200
 2297              	.LASF22:
 2298 02f1 6D73675F 		.ascii	"msg_t\000"
 2298      7400
 2299              	.LASF87:
 2300 02f7 41484233 		.ascii	"AHB3RSTR\000"
 2300      52535452 
 2300      00
 2301              	.LASF81:
 2302 0300 41504232 		.ascii	"APB2FZ\000"
 2302      465A00
 2303              	.LASF72:
 2304 0307 63685F73 		.ascii	"ch_system_t\000"
 2304      79737465 
 2304      6D5F7400 
 2305              	.LASF129:
 2306 0313 77746F62 		.ascii	"wtobjp\000"
 2306      6A7000
 2307              	.LASF104:
 2308 031a 41504232 		.ascii	"APB2LPENR\000"
 2308      4C50454E 
ARM GAS  /tmp/ccsRl9iA.s 			page 44


 2308      5200
 2309              	.LASF51:
 2310 0324 63685F72 		.ascii	"ch_ready_list\000"
 2310      65616479 
 2310      5F6C6973 
 2310      7400
 2311              	.LASF23:
 2312 0332 6576656E 		.ascii	"eventmask_t\000"
 2312      746D6173 
 2312      6B5F7400 
 2313              	.LASF6:
 2314 033e 5F5F696E 		.ascii	"__int32_t\000"
 2314      7433325F 
 2314      7400
 2315              	.LASF112:
 2316 0348 73746B61 		.ascii	"stkalign_t\000"
 2316      6C69676E 
 2316      5F7400
 2317              	.LASF152:
 2318 0353 6F73616C 		.ascii	"osalOsTimerHandlerI\000"
 2318      4F735469 
 2318      6D657248 
 2318      616E646C 
 2318      65724900 
 2319              	.LASF45:
 2320 0367 74687265 		.ascii	"threads_list_t\000"
 2320      6164735F 
 2320      6C697374 
 2320      5F7400
 2321              	.LASF59:
 2322 0376 76697274 		.ascii	"virtual_timer_t\000"
 2322      75616C5F 
 2322      74696D65 
 2322      725F7400 
 2323              	.LASF37:
 2324 0386 705F7761 		.ascii	"p_waiting\000"
 2324      6974696E 
 2324      6700
 2325              	.LASF78:
 2326 0390 73697A65 		.ascii	"sizetype\000"
 2326      74797065 
 2326      00
 2327              	.LASF44:
 2328 0399 74687265 		.ascii	"thread_reference_t\000"
 2328      61645F72 
 2328      65666572 
 2328      656E6365 
 2328      5F7400
 2329              	.LASF67:
 2330 03ac 63685F76 		.ascii	"ch_virtual_timers_list\000"
 2330      69727475 
 2330      616C5F74 
 2330      696D6572 
 2330      735F6C69 
 2331              	.LASF27:
 2332 03c3 705F6E65 		.ascii	"p_next\000"
 2332      787400
ARM GAS  /tmp/ccsRl9iA.s 			page 45


 2333              	.LASF40:
 2334 03ca 705F6570 		.ascii	"p_epending\000"
 2334      656E6469 
 2334      6E6700
 2335              	.LASF94:
 2336 03d5 41484233 		.ascii	"AHB3ENR\000"
 2336      454E5200 
 2337              	.LASF68:
 2338 03dd 76745F6C 		.ascii	"vt_lasttime\000"
 2338      61737474 
 2338      696D6500 
 2339              	.LASF32:
 2340 03e9 705F6F6C 		.ascii	"p_older\000"
 2340      64657200 
 2341              	.LASF54:
 2342 03f1 725F6374 		.ascii	"r_ctx\000"
 2342      7800
 2343              	.LASF100:
 2344 03f7 41484232 		.ascii	"AHB2LPENR\000"
 2344      4C50454E 
 2344      5200
 2345              	.LASF126:
 2346 0401 746D5F63 		.ascii	"tm_calibration_t\000"
 2346      616C6962 
 2346      72617469 
 2346      6F6E5F74 
 2346      00
 2347              	.LASF57:
 2348 0412 725F6375 		.ascii	"r_current\000"
 2348      7272656E 
 2348      7400
 2349              	.LASF89:
 2350 041c 41504231 		.ascii	"APB1RSTR\000"
 2350      52535452 
 2350      00
 2351              	.LASF11:
 2352 0425 5F5F7569 		.ascii	"__uint64_t\000"
 2352      6E743634 
 2352      5F7400
 2353              	.LASF80:
 2354 0430 41504231 		.ascii	"APB1FZ\000"
 2354      465A00
 2355              	.LASF20:
 2356 0437 74726566 		.ascii	"trefs_t\000"
 2356      735F7400 
 2357              	.LASF88:
 2358 043f 52455345 		.ascii	"RESERVED0\000"
 2358      52564544 
 2358      3000
 2359              	.LASF91:
 2360 0449 52455345 		.ascii	"RESERVED1\000"
 2360      52564544 
 2360      3100
 2361              	.LASF95:
 2362 0453 52455345 		.ascii	"RESERVED2\000"
 2362      52564544 
 2362      3200
ARM GAS  /tmp/ccsRl9iA.s 			page 46


 2363              	.LASF98:
 2364 045d 52455345 		.ascii	"RESERVED3\000"
 2364      52564544 
 2364      3300
 2365              	.LASF102:
 2366 0467 52455345 		.ascii	"RESERVED4\000"
 2366      52564544 
 2366      3400
 2367              	.LASF28:
 2368 0471 705F7072 		.ascii	"p_prev\000"
 2368      657600
 2369              	.LASF107:
 2370 0478 52455345 		.ascii	"RESERVED6\000"
 2370      52564544 
 2370      3600
 2371              	.LASF21:
 2372 0482 74707269 		.ascii	"tprio_t\000"
 2372      6F5F7400 
 2373              	.LASF149:
 2374 048a 63685379 		.ascii	"chSysUnlockFromISR\000"
 2374      73556E6C 
 2374      6F636B46 
 2374      726F6D49 
 2374      535200
 2375              	.LASF70:
 2376 049d 63685F73 		.ascii	"ch_system_debug\000"
 2376      79737465 
 2376      6D5F6465 
 2376      62756700 
 2377              	.LASF143:
 2378 04ad 5F426F6F 		.ascii	"_Bool\000"
 2378      6C00
 2379              	.LASF14:
 2380 04b3 696E7433 		.ascii	"int32_t\000"
 2380      325F7400 
 2381              	.LASF2:
 2382 04bb 756E7369 		.ascii	"unsigned char\000"
 2382      676E6564 
 2382      20636861 
 2382      7200
 2383              	.LASF155:
 2384 04c9 49544D5F 		.ascii	"ITM_RxBuffer\000"
 2384      52784275 
 2384      66666572 
 2384      00
 2385              	.LASF41:
 2386 04d6 705F6D74 		.ascii	"p_mtxlist\000"
 2386      786C6973 
 2386      7400
 2387              	.LASF3:
 2388 04e0 73686F72 		.ascii	"short int\000"
 2388      7420696E 
 2388      7400
 2389              	.LASF34:
 2390 04ea 705F7374 		.ascii	"p_state\000"
 2390      61746500 
 2391              	.LASF101:
ARM GAS  /tmp/ccsRl9iA.s 			page 47


 2392 04f2 41484233 		.ascii	"AHB3LPENR\000"
 2392      4C50454E 
 2392      5200
 2393              	.LASF53:
 2394 04fc 725F7072 		.ascii	"r_prio\000"
 2394      696F00
 2395              	.LASF133:
 2396 0503 65776D61 		.ascii	"ewmask\000"
 2396      736B00
 2397              	.LASF35:
 2398 050a 705F666C 		.ascii	"p_flags\000"
 2398      61677300 
 2399              	.LASF97:
 2400 0512 41504232 		.ascii	"APB2ENR\000"
 2400      454E5200 
 2401              	.LASF60:
 2402 051a 63685F76 		.ascii	"ch_virtual_timer\000"
 2402      69727475 
 2402      616C5F74 
 2402      696D6572 
 2402      00
 2403              	.LASF134:
 2404 052b 63685F73 		.ascii	"ch_semaphore\000"
 2404      656D6170 
 2404      686F7265 
 2404      00
 2405              	.LASF123:
 2406 0538 43435852 		.ascii	"CCXR\000"
 2406      00
 2407              	.LASF82:
 2408 053d 4442474D 		.ascii	"DBGMCU_TypeDef\000"
 2408      43555F54 
 2408      79706544 
 2408      656600
 2409              	.LASF157:
 2410 054c 2F686F6D 		.ascii	"/home/efe/ChibiOS/os/hal/ports/STM32/LLD/TIMv1/st_l"
 2410      652F6566 
 2410      652F4368 
 2410      6962694F 
 2410      532F6F73 
 2411 057f 6C642E63 		.ascii	"ld.c\000"
 2411      00
 2412              	.LASF105:
 2413 0584 52455345 		.ascii	"RESERVED5\000"
 2413      52564544 
 2413      3500
 2414              	.LASF15:
 2415 058e 75696E74 		.ascii	"uint32_t\000"
 2415      33325F74 
 2415      00
 2416              	.LASF132:
 2417 0597 77746D74 		.ascii	"wtmtxp\000"
 2417      787000
 2418              	.LASF52:
 2419 059e 725F7175 		.ascii	"r_queue\000"
 2419      65756500 
 2420              	.LASF63:
ARM GAS  /tmp/ccsRl9iA.s 			page 48


 2421 05a6 76745F64 		.ascii	"vt_delta\000"
 2421      656C7461 
 2421      00
 2422              	.LASF47:
 2423 05af 63685F74 		.ascii	"ch_threads_list\000"
 2423      68726561 
 2423      64735F6C 
 2423      69737400 
 2424              	.LASF9:
 2425 05bf 6C6F6E67 		.ascii	"long unsigned int\000"
 2425      20756E73 
 2425      69676E65 
 2425      6420696E 
 2425      7400
 2426              	.LASF141:
 2427 05d1 63686172 		.ascii	"char\000"
 2427      00
 2428              	.LASF121:
 2429 05d6 444D4152 		.ascii	"DMAR\000"
 2429      00
 2430              	.LASF86:
 2431 05db 41484232 		.ascii	"AHB2RSTR\000"
 2431      52535452 
 2431      00
 2432              	.LASF147:
 2433 05e4 706F7274 		.ascii	"port_unlock_from_isr\000"
 2433      5F756E6C 
 2433      6F636B5F 
 2433      66726F6D 
 2433      5F697372 
 2434              	.LASF26:
 2435 05f9 74687265 		.ascii	"thread_t\000"
 2435      61645F74 
 2435      00
 2436              	.LASF140:
 2437 0602 6D5F6E65 		.ascii	"m_next\000"
 2437      787400
 2438              	.LASF25:
 2439 0609 73797374 		.ascii	"systime_t\000"
 2439      696D655F 
 2439      7400
 2440              	.LASF42:
 2441 0613 705F7265 		.ascii	"p_realprio\000"
 2441      616C7072 
 2441      696F00
 2442              	.LASF58:
 2443 061e 76746675 		.ascii	"vtfunc_t\000"
 2443      6E635F74 
 2443      00
 2444              	.LASF8:
 2445 0627 5F5F7569 		.ascii	"__uint32_t\000"
 2445      6E743332 
 2445      5F7400
 2446              	.LASF158:
 2447 0632 5F5F7365 		.ascii	"__set_BASEPRI\000"
 2447      745F4241 
 2447      53455052 
ARM GAS  /tmp/ccsRl9iA.s 			page 49


 2447      4900
 2448              	.LASF71:
 2449 0640 70616E69 		.ascii	"panic_msg\000"
 2449      635F6D73 
 2449      6700
 2450              	.LASF125:
 2451 064a 6F666673 		.ascii	"offset\000"
 2451      657400
 2452              	.LASF96:
 2453 0651 41504231 		.ascii	"APB1ENR\000"
 2453      454E5200 
 2454              	.LASF137:
 2455 0659 63685F6D 		.ascii	"ch_mutex\000"
 2455      75746578 
 2455      00
 2456              	.LASF93:
 2457 0662 41484232 		.ascii	"AHB2ENR\000"
 2457      454E5200 
 2458              	.LASF113:
 2459 066a 636F6E74 		.ascii	"context\000"
 2459      65787400 
 2460              	.LASF56:
 2461 0672 725F6F6C 		.ascii	"r_older\000"
 2461      64657200 
 2462              	.LASF17:
 2463 067a 7274636E 		.ascii	"rtcnt_t\000"
 2463      745F7400 
 2464              	.LASF146:
 2465 0682 706F7274 		.ascii	"port_lock_from_isr\000"
 2465      5F6C6F63 
 2465      6B5F6672 
 2465      6F6D5F69 
 2465      737200
 2466              	.LASF65:
 2467 0695 76745F70 		.ascii	"vt_par\000"
 2467      617200
 2468              	.LASF108:
 2469 069c 53534347 		.ascii	"SSCGR\000"
 2469      5200
 2470              	.LASF48:
 2471 06a2 74687265 		.ascii	"threads_queue_t\000"
 2471      6164735F 
 2471      71756575 
 2471      655F7400 
 2472              	.LASF124:
 2473 06b2 73746D33 		.ascii	"stm32_tim_t\000"
 2473      325F7469 
 2473      6D5F7400 
 2474              	.LASF36:
 2475 06be 705F7265 		.ascii	"p_refs\000"
 2475      667300
 2476              	.LASF106:
 2477 06c5 42444352 		.ascii	"BDCR\000"
 2477      00
 2478              	.LASF74:
 2479 06ca 726C6973 		.ascii	"rlist\000"
 2479      7400
ARM GAS  /tmp/ccsRl9iA.s 			page 50


 2480              	.LASF13:
 2481 06d0 75696E74 		.ascii	"uint8_t\000"
 2481      385F7400 
 2482              	.LASF148:
 2483 06d8 63685379 		.ascii	"chSysLockFromISR\000"
 2483      734C6F63 
 2483      6B46726F 
 2483      6D495352 
 2483      00
 2484              	.LASF33:
 2485 06e9 705F6E61 		.ascii	"p_name\000"
 2485      6D6500
 2486              	.LASF92:
 2487 06f0 41484231 		.ascii	"AHB1ENR\000"
 2487      454E5200 
 2488              	.LASF84:
 2489 06f8 43464752 		.ascii	"CFGR\000"
 2489      00
 2490              	.LASF18:
 2491 06fd 746D6F64 		.ascii	"tmode_t\000"
 2491      655F7400 
 2492              	.LASF135:
 2493 0705 735F7175 		.ascii	"s_queue\000"
 2493      65756500 
 2494              	.LASF39:
 2495 070d 705F6D73 		.ascii	"p_msg\000"
 2495      6700
 2496              	.LASF139:
 2497 0713 6D5F6F77 		.ascii	"m_owner\000"
 2497      6E657200 
 2498              	.LASF30:
 2499 071b 705F6374 		.ascii	"p_ctx\000"
 2499      7800
 2500              	.LASF64:
 2501 0721 76745F66 		.ascii	"vt_func\000"
 2501      756E6300 
 2502              		.ident	"GCC: (4.8.4-1+11-1) 4.8.4 20141219 (release)"
ARM GAS  /tmp/ccsRl9iA.s 			page 51


DEFINED SYMBOLS
                            *ABS*:0000000000000000 st_lld.c
     /tmp/ccsRl9iA.s:19     .text.port_lock:0000000000000000 $t
     /tmp/ccsRl9iA.s:24     .text.port_lock:0000000000000000 port_lock
     /tmp/ccsRl9iA.s:55     .text.port_unlock:0000000000000000 $t
     /tmp/ccsRl9iA.s:60     .text.port_unlock:0000000000000000 port_unlock
     /tmp/ccsRl9iA.s:89     .text.port_lock_from_isr:0000000000000000 $t
     /tmp/ccsRl9iA.s:94     .text.port_lock_from_isr:0000000000000000 port_lock_from_isr
     /tmp/ccsRl9iA.s:112    .text.port_unlock_from_isr:0000000000000000 $t
     /tmp/ccsRl9iA.s:117    .text.port_unlock_from_isr:0000000000000000 port_unlock_from_isr
     /tmp/ccsRl9iA.s:135    .text.chSysLockFromISR:0000000000000000 $t
     /tmp/ccsRl9iA.s:140    .text.chSysLockFromISR:0000000000000000 chSysLockFromISR
     /tmp/ccsRl9iA.s:159    .text.chSysUnlockFromISR:0000000000000000 $t
     /tmp/ccsRl9iA.s:164    .text.chSysUnlockFromISR:0000000000000000 chSysUnlockFromISR
     /tmp/ccsRl9iA.s:182    .text.osalSysLockFromISR:0000000000000000 $t
     /tmp/ccsRl9iA.s:187    .text.osalSysLockFromISR:0000000000000000 osalSysLockFromISR
     /tmp/ccsRl9iA.s:206    .text.osalSysUnlockFromISR:0000000000000000 $t
     /tmp/ccsRl9iA.s:211    .text.osalSysUnlockFromISR:0000000000000000 osalSysUnlockFromISR
     /tmp/ccsRl9iA.s:229    .text.osalOsTimerHandlerI:0000000000000000 $t
     /tmp/ccsRl9iA.s:234    .text.osalOsTimerHandlerI:0000000000000000 osalOsTimerHandlerI
     /tmp/ccsRl9iA.s:252    .text.VectorB0:0000000000000000 $t
     /tmp/ccsRl9iA.s:258    .text.VectorB0:0000000000000000 VectorB0
     /tmp/ccsRl9iA.s:294    .text.st_lld_init:0000000000000000 $t
     /tmp/ccsRl9iA.s:300    .text.st_lld_init:0000000000000000 st_lld_init
     /tmp/ccsRl9iA.s:363    .text.st_lld_init:0000000000000068 $d
                     .debug_frame:0000000000000010 $d

UNDEFINED SYMBOLS
chSysTimerHandlerI
_port_irq_epilogue
nvicEnableVector
